l_loc = 0
 Call psgen
./psgen - done: output
createPP.log
ncpp.cpi
pseudo0.dat
pseudo1.dat
pseudo2.dat
 Call pswatch
#info ./pswatch ncpp 12:00:59 Feb 17 2011 lewis

fhi pseudopotential tool pslp - version rev270603B

               chemical symbol  Cu      
                nuclear charge  29.00
   number of valence electrons   9.00
      number of valence states   3
    exchange-correlation model   3  LDA CA Perdew/Zunger 1980               
        parameters radial mesh   525    1.024700  0.215517E-03
  input pseudopotentials up to   d

          === pseudo atom (Hartree a.u.) ===

<        n     l   occupation  eigenvalue(eV)  potential energy
<  1     3     2      8.5000      -33.3030       -13.79462
<  2     1     0      0.5000      -23.8263        -5.20951
<  3     2     1      0.0000      -16.4683         0.00000

                  total energy     -43.03571
                kinetic energy      48.82665
  ionic pseudopotential energy    -119.85906
                hartree energy      34.10933
                     xc energy      -6.11263
        local potential energy     -61.67268
           xc potential energy      -8.02679
    integrated valence density       9.00000
          number of iterations            20   convergence  0.0E+00
                  y range plot       -25   1   6

 pslp - pseudoatom done - now testing

 --- assuming scalar-relativistic all-electron atom ---

 --- s component taken as local potential ---
 --- input wavefunctions used for kb potentials ---

 --- kb potentials: spectrum of bound states (eV) ---

            l          e0            e1            e2
  Write vkb L=           0  to vkb0.dat                                . [a.u.]
  Write vkb L=           1  to vkb1.dat                                . [a.u.]
 call klbyii
 end call klbyii
semilocal   1      -16.4682       -6.3727       -2.9899
 call klbyii
 end call klbyii
nonlocal    1      -16.4683       -6.3665       -2.9826
  Write vkb L=           2  to vkb2.dat                                . [a.u.]
 call klbyii
 end call klbyii
semilocal   2      -33.3030       -7.3440       -3.4887
 call klbyii
 end call klbyii
nonlocal    2      -33.3030       -7.5194       -3.5708

 --- analysis of kb potentials: p waves  ---

 * no ghost (ekb > 0, eloc0 < eref < eloc1)

                     kb cosine        0.0725
                     kb energy       63.7332 eV      ekb
   local potential groundstate      -16.9223 eV    eloc0
        dto. 1st excited state       -6.4407 eV    eloc1
              reference energy      -16.4683 eV     eref

 --- analysis of kb potentials: d waves  ---

 * no ghost (ekb < 0, eref < eloc0)

                     kb cosine       -0.8025
                     kb energy     -289.2348 eV      ekb
   local potential groundstate       -8.5612 eV    eloc0
        dto. 1st excited state       -4.0591 eV    eloc1
              reference energy      -33.3030 eV     eref

 --- logarithmic derivatives: at radius = 2.9256 ---

 --- nonlocal potentials ---
 --- all-electron potential ---
 --- semilocal potentials ---

 --- kinetic energy convergence in momentum space ---

     l  n  bracket   cutoff    norm   kinet. energy
            (eV)      (Ry)               (Hartree)
ck   0     1.0E+00      6   0.990147   0.232932E+00
ck   0     1.0E-01     11   0.999603   0.263867E+00
ck   0     1.0E-02     28   0.999978   0.266953E+00
ck   0     1.0E-03     50   0.999999   0.267279E+00
cx   0  1                   1.000000   0.267314E+00

ck   2     1.0E+00     50   0.998460   0.569496E+01
ck   2     1.0E-01     63   0.999888   0.572536E+01
ck   2     1.0E-02     76   0.999992   0.572823E+01
ck   2     1.0E-03    128   0.999999   0.572855E+01
cx   2  3                   1.000000   0.572859E+01

 --- coulomb tail of pseudopotentials ---
     Tolerance 1.0E-03 is met for
     l= 1 at radii >  76.943
     l= 2 at radii >  76.943
     l= 3 at radii >  76.943

 --- done & exiting ---
./pswatch - done: output
 Call linear
  This code is to transform the output of psgen into
  a linear grid format.
  Ready to open ncpp.ini
 29.00   5   3   3   0.00
   0   0   2.00
   0   0   2.00
   0   1   6.00
   0   0   2.00
   0   1   6.00
   0   2   8.50
   0   0   0.50
   0   1   0.00
 Lmax =           2
 PP =  
  get lmax and L_loc from lmaxNlloc.dat
  lmax=           2  L_loc=           0
           0  pseudo0.dat                   vpplinear0.dat                
 psilinear0.dat                
           1  pseudo1.dat                   vpplinear1.dat                
 psilinear1.dat                
           2  pseudo2.dat                   vpplinear2.dat                
 psilinear2.dat                
 	First: local part vpplinear_loc.dat   
   read from foutl(l_loc)=pseudo0.dat                   
  Ready to open 21
   
  read in nr points=         526
  rmax=   40.7167168199184       in Ang units.
  Ready to open 22
  Ready to open 23
  
 	Second: non-local part 
   
  
  L value=           0
  This is local. We set vnl=0
 		vpplinear0.dat                
  Ready to open New 21
   
  read in nr points=         526
  rmax=   40.7167168199184       in Ang units.
  Ready to open 12
  
  L value=           1
 		vpplinear1.dat                
  Ready to open New 21
   
  read in nr points=         526
  rmax=   40.7167168199184       in Ang units.
  Ready to open 12
  
  L value=           2
 		vpplinear2.dat                
  Ready to open New 21
   
  read in nr points=         526
  rmax=   40.7167168199184       in Ang units.
  Ready to open 12
   
  Done with linear. Bye now.
   
   
                       WELCOME
  PROGRAM QLG grid: Bessel transform of NON-LOCAL separable QL potential
   
  
  cl(L)=  0.000000000000000E+000  1/Hartree
  cl(L)=   81.2846790000000       1/Hartree
  cl(L)= -0.146082300000000       1/Hartree
   LOK=           2
  We read in to L=           2
  Now convert to 1/eV and write to qlcl.dat
  cl(L)=  0.000000000000000E+000
  cl(L)=   2.98713398351937     
  cl(L)= -5.368384400222226E-003
  
   
  Begin Next L value.......................
  L=           0
   
  Use one of the QL data files output from gncpp
  the files are ppkb0.dat or ppkb1.dat or ....
  UPDATE: This program was updated June 25, 1992
  We now read in eV-A units of everything from
  gncpp.f --- No conversions need to be made here!
  vkb0.dat                      
   
  we read in ql(r) in atomic units.
  We now convert to eV,A.
  rLOG(i),qlrLOG=  2.155172413793100E-004  0.000000000000000E+000
  rLOG(i),qlrLOG=  2.208405172413800E-004  0.000000000000000E+000
   
  read in nr points=         526
  rmax=   40.7167168199184       in Ang units.
 L =           0   JJ: NO FF Transform now
   
  Begin Next L value.......................
  L=           1
   
  Use one of the QL data files output from gncpp
  the files are ppkb0.dat or ppkb1.dat or ....
  UPDATE: This program was updated June 25, 1992
  We now read in eV-A units of everything from
  gncpp.f --- No conversions need to be made here!
  vkb1.dat                      
   
  we read in ql(r) in atomic units.
  We now convert to eV,A.
  rLOG(i),qlrLOG=  2.155172413793100E-004 -1.937749753033501E-008
  rLOG(i),qlrLOG=  2.208405172413800E-004 -2.034656792579163E-008
   
  read in nr points=         526
  rmax=   40.7167168199184       in Ang units.
 L =           1   JJ: NO FF Transform now
   
  Begin Next L value.......................
  L=           2
   
  Use one of the QL data files output from gncpp
  the files are ppkb0.dat or ppkb1.dat or ....
  UPDATE: This program was updated June 25, 1992
  We now read in eV-A units of everything from
  gncpp.f --- No conversions need to be made here!
  vkb2.dat                      
   
  we read in ql(r) in atomic units.
  We now convert to eV,A.
  rLOG(i),qlrLOG=  2.155172413793100E-004 -1.317253295172612E-009
  rLOG(i),qlrLOG=  2.208405172413800E-004 -1.417292543517130E-009
   
  read in nr points=         526
  rmax=   40.7167168199184       in Ang units.
 L =           2   JJ: NO FF Transform now
   
  Welcome to mk_pseudoFile.x
  This writes out the final XXX.pp file.
  E.g. 014.pp etc.
   
  Read lmax,L_loc, and L-values from lmaxNlloc.dat
           3           2   8.500000    
           4           0  0.5000000    
           4           1  0.0000000E+00
  The OUTPUT file:
  It will have a name like 014.pp (Si), 003.pp (Li)
  The output file is:029.pp                        
 nshells =            2
  reading V_local (r):
  ic=       10000
  isafe=         523
  A very close approximation to Z is   11.00001    
  rsafe=   2.125625    
  alpha=   1.881800    
  Reading and saving V_NL(l) (SR)
 L=1 Npoint=  320
 L=2 Npoint=  290
  Reading V^(KB) information
  Reading and saving V^KB(l) (SR)
 L=1 Npoint=  320 cl=     2.9871340
 L=2 Npoint=  290 cl=    -0.0053684
   
  *******************************************
   
  Done with mk_pseudoFile.x
  The OUTPUT file:
  The output file is:029.pp                        
   
  *******************************************
