l_loc = 0
 Call psgen
./psgen - done: output
createPP.log
ncpp.aep
ncpp.cpi
ncpp.dat
ncpp.fc
ncpp.ini
pseudo0.dat
pseudo1.dat
pseudo2.dat
xv.ncpp.ae_wfct.agr
xv.ncpp.density.agr
xv.ncpp.ps_ae_wfct.agr
xv.ncpp.pspot_i.agr
xv.ncpp.pspot_s.agr
xv.ncpp.unscreen.agr
 Call pswatch
#info ./pswatch ncpp 10:51:19 Jun 22 2014 lewis

fhi pseudopotential tool pslp - version rev270603B

               chemical symbol  Ti      
                nuclear charge  22.00
   number of valence electrons   4.00
      number of valence states   3
    exchange-correlation model   9  GGA X Becke C Lee/Yang/Parr             
        parameters radial mesh   515    1.024700  0.284091E-03
  input pseudopotentials up to   d

          === pseudo atom (Hartree a.u.) ===

<        n     l   occupation  eigenvalue(eV)  potential energy
<  1     3     2      2.0000       -4.1363        -4.07995
<  2     1     0      2.0000       -4.3359        -1.19975
<  3     2     1      0.0000       -1.4078         0.00000

                  total energy      -3.23025
                kinetic energy       5.41615
  ionic pseudopotential energy     -10.55940
                hartree energy       2.87922
                     xc energy      -0.96621
        local potential energy      -4.58210
           xc potential energy      -1.23787
    integrated valence density       4.00000
          number of iterations            31   convergence  0.0E+00
                  y range plot       -13   1   3

 pslp - pseudoatom done - now testing

 --- assuming scalar-relativistic all-electron atom ---

 --- s component taken as local potential ---
 --- input wavefunctions used for kb potentials ---

 --- kb potentials: spectrum of bound states (eV) ---

            l          e0            e1            e2
  Write vkb L=           0  to vkb0.dat                                . [a.u.]
  Write vkb L=           1  to vkb1.dat                                . [a.u.]
 call klbyii
 end call klbyii
semilocal   1       -1.4032        0.0000        0.0000
 call klbyii
 end call klbyii
nonlocal    1       -1.3959        0.0000        0.0000
  Write vkb L=           2  to vkb2.dat                                . [a.u.]
 call klbyii
 end call klbyii
semilocal   2       -4.1363        0.0000        0.0000
 call klbyii
 end call klbyii
nonlocal    2       -4.1363        0.0000        0.0000

 --- analysis of kb potentials: p waves  ---

 & dftseq - no bound state found (iter): e=>0 n l           3           1
 note: for the local potential no bound excited p state
       is found, the ghost state analysis will assume
       a zero 1st excited state energy (variable eloc1)

 * no ghost (ekb > 0, eloc0 < eref < eloc1)

                     kb cosine        0.2973
                     kb energy       16.0314 eV      ekb
   local potential groundstate       -1.5912 eV    eloc0
        dto. 1st excited state        0.0000 eV    eloc1
              reference energy       -1.4078 eV     eref

 --- analysis of kb potentials: d waves  ---

 & dftseq - no bound state found (iter): e=>0 n l           3           2
 note: for the local potential no bound d state is
       found, the ghost state analysis will assume
       a zero groundstate energy (variable eloc0)

 & dftseq - no bound state found (iter): e=>0 n l           4           2
 note: for the local potential no bound excited d state
       is found, the ghost state analysis will assume
       a zero 1st excited state energy (variable eloc1)

 * no ghost (ekb < 0, eref < eloc0)

                     kb cosine       -0.7105
                     kb energy     -161.1156 eV      ekb
   local potential groundstate        0.0000 eV    eloc0
        dto. 1st excited state        0.0000 eV    eloc1
              reference energy       -4.1363 eV     eref

 --- logarithmic derivatives: at radius = 3.3312 ---

 --- nonlocal potentials ---
 --- all-electron potential ---
 --- semilocal potentials ---

 --- kinetic energy convergence in momentum space ---

     l  n  bracket   cutoff    norm   kinet. energy
            (eV)      (Ry)               (Hartree)
ck   0     1.0E+00      0   0.927941   0.687543E-01
ck   0     1.0E-01      4   0.998774   0.101378E+00
ck   0     1.0E-02     12   0.999949   0.104337E+00
ck   0     1.0E-03     17   0.999997   0.104659E+00
cx   0  1                   1.000000   0.104693E+00

ck   2     1.0E+00     28   0.997218   0.256713E+01
ck   2     1.0E-01     37   0.999818   0.260017E+01
ck   2     1.0E-02     45   0.999986   0.260306E+01
ck   2     1.0E-03     75   0.999999   0.260335E+01
cx   2  3                   1.000000   0.260338E+01

 --- coulomb tail of pseudopotentials ---
     Tolerance 1.0E-03 is met for
     l= 1 at radii >   3.096
     l= 2 at radii >   3.096
     l= 3 at radii >   3.096

 --- done & exiting ---
./pswatch - done: output
createPP.log
xv.ncpp.lder_sd.agr
qlclATOMIC.dat
vkb2.dat
vkb1.dat
vkb0.dat
lmaxNlloc.dat
 Call linear
  This code is to transform the output of psgen into
  a linear grid format.
  Ready to open ncpp.ini
 22.00   5   3   9   0.00
   0   0   2.00
   0   0   2.00
   0   1   6.00
   0   0   2.00
   0   1   6.00
   0   2   2.00
   0   0   2.00
   0   1   0.00
 Lmax =           2
 PP =  
  get lmax and L_loc from lmaxNlloc.dat
  lmax=           2  L_loc=           0
           0  pseudo0.dat                   vpplinear0.dat                
 psilinear0.dat                
           1  pseudo1.dat                   vpplinear1.dat                
 psilinear1.dat                
           2  pseudo2.dat                   vpplinear2.dat                
 psilinear2.dat                
 	First: local part vpplinear_loc.dat   
   read from foutl(l_loc)=pseudo0.dat                   
  Ready to open 21
   
  read in nr points=         516
  rmax=   42.0514239536279       in Ang units.
  Ready to open 22
  Ready to open 23
  
 	Second: non-local part 
   
  
  L value=           0
  This is local. We set vnl=0
 		vpplinear0.dat                
  Ready to open New 21
   
  read in nr points=         516
  rmax=   42.0514239536279       in Ang units.
  Ready to open 12
  
  L value=           1
 		vpplinear1.dat                
  Ready to open New 21
   
  read in nr points=         516
  rmax=   42.0514239536279       in Ang units.
  Ready to open 12
  
  L value=           2
 		vpplinear2.dat                
  Ready to open New 21
   
  read in nr points=         516
  rmax=   42.0514239536279       in Ang units.
  Ready to open 12
   
  Done with linear. Bye now.
   
   
                       WELCOME
  PROGRAM QLG grid: Bessel transform of NON-LOCAL separable QL potential
   
  
  cl(L)=  0.000000000000000E+000  1/Hartree
  cl(L)=   19.2051882000000       1/Hartree
  cl(L)= -0.334599000000000       1/Hartree
   LOK=           2
  We read in to L=           2
  Now convert to 1/eV and write to qlcl.dat
  cl(L)=  0.000000000000000E+000
  cl(L)=  0.705772244386979     
  cl(L)= -1.229619229660237E-002
  
   
  Begin Next L value.......................
  L=           0
   
  Use one of the QL data files output from gncpp
  the files are ppkb0.dat or ppkb1.dat or ....
  UPDATE: This program was updated June 25, 1992
  We now read in eV-A units of everything from
  gncpp.f --- No conversions need to be made here!
  vkb0.dat                      
   
  we read in ql(r) in atomic units.
  We now convert to eV,A.
  rLOG(i),qlrLOG=  2.840909090909100E-004  0.000000000000000E+000
  rLOG(i),qlrLOG=  2.911079545454500E-004  0.000000000000000E+000
   
  read in nr points=         516
  rmax=   42.0514239536279       in Ang units.
 L =           0   JJ: NO FF Transform now
   
  Begin Next L value.......................
  L=           1
   
  Use one of the QL data files output from gncpp
  the files are ppkb0.dat or ppkb1.dat or ....
  UPDATE: This program was updated June 25, 1992
  We now read in eV-A units of everything from
  gncpp.f --- No conversions need to be made here!
  vkb1.dat                      
   
  we read in ql(r) in atomic units.
  We now convert to eV,A.
  rLOG(i),qlrLOG=  2.840909090909100E-004 -2.083288763665937E-008
  rLOG(i),qlrLOG=  2.911079545454500E-004 -2.187474222232565E-008
   
  read in nr points=         516
  rmax=   42.0514239536279       in Ang units.
 L =           1   JJ: NO FF Transform now
   
  Begin Next L value.......................
  L=           2
   
  Use one of the QL data files output from gncpp
  the files are ppkb0.dat or ppkb1.dat or ....
  UPDATE: This program was updated June 25, 1992
  We now read in eV-A units of everything from
  gncpp.f --- No conversions need to be made here!
  vkb2.dat                      
   
  we read in ql(r) in atomic units.
  We now convert to eV,A.
  rLOG(i),qlrLOG=  2.840909090909100E-004 -6.568912396812195E-010
  rLOG(i),qlrLOG=  2.911079545454500E-004 -7.067790677114261E-010
   
  read in nr points=         516
  rmax=   42.0514239536279       in Ang units.
 L =           2   JJ: NO FF Transform now
   
  Welcome to mk_pseudoFile.x
  This writes out the final XXX.pp file.
  E.g. 014.pp etc.
   
  Read lmax,L_loc, and L-values from lmaxNlloc.dat
           3           2   2.000000    
           4           0   2.000000    
           4           1  0.0000000E+00
  The OUTPUT file:
  It will have a name like 014.pp (Si), 003.pp (Li)
  The output file is:022.pp                        
 nshells =            2
  reading V_local (r):
  ic=       10000
  isafe=         799
  A very close approximation to Z is   4.000004    
  rsafe=   3.356039    
  alpha=   1.191881    
  Reading and saving V_NL(l) (SR)
 L=1 Npoint=  350
 L=2 Npoint=  350
  Reading V^(KB) information
  Reading and saving V^KB(l) (SR)
 L=1 Npoint=  350 cl=     0.7057722
 L=2 Npoint=  350 cl=    -0.0122962
   
  *******************************************
   
  Done with mk_pseudoFile.x
  The OUTPUT file:
  The output file is:022.pp                        
   
  *******************************************
