l_loc = 0
 Call psgen
./psgen - done: output
createPP.log
ncpp.aep
ncpp.cpi
ncpp.dat
ncpp.fc
ncpp.ini
pseudo0.dat
pseudo1.dat
pseudo2.dat
xv.ncpp.ae_wfct.agr
xv.ncpp.density.agr
xv.ncpp.ps_ae_wfct.agr
xv.ncpp.pspot_i.agr
xv.ncpp.pspot_s.agr
xv.ncpp.unscreen.agr
 Call pswatch
#info ./pswatch ncpp 19:50:37 Jul 09 2012 lewis

fhi pseudopotential tool pslp - version rev270603B

               chemical symbol  In      
                nuclear charge  49.00
   number of valence electrons  13.00
      number of valence states   3
    exchange-correlation model   3  LDA CA Perdew/Zunger 1980               
        parameters radial mesh   547    1.024700  0.127551E-03
  input pseudopotentials up to   d

          === pseudo atom (Hartree a.u.) ===

<        n     l   occupation  eigenvalue(eV)  potential energy
<  1     3     2     10.0000      -18.7123       -12.16536
<  2     1     0      2.0000       -8.4870        -5.37490
<  3     2     1      1.0000       -2.7033        -4.06482

                  total energy     -54.90468
                kinetic energy      39.09728
  ionic pseudopotential energy    -136.46821
                hartree energy      49.48994
                     xc energy      -7.02369
        local potential energy     -89.56019
           xc potential energy      -9.20867
    integrated valence density      13.00000
          number of iterations            23   convergence  0.0E+00
                  y range plot       -21   1   5

 pslp - pseudoatom done - now testing

 --- assuming scalar-relativistic all-electron atom ---

 --- s component taken as local potential ---
 --- input wavefunctions used for kb potentials ---

 --- kb potentials: spectrum of bound states (eV) ---

            l          e0            e1            e2
  Write vkb L=           0  to vkb0.dat                                . [a.u.]
  Write vkb L=           1  to vkb1.dat                                . [a.u.]
 call klbyii
 end call klbyii
semilocal   1       -2.7030        0.0000        0.0000
 call klbyii
 end call klbyii
nonlocal    1       -2.7030        0.0000        0.0000
  Write vkb L=           2  to vkb2.dat                                . [a.u.]
 call klbyii
 end call klbyii
semilocal   2      -18.7123        0.0000        0.0000
 call klbyii
 end call klbyii
nonlocal    2      -18.7123        0.0000        0.0000

 --- analysis of kb potentials: p waves  ---

 & dftseq - no bound state found (iter): e=>0 n l           3           1
 note: for the local potential no bound excited p state
       is found, the ghost state analysis will assume
       a zero 1st excited state energy (variable eloc1)

 * no ghost (ekb > 0, eloc0 < eref < eloc1)

                     kb cosine        0.2462
                     kb energy       10.1666 eV      ekb
   local potential groundstate       -3.4499 eV    eloc0
        dto. 1st excited state        0.0000 eV    eloc1
              reference energy       -2.7033 eV     eref

 --- analysis of kb potentials: d waves  ---

 & dftseq - no bound state found (iter): e=>0 n l           3           2
 note: for the local potential no bound d state is
       found, the ghost state analysis will assume
       a zero groundstate energy (variable eloc0)

 & dftseq - no bound state found (iter): e=>0 n l           4           2
 note: for the local potential no bound excited d state
       is found, the ghost state analysis will assume
       a zero 1st excited state energy (variable eloc1)

 * no ghost (ekb < 0, eref < eloc0)

                     kb cosine       -0.7985
                     kb energy     -200.2744 eV      ekb
   local potential groundstate        0.0000 eV    eloc0
        dto. 1st excited state        0.0000 eV    eloc1
              reference energy      -18.7123 eV     eref

 --- logarithmic derivatives: at radius = 3.6001 ---

 --- nonlocal potentials ---
 --- all-electron potential ---
 --- semilocal potentials ---

 --- kinetic energy convergence in momentum space ---

     l  n  bracket   cutoff    norm   kinet. energy
            (eV)      (Ry)               (Hartree)
ck   0     1.0E+00      4   0.986412   0.160733E+00
ck   0     1.0E-01      8   0.999503   0.192144E+00
ck   0     1.0E-02     21   0.999972   0.195100E+00
ck   0     1.0E-03     38   0.999998   0.195420E+00
cx   0  1                   1.000000   0.195455E+00

ck   1     1.0E+00      1   0.952442   0.189548E+00
ck   1     1.0E-01      5   0.998934   0.217661E+00
ck   1     1.0E-02     11   0.999948   0.220968E+00
ck   1     1.0E-03     22   0.999997   0.221260E+00
cx   1  2                   1.000000   0.221296E+00

ck   2     1.0E+00     32   0.997641   0.381471E+01
ck   2     1.0E-01     42   0.999834   0.384534E+01
ck   2     1.0E-02     50   0.999988   0.384818E+01
ck   2     1.0E-03     86   0.999999   0.384847E+01
cx   2  3                   1.000000   0.384851E+01

 --- coulomb tail of pseudopotentials ---
     Tolerance 1.0E-03 is met for
     l= 1 at radii >   2.558
     l= 2 at radii >   2.558
     l= 3 at radii >   2.558

 --- done & exiting ---
./pswatch - done: output
createPP.log
xv.ncpp.lder_sd.agr
qlclATOMIC.dat
vkb0.dat
vkb1.dat
vkb2.dat
lmaxNlloc.dat
 Call linear
  This code is to transform the output of psgen into
  a linear grid format.
  Ready to open ncpp.ini
 49.00   8   3   3   0.00
   0   0   2.00
   0   0   2.00
   0   1   6.00
   0   0   2.00
   0   1   6.00
   0   2  10.00
   0   0   2.00
   0   1   6.00
   0   2  10.00
   0   0   2.00
   0   1   1.00
 Lmax =           2
 PP =  
  get lmax and L_loc from lmaxNlloc.dat
  lmax=           2  L_loc=           0
           0  pseudo0.dat                   vpplinear0.dat                
 psilinear0.dat                
           1  pseudo1.dat                   vpplinear1.dat                
 psilinear1.dat                
           2  pseudo2.dat                   vpplinear2.dat                
 psilinear2.dat                
 	First: local part vpplinear_loc.dat   
   read from foutl(l_loc)=pseudo0.dat                   
  Ready to open 21
   
  read in nr points=         548
  rmax=   41.2195139089433       in Ang units.
  Ready to open 22
  Ready to open 23
  
 	Second: non-local part 
   
  
  L value=           0
  This is local. We set vnl=0
 		vpplinear0.dat                
  Ready to open New 21
   
  read in nr points=         548
  rmax=   41.2195139089433       in Ang units.
  Ready to open 12
  
  L value=           1
 		vpplinear1.dat                
  Ready to open New 21
   
  read in nr points=         548
  rmax=   41.2195139089433       in Ang units.
  Ready to open 12
  
  L value=           2
 		vpplinear2.dat                
  Ready to open New 21
   
  read in nr points=         548
  rmax=   41.2195139089433       in Ang units.
  Ready to open 12
   
  Done with linear. Bye now.
   
   
                       WELCOME
  PROGRAM QLG grid: Bessel transform of NON-LOCAL separable QL potential
   
  
  cl(L)=  0.000000000000000E+000  1/Hartree
  cl(L)=   44.1425599000000       1/Hartree
  cl(L)= -0.213080300000000       1/Hartree
   LOK=           2
  We read in to L=           2
  Now convert to 1/eV and write to qlcl.dat
  cl(L)=  0.000000000000000E+000
  cl(L)=   1.62219673398512     
  cl(L)= -7.830496634531850E-003
  
   
  Begin Next L value.......................
  L=           0
   
  Use one of the QL data files output from gncpp
  the files are ppkb0.dat or ppkb1.dat or ....
  UPDATE: This program was updated June 25, 1992
  We now read in eV-A units of everything from
  gncpp.f --- No conversions need to be made here!
  vkb0.dat                      
   
  we read in ql(r) in atomic units.
  We now convert to eV,A.
  rLOG(i),qlrLOG=  1.275510204081600E-004  0.000000000000000E+000
  rLOG(i),qlrLOG=  1.307015306122400E-004  0.000000000000000E+000
   
  read in nr points=         548
  rmax=   41.2195139089433       in Ang units.
 L =           0   JJ: NO FF Transform now
   
  Begin Next L value.......................
  L=           1
   
  Use one of the QL data files output from gncpp
  the files are ppkb0.dat or ppkb1.dat or ....
  UPDATE: This program was updated June 25, 1992
  We now read in eV-A units of everything from
  gncpp.f --- No conversions need to be made here!
  vkb1.dat                      
   
  we read in ql(r) in atomic units.
  We now convert to eV,A.
  rLOG(i),qlrLOG=  1.275510204081600E-004 -1.674987835155722E-009
  rLOG(i),qlrLOG=  1.307015306122400E-004 -1.758754127540884E-009
   
  read in nr points=         548
  rmax=   41.2195139089433       in Ang units.
 L =           1   JJ: NO FF Transform now
   
  Begin Next L value.......................
  L=           2
   
  Use one of the QL data files output from gncpp
  the files are ppkb0.dat or ppkb1.dat or ....
  UPDATE: This program was updated June 25, 1992
  We now read in eV-A units of everything from
  gncpp.f --- No conversions need to be made here!
  vkb2.dat                      
   
  we read in ql(r) in atomic units.
  We now convert to eV,A.
  rLOG(i),qlrLOG=  1.275510204081600E-004 -9.882338551460274E-011
  rLOG(i),qlrLOG=  1.307015306122400E-004 -1.063285610506718E-010
   
  read in nr points=         548
  rmax=   41.2195139089433       in Ang units.
 L =           2   JJ: NO FF Transform now
   
  Welcome to mk_pseudoFile.x
  This writes out the final XXX.pp file.
  E.g. 014.pp etc.
   
  Read lmax,L_loc, and L-values from lmaxNlloc.dat
           4           2   10.00000    
           5           0   2.000000    
           5           1   1.000000    
  The OUTPUT file:
  It will have a name like 014.pp (Si), 003.pp (Li)
  The output file is:049.pp                        
 nshells =            2
  reading V_local (r):
  ic=       10000
  isafe=         514
  A very close approximation to Z is   13.00001    
  rsafe=   2.114772    
  alpha=   1.891457    
  Reading and saving V_NL(l) (SR)
 L=1 Npoint=  340
 L=2 Npoint=  330
  Reading V^(KB) information
  Reading and saving V^KB(l) (SR)
 L=1 Npoint=  340 cl=     1.6221967
 L=2 Npoint=  330 cl=    -0.0078305
   
  *******************************************
   
  Done with mk_pseudoFile.x
  The OUTPUT file:
  The output file is:049.pp                        
   
  *******************************************
