l_loc = 
 Call psgen
./psgen - done: output
 Call pswatch
#info ./pswatch ncpp 13:31:44 Feb 19 2011 lewis

fhi pseudopotential tool pslp - version rev270603B

               chemical symbol  Al      
                nuclear charge  13.00
   number of valence electrons   3.00
      number of valence states   2
    exchange-correlation model   3  LDA CA Perdew/Zunger 1980               
        parameters radial mesh   493    1.024700  0.480769E-03
  input pseudopotentials up to   d

          === pseudo atom (Hartree a.u.) ===

<        n     l   occupation  eigenvalue(eV)  potential energy
<  1     1     0      2.0000       -7.8361        -1.21008
<  2     2     1      1.0000       -2.7892        -1.00580

                  total energy      -1.94663
                kinetic energy       0.62138
  ionic pseudopotential energy      -3.42597
                hartree energy       1.44529
                     xc energy      -0.58734
        local potential energy      -3.92457
           xc potential energy      -0.76443
    integrated valence density       3.00000
          number of iterations            16   convergence  0.0E+00
                  y range plot        -4   1   1

 pslp - pseudoatom done - now testing

 --- assuming scalar-relativistic all-electron atom ---

 --- d component taken as local potential ---
 --- input wavefunctions used for kb potentials ---

 --- kb potentials: spectrum of bound states (eV) ---

            l          e0            e1            e2
  Write vkb L=           0  to vkb0.dat                                . [a.u.]
 call klbyii
 end call klbyii
semilocal   0       -7.8361       -0.2093        0.0000
 call klbyii
 end call klbyii
nonlocal    0       -7.8361       -0.2100        0.0000
  Write vkb L=           1  to vkb1.dat                                . [a.u.]
 call klbyii
 end call klbyii
semilocal   1       -2.7890        0.0000        0.0000
 call klbyii
 end call klbyii
nonlocal    1       -2.7890        0.0000        0.0000
  Write vkb L=           2  to vkb2.dat                                . [a.u.]

 --- analysis of kb potentials: s waves  ---

 * no ghost (ekb > 0, eloc0 < eref < eloc1)

                     kb cosine        0.3472
                     kb energy       48.1251 eV      ekb
   local potential groundstate      -27.8166 eV    eloc0
        dto. 1st excited state       -2.0408 eV    eloc1
              reference energy       -7.8361 eV     eref

 --- analysis of kb potentials: p waves  ---

 * no ghost (ekb > 0, eloc0 < eref < eloc1)

                     kb cosine        0.2830
                     kb energy       24.4994 eV      ekb
   local potential groundstate       -7.9818 eV    eloc0
        dto. 1st excited state       -0.0653 eV    eloc1
              reference energy       -2.7892 eV     eref

 --- logarithmic derivatives: at radius = 2.9893 ---

 --- nonlocal potentials ---
 --- all-electron potential ---
 --- semilocal potentials ---

 --- kinetic energy convergence in momentum space ---

     l  n  bracket   cutoff    norm   kinet. energy
            (eV)      (Ry)               (Hartree)
ck   0     1.0E+00      1   0.981163   0.147181E+00
ck   0     1.0E-01      9   0.999384   0.179763E+00
ck   0     1.0E-02     21   0.999971   0.182632E+00
ck   0     1.0E-03     30   0.999998   0.182949E+00
cx   0  1                   1.000000   0.182980E+00

ck   1     1.0E+00      2   0.959851   0.221473E+00
ck   1     1.0E-01      3   0.998331   0.252395E+00
ck   1     1.0E-02      5   0.999918   0.255100E+00
ck   1     1.0E-03     14   0.999995   0.255388E+00
cx   1  2                   1.000000   0.255423E+00

 --- coulomb tail of pseudopotentials ---
     Tolerance 1.0E-03 is met for
     l= 1 at radii >   2.459
     l= 2 at radii >   2.646
     l= 3 at radii >   2.646

 --- done & exiting ---
./pswatch - done: output
 Call linear
  This code is to transform the output of psgen into
  a linear grid format.
  Ready to open ncpp.ini
 13.00   3   2   3   0.00
   0   0   2.00
   0   0   2.00
   0   1   6.00
   0   0   2.00
   0   1   1.00
 Lmax =           2
 PP =  
  get lmax and L_loc from lmaxNlloc.dat
  lmax=           2  L_loc=           2
           0  pseudo0.dat                   vpplinear0.dat                
 psilinear0.dat                
           1  pseudo1.dat                   vpplinear1.dat                
 psilinear1.dat                
           2  pseudo2.dat                   vpplinear2.dat                
 psilinear2.dat                
 	First: local part vpplinear_loc.dat   
   read from foutl(l_loc)=pseudo2.dat                   
  Ready to open 21
   
  read in nr points=         494
  rmax=   41.6036887399242       in Ang units.
  Ready to open 22
  Ready to open 23
  
 	Second: non-local part 
   
  
  L value=           0
 		vpplinear0.dat                
  Ready to open New 21
   
  read in nr points=         494
  rmax=   41.6036887399242       in Ang units.
  Ready to open 12
  
  L value=           1
 		vpplinear1.dat                
  Ready to open New 21
   
  read in nr points=         494
  rmax=   41.6036887399242       in Ang units.
  Ready to open 12
  
  L value=           2
  This is local. We set vnl=0
 		vpplinear2.dat                
  Ready to open New 21
   
  read in nr points=         494
  rmax=   41.6036887399242       in Ang units.
  Ready to open 12
   
  Done with linear. Bye now.
   
   
                       WELCOME
  PROGRAM QLG grid: Bessel transform of NON-LOCAL separable QL potential
   
  
  cl(L)=   4.68960380000000       1/Hartree
  cl(L)=   13.8646885000000       1/Hartree
  cl(L)=  0.000000000000000E+000  1/Hartree
   LOK=           2
  We read in to L=           2
  Now convert to 1/eV and write to qlcl.dat
  cl(L)=  0.172338441297425     
  cl(L)=  0.509514003115644     
  cl(L)=  0.000000000000000E+000
  
   
  Begin Next L value.......................
  L=           0
   
  Use one of the QL data files output from gncpp
  the files are ppkb0.dat or ppkb1.dat or ....
  UPDATE: This program was updated June 25, 1992
  We now read in eV-A units of everything from
  gncpp.f --- No conversions need to be made here!
  vkb0.dat                      
   
  we read in ql(r) in atomic units.
  We now convert to eV,A.
  rLOG(i),qlrLOG=  4.807692307692300E-004  3.030981403962811E-004
  rLOG(i),qlrLOG=  4.926442307692300E-004  3.105847199382832E-004
   
  read in nr points=         494
  rmax=   41.6036887399242       in Ang units.
 L =           0   JJ: NO FF Transform now
   
  Begin Next L value.......................
  L=           1
   
  Use one of the QL data files output from gncpp
  the files are ppkb0.dat or ppkb1.dat or ....
  UPDATE: This program was updated June 25, 1992
  We now read in eV-A units of everything from
  gncpp.f --- No conversions need to be made here!
  vkb1.dat                      
   
  we read in ql(r) in atomic units.
  We now convert to eV,A.
  rLOG(i),qlrLOG=  4.807692307692300E-004  5.823683754943430E-008
  rLOG(i),qlrLOG=  4.926442307692300E-004  6.114927673008399E-008
   
  read in nr points=         494
  rmax=   41.6036887399242       in Ang units.
 L =           1   JJ: NO FF Transform now
   
  Begin Next L value.......................
  L=           2
   
  Use one of the QL data files output from gncpp
  the files are ppkb0.dat or ppkb1.dat or ....
  UPDATE: This program was updated June 25, 1992
  We now read in eV-A units of everything from
  gncpp.f --- No conversions need to be made here!
  vkb2.dat                      
   
  we read in ql(r) in atomic units.
  We now convert to eV,A.
  rLOG(i),qlrLOG=  4.807692307692300E-004  0.000000000000000E+000
  rLOG(i),qlrLOG=  4.926442307692300E-004  0.000000000000000E+000
   
  read in nr points=         494
  rmax=   41.6036887399242       in Ang units.
 L =           2   JJ: NO FF Transform now
   
  Welcome to mk_pseudoFile.x
  This writes out the final XXX.pp file.
  E.g. 014.pp etc.
   
  Read lmax,L_loc, and L-values from lmaxNlloc.dat
           3           0   2.000000    
           3           1   1.000000    
  The OUTPUT file:
  It will have a name like 014.pp (Si), 003.pp (Li)
  The output file is:013.pp                        
 nshells =            2
  reading V_local (r):
  ic=       10000
  isafe=         532
  A very close approximation to Z is   3.000002    
  rsafe=   2.209377    
  alpha=   1.810465    
  Reading and saving V_NL(l) (SR)
 L=0 Npoint=  430
 L=1 Npoint=  460
  Reading V^(KB) information
  Reading and saving V^KB(l) (SR)
 L=0 Npoint=  430 cl=     0.1723384
 L=1 Npoint=  450 cl=     0.5095140
   
  *******************************************
   
  Done with mk_pseudoFile.x
  The OUTPUT file:
  The output file is:013.pp                        
   
  *******************************************
