l_loc = 
 Call psgen
./psgen - done: output
 Call pswatch
#info ./pswatch ncpp 13:49:08 Feb 19 2011 lewis

fhi pseudopotential tool pslp - version rev270603B

               chemical symbol  P       
                nuclear charge  15.00
   number of valence electrons   3.00
      number of valence states   2
    exchange-correlation model   3  LDA CA Perdew/Zunger 1980               
        parameters radial mesh   499    1.024700  0.416667E-03
  input pseudopotentials up to   d

          === pseudo atom (Hartree a.u.) ===

<        n     l   occupation  eigenvalue(eV)  potential energy
<  1     1     0      1.2500      -34.5024        -2.78539
<  2     2     1      1.7500      -24.8303        -2.69775

                  total energy      -5.08664
                kinetic energy       1.80714
  ionic pseudopotential energy      -8.20279
                hartree energy       2.16503
                     xc energy      -0.85601
        local potential energy      -9.44492
           xc potential energy      -1.11617
    integrated valence density       3.00000
          number of iterations            14   convergence  0.0E+00
                  y range plot        -8   2   2

 pslp - pseudoatom done - now testing

 --- assuming scalar-relativistic all-electron atom ---

 --- d component taken as local potential ---
 --- input wavefunctions used for kb potentials ---

 --- kb potentials: spectrum of bound states (eV) ---

            l          e0            e1            e2
  Write vkb L=           0  to vkb0.dat                                . [a.u.]
 call klbyii
 end call klbyii
semilocal   0      -34.5024      -10.9495       -4.9094
 call klbyii
 end call klbyii
nonlocal    0      -34.5024      -10.9856       -4.9320
  Write vkb L=           1  to vkb1.dat                                . [a.u.]
 call klbyii
 end call klbyii
semilocal   1      -24.8303       -8.3448       -3.9340
 call klbyii
 end call klbyii
nonlocal    1      -24.8303       -8.3499       -3.9375
  Write vkb L=           2  to vkb2.dat                                . [a.u.]

 --- analysis of kb potentials: s waves  ---

 * no ghost (ekb > 0, eloc0 < eref < eloc1)

                     kb cosine        0.3684
                     kb energy      113.3823 eV      ekb
   local potential groundstate      -93.0205 eV    eloc0
        dto. 1st excited state      -21.6173 eV    eloc1
              reference energy      -34.5024 eV     eref

 --- analysis of kb potentials: p waves  ---

 * no ghost (ekb > 0, eloc0 < eref < eloc1)

                     kb cosine        0.3520
                     kb energy       67.1376 eV      ekb
   local potential groundstate      -46.3013 eV    eloc0
        dto. 1st excited state      -12.2290 eV    eloc1
              reference energy      -24.8303 eV     eref

 --- logarithmic derivatives: at radius = 2.7203 ---

 --- nonlocal potentials ---
 --- all-electron potential ---
 --- semilocal potentials ---

 --- kinetic energy convergence in momentum space ---

     l  n  bracket   cutoff    norm   kinet. energy
            (eV)      (Ry)               (Hartree)
ck   0     1.0E+00     10   0.994165   0.378956E+00
ck   0     1.0E-01     18   0.999721   0.411755E+00
ck   0     1.0E-02     44   0.999986   0.414767E+00
ck   0     1.0E-03     56   0.999999   0.415066E+00
cx   0  1                   1.000000   0.415101E+00

ck   1     1.0E+00      5   0.987739   0.703634E+00
ck   1     1.0E-01     10   0.999606   0.732632E+00
ck   1     1.0E-02     30   0.999979   0.735809E+00
ck   1     1.0E-03     40   0.999999   0.736116E+00
cx   1  2                   1.000000   0.736148E+00

 --- coulomb tail of pseudopotentials ---
     Tolerance 1.0E-03 is met for
     l= 1 at radii >  78.879
     l= 2 at radii >  78.879
     l= 3 at radii >  78.879

 --- done & exiting ---
./pswatch - done: output
 Call linear
  This code is to transform the output of psgen into
  a linear grid format.
  Ready to open ncpp.ini
 15.00   3   2   3   0.00
   0   0   2.00
   0   0   2.00
   0   1   6.00
   0   0   1.25
   0   1   1.75
 Lmax =           2
 PP =  
  get lmax and L_loc from lmaxNlloc.dat
  lmax=           2  L_loc=           2
           0  pseudo0.dat                   vpplinear0.dat                
 psilinear0.dat                
           1  pseudo1.dat                   vpplinear1.dat                
 psilinear1.dat                
           2  pseudo2.dat                   vpplinear2.dat                
 psilinear2.dat                
 	First: local part vpplinear_loc.dat   
   read from foutl(l_loc)=pseudo2.dat                   
  Ready to open 21
   
  read in nr points=         500
  rmax=   41.7411441349757       in Ang units.
  Ready to open 22
  Ready to open 23
  
 	Second: non-local part 
   
  
  L value=           0
 		vpplinear0.dat                
  Ready to open New 21
   
  read in nr points=         500
  rmax=   41.7411441349757       in Ang units.
  Ready to open 12
  
  L value=           1
 		vpplinear1.dat                
  Ready to open New 21
   
  read in nr points=         500
  rmax=   41.7411441349757       in Ang units.
  Ready to open 12
  
  L value=           2
  This is local. We set vnl=0
 		vpplinear2.dat                
  Ready to open New 21
   
  read in nr points=         500
  rmax=   41.7411441349757       in Ang units.
  Ready to open 12
   
  Done with linear. Bye now.
   
   
                       WELCOME
  PROGRAM QLG grid: Bessel transform of NON-LOCAL separable QL potential
   
  
  cl(L)=   1.76791470000000       1/Hartree
  cl(L)=   3.27050100000000       1/Hartree
  cl(L)=  0.000000000000000E+000  1/Hartree
   LOK=           2
  We read in to L=           2
  Now convert to 1/eV and write to qlcl.dat
  cl(L)=  6.496916940932308E-002
  cl(L)=  0.120187774626434     
  cl(L)=  0.000000000000000E+000
  
   
  Begin Next L value.......................
  L=           0
   
  Use one of the QL data files output from gncpp
  the files are ppkb0.dat or ppkb1.dat or ....
  UPDATE: This program was updated June 25, 1992
  We now read in eV-A units of everything from
  gncpp.f --- No conversions need to be made here!
  vkb0.dat                      
   
  we read in ql(r) in atomic units.
  We now convert to eV,A.
  rLOG(i),qlrLOG=  4.166666666666700E-004  9.050840165234743E-004
  rLOG(i),qlrLOG=  4.269583333333300E-004  9.274397393580797E-004
   
  read in nr points=         500
  rmax=   41.7411441349757       in Ang units.
 L =           0   JJ: NO FF Transform now
   
  Begin Next L value.......................
  L=           1
   
  Use one of the QL data files output from gncpp
  the files are ppkb0.dat or ppkb1.dat or ....
  UPDATE: This program was updated June 25, 1992
  We now read in eV-A units of everything from
  gncpp.f --- No conversions need to be made here!
  vkb1.dat                      
   
  we read in ql(r) in atomic units.
  We now convert to eV,A.
  rLOG(i),qlrLOG=  4.166666666666700E-004  4.534570233845673E-007
  rLOG(i),qlrLOG=  4.269583333333300E-004  4.761344797266032E-007
   
  read in nr points=         500
  rmax=   41.7411441349757       in Ang units.
 L =           1   JJ: NO FF Transform now
   
  Begin Next L value.......................
  L=           2
   
  Use one of the QL data files output from gncpp
  the files are ppkb0.dat or ppkb1.dat or ....
  UPDATE: This program was updated June 25, 1992
  We now read in eV-A units of everything from
  gncpp.f --- No conversions need to be made here!
  vkb2.dat                      
   
  we read in ql(r) in atomic units.
  We now convert to eV,A.
  rLOG(i),qlrLOG=  4.166666666666700E-004  0.000000000000000E+000
  rLOG(i),qlrLOG=  4.269583333333300E-004  0.000000000000000E+000
   
  read in nr points=         500
  rmax=   41.7411441349757       in Ang units.
 L =           2   JJ: NO FF Transform now
   
  Welcome to mk_pseudoFile.x
  This writes out the final XXX.pp file.
  E.g. 014.pp etc.
   
  Read lmax,L_loc, and L-values from lmaxNlloc.dat
           3           0   1.250000    
           3           1   1.750000    
  The OUTPUT file:
  It will have a name like 014.pp (Si), 003.pp (Li)
  The output file is:015.pp                        
 nshells =            2
  reading V_local (r):
  ic=       10000
  isafe=         389
  A very close approximation to Z is   5.000003    
  rsafe=   1.619718    
  alpha=   2.469565    
  Reading and saving V_NL(l) (SR)
 L=0 Npoint=  310
 L=1 Npoint=  300
  Reading V^(KB) information
  Reading and saving V^KB(l) (SR)
 L=0 Npoint=  310 cl=     0.0649692
 L=1 Npoint=  300 cl=     0.1201878
   
  *******************************************
   
  Done with mk_pseudoFile.x
  The OUTPUT file:
  The output file is:015.pp                        
   
  *******************************************
