l_loc = 0
 Call psgen
./psgen - done: output
createPP.log
ncpp.aep
ncpp.cpi
ncpp.dat
ncpp.fc
ncpp.ini
pseudo0.dat
pseudo1.dat
pseudo2.dat
xv.ncpp.ae_wfct.agr
xv.ncpp.density.agr
xv.ncpp.ps_ae_wfct.agr
xv.ncpp.pspot_i.agr
xv.ncpp.pspot_s.agr
xv.ncpp.unscreen.agr
 Call pswatch
#info ./pswatch ncpp 08:01:12 Jul 19 2013 lewis

fhi pseudopotential tool pslp - version rev270603B

               chemical symbol  Co      
                nuclear charge  27.00
   number of valence electrons   8.00
      number of valence states   3
    exchange-correlation model   3  LDA CA Perdew/Zunger 1980               
        parameters radial mesh   523    1.024700  0.231481E-03
  input pseudopotentials up to   d

          === pseudo atom (Hartree a.u.) ===

<        n     l   occupation  eigenvalue(eV)  potential energy
<  1     3     2      7.0000      -17.2864       -10.41685
<  2     1     0      1.0000      -13.0805        -3.70100
<  3     2     1      0.0000       -7.7171         0.00000

                  total energy     -25.92863
                kinetic energy      32.70855
  ionic pseudopotential energy     -76.61892
                hartree energy      22.36460
                     xc energy      -4.38286
        local potential energy     -38.56593
           xc potential energy      -5.74632
    integrated valence density       8.00000
          number of iterations            24   convergence  0.0E+00
                  y range plot       -20   1   5

 pslp - pseudoatom done - now testing

 --- assuming scalar-relativistic all-electron atom ---

 --- s component taken as local potential ---
 --- input wavefunctions used for kb potentials ---

 --- kb potentials: spectrum of bound states (eV) ---

            l          e0            e1            e2
  Write vkb L=           0  to vkb0.dat                                . [a.u.]
  Write vkb L=           1  to vkb1.dat                                . [a.u.]
 call klbyii
 end call klbyii
semilocal   1       -7.7171       -2.0747        0.0000
 call klbyii
 end call klbyii
nonlocal    1       -7.7017       -2.0736        0.0000
  Write vkb L=           2  to vkb2.dat                                . [a.u.]
 call klbyii
 end call klbyii
semilocal   2      -17.2863       -2.2703       -0.0103
 call klbyii
 end call klbyii
nonlocal    2      -17.2863       -2.2989       -0.0419

 --- analysis of kb potentials: p waves  ---

 * no ghost (ekb > 0, eloc0 < eref < eloc1)

                     kb cosine        0.1712
                     kb energy       29.5439 eV      ekb
   local potential groundstate       -8.0296 eV    eloc0
        dto. 1st excited state       -2.2281 eV    eloc1
              reference energy       -7.7171 eV     eref

 --- analysis of kb potentials: d waves  ---

 * no ghost (ekb < 0, eref < eloc0)

                     kb cosine       -0.7806
                     kb energy     -242.7960 eV      ekb
   local potential groundstate       -2.7102 eV    eloc0
        dto. 1st excited state       -1.1441 eV    eloc1
              reference energy      -17.2864 eV     eref

 --- logarithmic derivatives: at radius = 2.8501 ---

 --- nonlocal potentials ---
 --- all-electron potential ---
 --- semilocal potentials ---

 --- kinetic energy convergence in momentum space ---

     l  n  bracket   cutoff    norm   kinet. energy
            (eV)      (Ry)               (Hartree)
ck   0     1.0E+00      3   0.984192   0.153778E+00
ck   0     1.0E-01      8   0.999368   0.186735E+00
ck   0     1.0E-02     22   0.999974   0.189905E+00
ck   0     1.0E-03     39   0.999998   0.190194E+00
cx   0  1                   1.000000   0.190231E+00

ck   2     1.0E+00     42   0.998025   0.460878E+01
ck   2     1.0E-01     54   0.999866   0.464214E+01
ck   2     1.0E-02     65   0.999990   0.464513E+01
ck   2     1.0E-03    109   0.999999   0.464544E+01
cx   2  3                   1.000000   0.464547E+01

 --- coulomb tail of pseudopotentials ---
     Tolerance 1.0E-03 is met for
     l= 1 at radii >  78.707
     l= 2 at radii >  78.707
     l= 3 at radii >  78.707

 --- done & exiting ---
./pswatch - done: output
createPP.log
xv.ncpp.lder_sd.agr
qlclATOMIC.dat
vkb1.dat
vkb2.dat
vkb0.dat
lmaxNlloc.dat
 Call linear
  This code is to transform the output of psgen into
  a linear grid format.
  Ready to open ncpp.ini
 27.00   5   3   3   0.00
   0   0   2.00
   0   0   2.00
   0   1   6.00
   0   0   2.00
   0   1   6.00
   0   2   7.00
   0   0   1.00
   0   1   0.00
 Lmax =           2
 PP =  
  get lmax and L_loc from lmaxNlloc.dat
  lmax=           2  L_loc=           0
           0  pseudo0.dat                   vpplinear0.dat                
 psilinear0.dat                
           1  pseudo1.dat                   vpplinear1.dat                
 psilinear1.dat                
           2  pseudo2.dat                   vpplinear2.dat                
 psilinear2.dat                
 	First: local part vpplinear_loc.dat   
   read from foutl(l_loc)=pseudo0.dat                   
  Ready to open 21
   
  read in nr points=         524
  rmax=   41.6498568291756       in Ang units.
  Ready to open 22
  Ready to open 23
  
 	Second: non-local part 
   
  
  L value=           0
  This is local. We set vnl=0
 		vpplinear0.dat                
  Ready to open New 21
   
  read in nr points=         524
  rmax=   41.6498568291756       in Ang units.
  Ready to open 12
  
  L value=           1
 		vpplinear1.dat                
  Ready to open New 21
   
  read in nr points=         524
  rmax=   41.6498568291756       in Ang units.
  Ready to open 12
  
  L value=           2
 		vpplinear2.dat                
  Ready to open New 21
   
  read in nr points=         524
  rmax=   41.6498568291756       in Ang units.
  Ready to open 12
   
  Done with linear. Bye now.
   
   
                       WELCOME
  PROGRAM QLG grid: Bessel transform of NON-LOCAL separable QL potential
   
  
  cl(L)=  0.000000000000000E+000  1/Hartree
  cl(L)=   31.4097511000000       1/Hartree
  cl(L)= -0.183954000000000       1/Hartree
   LOK=           2
  We read in to L=           2
  Now convert to 1/eV and write to qlcl.dat
  cl(L)=  0.000000000000000E+000
  cl(L)=   1.15427822412505     
  cl(L)= -6.760133048004307E-003
  
   
  Begin Next L value.......................
  L=           0
   
  Use one of the QL data files output from gncpp
  the files are ppkb0.dat or ppkb1.dat or ....
  UPDATE: This program was updated June 25, 1992
  We now read in eV-A units of everything from
  gncpp.f --- No conversions need to be made here!
  vkb0.dat                      
   
  we read in ql(r) in atomic units.
  We now convert to eV,A.
  rLOG(i),qlrLOG=  2.314814814814800E-004  0.000000000000000E+000
  rLOG(i),qlrLOG=  2.371990740740700E-004  0.000000000000000E+000
   
  read in nr points=         524
  rmax=   41.6498568291756       in Ang units.
 L =           0   JJ: NO FF Transform now
   
  Begin Next L value.......................
  L=           1
   
  Use one of the QL data files output from gncpp
  the files are ppkb0.dat or ppkb1.dat or ....
  UPDATE: This program was updated June 25, 1992
  We now read in eV-A units of everything from
  gncpp.f --- No conversions need to be made here!
  vkb1.dat                      
   
  we read in ql(r) in atomic units.
  We now convert to eV,A.
  rLOG(i),qlrLOG=  2.314814814814800E-004 -1.943758698304267E-008
  rLOG(i),qlrLOG=  2.371990740740700E-004 -2.040966245744981E-008
   
  read in nr points=         524
  rmax=   41.6498568291756       in Ang units.
 L =           1   JJ: NO FF Transform now
   
  Begin Next L value.......................
  L=           2
   
  Use one of the QL data files output from gncpp
  the files are ppkb0.dat or ppkb1.dat or ....
  UPDATE: This program was updated June 25, 1992
  We now read in eV-A units of everything from
  gncpp.f --- No conversions need to be made here!
  vkb2.dat                      
   
  we read in ql(r) in atomic units.
  We now convert to eV,A.
  rLOG(i),qlrLOG=  2.314814814814800E-004 -1.045377523454499E-009
  rLOG(i),qlrLOG=  2.371990740740700E-004 -1.124769074089326E-009
   
  read in nr points=         524
  rmax=   41.6498568291756       in Ang units.
 L =           2   JJ: NO FF Transform now
   
  Welcome to mk_pseudoFile.x
  This writes out the final XXX.pp file.
  E.g. 014.pp etc.
   
  Read lmax,L_loc, and L-values from lmaxNlloc.dat
           3           2   7.000000    
           4           0   1.000000    
           4           1  0.0000000E+00
  The OUTPUT file:
  It will have a name like 014.pp (Si), 003.pp (Li)
  The output file is:027.pp                        
 nshells =            2
  reading V_local (r):
  ic=       10000
  isafe=         548
  A very close approximation to Z is   9.000009    
  rsafe=   2.278475    
  alpha=   1.755560    
  Reading and saving V_NL(l) (SR)
 L=1 Npoint=  320
 L=2 Npoint=  310
  Reading V^(KB) information
  Reading and saving V^KB(l) (SR)
 L=1 Npoint=  320 cl=     1.1542782
 L=2 Npoint=  310 cl=    -0.0067601
   
  *******************************************
   
  Done with mk_pseudoFile.x
  The OUTPUT file:
  The output file is:027.pp                        
   
  *******************************************
