l_loc = 
 Call psgen
./psgen - done: output
 Call pswatch
#info ./pswatch ncpp 12:33:30 Jul 05 2011 lewis

fhi pseudopotential tool pslp - version rev270603B

               chemical symbol  C       
                nuclear charge   6.00
   number of valence electrons   2.00
      number of valence states   2
    exchange-correlation model   9  GGA X Becke C Lee/Yang/Parr             
        parameters radial mesh   461    1.024700  0.104167E-02
  input pseudopotentials up to   d

          === pseudo atom (Hartree a.u.) ===

<        n     l   occupation  eigenvalue(eV)  potential energy
<  1     1     0      1.0000      -39.9548        -2.92779
<  2     2     1      1.0000      -31.4385        -3.94719

                  total energy      -3.76839
                kinetic energy       2.46137
  ionic pseudopotential energy      -6.87499
                hartree energy       1.34309
                     xc energy      -0.69786
        local potential energy      -7.12928
           xc potential energy      -0.89620
    integrated valence density       2.00000
          number of iterations            15   convergence  0.0E+00
                  y range plot       -22   1   5

 pslp - pseudoatom done - now testing

 --- assuming scalar-relativistic all-electron atom ---

 --- d component taken as local potential ---
 --- input wavefunctions used for kb potentials ---

 --- kb potentials: spectrum of bound states (eV) ---

            l          e0            e1            e2
  Write vkb L=           0  to vkb0.dat                                . [a.u.]
 call klbyii
 end call klbyii
semilocal   0      -39.9548      -12.3067       -5.5507
 call klbyii
 end call klbyii
nonlocal    0      -39.9548      -12.3135       -5.5542
  Write vkb L=           1  to vkb1.dat                                . [a.u.]
 call klbyii
 end call klbyii
semilocal   1      -31.4384      -10.2527       -4.8269
 call klbyii
 end call klbyii
nonlocal    1      -31.4384      -10.2545       -4.8278
  Write vkb L=           2  to vkb2.dat                                . [a.u.]

 --- analysis of kb potentials: s waves  ---

 * no ghost (ekb > 0, eloc0 < eref < eloc1)

                     kb cosine        0.3324
                     kb energy      122.2589 eV      ekb
   local potential groundstate      -76.7938 eV    eloc0
        dto. 1st excited state      -18.4574 eV    eloc1
              reference energy      -39.9548 eV     eref

 --- analysis of kb potentials: p waves  ---

 * no ghost (ekb < 0, eref < eloc0)

                     kb cosine       -0.1794
                     kb energy     -204.7795 eV      ekb
   local potential groundstate      -27.8532 eV    eloc0
        dto. 1st excited state       -9.4154 eV    eloc1
              reference energy      -31.4385 eV     eref

 --- logarithmic derivatives: at radius = 1.9122 ---

 --- nonlocal potentials ---
 --- all-electron potential ---
 --- semilocal potentials ---

 --- kinetic energy convergence in momentum space ---

     l  n  bracket   cutoff    norm   kinet. energy
            (eV)      (Ry)               (Hartree)
ck   0     1.0E+00     17   0.996638   0.536063E+00
ck   0     1.0E-01     33   0.999821   0.569155E+00
ck   0     1.0E-02     80   0.999992   0.572409E+00
ck   0     1.0E-03    108   0.999999   0.572732E+00
cx   0  1                   1.000000   0.572766E+00

ck   1     1.0E+00     48   0.998783   0.185188E+01
ck   1     1.0E-01     95   0.999937   0.188506E+01
ck   1     1.0E-02      0 < 0.999997   0.188818E+01
 & kinkon - bracket not met for cutoff < ekmx =         200  Ry
cx   1  2                   1.000000   0.188860E+01

 --- coulomb tail of pseudopotentials ---
     Tolerance 1.0E-03 is met for
     l= 1 at radii >  78.024
     l= 2 at radii >  78.024
     l= 3 at radii >  78.024

 --- done & exiting ---
./pswatch - done: output
createPP.log
xv.ncpp.lder_sd.agr
 Call linear
  This code is to transform the output of psgen into
  a linear grid format.
  Ready to open ncpp.ini
  6.00   1   2   9   0.00
   0   0   2.00
   0   0   1.00
   0   1   1.00
 Lmax =           2
 PP =  
  get lmax and L_loc from lmaxNlloc.dat
  lmax=           2  L_loc=           2
           0  pseudo0.dat                   vpplinear0.dat                
 psilinear0.dat                
           1  pseudo1.dat                   vpplinear1.dat                
 psilinear1.dat                
           2  pseudo2.dat                   vpplinear2.dat                
 psilinear2.dat                
 	First: local part vpplinear_loc.dat   
   read from foutl(l_loc)=pseudo2.dat                   
  Ready to open 21
   
  read in nr points=         462
  rmax=   41.2884312142411       in Ang units.
  Ready to open 22
  Ready to open 23
  
 	Second: non-local part 
   
  
  L value=           0
 		vpplinear0.dat                
  Ready to open New 21
   
  read in nr points=         462
  rmax=   41.2884312142411       in Ang units.
  Ready to open 12
  
  L value=           1
 		vpplinear1.dat                
  Ready to open New 21
   
  read in nr points=         462
  rmax=   41.2884312142411       in Ang units.
  Ready to open 12
  
  L value=           2
  This is local. We set vnl=0
 		vpplinear2.dat                
  Ready to open New 21
   
  read in nr points=         462
  rmax=   41.2884312142411       in Ang units.
  Ready to open 12
   
  Done with linear. Bye now.
   
   
                       WELCOME
  PROGRAM QLG grid: Bessel transform of NON-LOCAL separable QL potential
   
  
  cl(L)=   2.01461090000000       1/Hartree
  cl(L)=  -4.13092150000000       1/Hartree
  cl(L)=  0.000000000000000E+000  1/Hartree
   LOK=           2
  We read in to L=           2
  Now convert to 1/eV and write to qlcl.dat
  cl(L)=  7.403501812387717E-002
  cl(L)= -0.151807402670567     
  cl(L)=  0.000000000000000E+000
  
   
  Begin Next L value.......................
  L=           0
   
  Use one of the QL data files output from gncpp
  the files are ppkb0.dat or ppkb1.dat or ....
  UPDATE: This program was updated June 25, 1992
  We now read in eV-A units of everything from
  gncpp.f --- No conversions need to be made here!
  vkb0.dat                      
   
  we read in ql(r) in atomic units.
  We now convert to eV,A.
  rLOG(i),qlrLOG=  1.041666666666700E-003  4.707175646996071E-003
  rLOG(i),qlrLOG=  1.067395833333300E-003  4.823449003368078E-003
   
  read in nr points=         462
  rmax=   41.2884312142411       in Ang units.
 L =           0   JJ: NO FF Transform now
   
  Begin Next L value.......................
  L=           1
   
  Use one of the QL data files output from gncpp
  the files are ppkb0.dat or ppkb1.dat or ....
  UPDATE: This program was updated June 25, 1992
  We now read in eV-A units of everything from
  gncpp.f --- No conversions need to be made here!
  vkb1.dat                      
   
  we read in ql(r) in atomic units.
  We now convert to eV,A.
  rLOG(i),qlrLOG=  1.041666666666700E-003 -3.384736703340194E-005
  rLOG(i),qlrLOG=  1.067395833333300E-003 -3.554017909645175E-005
   
  read in nr points=         462
  rmax=   41.2884312142411       in Ang units.
 L =           1   JJ: NO FF Transform now
   
  Begin Next L value.......................
  L=           2
   
  Use one of the QL data files output from gncpp
  the files are ppkb0.dat or ppkb1.dat or ....
  UPDATE: This program was updated June 25, 1992
  We now read in eV-A units of everything from
  gncpp.f --- No conversions need to be made here!
  vkb2.dat                      
   
  we read in ql(r) in atomic units.
  We now convert to eV,A.
  rLOG(i),qlrLOG=  1.041666666666700E-003  0.000000000000000E+000
  rLOG(i),qlrLOG=  1.067395833333300E-003  0.000000000000000E+000
   
  read in nr points=         462
  rmax=   41.2884312142411       in Ang units.
 L =           2   JJ: NO FF Transform now
   
  Welcome to mk_pseudoFile.x
  This writes out the final XXX.pp file.
  E.g. 014.pp etc.
   
  Read lmax,L_loc, and L-values from lmaxNlloc.dat
           2           0   1.000000    
           2           1   1.000000    
  The OUTPUT file:
  It will have a name like 014.pp (Si), 003.pp (Li)
  The output file is:006.pp                        
 nshells =            2
  reading V_local (r):
  ic=       10000
  isafe=         271
  A very close approximation to Z is   4.000004    
  rsafe=   1.114899    
  alpha=   3.587769    
  Reading and saving V_NL(l) (SR)
 L=0 Npoint=  210
 L=1 Npoint=  210
  Reading V^(KB) information
  Reading and saving V^KB(l) (SR)
 L=0 Npoint=  210 cl=     0.0740350
 L=1 Npoint=  210 cl=    -0.1518074
   
  *******************************************
   
  Done with mk_pseudoFile.x
  The OUTPUT file:
  The output file is:006.pp                        
   
  *******************************************
