l_loc = 
 Call psgen
./psgen - done: output
createPP.log
ncpp.aep
ncpp.cpi
ncpp.dat
ncpp.fc
ncpp.ini
pseudo0.dat
pseudo1.dat
pseudo2.dat
xv.ncpp.ae_wfct.agr
xv.ncpp.density.agr
xv.ncpp.ps_ae_wfct.agr
xv.ncpp.pspot_i.agr
xv.ncpp.pspot_s.agr
xv.ncpp.unscreen.agr
 Call pswatch
#info ./pswatch ncpp 09:55:25 Jul 25 2012 bhaycock

fhi pseudopotential tool pslp - version rev270603B

               chemical symbol  Se      
                nuclear charge  34.00
   number of valence electrons   6.00
      number of valence states   2
    exchange-correlation model   3  LDA CA Perdew/Zunger 1980               
        parameters radial mesh   533    1.024700  0.183824E-03
  input pseudopotentials up to   d

          === pseudo atom (Hartree a.u.) ===

<        n     l   occupation  eigenvalue(eV)  potential energy
<  1     1     0      2.0000      -17.4863        -3.37157
<  2     2     1      4.0000       -6.6613        -2.87077

                  total energy      -9.35547
                kinetic energy       3.09159
  ionic pseudopotential energy     -18.22622
                hartree energy       7.66644
                     xc energy      -1.88729
        local potential energy     -17.40532
           xc potential energy      -2.46265
    integrated valence density       6.00000
          number of iterations            21   convergence  0.0E+00
                  y range plot        -5   5   2

 pslp - pseudoatom done - now testing

 --- assuming scalar-relativistic all-electron atom ---

 --- d component taken as local potential ---
 --- input wavefunctions used for kb potentials ---

 --- kb potentials: spectrum of bound states (eV) ---

            l          e0            e1            e2
  Write vkb L=           0  to vkb0.dat                                . [a.u.]
 call klbyii
 end call klbyii
semilocal   0      -17.4862       -0.4214        0.0000
 call klbyii
 end call klbyii
nonlocal    0      -17.4862       -0.4637        0.0000
  Write vkb L=           1  to vkb1.dat                                . [a.u.]
 call klbyii
 end call klbyii
semilocal   1       -6.6613        0.0000        0.0000
 call klbyii
 end call klbyii
nonlocal    1       -6.6613        0.0000        0.0000
  Write vkb L=           2  to vkb2.dat                                . [a.u.]

 --- analysis of kb potentials: s waves  ---

 * no ghost (ekb < 0, eref < eloc0)

                     kb cosine       -0.2668
                     kb energy      -74.2300 eV      ekb
   local potential groundstate      -14.8131 eV    eloc0
        dto. 1st excited state       -0.4537 eV    eloc1
              reference energy      -17.4863 eV     eref

 --- analysis of kb potentials: p waves  ---

 & dftseq - no bound state found (iter): e=>0 n l           3           1
 note: for the local potential no bound excited p state
       is found, the ghost state analysis will assume
       a zero 1st excited state energy (variable eloc1)

 * no ghost (ekb < 0, eref < eloc0)

                     kb cosine       -0.4091
                     kb energy      -17.5857 eV      ekb
   local potential groundstate       -4.4272 eV    eloc0
        dto. 1st excited state        0.0000 eV    eloc1
              reference energy       -6.6613 eV     eref

 --- logarithmic derivatives: at radius = 2.8887 ---

 --- nonlocal potentials ---
 --- all-electron potential ---
 --- semilocal potentials ---

 --- kinetic energy convergence in momentum space ---

     l  n  bracket   cutoff    norm   kinet. energy
            (eV)      (Ry)               (Hartree)
ck   0     1.0E+00     12   0.995028   0.392495E+00
ck   0     1.0E-01     21   0.999786   0.424564E+00
ck   0     1.0E-02     50   0.999987   0.427713E+00
ck   0     1.0E-03     75   0.999999   0.428038E+00
cx   0  1                   1.000000   0.428075E+00

ck   1     1.0E+00      4   0.985577   0.525171E+00
ck   1     1.0E-01     16   0.999627   0.555306E+00
ck   1     1.0E-02     26   0.999974   0.558499E+00
ck   1     1.0E-03     40   0.999998   0.558824E+00
cx   1  2                   1.000000   0.558860E+00

 --- coulomb tail of pseudopotentials ---
     Tolerance 1.0E-03 is met for
     l= 1 at radii >   2.435
     l= 2 at radii >   2.435
     l= 3 at radii >   3.598

 --- done & exiting ---
./pswatch - done: output
createPP.log
xv.ncpp.lder_sd.agr
qlclATOMIC.dat
vkb2.dat
vkb1.dat
vkb0.dat
lmaxNlloc.dat
 Call linear
  This code is to transform the output of psgen into
  a linear grid format.
  Ready to open ncpp.ini
 34.00   6   2   3   0.00
   0   0   2.00
   0   0   2.00
   0   1   6.00
   0   0   2.00
   0   1   6.00
   0   2  10.00
   0   0   2.00
   0   1   4.00
 Lmax =           2
 PP =  
  get lmax and L_loc from lmaxNlloc.dat
  lmax=           2  L_loc=           2
           0  pseudo0.dat                   vpplinear0.dat                
 psilinear0.dat                
           1  pseudo1.dat                   vpplinear1.dat                
 psilinear1.dat                
           2  pseudo2.dat                   vpplinear2.dat                
 psilinear2.dat                
 	First: local part vpplinear_loc.dat   
   read from foutl(l_loc)=pseudo2.dat                   
  Ready to open 21
   
  read in nr points=         534
  rmax=   42.2148958402827       in Ang units.
  Ready to open 22
  Ready to open 23
  
 	Second: non-local part 
   
  
  L value=           0
 		vpplinear0.dat                
  Ready to open New 21
   
  read in nr points=         534
  rmax=   42.2148958402827       in Ang units.
  Ready to open 12
  
  L value=           1
 		vpplinear1.dat                
  Ready to open New 21
   
  read in nr points=         534
  rmax=   42.2148958402827       in Ang units.
  Ready to open 12
  
  L value=           2
  This is local. We set vnl=0
 		vpplinear2.dat                
  Ready to open New 21
   
  read in nr points=         534
  rmax=   42.2148958402827       in Ang units.
  Ready to open 12
   
  Done with linear. Bye now.
   
   
                       WELCOME
  PROGRAM QLG grid: Bessel transform of NON-LOCAL separable QL potential
   
  
  cl(L)=  -5.15021640000000       1/Hartree
  cl(L)=  -9.24711960000000       1/Hartree
  cl(L)=  0.000000000000000E+000  1/Hartree
   LOK=           2
  We read in to L=           2
  Now convert to 1/eV and write to qlcl.dat
  cl(L)= -0.189265512519509     
  cl(L)= -0.339822775296043     
  cl(L)=  0.000000000000000E+000
  
   
  Begin Next L value.......................
  L=           0
   
  Use one of the QL data files output from gncpp
  the files are ppkb0.dat or ppkb1.dat or ....
  UPDATE: This program was updated June 25, 1992
  We now read in eV-A units of everything from
  gncpp.f --- No conversions need to be made here!
  vkb0.dat                      
   
  we read in ql(r) in atomic units.
  We now convert to eV,A.
  rLOG(i),qlrLOG=  1.838235294117600E-004  2.724782011828436E-004
  rLOG(i),qlrLOG=  1.883639705882400E-004  2.792084195529967E-004
   
  read in nr points=         534
  rmax=   42.2148958402827       in Ang units.
 L =           0   JJ: NO FF Transform now
   
  Begin Next L value.......................
  L=           1
   
  Use one of the QL data files output from gncpp
  the files are ppkb0.dat or ppkb1.dat or ....
  UPDATE: This program was updated June 25, 1992
  We now read in eV-A units of everything from
  gncpp.f --- No conversions need to be made here!
  vkb1.dat                      
   
  we read in ql(r) in atomic units.
  We now convert to eV,A.
  rLOG(i),qlrLOG=  1.838235294117600E-004  2.881284955047631E-008
  rLOG(i),qlrLOG=  1.883639705882400E-004  3.025378359991738E-008
   
  read in nr points=         534
  rmax=   42.2148958402827       in Ang units.
 L =           1   JJ: NO FF Transform now
   
  Begin Next L value.......................
  L=           2
   
  Use one of the QL data files output from gncpp
  the files are ppkb0.dat or ppkb1.dat or ....
  UPDATE: This program was updated June 25, 1992
  We now read in eV-A units of everything from
  gncpp.f --- No conversions need to be made here!
  vkb2.dat                      
   
  we read in ql(r) in atomic units.
  We now convert to eV,A.
  rLOG(i),qlrLOG=  1.838235294117600E-004  0.000000000000000E+000
  rLOG(i),qlrLOG=  1.883639705882400E-004  0.000000000000000E+000
   
  read in nr points=         534
  rmax=   42.2148958402827       in Ang units.
 L =           2   JJ: NO FF Transform now
   
  Welcome to mk_pseudoFile.x
  This writes out the final XXX.pp file.
  E.g. 014.pp etc.
   
  Read lmax,L_loc, and L-values from lmaxNlloc.dat
           4           0   2.000000    
           4           1   4.000000    
  The OUTPUT file:
  It will have a name like 014.pp (Si), 003.pp (Li)
  The output file is:034.pp                        
 nshells =            2
  reading V_local (r):
  ic=       10000
  isafe=         567
  A very close approximation to Z is   6.000001    
  rsafe=   2.389602    
  alpha=   1.673919    
  Reading and saving V_NL(l) (SR)
 L=0 Npoint=  590
 L=1 Npoint=  590
  Reading V^(KB) information
  Reading and saving V^KB(l) (SR)
 L=0 Npoint=  560 cl=    -0.1892655
 L=1 Npoint=  570 cl=    -0.3398228
   
  *******************************************
   
  Done with mk_pseudoFile.x
  The OUTPUT file:
  The output file is:034.pp                        
   
  *******************************************
