l_loc = 
 Call psgen
./psgen - done: output
createPP.log
ncpp.aep
ncpp.cpi
ncpp.dat
ncpp.fc
ncpp.ini
pseudo0.dat
pseudo1.dat
pseudo2.dat
xv.ncpp.ae_wfct.agr
xv.ncpp.density.agr
xv.ncpp.ps_ae_wfct.agr
xv.ncpp.pspot_i.agr
xv.ncpp.pspot_s.agr
xv.ncpp.unscreen.agr
 Call pswatch
#info ./pswatch ncpp 10:49:21 Jul 25 2012 bhaycock

fhi pseudopotential tool pslp - version rev270603B

               chemical symbol  Se      
                nuclear charge  34.00
   number of valence electrons   4.00
      number of valence states   2
    exchange-correlation model   3  LDA CA Perdew/Zunger 1980               
        parameters radial mesh   533    1.024700  0.183824E-03
  input pseudopotentials up to   d

          === pseudo atom (Hartree a.u.) ===

<        n     l   occupation  eigenvalue(eV)  potential energy
<  1     1     0      1.5000      -38.3422        -3.48866
<  2     2     1      2.5000      -26.0648        -3.16878

                  total energy      -7.97952
                kinetic energy       2.57748
  ionic pseudopotential energy     -13.15494
                hartree energy       3.85406
                     xc energy      -1.25612
        local potential energy     -12.36696
           xc potential energy      -1.63886
    integrated valence density       4.00000
          number of iterations            15   convergence  0.0E+00
                  y range plot        -5   5   2

 pslp - pseudoatom done - now testing

 --- assuming scalar-relativistic all-electron atom ---

 --- d component taken as local potential ---
 --- input wavefunctions used for kb potentials ---

 --- kb potentials: spectrum of bound states (eV) ---

            l          e0            e1            e2
  Write vkb L=           0  to vkb0.dat                                . [a.u.]
 call klbyii
 end call klbyii
semilocal   0      -38.3422      -11.4901       -5.0436
 call klbyii
 end call klbyii
nonlocal    0      -38.3422      -11.9240       -5.2925
  Write vkb L=           1  to vkb1.dat                                . [a.u.]
 call klbyii
 end call klbyii
semilocal   1      -26.0648       -8.3993       -3.9308
 call klbyii
 end call klbyii
nonlocal    1      -26.0648       -8.4494       -3.9614
  Write vkb L=           2  to vkb2.dat                                . [a.u.]

 --- analysis of kb potentials: s waves  ---

 * no ghost (ekb < 0, eref < eloc0)

                     kb cosine       -0.3048
                     kb energy      -72.3035 eV      ekb
   local potential groundstate      -34.6448 eV    eloc0
        dto. 1st excited state      -11.8364 eV    eloc1
              reference energy      -38.3422 eV     eref

 --- analysis of kb potentials: p waves  ---

 * no ghost (ekb < 0, eref < eloc0)

                     kb cosine       -0.4388
                     kb energy      -23.6147 eV      ekb
   local potential groundstate      -22.4897 eV    eloc0
        dto. 1st excited state       -7.5981 eV    eloc1
              reference energy      -26.0648 eV     eref

 --- logarithmic derivatives: at radius = 2.8887 ---

 --- nonlocal potentials ---
 --- all-electron potential ---
 --- semilocal potentials ---

 --- kinetic energy convergence in momentum space ---

     l  n  bracket   cutoff    norm   kinet. energy
            (eV)      (Ry)               (Hartree)
ck   0     1.0E+00     13   0.995593   0.463741E+00
ck   0     1.0E-01     23   0.999808   0.494039E+00
ck   0     1.0E-02     53   0.999989   0.497364E+00
ck   0     1.0E-03     87   0.999999   0.497661E+00
cx   0  1                   1.000000   0.497696E+00

ck   1     1.0E+00      5   0.988572   0.697273E+00
ck   1     1.0E-01     21   0.999712   0.729013E+00
ck   1     1.0E-02     30   0.999978   0.732016E+00
ck   1     1.0E-03     55   0.999999   0.732338E+00
cx   1  2                   1.000000   0.732374E+00

 --- coulomb tail of pseudopotentials ---
     Tolerance 1.0E-03 is met for
     l= 1 at radii >  79.775
     l= 2 at radii >  79.775
     l= 3 at radii >  79.775

 --- done & exiting ---
./pswatch - done: output
createPP.log
xv.ncpp.lder_sd.agr
qlclATOMIC.dat
vkb2.dat
vkb1.dat
vkb0.dat
lmaxNlloc.dat
 Call linear
  This code is to transform the output of psgen into
  a linear grid format.
  Ready to open ncpp.ini
 34.00   6   2   3   0.00
   0   0   2.00
   0   0   2.00
   0   1   6.00
   0   0   2.00
   0   1   6.00
   0   2  10.00
   0   0   1.50
   0   1   2.50
 Lmax =           2
 PP =  
  get lmax and L_loc from lmaxNlloc.dat
  lmax=           2  L_loc=           2
           0  pseudo0.dat                   vpplinear0.dat                
 psilinear0.dat                
           1  pseudo1.dat                   vpplinear1.dat                
 psilinear1.dat                
           2  pseudo2.dat                   vpplinear2.dat                
 psilinear2.dat                
 	First: local part vpplinear_loc.dat   
   read from foutl(l_loc)=pseudo2.dat                   
  Ready to open 21
   
  read in nr points=         534
  rmax=   42.2148958402827       in Ang units.
  Ready to open 22
  Ready to open 23
  
 	Second: non-local part 
   
  
  L value=           0
 		vpplinear0.dat                
  Ready to open New 21
   
  read in nr points=         534
  rmax=   42.2148958402827       in Ang units.
  Ready to open 12
  
  L value=           1
 		vpplinear1.dat                
  Ready to open New 21
   
  read in nr points=         534
  rmax=   42.2148958402827       in Ang units.
  Ready to open 12
  
  L value=           2
  This is local. We set vnl=0
 		vpplinear2.dat                
  Ready to open New 21
   
  read in nr points=         534
  rmax=   42.2148958402827       in Ang units.
  Ready to open 12
   
  Done with linear. Bye now.
   
   
                       WELCOME
  PROGRAM QLG grid: Bessel transform of NON-LOCAL separable QL potential
   
  
  cl(L)=  -4.05218220000000       1/Hartree
  cl(L)=  -5.98366130000000       1/Hartree
  cl(L)=  0.000000000000000E+000  1/Hartree
   LOK=           2
  We read in to L=           2
  Now convert to 1/eV and write to qlcl.dat
  cl(L)= -0.148913808923724     
  cl(L)= -0.219893813139124     
  cl(L)=  0.000000000000000E+000
  
   
  Begin Next L value.......................
  L=           0
   
  Use one of the QL data files output from gncpp
  the files are ppkb0.dat or ppkb1.dat or ....
  UPDATE: This program was updated June 25, 1992
  We now read in eV-A units of everything from
  gncpp.f --- No conversions need to be made here!
  vkb0.dat                      
   
  we read in ql(r) in atomic units.
  We now convert to eV,A.
  rLOG(i),qlrLOG=  1.838235294117600E-004  2.901095215296182E-004
  rLOG(i),qlrLOG=  1.883639705882400E-004  2.972752286383339E-004
   
  read in nr points=         534
  rmax=   42.2148958402827       in Ang units.
 L =           0   JJ: NO FF Transform now
   
  Begin Next L value.......................
  L=           1
   
  Use one of the QL data files output from gncpp
  the files are ppkb0.dat or ppkb1.dat or ....
  UPDATE: This program was updated June 25, 1992
  We now read in eV-A units of everything from
  gncpp.f --- No conversions need to be made here!
  vkb1.dat                      
   
  we read in ql(r) in atomic units.
  We now convert to eV,A.
  rLOG(i),qlrLOG=  1.838235294117600E-004  4.877752293969291E-008
  rLOG(i),qlrLOG=  1.883639705882400E-004  5.121689118210274E-008
   
  read in nr points=         534
  rmax=   42.2148958402827       in Ang units.
 L =           1   JJ: NO FF Transform now
   
  Begin Next L value.......................
  L=           2
   
  Use one of the QL data files output from gncpp
  the files are ppkb0.dat or ppkb1.dat or ....
  UPDATE: This program was updated June 25, 1992
  We now read in eV-A units of everything from
  gncpp.f --- No conversions need to be made here!
  vkb2.dat                      
   
  we read in ql(r) in atomic units.
  We now convert to eV,A.
  rLOG(i),qlrLOG=  1.838235294117600E-004  0.000000000000000E+000
  rLOG(i),qlrLOG=  1.883639705882400E-004  0.000000000000000E+000
   
  read in nr points=         534
  rmax=   42.2148958402827       in Ang units.
 L =           2   JJ: NO FF Transform now
   
  Welcome to mk_pseudoFile.x
  This writes out the final XXX.pp file.
  E.g. 014.pp etc.
   
  Read lmax,L_loc, and L-values from lmaxNlloc.dat
           4           0   1.500000    
           4           1   2.500000    
  The OUTPUT file:
  It will have a name like 014.pp (Si), 003.pp (Li)
  The output file is:034.pp                        
 nshells =            2
  reading V_local (r):
  ic=       10000
  isafe=         560
  A very close approximation to Z is   6.000004    
  rsafe=   2.360049    
  alpha=   1.694880    
  Reading and saving V_NL(l) (SR)
 L=0 Npoint=  590
 L=1 Npoint=  590
  Reading V^(KB) information
  Reading and saving V^KB(l) (SR)
 L=0 Npoint=  560 cl=    -0.1489138
 L=1 Npoint=  560 cl=    -0.2198938
   
  *******************************************
   
  Done with mk_pseudoFile.x
  The OUTPUT file:
  The output file is:034.pp                        
   
  *******************************************
