l_loc = 0
 Call psgen
./psgen - done: output
createPP.log
ncpp.aep
ncpp.cpi
ncpp.dat
ncpp.fc
ncpp.ini
pseudo0.dat
pseudo1.dat
pseudo2.dat
xv.ncpp.ae_wfct.agr
xv.ncpp.density.agr
xv.ncpp.ps_ae_wfct.agr
xv.ncpp.pspot_i.agr
xv.ncpp.pspot_s.agr
xv.ncpp.unscreen.agr
 Call pswatch
#info ./pswatch ncpp 11:15:14 Aug 09 2012 lshamberger

fhi pseudopotential tool pslp - version rev270603B

               chemical symbol  Fe      
                nuclear charge  26.00
   number of valence electrons   8.00
      number of valence states   3
    exchange-correlation model   3  LDA CA Perdew/Zunger 1980               
        parameters radial mesh   521    1.024700  0.240385E-03
  input pseudopotentials up to   d

          === pseudo atom (Hartree a.u.) ===

<        n     l   occupation  eigenvalue(eV)  potential energy
<  1     3     2      6.0000       -7.7513        -8.98227
<  2     1     0      2.0000       -5.4892        -2.95684
<  3     2     1      0.0000       -1.4425         0.00000

                  total energy     -19.43060
                kinetic energy      25.59186
  ionic pseudopotential energy     -59.80727
                hartree energy      18.45361
                     xc energy      -3.66879
        local potential energy     -30.13572
           xc potential energy      -4.80437
    integrated valence density       8.00000
          number of iterations            23   convergence  0.0E+00
                  y range plot       -18   1   4

 pslp - pseudoatom done - now testing

 --- assuming scalar-relativistic all-electron atom ---

 --- s component taken as local potential ---
 --- input wavefunctions used for kb potentials ---

 --- kb potentials: spectrum of bound states (eV) ---

            l          e0            e1            e2
  Write vkb L=           0  to vkb0.dat                                . [a.u.]
  Write vkb L=           1  to vkb1.dat                                . [a.u.]
 call klbyii
 end call klbyii
semilocal   1       -1.4405        0.0000        0.0000
 call klbyii
 end call klbyii
nonlocal    1       -1.4377        0.0000        0.0000
  Write vkb L=           2  to vkb2.dat                                . [a.u.]
 call klbyii
 end call klbyii
semilocal   2       -7.7513        0.0000        0.0000
 call klbyii
 end call klbyii
nonlocal    2       -7.7513        0.0000        0.0000

 --- analysis of kb potentials: p waves  ---

 & dftseq - no bound state found (iter): e=>0 n l           3           1
 note: for the local potential no bound excited p state
       is found, the ghost state analysis will assume
       a zero 1st excited state energy (variable eloc1)

 * no ghost (ekb > 0, eloc0 < eref < eloc1)

                     kb cosine        0.1757
                     kb energy       33.5153 eV      ekb
   local potential groundstate       -1.6532 eV    eloc0
        dto. 1st excited state        0.0000 eV    eloc1
              reference energy       -1.4425 eV     eref

 --- analysis of kb potentials: d waves  ---

 & dftseq - no bound state found (ctp): e=>0 n l           3           2
 note: for the local potential no bound d state is
       found, the ghost state analysis will assume
       a zero groundstate energy (variable eloc0)

 & dftseq - no bound state found (ctp): e=>0 n l           4           2
 note: for the local potential no bound excited d state
       is found, the ghost state analysis will assume
       a zero 1st excited state energy (variable eloc1)

 * no ghost (ekb < 0, eref < eloc0)

                     kb cosine       -0.7669
                     kb energy     -228.7917 eV      ekb
   local potential groundstate        0.0000 eV    eloc0
        dto. 1st excited state        0.0000 eV    eloc1
              reference energy       -7.7513 eV     eref

 --- logarithmic derivatives: at radius = 2.9597 ---

 --- nonlocal potentials ---
 --- all-electron potential ---
 --- semilocal potentials ---

 --- kinetic energy convergence in momentum space ---

     l  n  bracket   cutoff    norm   kinet. energy
            (eV)      (Ry)               (Hartree)
ck   0     1.0E+00      1   0.977291   0.108366E+00
ck   0     1.0E-01      7   0.999292   0.140662E+00
ck   0     1.0E-02     19   0.999969   0.143560E+00
ck   0     1.0E-03     34   0.999998   0.143864E+00
cx   0  1                   1.000000   0.143899E+00

ck   2     1.0E+00     39   0.997951   0.418122E+01
ck   2     1.0E-01     51   0.999866   0.421416E+01
ck   2     1.0E-02     61   0.999989   0.421698E+01
ck   2     1.0E-03    104   0.999999   0.421731E+01
cx   2  3                   1.000000   0.421734E+01

 --- coulomb tail of pseudopotentials ---
     Tolerance 1.0E-03 is met for
     l= 1 at radii >   2.684
     l= 2 at radii >   2.684
     l= 3 at radii >   2.684

 --- done & exiting ---
./pswatch - done: output
createPP.log
xv.ncpp.lder_sd.agr
qlclATOMIC.dat
vkb2.dat
vkb1.dat
vkb0.dat
lmaxNlloc.dat
 Call linear
  This code is to transform the output of psgen into
  a linear grid format.
  Ready to open ncpp.ini
 26.00   5   3   3   0.00
   0   0   2.00
   0   0   2.00
   0   1   6.00
   0   0   2.00
   0   1   6.00
   0   2   6.00
   0   0   2.00
   0   1   0.00
 Lmax =           2
 PP =  
  get lmax and L_loc from lmaxNlloc.dat
  lmax=           2  L_loc=           0
           0  pseudo0.dat                   vpplinear0.dat                
 psilinear0.dat                
           1  pseudo1.dat                   vpplinear1.dat                
 psilinear1.dat                
           2  pseudo2.dat                   vpplinear2.dat                
 psilinear2.dat                
 	First: local part vpplinear_loc.dat   
   read from foutl(l_loc)=pseudo0.dat                   
  Ready to open 21
   
  read in nr points=         522
  rmax=   41.1917702614921       in Ang units.
  Ready to open 22
  Ready to open 23
  
 	Second: non-local part 
   
  
  L value=           0
  This is local. We set vnl=0
 		vpplinear0.dat                
  Ready to open New 21
   
  read in nr points=         522
  rmax=   41.1917702614921       in Ang units.
  Ready to open 12
  
  L value=           1
 		vpplinear1.dat                
  Ready to open New 21
   
  read in nr points=         522
  rmax=   41.1917702614921       in Ang units.
  Ready to open 12
  
  L value=           2
 		vpplinear2.dat                
  Ready to open New 21
   
  read in nr points=         522
  rmax=   41.1917702614921       in Ang units.
  Ready to open 12
   
  Done with linear. Bye now.
   
   
                       WELCOME
  PROGRAM QLG grid: Bessel transform of NON-LOCAL separable QL potential
   
  
  cl(L)=  0.000000000000000E+000  1/Hartree
  cl(L)=   26.3144244000000       1/Hartree
  cl(L)= -0.202213900000000       1/Hartree
   LOK=           2
  We read in to L=           2
  Now convert to 1/eV and write to qlcl.dat
  cl(L)=  0.000000000000000E+000
  cl(L)=  0.967029855429351     
  cl(L)= -7.431166857778781E-003
  
   
  Begin Next L value.......................
  L=           0
   
  Use one of the QL data files output from gncpp
  the files are ppkb0.dat or ppkb1.dat or ....
  UPDATE: This program was updated June 25, 1992
  We now read in eV-A units of everything from
  gncpp.f --- No conversions need to be made here!
  vkb0.dat                      
   
  we read in ql(r) in atomic units.
  We now convert to eV,A.
  rLOG(i),qlrLOG=  2.403846153846200E-004  0.000000000000000E+000
  rLOG(i),qlrLOG=  2.463221153846200E-004  0.000000000000000E+000
   
  read in nr points=         522
  rmax=   41.1917702614921       in Ang units.
 L =           0   JJ: NO FF Transform now
   
  Begin Next L value.......................
  L=           1
   
  Use one of the QL data files output from gncpp
  the files are ppkb0.dat or ppkb1.dat or ....
  UPDATE: This program was updated June 25, 1992
  We now read in eV-A units of everything from
  gncpp.f --- No conversions need to be made here!
  vkb1.dat                      
   
  we read in ql(r) in atomic units.
  We now convert to eV,A.
  rLOG(i),qlrLOG=  2.403846153846200E-004 -2.262100733584081E-008
  rLOG(i),qlrLOG=  2.463221153846200E-004 -2.375228594859645E-008
   
  read in nr points=         522
  rmax=   41.1917702614921       in Ang units.
 L =           1   JJ: NO FF Transform now
   
  Begin Next L value.......................
  L=           2
   
  Use one of the QL data files output from gncpp
  the files are ppkb0.dat or ppkb1.dat or ....
  UPDATE: This program was updated June 25, 1992
  We now read in eV-A units of everything from
  gncpp.f --- No conversions need to be made here!
  vkb2.dat                      
   
  we read in ql(r) in atomic units.
  We now convert to eV,A.
  rLOG(i),qlrLOG=  2.403846153846200E-004 -9.891424965313760E-010
  rLOG(i),qlrLOG=  2.463221153846200E-004 -1.064263258970326E-009
   
  read in nr points=         522
  rmax=   41.1917702614921       in Ang units.
 L =           2   JJ: NO FF Transform now
   
  Welcome to mk_pseudoFile.x
  This writes out the final XXX.pp file.
  E.g. 014.pp etc.
   
  Read lmax,L_loc, and L-values from lmaxNlloc.dat
           3           2   6.000000    
           4           0   2.000000    
           4           1  0.0000000E+00
  The OUTPUT file:
  It will have a name like 014.pp (Si), 003.pp (Li)
  The output file is:026.pp                        
 nshells =            2
  reading V_local (r):
  ic=       10000
  isafe=         563
  A very close approximation to Z is   8.000009    
  rsafe=   2.315209    
  alpha=   1.727706    
  Reading and saving V_NL(l) (SR)
 L=1 Npoint=  330
 L=2 Npoint=  320
  Reading V^(KB) information
  Reading and saving V^KB(l) (SR)
 L=1 Npoint=  330 cl=     0.9670299
 L=2 Npoint=  320 cl=    -0.0074312
   
  *******************************************
   
  Done with mk_pseudoFile.x
  The OUTPUT file:
  The output file is:026.pp                        
   
  *******************************************
