l_loc = 0
 Call psgen
./psgen - done: output
createPP.log
ncpp.aep
ncpp.cpi
ncpp.dat
ncpp.fc
ncpp.ini
pseudo0.dat
pseudo1.dat
pseudo2.dat
xv.ncpp.ae_wfct.agr
xv.ncpp.density.agr
xv.ncpp.ps_ae_wfct.agr
xv.ncpp.pspot_i.agr
xv.ncpp.pspot_s.agr
xv.ncpp.unscreen.agr
 Call pswatch
#info ./pswatch ncpp 11:02:40 Jun 22 2014 lewis

fhi pseudopotential tool pslp - version rev270603B

               chemical symbol  Ti      
                nuclear charge  22.00
   number of valence electrons   3.00
      number of valence states   3
    exchange-correlation model   3  LDA CA Perdew/Zunger 1980               
        parameters radial mesh   515    1.024700  0.284091E-03
  input pseudopotentials up to   d

          === pseudo atom (Hartree a.u.) ===

<        n     l   occupation  eigenvalue(eV)  potential energy
<  1     3     2      1.5000      -13.7495        -4.47016
<  2     1     0      1.5000      -11.3477        -1.30354
<  3     2     1      0.0000       -7.5490         0.00000

                  total energy      -2.97239
                kinetic energy       4.60024
  ionic pseudopotential energy      -8.66055
                hartree energy       1.80694
                     xc energy      -0.71902
        local potential energy      -3.48914
           xc potential energy      -0.93701
    integrated valence density       3.00000
          number of iterations            18   convergence  0.0E+00
                  y range plot       -11   1   3

 pslp - pseudoatom done - now testing

 --- assuming scalar-relativistic all-electron atom ---

 --- s component taken as local potential ---
 --- input wavefunctions used for kb potentials ---

 --- kb potentials: spectrum of bound states (eV) ---

            l          e0            e1            e2
  Write vkb L=           0  to vkb0.dat                                . [a.u.]
  Write vkb L=           1  to vkb1.dat                                . [a.u.]
 call klbyii
 end call klbyii
semilocal   1       -7.5489       -2.0618        0.0000
 call klbyii
 end call klbyii
nonlocal    1       -7.5230       -2.0572        0.0000
  Write vkb L=           2  to vkb2.dat                                . [a.u.]
 call klbyii
 end call klbyii
semilocal   2      -13.7495       -2.6232       -0.1284
 call klbyii
 end call klbyii
nonlocal    2      -13.7495       -2.5908       -0.0946

 --- analysis of kb potentials: p waves  ---

 * no ghost (ekb > 0, eloc0 < eref < eloc1)

                     kb cosine        0.1802
                     kb energy       34.3429 eV      ekb
   local potential groundstate       -7.7601 eV    eloc0
        dto. 1st excited state       -2.2260 eV    eloc1
              reference energy       -7.5490 eV     eref

 --- analysis of kb potentials: d waves  ---

 * no ghost (ekb < 0, eref < eloc0)

                     kb cosine       -0.7473
                     kb energy     -167.9782 eV      ekb
   local potential groundstate       -3.3214 eV    eloc0
        dto. 1st excited state       -1.2141 eV    eloc1
              reference energy      -13.7495 eV     eref

 --- logarithmic derivatives: at radius = 3.3312 ---

 --- nonlocal potentials ---
 --- all-electron potential ---
 --- semilocal potentials ---

 --- kinetic energy convergence in momentum space ---

     l  n  bracket   cutoff    norm   kinet. energy
            (eV)      (Ry)               (Hartree)
ck   0     1.0E+00      2   0.972390   0.105901E+00
ck   0     1.0E-01      5   0.998911   0.138922E+00
ck   0     1.0E-02     14   0.999960   0.142119E+00
ck   0     1.0E-03     24   0.999997   0.142396E+00
cx   0  1                   1.000000   0.142433E+00

ck   2     1.0E+00     29   0.997345   0.288924E+01
ck   2     1.0E-01     38   0.999801   0.292088E+01
ck   2     1.0E-02     46   0.999985   0.292403E+01
ck   2     1.0E-03     78   0.999999   0.292436E+01
cx   2  3                   1.000000   0.292439E+01

 --- coulomb tail of pseudopotentials ---
     Tolerance 1.0E-03 is met for
     l= 1 at radii >  79.466
     l= 2 at radii >  79.466
     l= 3 at radii >  79.466

 --- done & exiting ---
./pswatch - done: output
createPP.log
xv.ncpp.lder_sd.agr
qlclATOMIC.dat
vkb2.dat
vkb1.dat
vkb0.dat
lmaxNlloc.dat
 Call linear
  This code is to transform the output of psgen into
  a linear grid format.
  Ready to open ncpp.ini
 22.00   5   3   3   0.00
   0   0   2.00
   0   0   2.00
   0   1   6.00
   0   0   2.00
   0   1   6.00
   0   2   1.50
   0   0   1.50
   0   1   0.00
 Lmax =           2
 PP =  
  get lmax and L_loc from lmaxNlloc.dat
  lmax=           2  L_loc=           0
           0  pseudo0.dat                   vpplinear0.dat                
 psilinear0.dat                
           1  pseudo1.dat                   vpplinear1.dat                
 psilinear1.dat                
           2  pseudo2.dat                   vpplinear2.dat                
 psilinear2.dat                
 	First: local part vpplinear_loc.dat   
   read from foutl(l_loc)=pseudo0.dat                   
  Ready to open 21
   
  read in nr points=         516
  rmax=   42.0514239536279       in Ang units.
  Ready to open 22
  Ready to open 23
  
 	Second: non-local part 
   
  
  L value=           0
  This is local. We set vnl=0
 		vpplinear0.dat                
  Ready to open New 21
   
  read in nr points=         516
  rmax=   42.0514239536279       in Ang units.
  Ready to open 12
  
  L value=           1
 		vpplinear1.dat                
  Ready to open New 21
   
  read in nr points=         516
  rmax=   42.0514239536279       in Ang units.
  Ready to open 12
  
  L value=           2
 		vpplinear2.dat                
  Ready to open New 21
   
  read in nr points=         516
  rmax=   42.0514239536279       in Ang units.
  Ready to open 12
   
  Done with linear. Bye now.
   
   
                       WELCOME
  PROGRAM QLG grid: Bessel transform of NON-LOCAL separable QL potential
   
  
  cl(L)=  0.000000000000000E+000  1/Hartree
  cl(L)=   24.4006535000000       1/Hartree
  cl(L)= -0.290056200000000       1/Hartree
   LOK=           2
  We read in to L=           2
  Now convert to 1/eV and write to qlcl.dat
  cl(L)=  0.000000000000000E+000
  cl(L)=  0.896700610577927     
  cl(L)= -1.065928712285977E-002
  
   
  Begin Next L value.......................
  L=           0
   
  Use one of the QL data files output from gncpp
  the files are ppkb0.dat or ppkb1.dat or ....
  UPDATE: This program was updated June 25, 1992
  We now read in eV-A units of everything from
  gncpp.f --- No conversions need to be made here!
  vkb0.dat                      
   
  we read in ql(r) in atomic units.
  We now convert to eV,A.
  rLOG(i),qlrLOG=  2.840909090909100E-004  0.000000000000000E+000
  rLOG(i),qlrLOG=  2.911079545454500E-004  0.000000000000000E+000
   
  read in nr points=         516
  rmax=   42.0514239536279       in Ang units.
 L =           0   JJ: NO FF Transform now
   
  Begin Next L value.......................
  L=           1
   
  Use one of the QL data files output from gncpp
  the files are ppkb0.dat or ppkb1.dat or ....
  UPDATE: This program was updated June 25, 1992
  We now read in eV-A units of everything from
  gncpp.f --- No conversions need to be made here!
  vkb1.dat                      
   
  we read in ql(r) in atomic units.
  We now convert to eV,A.
  rLOG(i),qlrLOG=  2.840909090909100E-004 -3.909912552317501E-008
  rLOG(i),qlrLOG=  2.911079545454500E-004 -4.105447630950991E-008
   
  read in nr points=         516
  rmax=   42.0514239536279       in Ang units.
 L =           1   JJ: NO FF Transform now
   
  Begin Next L value.......................
  L=           2
   
  Use one of the QL data files output from gncpp
  the files are ppkb0.dat or ppkb1.dat or ....
  UPDATE: This program was updated June 25, 1992
  We now read in eV-A units of everything from
  gncpp.f --- No conversions need to be made here!
  vkb2.dat                      
   
  we read in ql(r) in atomic units.
  We now convert to eV,A.
  rLOG(i),qlrLOG=  2.840909090909100E-004 -7.365391211480000E-010
  rLOG(i),qlrLOG=  2.911079545454500E-004 -7.924758345545897E-010
   
  read in nr points=         516
  rmax=   42.0514239536279       in Ang units.
 L =           2   JJ: NO FF Transform now
   
  Welcome to mk_pseudoFile.x
  This writes out the final XXX.pp file.
  E.g. 014.pp etc.
   
  Read lmax,L_loc, and L-values from lmaxNlloc.dat
           3           2   1.500000    
           4           0   1.500000    
           4           1  0.0000000E+00
  The OUTPUT file:
  It will have a name like 014.pp (Si), 003.pp (Li)
  The output file is:022.pp                        
 nshells =            2
  reading V_local (r):
  ic=       10000
  isafe=         710
  A very close approximation to Z is   4.000008    
  rsafe=   2.981744    
  alpha=   1.341497    
  Reading and saving V_NL(l) (SR)
 L=1 Npoint=  350
 L=2 Npoint=  350
  Reading V^(KB) information
  Reading and saving V^KB(l) (SR)
 L=1 Npoint=  350 cl=     0.8967006
 L=2 Npoint=  350 cl=    -0.0106593
   
  *******************************************
   
  Done with mk_pseudoFile.x
  The OUTPUT file:
  The output file is:022.pp                        
   
  *******************************************
