l_loc = 
 Call psgen
./psgen - done: output
createPP.log
ncpp.aep
ncpp.cpi
ncpp.dat
ncpp.fc
ncpp.ini
pseudo0.dat
pseudo1.dat
pseudo2.dat
xv.ncpp.ae_wfct.agr
xv.ncpp.density.agr
xv.ncpp.ps_ae_wfct.agr
xv.ncpp.pspot_i.agr
xv.ncpp.pspot_s.agr
xv.ncpp.unscreen.agr
 Call pswatch
#info ./pswatch ncpp 10:27:50 Jul 25 2012 lshamberger

fhi pseudopotential tool pslp - version rev270603B

               chemical symbol  Mg      
                nuclear charge  12.00
   number of valence electrons   2.00
      number of valence states   2
    exchange-correlation model   9  GGA X Becke C Lee/Yang/Parr             
        parameters radial mesh   489    1.024700  0.520833E-03
  input pseudopotentials up to   d

          === pseudo atom (Hartree a.u.) ===

<        n     l   occupation  eigenvalue(eV)  potential energy
<  1     1     0      2.0000       -4.5725        -0.65936
<  2     2     1      0.0000       -1.1972         0.00000

                  total energy      -0.82645
                kinetic energy       0.23126
  ionic pseudopotential energy      -1.31872
                hartree energy       0.57722
                     xc energy      -0.31620
        local potential energy      -1.54025
           xc potential energy      -0.40305
    integrated valence density       2.00000
          number of iterations            20   convergence  0.0E+00
                  y range plot        -2   1   1

 pslp - pseudoatom done - now testing

 --- assuming scalar-relativistic all-electron atom ---

 --- d component taken as local potential ---
 --- input wavefunctions used for kb potentials ---

 --- kb potentials: spectrum of bound states (eV) ---

            l          e0            e1            e2
  Write vkb L=           0  to vkb0.dat                                . [a.u.]
 call klbyii
 end call klbyii
semilocal   0       -4.5725        0.0000        0.0000
 call klbyii
 end call klbyii
nonlocal    0       -4.5725        0.0000        0.0000
  Write vkb L=           1  to vkb1.dat                                . [a.u.]
 call klbyii
 end call klbyii
semilocal   1       -1.1916        0.0000        0.0000
 call klbyii
 end call klbyii
nonlocal    1       -1.1916        0.0000        0.0000
  Write vkb L=           2  to vkb2.dat                                . [a.u.]

 --- analysis of kb potentials: s waves  ---

 * no ghost (ekb > 0, eloc0 < eref < eloc1)

                     kb cosine        0.3688
                     kb energy       22.1615 eV      ekb
   local potential groundstate      -12.2856 eV    eloc0
        dto. 1st excited state       -0.6988 eV    eloc1
              reference energy       -4.5725 eV     eref

 --- analysis of kb potentials: p waves  ---

 & dftseq - no bound state found (iter): e=>0 n l           3           1
 note: for the local potential no bound excited p state
       is found, the ghost state analysis will assume
       a zero 1st excited state energy (variable eloc1)

 * no ghost (ekb > 0, eloc0 < eref < eloc1)

                     kb cosine        0.2778
                     kb energy        9.8285 eV      ekb
   local potential groundstate       -2.7864 eV    eloc0
        dto. 1st excited state        0.0000 eV    eloc1
              reference energy       -1.1972 eV     eref

 --- logarithmic derivatives: at radius = 3.4004 ---

 --- nonlocal potentials ---
 --- all-electron potential ---
 --- semilocal potentials ---

 --- kinetic energy convergence in momentum space ---

     l  n  bracket   cutoff    norm   kinet. energy
            (eV)      (Ry)               (Hartree)
ck   0     1.0E+00      0   0.920929   0.812522E-01
ck   0     1.0E-01      5   0.998944   0.112281E+00
ck   0     1.0E-02      9   0.999950   0.115286E+00
ck   0     1.0E-03     20   0.999997   0.115595E+00
cx   0  1                   1.000000   0.115628E+00

 --- coulomb tail of pseudopotentials ---
     Tolerance 1.0E-03 is met for
     l= 1 at radii >   2.797
     l= 2 at radii >   3.318
     l= 3 at radii >   3.659

 --- done & exiting ---
./pswatch - done: output
createPP.log
xv.ncpp.lder_sd.agr
qlclATOMIC.dat
vkb2.dat
vkb1.dat
vkb0.dat
lmaxNlloc.dat
 Call linear
  This code is to transform the output of psgen into
  a linear grid format.
  Ready to open ncpp.ini
 12.00   3   2   9   0.00
   0   0   2.00
   0   0   2.00
   0   1   6.00
   0   0   2.00
   0   1   0.00
 Lmax =           2
 PP =  
  get lmax and L_loc from lmaxNlloc.dat
  lmax=           2  L_loc=           2
           0  pseudo0.dat                   vpplinear0.dat                
 psilinear0.dat                
           1  pseudo1.dat                   vpplinear1.dat                
 psilinear1.dat                
           2  pseudo2.dat                   vpplinear2.dat                
 psilinear2.dat                
 	First: local part vpplinear_loc.dat   
   read from foutl(l_loc)=pseudo2.dat                   
  Ready to open 21
   
  read in nr points=         490
  rmax=   40.8796341032703       in Ang units.
  Ready to open 22
  Ready to open 23
  
 	Second: non-local part 
   
  
  L value=           0
 		vpplinear0.dat                
  Ready to open New 21
   
  read in nr points=         490
  rmax=   40.8796341032703       in Ang units.
  Ready to open 12
  
  L value=           1
 		vpplinear1.dat                
  Ready to open New 21
   
  read in nr points=         490
  rmax=   40.8796341032703       in Ang units.
  Ready to open 12
  
  L value=           2
  This is local. We set vnl=0
 		vpplinear2.dat                
  Ready to open New 21
   
  read in nr points=         490
  rmax=   40.8796341032703       in Ang units.
  Ready to open 12
   
  Done with linear. Bye now.
   
   
                       WELCOME
  PROGRAM QLG grid: Bessel transform of NON-LOCAL separable QL potential
   
  
  cl(L)=   9.02805780000000       1/Hartree
  cl(L)=   35.8884055000000       1/Hartree
  cl(L)=  0.000000000000000E+000  1/Hartree
   LOK=           2
  We read in to L=           2
  Now convert to 1/eV and write to qlcl.dat
  cl(L)=  0.331772464274074     
  cl(L)=   1.31886447731895     
  cl(L)=  0.000000000000000E+000
  
   
  Begin Next L value.......................
  L=           0
   
  Use one of the QL data files output from gncpp
  the files are ppkb0.dat or ppkb1.dat or ....
  UPDATE: This program was updated June 25, 1992
  We now read in eV-A units of everything from
  gncpp.f --- No conversions need to be made here!
  vkb0.dat                      
   
  we read in ql(r) in atomic units.
  We now convert to eV,A.
  rLOG(i),qlrLOG=  5.208333333333300E-004  1.439826292262542E-004
  rLOG(i),qlrLOG=  5.336979166666699E-004  1.475390275282055E-004
   
  read in nr points=         490
  rmax=   40.8796341032703       in Ang units.
 L =           0   JJ: NO FF Transform now
   
  Begin Next L value.......................
  L=           1
   
  Use one of the QL data files output from gncpp
  the files are ppkb0.dat or ppkb1.dat or ....
  UPDATE: This program was updated June 25, 1992
  We now read in eV-A units of everything from
  gncpp.f --- No conversions need to be made here!
  vkb1.dat                      
   
  we read in ql(r) in atomic units.
  We now convert to eV,A.
  rLOG(i),qlrLOG=  5.208333333333300E-004  1.229012900214448E-008
  rLOG(i),qlrLOG=  5.336979166666699E-004  1.290476125084360E-008
   
  read in nr points=         490
  rmax=   40.8796341032703       in Ang units.
 L =           1   JJ: NO FF Transform now
   
  Begin Next L value.......................
  L=           2
   
  Use one of the QL data files output from gncpp
  the files are ppkb0.dat or ppkb1.dat or ....
  UPDATE: This program was updated June 25, 1992
  We now read in eV-A units of everything from
  gncpp.f --- No conversions need to be made here!
  vkb2.dat                      
   
  we read in ql(r) in atomic units.
  We now convert to eV,A.
  rLOG(i),qlrLOG=  5.208333333333300E-004  0.000000000000000E+000
  rLOG(i),qlrLOG=  5.336979166666699E-004  0.000000000000000E+000
   
  read in nr points=         490
  rmax=   40.8796341032703       in Ang units.
 L =           2   JJ: NO FF Transform now
   
  Welcome to mk_pseudoFile.x
  This writes out the final XXX.pp file.
  E.g. 014.pp etc.
   
  Read lmax,L_loc, and L-values from lmaxNlloc.dat
           3           0   2.000000    
           3           1  0.0000000E+00
  The OUTPUT file:
  It will have a name like 014.pp (Si), 003.pp (Li)
  The output file is:012.pp                        
 nshells =            2
  reading V_local (r):
  ic=       10000
  isafe=         568
  A very close approximation to Z is   2.000042    
  rsafe=   2.318107    
  alpha=   1.725546    
  Reading and saving V_NL(l) (SR)
 L=0 Npoint=  610
 L=1 Npoint=  620
  Reading V^(KB) information
  Reading and saving V^KB(l) (SR)
 L=0 Npoint=  600 cl=     0.3317725
 L=1 Npoint=  610 cl=     1.3188645
   
  *******************************************
   
  Done with mk_pseudoFile.x
  The OUTPUT file:
  The output file is:012.pp                        
   
  *******************************************
