l_loc = 0
 Call psgen
./psgen - done: output
createPP.log
ncpp.aep
ncpp.cpi
ncpp.dat
ncpp.fc
ncpp.ini
pseudo0.dat
pseudo1.dat
pseudo2.dat
xv.ncpp.ae_wfct.agr
xv.ncpp.density.agr
xv.ncpp.ps_ae_wfct.agr
xv.ncpp.pspot_i.agr
xv.ncpp.pspot_s.agr
xv.ncpp.unscreen.agr
 Call pswatch
#info ./pswatch ncpp 12:32:23 Sep 08 2011 lewis

fhi pseudopotential tool pslp - version rev270603B

               chemical symbol  Zn      
                nuclear charge  30.00
   number of valence electrons  12.00
      number of valence states   3
    exchange-correlation model   3  LDA CA Perdew/Zunger 1980               
        parameters radial mesh   527    1.024700  0.208333E-03
  input pseudopotentials up to   d

          === pseudo atom (Hartree a.u.) ===

<        n     l   occupation  eigenvalue(eV)  potential energy
<  1     3     2     10.0000      -10.4231       -15.00414
<  2     1     0      2.0000       -6.2261        -5.11465
<  3     2     1      0.0000       -1.2343         0.00000

                  total energy     -55.38791
                kinetic energy      59.25011
  ionic pseudopotential energy    -160.27068
                hartree energy      53.59469
                     xc energy      -7.96203
        local potential energy     -90.99820
           xc potential energy     -10.45680
    integrated valence density      12.00000
          number of iterations            23   convergence  0.0E+00
                  y range plot       -27   1   7

 pslp - pseudoatom done - now testing

 --- assuming scalar-relativistic all-electron atom ---

 --- s component taken as local potential ---
 --- input wavefunctions used for kb potentials ---

 --- kb potentials: spectrum of bound states (eV) ---

            l          e0            e1            e2
  Write vkb L=           0  to vkb0.dat                                . [a.u.]
  Write vkb L=           1  to vkb1.dat                                . [a.u.]
 call klbyii
 end call klbyii
semilocal   1       -1.2319        0.0000        0.0000
 call klbyii
 end call klbyii
nonlocal    1       -1.2319        0.0000        0.0000
  Write vkb L=           2  to vkb2.dat                                . [a.u.]
 call klbyii
 end call klbyii
semilocal   2      -10.4231        0.0000        0.0000
 call klbyii
 end call klbyii
nonlocal    2      -10.4231        0.0000        0.0000

 --- analysis of kb potentials: p waves  ---

 & dftseq - no bound state found (iter): e=>0 n l           3           1
 note: for the local potential no bound excited p state
       is found, the ghost state analysis will assume
       a zero 1st excited state energy (variable eloc1)

 * no ghost (ekb > 0, eloc0 < eref < eloc1)

                     kb cosine        0.0460
                     kb energy       60.4543 eV      ekb
   local potential groundstate       -1.4107 eV    eloc0
        dto. 1st excited state        0.0000 eV    eloc1
              reference energy       -1.2343 eV     eref

 --- analysis of kb potentials: d waves  ---

 & dftseq - no bound state found (ctp): e=>0 n l           3           2
 note: for the local potential no bound d state is
       found, the ghost state analysis will assume
       a zero groundstate energy (variable eloc0)

 & dftseq - no bound state found (ctp): e=>0 n l           4           2
 note: for the local potential no bound excited d state
       is found, the ghost state analysis will assume
       a zero 1st excited state energy (variable eloc1)

 * no ghost (ekb < 0, eref < eloc0)

                     kb cosine       -0.7868
                     kb energy     -304.4974 eV      ekb
   local potential groundstate        0.0000 eV    eloc0
        dto. 1st excited state        0.0000 eV    eloc1
              reference energy      -10.4231 eV     eref

 --- logarithmic derivatives: at radius = 3.1180 ---

 --- nonlocal potentials ---
 --- all-electron potential ---
 --- semilocal potentials ---

 --- kinetic energy convergence in momentum space ---

     l  n  bracket   cutoff    norm   kinet. energy
            (eV)      (Ry)               (Hartree)
ck   0     1.0E+00      3   0.986570   0.143720E+00
ck   0     1.0E-01     10   0.999504   0.176464E+00
ck   0     1.0E-02     27   0.999977   0.179442E+00
ck   0     1.0E-03     48   0.999999   0.179761E+00
cx   0  1                   1.000000   0.179797E+00

ck   2     1.0E+00     53   0.998556   0.585487E+01
ck   2     1.0E-01     67   0.999883   0.588543E+01
ck   2     1.0E-02     82   0.999993   0.588871E+01
ck   2     1.0E-03    137   0.999999   0.588902E+01
cx   2  3                   1.000000   0.588905E+01

 --- coulomb tail of pseudopotentials ---
     Tolerance 1.0E-03 is met for
     l= 1 at radii >   2.270
     l= 2 at radii >   2.270
     l= 3 at radii >   2.270

 --- done & exiting ---
./pswatch - done: output
createPP.log
xv.ncpp.lder_sd.agr
qlclATOMIC.dat
vkb0.dat
vkb1.dat
vkb2.dat
lmaxNlloc.dat
 Call linear
  This code is to transform the output of psgen into
  a linear grid format.
  Ready to open ncpp.ini
 30.00   5   3   3   0.00
   0   0   2.00
   0   0   2.00
   0   1   6.00
   0   0   2.00
   0   1   6.00
   0   2  10.00
   0   0   2.00
   0   1   0.00
 Lmax =           2
 PP =  
  get lmax and L_loc from lmaxNlloc.dat
  lmax=           2  L_loc=           0
           0  pseudo0.dat                   vpplinear0.dat                
 psilinear0.dat                
           1  pseudo1.dat                   vpplinear1.dat                
 psilinear1.dat                
           2  pseudo2.dat                   vpplinear2.dat                
 psilinear2.dat                
 	First: local part vpplinear_loc.dat   
   read from foutl(l_loc)=pseudo0.dat                   
  Ready to open 21
   
  read in nr points=         528
  rmax=   41.3278647095009       in Ang units.
  Ready to open 22
  Ready to open 23
  
 	Second: non-local part 
   
  
  L value=           0
  This is local. We set vnl=0
 		vpplinear0.dat                
  Ready to open New 21
   
  read in nr points=         528
  rmax=   41.3278647095009       in Ang units.
  Ready to open 12
  
  L value=           1
 		vpplinear1.dat                
  Ready to open New 21
   
  read in nr points=         528
  rmax=   41.3278647095009       in Ang units.
  Ready to open 12
  
  L value=           2
 		vpplinear2.dat                
  Ready to open New 21
   
  read in nr points=         528
  rmax=   41.3278647095009       in Ang units.
  Ready to open 12
   
  Done with linear. Bye now.
   
   
                       WELCOME
  PROGRAM QLG grid: Bessel transform of NON-LOCAL separable QL potential
   
  
  cl(L)=  0.000000000000000E+000  1/Hartree
  cl(L)=   212.534513700000       1/Hartree
  cl(L)= -0.144357500000000       1/Hartree
   LOK=           2
  We read in to L=           2
  Now convert to 1/eV and write to qlcl.dat
  cl(L)=  0.000000000000000E+000
  cl(L)=   7.81043951153492     
  cl(L)= -5.304999654681506E-003
  
   
  Begin Next L value.......................
  L=           0
   
  Use one of the QL data files output from gncpp
  the files are ppkb0.dat or ppkb1.dat or ....
  UPDATE: This program was updated June 25, 1992
  We now read in eV-A units of everything from
  gncpp.f --- No conversions need to be made here!
  vkb0.dat                      
   
  we read in ql(r) in atomic units.
  We now convert to eV,A.
  rLOG(i),qlrLOG=  2.083333333333300E-004  0.000000000000000E+000
  rLOG(i),qlrLOG=  2.134791666666700E-004  0.000000000000000E+000
   
  read in nr points=         528
  rmax=   41.3278647095009       in Ang units.
 L =           0   JJ: NO FF Transform now
   
  Begin Next L value.......................
  L=           1
   
  Use one of the QL data files output from gncpp
  the files are ppkb0.dat or ppkb1.dat or ....
  UPDATE: This program was updated June 25, 1992
  We now read in eV-A units of everything from
  gncpp.f --- No conversions need to be made here!
  vkb1.dat                      
   
  we read in ql(r) in atomic units.
  We now convert to eV,A.
  rLOG(i),qlrLOG=  2.083333333333300E-004 -1.147152482604334E-008
  rLOG(i),qlrLOG=  2.134791666666700E-004 -1.204521681503149E-008
   
  read in nr points=         528
  rmax=   41.3278647095009       in Ang units.
 L =           1   JJ: NO FF Transform now
   
  Begin Next L value.......................
  L=           2
   
  Use one of the QL data files output from gncpp
  the files are ppkb0.dat or ppkb1.dat or ....
  UPDATE: This program was updated June 25, 1992
  We now read in eV-A units of everything from
  gncpp.f --- No conversions need to be made here!
  vkb2.dat                      
   
  we read in ql(r) in atomic units.
  We now convert to eV,A.
  rLOG(i),qlrLOG=  2.083333333333300E-004 -1.383911068404906E-009
  rLOG(i),qlrLOG=  2.134791666666700E-004 -1.489012663949400E-009
   
  read in nr points=         528
  rmax=   41.3278647095009       in Ang units.
 L =           2   JJ: NO FF Transform now
   
  Welcome to mk_pseudoFile.x
  This writes out the final XXX.pp file.
  E.g. 014.pp etc.
   
  Read lmax,L_loc, and L-values from lmaxNlloc.dat
           3           2   10.00000    
           4           0   2.000000    
           4           1  0.0000000E+00
  The OUTPUT file:
  It will have a name like 014.pp (Si), 003.pp (Li)
  The output file is:030.pp                        
 nshells =            2
  reading V_local (r):
  ic=       10000
  isafe=         469
  A very close approximation to Z is   12.00001    
  rsafe=   1.934337    
  alpha=   2.067892    
  Reading and saving V_NL(l) (SR)
 L=1 Npoint=  310
 L=2 Npoint=  280
  Reading V^(KB) information
  Reading and saving V^KB(l) (SR)
 L=1 Npoint=  310 cl=     7.8104396
 L=2 Npoint=  280 cl=    -0.0053050
   
  *******************************************
   
  Done with mk_pseudoFile.x
  The OUTPUT file:
  The output file is:030.pp                        
   
  *******************************************
