l_loc = 0
 Call psgen
./psgen - done: output
createPP.log
ncpp.aep
ncpp.cpi
ncpp.dat
ncpp.fc
ncpp.ini
pseudo0.dat
pseudo1.dat
pseudo2.dat
xv.ncpp.ae_wfct.agr
xv.ncpp.density.agr
xv.ncpp.ps_ae_wfct.agr
xv.ncpp.pspot_i.agr
xv.ncpp.pspot_s.agr
xv.ncpp.unscreen.agr
 Call pswatch
#info ./pswatch ncpp 12:37:51 Sep 08 2011 lewis

fhi pseudopotential tool pslp - version rev270603B

               chemical symbol  Zn      
                nuclear charge  30.00
   number of valence electrons  10.00
      number of valence states   3
    exchange-correlation model   3  LDA CA Perdew/Zunger 1980               
        parameters radial mesh   527    1.024700  0.208333E-03
  input pseudopotentials up to   d

          === pseudo atom (Hartree a.u.) ===

<        n     l   occupation  eigenvalue(eV)  potential energy
<  1     3     2      9.0000      -38.3041       -15.78591
<  2     1     0      1.0000      -25.7541        -5.96171
<  3     2     1      0.0000      -17.7292         0.00000

                  total energy     -54.30769
                kinetic energy      57.94081
  ionic pseudopotential energy    -148.03489
                hartree energy      42.93569
                     xc energy      -7.14930
        local potential energy     -78.71279
           xc potential energy      -9.39249
    integrated valence density      10.00000
          number of iterations            20   convergence  0.0E+00
                  y range plot       -28   1   7

 pslp - pseudoatom done - now testing

 --- assuming scalar-relativistic all-electron atom ---

 --- s component taken as local potential ---
 --- input wavefunctions used for kb potentials ---

 --- kb potentials: spectrum of bound states (eV) ---

            l          e0            e1            e2
  Write vkb L=           0  to vkb0.dat                                . [a.u.]
  Write vkb L=           1  to vkb1.dat                                . [a.u.]
 call klbyii
 end call klbyii
semilocal   1      -17.7292       -6.6590       -3.1564
 call klbyii
 end call klbyii
nonlocal    1      -17.7292       -6.6508       -3.1480
  Write vkb L=           2  to vkb2.dat                                . [a.u.]
 call klbyii
 end call klbyii
semilocal   2      -38.3041       -7.7051       -3.6077
 call klbyii
 end call klbyii
nonlocal    2      -38.3041       -7.9319       -3.7033

 --- analysis of kb potentials: p waves  ---

 * no ghost (ekb > 0, eloc0 < eref < eloc1)

                     kb cosine        0.0563
                     kb energy       93.3793 eV      ekb
   local potential groundstate      -18.1669 eV    eloc0
        dto. 1st excited state       -6.7147 eV    eloc1
              reference energy      -17.7292 eV     eref

 --- analysis of kb potentials: d waves  ---

 * no ghost (ekb < 0, eref < eloc0)

                     kb cosine       -0.8125
                     kb energy     -317.4862 eV      ekb
   local potential groundstate       -9.0088 eV    eloc0
        dto. 1st excited state       -4.1590 eV    eloc1
              reference energy      -38.3041 eV     eref

 --- logarithmic derivatives: at radius = 3.1180 ---

 --- nonlocal potentials ---
 --- all-electron potential ---
 --- semilocal potentials ---

 --- kinetic energy convergence in momentum space ---

     l  n  bracket   cutoff    norm   kinet. energy
            (eV)      (Ry)               (Hartree)
ck   0     1.0E+00      6   0.991200   0.257503E+00
ck   0     1.0E-01     12   0.999656   0.288543E+00
ck   0     1.0E-02     30   0.999980   0.291635E+00
ck   0     1.0E-03     56   0.999999   0.291967E+00
cx   0  1                   1.000000   0.292000E+00

ck   2     1.0E+00     55   0.998547   0.637069E+01
ck   2     1.0E-01     69   0.999885   0.640183E+01
ck   2     1.0E-02     84   0.999993   0.640506E+01
ck   2     1.0E-03    140   0.999999   0.640539E+01
cx   2  3                   1.000000   0.640542E+01

 --- coulomb tail of pseudopotentials ---
     Tolerance 1.0E-03 is met for
     l= 1 at radii >  78.098
     l= 2 at radii >  78.098
     l= 3 at radii >  78.098

 --- done & exiting ---
./pswatch - done: output
createPP.log
xv.ncpp.lder_sd.agr
qlclATOMIC.dat
vkb0.dat
vkb1.dat
vkb2.dat
lmaxNlloc.dat
 Call linear
  This code is to transform the output of psgen into
  a linear grid format.
  Ready to open ncpp.ini
 30.00   5   3   3   0.00
   0   0   2.00
   0   0   2.00
   0   1   6.00
   0   0   2.00
   0   1   6.00
   0   2   9.00
   0   0   1.00
   0   1   0.00
 Lmax =           2
 PP =  
  get lmax and L_loc from lmaxNlloc.dat
  lmax=           2  L_loc=           0
           0  pseudo0.dat                   vpplinear0.dat                
 psilinear0.dat                
           1  pseudo1.dat                   vpplinear1.dat                
 psilinear1.dat                
           2  pseudo2.dat                   vpplinear2.dat                
 psilinear2.dat                
 	First: local part vpplinear_loc.dat   
   read from foutl(l_loc)=pseudo0.dat                   
  Ready to open 21
   
  read in nr points=         528
  rmax=   41.3278647095009       in Ang units.
  Ready to open 22
  Ready to open 23
  
 	Second: non-local part 
   
  
  L value=           0
  This is local. We set vnl=0
 		vpplinear0.dat                
  Ready to open New 21
   
  read in nr points=         528
  rmax=   41.3278647095009       in Ang units.
  Ready to open 12
  
  L value=           1
 		vpplinear1.dat                
  Ready to open New 21
   
  read in nr points=         528
  rmax=   41.3278647095009       in Ang units.
  Ready to open 12
  
  L value=           2
 		vpplinear2.dat                
  Ready to open New 21
   
  read in nr points=         528
  rmax=   41.3278647095009       in Ang units.
  Ready to open 12
   
  Done with linear. Bye now.
   
   
                       WELCOME
  PROGRAM QLG grid: Bessel transform of NON-LOCAL separable QL potential
   
  
  cl(L)=  0.000000000000000E+000  1/Hartree
  cl(L)=   91.8473171000000       1/Hartree
  cl(L)= -0.129828800000000       1/Hartree
   LOK=           2
  We read in to L=           2
  Now convert to 1/eV and write to qlcl.dat
  cl(L)=  0.000000000000000E+000
  cl(L)=   3.37530080182133     
  cl(L)= -4.771083865872672E-003
  
   
  Begin Next L value.......................
  L=           0
   
  Use one of the QL data files output from gncpp
  the files are ppkb0.dat or ppkb1.dat or ....
  UPDATE: This program was updated June 25, 1992
  We now read in eV-A units of everything from
  gncpp.f --- No conversions need to be made here!
  vkb0.dat                      
   
  we read in ql(r) in atomic units.
  We now convert to eV,A.
  rLOG(i),qlrLOG=  2.083333333333300E-004  0.000000000000000E+000
  rLOG(i),qlrLOG=  2.134791666666700E-004  0.000000000000000E+000
   
  read in nr points=         528
  rmax=   41.3278647095009       in Ang units.
 L =           0   JJ: NO FF Transform now
   
  Begin Next L value.......................
  L=           1
   
  Use one of the QL data files output from gncpp
  the files are ppkb0.dat or ppkb1.dat or ....
  UPDATE: This program was updated June 25, 1992
  We now read in eV-A units of everything from
  gncpp.f --- No conversions need to be made here!
  vkb1.dat                      
   
  we read in ql(r) in atomic units.
  We now convert to eV,A.
  rLOG(i),qlrLOG=  2.083333333333300E-004 -2.316884648854530E-008
  rLOG(i),qlrLOG=  2.134791666666700E-004 -2.432752258663498E-008
   
  read in nr points=         528
  rmax=   41.3278647095009       in Ang units.
 L =           1   JJ: NO FF Transform now
   
  Begin Next L value.......................
  L=           2
   
  Use one of the QL data files output from gncpp
  the files are ppkb0.dat or ppkb1.dat or ....
  UPDATE: This program was updated June 25, 1992
  We now read in eV-A units of everything from
  gncpp.f --- No conversions need to be made here!
  vkb2.dat                      
   
  we read in ql(r) in atomic units.
  We now convert to eV,A.
  rLOG(i),qlrLOG=  2.083333333333300E-004 -1.535634686745892E-009
  rLOG(i),qlrLOG=  2.134791666666700E-004 -1.652258983953425E-009
   
  read in nr points=         528
  rmax=   41.3278647095009       in Ang units.
 L =           2   JJ: NO FF Transform now
   
  Welcome to mk_pseudoFile.x
  This writes out the final XXX.pp file.
  E.g. 014.pp etc.
   
  Read lmax,L_loc, and L-values from lmaxNlloc.dat
           3           2   9.000000    
           4           0   1.000000    
           4           1  0.0000000E+00
  The OUTPUT file:
  It will have a name like 014.pp (Si), 003.pp (Li)
  The output file is:030.pp                        
 nshells =            2
  reading V_local (r):
  ic=       10000
  isafe=         457
  A very close approximation to Z is   12.00002    
  rsafe=   1.884739    
  alpha=   2.122310    
  Reading and saving V_NL(l) (SR)
 L=1 Npoint=  310
 L=2 Npoint=  280
  Reading V^(KB) information
  Reading and saving V^KB(l) (SR)
 L=1 Npoint=  310 cl=     3.3753009
 L=2 Npoint=  280 cl=    -0.0047711
   
  *******************************************
   
  Done with mk_pseudoFile.x
  The OUTPUT file:
  The output file is:030.pp                        
   
  *******************************************
