l_loc = 0
 Call psgen
./psgen - done: output
createPP.log
ncpp.aep
ncpp.cpi
ncpp.dat
ncpp.fc
ncpp.ini
pseudo0.dat
pseudo1.dat
pseudo2.dat
xv.ncpp.ae_wfct.agr
xv.ncpp.density.agr
xv.ncpp.ps_ae_wfct.agr
xv.ncpp.pspot_i.agr
xv.ncpp.pspot_s.agr
xv.ncpp.unscreen.agr
 Call pswatch
#info ./pswatch ncpp 10:47:34 Jul 25 2012 lewis

fhi pseudopotential tool pslp - version rev270603B

               chemical symbol  Ni      
                nuclear charge  28.00
   number of valence electrons   8.00
      number of valence states   3
    exchange-correlation model   9  GGA X Becke C Lee/Yang/Parr             
        parameters radial mesh   525    1.024700  0.223214E-03
  input pseudopotentials up to   d

          === pseudo atom (Hartree a.u.) ===

<        n     l   occupation  eigenvalue(eV)  potential energy
<  1     3     2      7.0000      -34.9208       -12.56865
<  2     1     0      1.0000      -24.0563        -4.61339
<  3     2     1      0.0000      -16.9254         0.00000

                  total energy     -33.40875
                kinetic energy      39.23270
  ionic pseudopotential energy     -92.59394
                hartree energy      25.00581
                     xc energy      -5.05332
        local potential energy     -46.06078
           xc potential energy      -6.51755
    integrated valence density       8.00000
          number of iterations            23   convergence  0.0E+00
                  y range plot       -26   1   6

 pslp - pseudoatom done - now testing

 --- assuming scalar-relativistic all-electron atom ---

 --- s component taken as local potential ---
 --- input wavefunctions used for kb potentials ---

 --- kb potentials: spectrum of bound states (eV) ---

            l          e0            e1            e2
  Write vkb L=           0  to vkb0.dat                                . [a.u.]
  Write vkb L=           1  to vkb1.dat                                . [a.u.]
 call klbyii
 end call klbyii
semilocal   1      -16.9254       -6.7537       -3.2454
 call klbyii
 end call klbyii
nonlocal    1      -16.9254       -6.7460       -3.2366
  Write vkb L=           2  to vkb2.dat                                . [a.u.]
 call klbyii
 end call klbyii
semilocal   2      -34.9207       -7.9416       -3.8002
 call klbyii
 end call klbyii
nonlocal    2      -34.9207       -8.1079       -3.8759

 --- analysis of kb potentials: p waves  ---

 * no ghost (ekb > 0, eloc0 < eref < eloc1)

                     kb cosine        0.0856
                     kb energy       47.1885 eV      ekb
   local potential groundstate      -17.3732 eV    eloc0
        dto. 1st excited state       -6.8180 eV    eloc1
              reference energy      -16.9254 eV     eref

 --- analysis of kb potentials: d waves  ---

 * no ghost (ekb < 0, eref < eloc0)

                     kb cosine       -0.8095
                     kb energy     -276.0793 eV      ekb
   local potential groundstate       -9.1847 eV    eloc0
        dto. 1st excited state       -4.3555 eV    eloc1
              reference energy      -34.9208 eV     eref

 --- logarithmic derivatives: at radius = 2.8857 ---

 --- nonlocal potentials ---
 --- all-electron potential ---
 --- semilocal potentials ---

 --- kinetic energy convergence in momentum space ---

     l  n  bracket   cutoff    norm   kinet. energy
            (eV)      (Ry)               (Hartree)
ck   0     1.0E+00      5   0.989218   0.221848E+00
ck   0     1.0E-01     10   0.999528   0.252882E+00
ck   0     1.0E-02     26   0.999978   0.256176E+00
ck   0     1.0E-03     46   0.999999   0.256478E+00
cx   0  1                   1.000000   0.256513E+00

ck   2     1.0E+00     48   0.998285   0.553223E+01
ck   2     1.0E-01     61   0.999877   0.556463E+01
ck   2     1.0E-02     73   0.999991   0.556767E+01
ck   2     1.0E-03    123   0.999999   0.556799E+01
cx   2  3                   1.000000   0.556803E+01

 --- coulomb tail of pseudopotentials ---
     Tolerance 1.0E-03 is met for
     l= 1 at radii >  79.691
     l= 2 at radii >  79.691
     l= 3 at radii >  79.691

 --- done & exiting ---
./pswatch - done: output
createPP.log
xv.ncpp.lder_sd.agr
qlclATOMIC.dat
vkb0.dat
vkb1.dat
vkb2.dat
 Call linear
  This code is to transform the output of psgen into
  a linear grid format.
  Ready to open ncpp.ini
 28.00   5   3   9   0.00
   0   0   2.00
   0   0   2.00
   0   1   6.00
   0   0   2.00
   0   1   6.00
   0   2   7.00
   0   0   1.00
   0   1   0.00
 Lmax =           2
 PP =  
  get lmax and L_loc from lmaxNlloc.dat
  lmax=           2  L_loc=           0
           0  pseudo0.dat                   vpplinear0.dat                
 psilinear0.dat                
           1  pseudo1.dat                   vpplinear1.dat                
 psilinear1.dat                
           2  pseudo2.dat                   vpplinear2.dat                
 psilinear2.dat                
 	First: local part vpplinear_loc.dat   
   read from foutl(l_loc)=pseudo0.dat                   
  Ready to open 21
   
  read in nr points=         526
  rmax=   42.1708852777722       in Ang units.
  Ready to open 22
  Ready to open 23
  
 	Second: non-local part 
   
  
  L value=           0
  This is local. We set vnl=0
 		vpplinear0.dat                
  Ready to open New 21
   
  read in nr points=         526
  rmax=   42.1708852777722       in Ang units.
  Ready to open 12
  
  L value=           1
 		vpplinear1.dat                
  Ready to open New 21
   
  read in nr points=         526
  rmax=   42.1708852777722       in Ang units.
  Ready to open 12
  
  L value=           2
 		vpplinear2.dat                
  Ready to open New 21
   
  read in nr points=         526
  rmax=   42.1708852777722       in Ang units.
  Ready to open 12
   
  Done with linear. Bye now.
   
   
                       WELCOME
  PROGRAM QLG grid: Bessel transform of NON-LOCAL separable QL potential
   
  
  cl(L)=  0.000000000000000E+000  1/Hartree
  cl(L)=   78.6393369000000       1/Hartree
  cl(L)= -0.150430400000000       1/Hartree
   LOK=           2
  We read in to L=           2
  Now convert to 1/eV and write to qlcl.dat
  cl(L)=  0.000000000000000E+000
  cl(L)=   2.88992019880424     
  cl(L)= -5.528172904446258E-003
  
   
  Begin Next L value.......................
  L=           0
   
  Use one of the QL data files output from gncpp
  the files are ppkb0.dat or ppkb1.dat or ....
  UPDATE: This program was updated June 25, 1992
  We now read in eV-A units of everything from
  gncpp.f --- No conversions need to be made here!
  vkb0.dat                      
   
  we read in ql(r) in atomic units.
  We now convert to eV,A.
  rLOG(i),qlrLOG=  2.232142857142900E-004  0.000000000000000E+000
  rLOG(i),qlrLOG=  2.287276785714300E-004  0.000000000000000E+000
   
  read in nr points=         526
  rmax=   42.1708852777722       in Ang units.
 L =           0   JJ: NO FF Transform now
   
  Begin Next L value.......................
  L=           1
   
  Use one of the QL data files output from gncpp
  the files are ppkb0.dat or ppkb1.dat or ....
  UPDATE: This program was updated June 25, 1992
  We now read in eV-A units of everything from
  gncpp.f --- No conversions need to be made here!
  vkb1.dat                      
   
  we read in ql(r) in atomic units.
  We now convert to eV,A.
  rLOG(i),qlrLOG=  2.232142857142900E-004 -1.575765914212233E-008
  rLOG(i),qlrLOG=  2.287276785714300E-004 -1.654570109400966E-008
   
  read in nr points=         526
  rmax=   42.1708852777722       in Ang units.
 L =           1   JJ: NO FF Transform now
   
  Begin Next L value.......................
  L=           2
   
  Use one of the QL data files output from gncpp
  the files are ppkb0.dat or ppkb1.dat or ....
  UPDATE: This program was updated June 25, 1992
  We now read in eV-A units of everything from
  gncpp.f --- No conversions need to be made here!
  vkb2.dat                      
   
  we read in ql(r) in atomic units.
  We now convert to eV,A.
  rLOG(i),qlrLOG=  2.232142857142900E-004 -1.327137468584024E-009
  rLOG(i),qlrLOG=  2.287276785714300E-004 -1.427927373831140E-009
   
  read in nr points=         526
  rmax=   42.1708852777722       in Ang units.
 L =           2   JJ: NO FF Transform now
   
  Welcome to mk_pseudoFile.x
  This writes out the final XXX.pp file.
  E.g. 014.pp etc.
   
  Read lmax,L_loc, and L-values from lmaxNlloc.dat
           3           2   7.000000    
           4           0   1.000000    
           4           1  0.0000000E+00
  The OUTPUT file:
  It will have a name like 014.pp (Si), 003.pp (Li)
  The output file is:028.pp                        
 nshells =            2
  reading V_local (r):
  ic=       10000
  isafe=         569
  A very close approximation to Z is   10.00001    
  rsafe=   2.395545    
  alpha=   1.669766    
  Reading and saving V_NL(l) (SR)
 L=1 Npoint=  310
 L=2 Npoint=  300
  Reading V^(KB) information
  Reading and saving V^KB(l) (SR)
 L=1 Npoint=  310 cl=     2.8899202
 L=2 Npoint=  300 cl=    -0.0055282
   
  *******************************************
   
  Done with mk_pseudoFile.x
  The OUTPUT file:
  The output file is:028.pp                        
   
  *******************************************
