l_loc = 0
 Call psgen
./psgen - done: output
createPP.log
ncpp.aep
ncpp.cpi
ncpp.dat
ncpp.fc
ncpp.ini
pseudo0.dat
pseudo1.dat
pseudo2.dat
xv.ncpp.ae_wfct.agr
xv.ncpp.density.agr
xv.ncpp.ps_ae_wfct.agr
xv.ncpp.pspot_i.agr
xv.ncpp.pspot_s.agr
xv.ncpp.unscreen.agr
 Call pswatch
#info ./pswatch ncpp 10:49:53 Aug 09 2012 lewis

fhi pseudopotential tool pslp - version rev270603B

               chemical symbol  Au      
                nuclear charge  79.00
   number of valence electrons  10.00
      number of valence states   3
    exchange-correlation model   9  GGA X Becke C Lee/Yang/Parr             
        parameters radial mesh   567    1.024700  0.791139E-04
  input pseudopotentials up to   d

          === pseudo atom (Hartree a.u.) ===

<        n     l   occupation  eigenvalue(eV)  potential energy
<  1     3     2      9.0000      -17.5335        -8.14663
<  2     1     0      1.0000      -14.3844        -4.42281
<  3     2     1      0.0000       -7.5827         0.00000

                  total energy     -32.37033
                kinetic energy      22.67675
  ionic pseudopotential energy     -77.74252
                hartree energy      27.43375
                     xc energy      -4.73831
        local potential energy     -52.49460
           xc potential energy      -6.12938
    integrated valence density      10.00000
          number of iterations            35   convergence  0.0E+00
                  y range plot       -17   1   4

 pslp - pseudoatom done - now testing

 --- assuming scalar-relativistic all-electron atom ---

 --- s component taken as local potential ---
 --- input wavefunctions used for kb potentials ---

 --- kb potentials: spectrum of bound states (eV) ---

            l          e0            e1            e2
  Write vkb L=           0  to vkb0.dat                                . [a.u.]
  Write vkb L=           1  to vkb1.dat                                . [a.u.]
 call klbyii
 end call klbyii
semilocal   1       -7.5827       -2.1320        0.0000
 call klbyii
 end call klbyii
nonlocal    1       -7.5900       -2.1328        0.0000
  Write vkb L=           2  to vkb2.dat                                . [a.u.]
 call klbyii
 end call klbyii
semilocal   2      -17.5334       -2.3188       -0.0278
 call klbyii
 end call klbyii
nonlocal    2      -17.5334       -2.3165       -0.0234

 --- analysis of kb potentials: p waves  ---

 * no ghost (ekb > 0, eloc0 < eref < eloc1)

                     kb cosine        0.6895
                     kb energy       14.3008 eV      ekb
   local potential groundstate       -9.3053 eV    eloc0
        dto. 1st excited state       -2.5307 eV    eloc1
              reference energy       -7.5827 eV     eref

 --- analysis of kb potentials: d waves  ---

 * no ghost (ekb < 0, eref < eloc0)

                     kb cosine       -0.7284
                     kb energy     -143.8650 eV      ekb
   local potential groundstate       -3.2708 eV    eloc0
        dto. 1st excited state       -1.3278 eV    eloc1
              reference energy      -17.5335 eV     eref

 --- logarithmic derivatives: at radius = 3.2994 ---

 --- nonlocal potentials ---
 --- all-electron potential ---
 --- semilocal potentials ---

 --- kinetic energy convergence in momentum space ---

     l  n  bracket   cutoff    norm   kinet. energy
            (eV)      (Ry)               (Hartree)
ck   0     1.0E+00      4   0.986636   0.175865E+00
ck   0     1.0E-01      8   0.999504   0.206639E+00
ck   0     1.0E-02     20   0.999972   0.209811E+00
ck   0     1.0E-03     37   0.999999   0.210127E+00
cx   0  1                   1.000000   0.210159E+00

ck   2     1.0E+00     22   0.996505   0.246205E+01
ck   2     1.0E-01     29   0.999758   0.249305E+01
ck   2     1.0E-02     35   0.999979   0.249593E+01
ck   2     1.0E-03     56   0.999999   0.249625E+01
cx   2  3                   1.000000   0.249629E+01

 --- coulomb tail of pseudopotentials ---
     Tolerance 1.0E-03 is met for
     l= 1 at radii >  78.706
     l= 2 at radii >  78.706
     l= 3 at radii >  78.706

 --- done & exiting ---
./pswatch - done: output
createPP.log
xv.ncpp.lder_sd.agr
qlclATOMIC.dat
vkb0.dat
vkb1.dat
vkb2.dat
lmaxNlloc.dat
 Call linear
  This code is to transform the output of psgen into
  a linear grid format.
  Ready to open ncpp.ini
 79.00  12   3   9   0.00
   0   0   2.00
   0   0   2.00
   0   1   6.00
   0   0   2.00
   0   1   6.00
   0   2  10.00
   0   0   2.00
   0   1   6.00
   0   2  10.00
   0   3  14.00
   0   0   2.00
   0   1   6.00
   0   2   9.00
   0   0   1.00
   0   1   0.00
 Lmax =           2
 PP =  
  get lmax and L_loc from lmaxNlloc.dat
  lmax=           2  L_loc=           0
           0  pseudo0.dat                   vpplinear0.dat                
 psilinear0.dat                
           1  pseudo1.dat                   vpplinear1.dat                
 psilinear1.dat                
           2  pseudo2.dat                   vpplinear2.dat                
 psilinear2.dat                
 	First: local part vpplinear_loc.dat   
   read from foutl(l_loc)=pseudo0.dat                   
  Ready to open 21
   
  read in nr points=         568
  rmax=   41.6491918434098       in Ang units.
  Ready to open 22
  Ready to open 23
  
 	Second: non-local part 
   
  
  L value=           0
  This is local. We set vnl=0
 		vpplinear0.dat                
  Ready to open New 21
   
  read in nr points=         568
  rmax=   41.6491918434098       in Ang units.
  Ready to open 12
  
  L value=           1
 		vpplinear1.dat                
  Ready to open New 21
   
  read in nr points=         568
  rmax=   41.6491918434098       in Ang units.
  Ready to open 12
  
  L value=           2
 		vpplinear2.dat                
  Ready to open New 21
   
  read in nr points=         568
  rmax=   41.6491918434098       in Ang units.
  Ready to open 12
   
  Done with linear. Bye now.
   
   
                       WELCOME
  PROGRAM QLG grid: Bessel transform of NON-LOCAL separable QL potential
   
  
  cl(L)=  0.000000000000000E+000  1/Hartree
  cl(L)=   4.00214820000000       1/Hartree
  cl(L)= -0.356465300000000       1/Hartree
   LOK=           2
  We read in to L=           2
  Now convert to 1/eV and write to qlcl.dat
  cl(L)=  0.000000000000000E+000
  cl(L)=  0.147075107417240     
  cl(L)= -1.309975784705290E-002
  
   
  Begin Next L value.......................
  L=           0
   
  Use one of the QL data files output from gncpp
  the files are ppkb0.dat or ppkb1.dat or ....
  UPDATE: This program was updated June 25, 1992
  We now read in eV-A units of everything from
  gncpp.f --- No conversions need to be made here!
  vkb0.dat                      
   
  we read in ql(r) in atomic units.
  We now convert to eV,A.
  rLOG(i),qlrLOG=  7.911392405063299E-005  0.000000000000000E+000
  rLOG(i),qlrLOG=  8.106803797468400E-005  0.000000000000000E+000
   
  read in nr points=         568
  rmax=   41.6491918434098       in Ang units.
 L =           0   JJ: NO FF Transform now
   
  Begin Next L value.......................
  L=           1
   
  Use one of the QL data files output from gncpp
  the files are ppkb0.dat or ppkb1.dat or ....
  UPDATE: This program was updated June 25, 1992
  We now read in eV-A units of everything from
  gncpp.f --- No conversions need to be made here!
  vkb1.dat                      
   
  we read in ql(r) in atomic units.
  We now convert to eV,A.
  rLOG(i),qlrLOG=  7.911392405063299E-005 -1.093525665863326E-009
  rLOG(i),qlrLOG=  8.106803797468400E-005 -1.148212982830284E-009
   
  read in nr points=         568
  rmax=   41.6491918434098       in Ang units.
 L =           1   JJ: NO FF Transform now
   
  Begin Next L value.......................
  L=           2
   
  Use one of the QL data files output from gncpp
  the files are ppkb0.dat or ppkb1.dat or ....
  UPDATE: This program was updated June 25, 1992
  We now read in eV-A units of everything from
  gncpp.f --- No conversions need to be made here!
  vkb2.dat                      
   
  we read in ql(r) in atomic units.
  We now convert to eV,A.
  rLOG(i),qlrLOG=  7.911392405063299E-005 -9.154346314534456E-012
  rLOG(i),qlrLOG=  8.106803797468400E-005 -9.849576250756739E-012
   
  read in nr points=         568
  rmax=   41.6491918434098       in Ang units.
 L =           2   JJ: NO FF Transform now
   
  Welcome to mk_pseudoFile.x
  This writes out the final XXX.pp file.
  E.g. 014.pp etc.
   
  Read lmax,L_loc, and L-values from lmaxNlloc.dat
           5           2   9.000000    
           6           0   1.000000    
           6           1  0.0000000E+00
  The OUTPUT file:
  It will have a name like 014.pp (Si), 003.pp (Li)
  The output file is:079.pp                        
 nshells =            2
  reading V_local (r):
  ic=       10000
  isafe=         642
  A very close approximation to Z is   11.00002    
  rsafe=   2.669980    
  alpha=   1.498139    
  Reading and saving V_NL(l) (SR)
 L=1 Npoint=  360
 L=2 Npoint=  340
  Reading V^(KB) information
  Reading and saving V^KB(l) (SR)
 L=1 Npoint=  360 cl=     0.1470751
 L=2 Npoint=  340 cl=    -0.0130998
   
  *******************************************
   
  Done with mk_pseudoFile.x
  The OUTPUT file:
  The output file is:079.pp                        
   
  *******************************************
