l_loc = 
 Call psgen
./psgen - done: output
 Call pswatch
#info ./pswatch ncpp 14:02:48 Jul 05 2011 lewis

fhi pseudopotential tool pslp - version rev270603B

               chemical symbol  N       
                nuclear charge   7.00
   number of valence electrons   5.00
      number of valence states   2
    exchange-correlation model   9  GGA X Becke C Lee/Yang/Parr             
        parameters radial mesh   467    1.024700  0.892857E-03
  input pseudopotentials up to   d

          === pseudo atom (Hartree a.u.) ===

<        n     l   occupation  eigenvalue(eV)  potential energy
<  1     1     0      2.0000      -18.4472        -4.04121
<  2     2     1      3.0000       -7.0636        -4.72303

                  total energy      -9.65289
                kinetic energy       6.65268
  ionic pseudopotential energy     -22.25151
                hartree energy       8.16015
                     xc energy      -2.21421
        local potential energy     -22.57651
           xc potential energy      -2.85605
    integrated valence density       5.00000
          number of iterations            24   convergence  0.0E+00
                  y range plot       -26   1   6

 pslp - pseudoatom done - now testing

 --- assuming scalar-relativistic all-electron atom ---

 --- d component taken as local potential ---
 --- input wavefunctions used for kb potentials ---

 --- kb potentials: spectrum of bound states (eV) ---

            l          e0            e1            e2
  Write vkb L=           0  to vkb0.dat                                . [a.u.]
 call klbyii
 end call klbyii
semilocal   0      -18.4472       -0.2671        0.0000
 call klbyii
 end call klbyii
nonlocal    0      -18.4472       -0.2672        0.0000
  Write vkb L=           1  to vkb1.dat                                . [a.u.]
 call klbyii
 end call klbyii
semilocal   1       -7.0634        0.0000        0.0000
 call klbyii
 end call klbyii
nonlocal    1       -7.0634        0.0000        0.0000
  Write vkb L=           2  to vkb2.dat                                . [a.u.]

 --- analysis of kb potentials: s waves  ---

 * no ghost (ekb > 0, eloc0 < eref < eloc1)

                     kb cosine        0.3131
                     kb energy      147.3270 eV      ekb
   local potential groundstate      -59.9668 eV    eloc0
        dto. 1st excited state       -1.6445 eV    eloc1
              reference energy      -18.4472 eV     eref

 --- analysis of kb potentials: p waves  ---

 & dftseq - no bound state found (iter): e=>0 n l           3           1
 note: for the local potential no bound excited p state
       is found, the ghost state analysis will assume
       a zero 1st excited state energy (variable eloc1)

 * no ghost (ekb < 0, eref < eloc0)

                     kb cosine       -0.1630
                     kb energy     -251.4099 eV      ekb
   local potential groundstate       -3.9000 eV    eloc0
        dto. 1st excited state        0.0000 eV    eloc1
              reference energy       -7.0636 eV     eref

 --- logarithmic derivatives: at radius = 1.8974 ---

 --- nonlocal potentials ---
 --- all-electron potential ---
 --- semilocal potentials ---

 --- kinetic energy convergence in momentum space ---

     l  n  bracket   cutoff    norm   kinet. energy
            (eV)      (Ry)               (Hartree)
ck   0     1.0E+00     21   0.997447   0.570657E+00
ck   0     1.0E-01     43   0.999867   0.603164E+00
ck   0     1.0E-02    104   0.999994   0.606350E+00
ck   0     1.0E-03    138   1.000000   0.606669E+00
cx   0  1                   1.000000   0.606704E+00

ck   1     1.0E+00     60   0.999029   0.177652E+01
ck   1     1.0E-01    114   0.999949   0.180954E+01
ck   1     1.0E-02      0 < 0.999998   0.181272E+01
 & kinkon - bracket not met for cutoff < ekmx =         200  Ry
cx   1  2                   1.000000   0.181309E+01

 --- coulomb tail of pseudopotentials ---
     Tolerance 1.0E-03 is met for
     l= 1 at radii >   1.193
     l= 2 at radii >   1.006
     l= 3 at radii >   1.165

 --- done & exiting ---
./pswatch - done: output
createPP.log
xv.ncpp.lder_sd.agr
 Call linear
  This code is to transform the output of psgen into
  a linear grid format.
  Ready to open ncpp.ini
  7.00   1   2   9   0.00
   0   0   2.00
   0   0   2.00
   0   1   3.00
 Lmax =           2
 PP =  
  get lmax and L_loc from lmaxNlloc.dat
  lmax=           2  L_loc=           2
           0  pseudo0.dat                   vpplinear0.dat                
 psilinear0.dat                
           1  pseudo1.dat                   vpplinear1.dat                
 psilinear1.dat                
           2  pseudo2.dat                   vpplinear2.dat                
 psilinear2.dat                
 	First: local part vpplinear_loc.dat   
   read from foutl(l_loc)=pseudo2.dat                   
  Ready to open 21
   
  read in nr points=         468
  rmax=   40.9696269454482       in Ang units.
  Ready to open 22
  Ready to open 23
  
 	Second: non-local part 
   
  
  L value=           0
 		vpplinear0.dat                
  Ready to open New 21
   
  read in nr points=         468
  rmax=   40.9696269454482       in Ang units.
  Ready to open 12
  
  L value=           1
 		vpplinear1.dat                
  Ready to open New 21
   
  read in nr points=         468
  rmax=   40.9696269454482       in Ang units.
  Ready to open 12
  
  L value=           2
  This is local. We set vnl=0
 		vpplinear2.dat                
  Ready to open New 21
   
  read in nr points=         468
  rmax=   40.9696269454482       in Ang units.
  Ready to open 12
   
  Done with linear. Bye now.
   
   
                       WELCOME
  PROGRAM QLG grid: Bessel transform of NON-LOCAL separable QL potential
   
  
  cl(L)=   1.88438400000000       1/Hartree
  cl(L)=  -4.07412910000000       1/Hartree
  cl(L)=  0.000000000000000E+000  1/Hartree
   LOK=           2
  We read in to L=           2
  Now convert to 1/eV and write to qlcl.dat
  cl(L)=  6.924930446486920E-002
  cl(L)= -0.149720336446862     
  cl(L)=  0.000000000000000E+000
  
   
  Begin Next L value.......................
  L=           0
   
  Use one of the QL data files output from gncpp
  the files are ppkb0.dat or ppkb1.dat or ....
  UPDATE: This program was updated June 25, 1992
  We now read in eV-A units of everything from
  gncpp.f --- No conversions need to be made here!
  vkb0.dat                      
   
  we read in ql(r) in atomic units.
  We now convert to eV,A.
  rLOG(i),qlrLOG=  8.928571428571400E-004  5.360763852106364E-003
  rLOG(i),qlrLOG=  9.149107142857100E-004  5.493183028609695E-003
   
  read in nr points=         468
  rmax=   40.9696269454482       in Ang units.
 L =           0   JJ: NO FF Transform now
   
  Begin Next L value.......................
  L=           1
   
  Use one of the QL data files output from gncpp
  the files are ppkb0.dat or ppkb1.dat or ....
  UPDATE: This program was updated June 25, 1992
  We now read in eV-A units of everything from
  gncpp.f --- No conversions need to be made here!
  vkb1.dat                      
   
  we read in ql(r) in atomic units.
  We now convert to eV,A.
  rLOG(i),qlrLOG=  8.928571428571400E-004 -3.336914010956881E-005
  rLOG(i),qlrLOG=  9.149107142857100E-004 -3.503802318674097E-005
   
  read in nr points=         468
  rmax=   40.9696269454482       in Ang units.
 L =           1   JJ: NO FF Transform now
   
  Begin Next L value.......................
  L=           2
   
  Use one of the QL data files output from gncpp
  the files are ppkb0.dat or ppkb1.dat or ....
  UPDATE: This program was updated June 25, 1992
  We now read in eV-A units of everything from
  gncpp.f --- No conversions need to be made here!
  vkb2.dat                      
   
  we read in ql(r) in atomic units.
  We now convert to eV,A.
  rLOG(i),qlrLOG=  8.928571428571400E-004  0.000000000000000E+000
  rLOG(i),qlrLOG=  9.149107142857100E-004  0.000000000000000E+000
   
  read in nr points=         468
  rmax=   40.9696269454482       in Ang units.
 L =           2   JJ: NO FF Transform now
   
  Welcome to mk_pseudoFile.x
  This writes out the final XXX.pp file.
  E.g. 014.pp etc.
   
  Read lmax,L_loc, and L-values from lmaxNlloc.dat
           2           0   2.000000    
           2           1   3.000000    
  The OUTPUT file:
  It will have a name like 014.pp (Si), 003.pp (Li)
  The output file is:007.pp                        
 nshells =            2
  reading V_local (r):
  ic=       10000
  isafe=         204
  A very close approximation to Z is   4.999999    
  rsafe=  0.8317665    
  alpha=   4.809042    
  Reading and saving V_NL(l) (SR)
 L=0 Npoint=  190
 L=1 Npoint=  190
  Reading V^(KB) information
  Reading and saving V^KB(l) (SR)
 L=0 Npoint=  200 cl=     0.0692493
 L=1 Npoint=  190 cl=    -0.1497203
   
  *******************************************
   
  Done with mk_pseudoFile.x
  The OUTPUT file:
  The output file is:007.pp                        
   
  *******************************************
