l_loc = 2
 Call psgen
./psgen - done: output
createPP.log
ncpp.aep
ncpp.cpi
ncpp.dat
ncpp.fc
ncpp.ini
pseudo0.dat
pseudo1.dat
pseudo2.dat
xv.ncpp.ae_wfct.agr
xv.ncpp.density.agr
xv.ncpp.ps_ae_wfct.agr
xv.ncpp.pspot_i.agr
xv.ncpp.pspot_s.agr
xv.ncpp.unscreen.agr
 Call pswatch
#info ./pswatch ncpp 12:41:47 Mar 05 2011 lewis

fhi pseudopotential tool pslp - version rev270603B

               chemical symbol  C       
                nuclear charge   6.00
   number of valence electrons   4.00
      number of valence states   2
    exchange-correlation model   3  LDA CA Perdew/Zunger 1980               
        parameters radial mesh   461    1.024700  0.104167E-02
  input pseudopotentials up to   d

          === pseudo atom (Hartree a.u.) ===

<        n     l   occupation  eigenvalue(eV)  potential energy
<  1     1     0      2.0000      -13.6446        -2.69569
<  2     2     1      2.0000       -5.4206        -3.11381

                  total energy      -5.34935
                kinetic energy       3.27310
  ionic pseudopotential energy     -11.61901
                hartree energy       4.36728
                     xc energy      -1.37072
        local potential energy     -12.02847
           xc potential energy      -1.78991
    integrated valence density       4.00000
          number of iterations            20   convergence  0.0E+00
                  y range plot       -14   1   3

 pslp - pseudoatom done - now testing

 --- assuming scalar-relativistic all-electron atom ---

 --- d component taken as local potential ---
 --- input wavefunctions used for kb potentials ---

 --- kb potentials: spectrum of bound states (eV) ---

            l          e0            e1            e2
  Write vkb L=           0  to vkb0.dat                                . [a.u.]
 call klbyii
 end call klbyii
semilocal   0      -13.6445       -0.0613        0.0000
 call klbyii
 end call klbyii
nonlocal    0      -13.6445       -0.0614        0.0000
  Write vkb L=           1  to vkb1.dat                                . [a.u.]
 call klbyii
 end call klbyii
semilocal   1       -5.4206        0.0000        0.0000
 call klbyii
 end call klbyii
nonlocal    1       -5.4206        0.0000        0.0000
  Write vkb L=           2  to vkb2.dat                                . [a.u.]

 --- analysis of kb potentials: s waves  ---

 * no ghost (ekb > 0, eloc0 < eref < eloc1)

                     kb cosine        0.3101
                     kb energy      102.0970 eV      ekb
   local potential groundstate      -41.8148 eV    eloc0
        dto. 1st excited state       -1.4006 eV    eloc1
              reference energy      -13.6446 eV     eref

 --- analysis of kb potentials: p waves  ---

 & dftseq - no bound state found (iter): e=>0 n l           3           1
 note: for the local potential no bound excited p state
       is found, the ghost state analysis will assume
       a zero 1st excited state energy (variable eloc1)

 * no ghost (ekb < 0, eref < eloc0)

                     kb cosine       -0.1591
                     kb energy     -167.7094 eV      ekb
   local potential groundstate       -3.3421 eV    eloc0
        dto. 1st excited state        0.0000 eV    eloc1
              reference energy       -5.4206 eV     eref

 --- logarithmic derivatives: at radius = 1.9122 ---

 --- nonlocal potentials ---
 --- all-electron potential ---
 --- semilocal potentials ---

 --- kinetic energy convergence in momentum space ---

     l  n  bracket   cutoff    norm   kinet. energy
            (eV)      (Ry)               (Hartree)
ck   0     1.0E+00      9   0.995331   0.383892E+00
ck   0     1.0E-01     28   0.999781   0.416912E+00
ck   0     1.0E-02     66   0.999991   0.420200E+00
ck   0     1.0E-03     93   0.999999   0.420519E+00
cx   0  1                   1.000000   0.420554E+00

ck   1     1.0E+00     34   0.998344   0.117966E+01
ck   1     1.0E-01     71   0.999917   0.121251E+01
ck   1     1.0E-02    124   0.999996   0.121563E+01
ck   1     1.0E-03    164   1.000001   0.121598E+01
cx   1  2                   1.000000   0.121600E+01

 --- coulomb tail of pseudopotentials ---
     Tolerance 1.0E-03 is met for
     l= 1 at radii >   1.427
     l= 2 at radii >   1.118
     l= 3 at radii >   1.359

 --- done & exiting ---
./pswatch - done: output
createPP.log
xv.ncpp.lder_sd.agr
 Call linear
  This code is to transform the output of psgen into
  a linear grid format.
  Ready to open ncpp.ini
  6.00   1   2   3   0.00
   0   0   2.00
   0   0   2.00
   0   1   2.00
 Lmax =           2
 PP =  
  get lmax and L_loc from lmaxNlloc.dat
  lmax=           2  L_loc=           2
           0  pseudo0.dat                   vpplinear0.dat                
 psilinear0.dat                
           1  pseudo1.dat                   vpplinear1.dat                
 psilinear1.dat                
           2  pseudo2.dat                   vpplinear2.dat                
 psilinear2.dat                
 	First: local part vpplinear_loc.dat   
   read from foutl(l_loc)=pseudo2.dat                   
  Ready to open 21
   
  read in nr points=         462
  rmax=   41.2884312142411       in Ang units.
  Ready to open 22
  Ready to open 23
  
 	Second: non-local part 
   
  
  L value=           0
 		vpplinear0.dat                
  Ready to open New 21
   
  read in nr points=         462
  rmax=   41.2884312142411       in Ang units.
  Ready to open 12
  
  L value=           1
 		vpplinear1.dat                
  Ready to open New 21
   
  read in nr points=         462
  rmax=   41.2884312142411       in Ang units.
  Ready to open 12
  
  L value=           2
  This is local. We set vnl=0
 		vpplinear2.dat                
  Ready to open New 21
   
  read in nr points=         462
  rmax=   41.2884312142411       in Ang units.
  Ready to open 12
   
  Done with linear. Bye now.
   
   
                       WELCOME
  PROGRAM QLG grid: Bessel transform of NON-LOCAL separable QL potential
   
  
  cl(L)=   2.77218850000000       1/Hartree
  cl(L)=  -6.41054140000000       1/Hartree
  cl(L)=  0.000000000000000E+000  1/Hartree
   LOK=           2
  We read in to L=           2
  Now convert to 1/eV and write to qlcl.dat
  cl(L)=  0.101875268241775     
  cl(L)= -0.235581247343030     
  cl(L)=  0.000000000000000E+000
  
   
  Begin Next L value.......................
  L=           0
   
  Use one of the QL data files output from gncpp
  the files are ppkb0.dat or ppkb1.dat or ....
  UPDATE: This program was updated June 25, 1992
  We now read in eV-A units of everything from
  gncpp.f --- No conversions need to be made here!
  vkb0.dat                      
   
  we read in ql(r) in atomic units.
  We now convert to eV,A.
  rLOG(i),qlrLOG=  1.041666666666700E-003  3.281266690473263E-003
  rLOG(i),qlrLOG=  1.067395833333300E-003  3.362318955352444E-003
   
  read in nr points=         462
  rmax=   41.2884312142411       in Ang units.
 L =           0   JJ: NO FF Transform now
   
  Begin Next L value.......................
  L=           1
   
  Use one of the QL data files output from gncpp
  the files are ppkb0.dat or ppkb1.dat or ....
  UPDATE: This program was updated June 25, 1992
  We now read in eV-A units of everything from
  gncpp.f --- No conversions need to be made here!
  vkb1.dat                      
   
  we read in ql(r) in atomic units.
  We now convert to eV,A.
  rLOG(i),qlrLOG=  1.041666666666700E-003 -1.801843088630627E-005
  rLOG(i),qlrLOG=  1.067395833333300E-003 -1.891957998581620E-005
   
  read in nr points=         462
  rmax=   41.2884312142411       in Ang units.
 L =           1   JJ: NO FF Transform now
   
  Begin Next L value.......................
  L=           2
   
  Use one of the QL data files output from gncpp
  the files are ppkb0.dat or ppkb1.dat or ....
  UPDATE: This program was updated June 25, 1992
  We now read in eV-A units of everything from
  gncpp.f --- No conversions need to be made here!
  vkb2.dat                      
   
  we read in ql(r) in atomic units.
  We now convert to eV,A.
  rLOG(i),qlrLOG=  1.041666666666700E-003  0.000000000000000E+000
  rLOG(i),qlrLOG=  1.067395833333300E-003  0.000000000000000E+000
   
  read in nr points=         462
  rmax=   41.2884312142411       in Ang units.
 L =           2   JJ: NO FF Transform now
   
  Welcome to mk_pseudoFile.x
  This writes out the final XXX.pp file.
  E.g. 014.pp etc.
   
  Read lmax,L_loc, and L-values from lmaxNlloc.dat
           2           0   2.000000    
           2           1   2.000000    
  The OUTPUT file:
  It will have a name like 014.pp (Si), 003.pp (Li)
  The output file is:006.pp                        
 nshells =            2
  reading V_local (r):
  ic=       10000
  isafe=         205
  A very close approximation to Z is   4.000014    
  rsafe=  0.8423681    
  alpha=   4.748518    
  Reading and saving V_NL(l) (SR)
 L=0 Npoint=  230
 L=1 Npoint=  230
  Reading V^(KB) information
  Reading and saving V^KB(l) (SR)
 L=0 Npoint=  230 cl=     0.1018753
 L=1 Npoint=  230 cl=    -0.2355812
   
  *******************************************
   
  Done with mk_pseudoFile.x
  The OUTPUT file:
  The output file is:006.pp                        
   
  *******************************************
