l_loc = 
 Call psgen
./psgen - done: output
createPP.log
ncpp.aep
ncpp.cpi
ncpp.dat
ncpp.fc
ncpp.ini
pseudo0.dat
pseudo1.dat
xv.ncpp.ae_wfct.agr
xv.ncpp.density.agr
xv.ncpp.ps_ae_wfct.agr
xv.ncpp.pspot_i.agr
xv.ncpp.pspot_s.agr
xv.ncpp.unscreen.agr
 Call pswatch
#info ./pswatch ncpp 14:07:25 Oct 16 2012 bhaycock

fhi pseudopotential tool pslp - version rev270603B

               chemical symbol  Na      
                nuclear charge  11.00
   number of valence electrons   1.00
      number of valence states   1
    exchange-correlation model   9  GGA X Becke C Lee/Yang/Parr             
     nonlinear core-valence XC
        parameters radial mesh   485    1.024700  0.568182E-03
  input pseudopotentials up to   p

          === pseudo atom (Hartree a.u.) ===

<        n     l   occupation  eigenvalue(eV)  potential energy
<  1     1     0      1.0000       -2.6732        -0.23436

                  total energy      -2.41344
                kinetic energy       0.06568
  ionic pseudopotential energy      -0.23436
                hartree energy       0.11171
                     xc energy      -2.35647
        local potential energy      -0.24136
           xc potential energy      -0.15298
                xc energy core      -2.21923
             xc energy valence      -0.13724
    integrated valence density       1.00000
       integrated core density       4.04421
       ... 1st derivative test       1.00000
       ... 2nd derivative test       0.99999
estimated equidensity radius >       2.27708
          number of iterations            16   convergence  0.0E+00
                  y range plot        -1   2   1

 pslp - pseudoatom done - now testing

 --- assuming scalar-relativistic all-electron atom ---

 --- p component taken as local potential ---
 --- input wavefunctions used for kb potentials ---

 --- kb potentials: spectrum of bound states (eV) ---

            l          e0            e1            e2
  Write vkb L=           0  to vkb0.dat                                . [a.u.]
 call klbyii
 end call klbyii
semilocal   0       -2.6726        0.0000        0.0000
 call klbyii
 end call klbyii
nonlocal    0       -2.6726        0.0000        0.0000
  Write vkb L=           1  to vkb1.dat                                . [a.u.]

 --- analysis of kb potentials: s waves  ---

 * no ghost (ekb > 0, eloc0 < eref < eloc1)

                     kb cosine        0.0891
                     kb energy       24.0231 eV      ekb
   local potential groundstate       -3.0907 eV    eloc0
        dto. 1st excited state       -0.1895 eV    eloc1
              reference energy       -2.6732 eV     eref

 --- logarithmic derivatives: at radius = 3.8950 ---

 --- nonlocal potentials ---
 --- all-electron potential ---
 --- semilocal potentials ---

 --- kinetic energy convergence in momentum space ---

     l  n  bracket   cutoff    norm   kinet. energy
            (eV)      (Ry)               (Hartree)
ck   0     1.0E+00      0   0.746242   0.343831E-01
ck   0     1.0E-01      3   0.997964   0.623504E-01
ck   0     1.0E-02      5   0.999907   0.653649E-01
ck   0     1.0E-03     12   0.999995   0.656399E-01
cx   0  1                   1.000000   0.656753E-01

 --- coulomb tail of pseudopotentials ---
     Tolerance 1.0E-03 is met for
     l= 1 at radii >   3.533
     l= 2 at radii >   3.533

 --- done & exiting ---
./pswatch - done: output
createPP.log
xv.ncpp.lder_sd.agr
qlclATOMIC.dat
vkb1.dat
vkb0.dat
lmaxNlloc.dat
 Call linear
  This code is to transform the output of psgen into
  a linear grid format.
  Ready to open ncpp.ini
 11.00   3   1   9   1.40
   0   0   2.00
   0   0   2.00
   0   1   6.00
   0   0   1.00
 Lmax =           1
 PP =  
  get lmax and L_loc from lmaxNlloc.dat
  lmax=           1  L_loc=           1
           0  pseudo0.dat                   vpplinear0.dat                
 psilinear0.dat                
           1  pseudo1.dat                   vpplinear1.dat                
 psilinear1.dat                
 	First: local part vpplinear_loc.dat   
   read from foutl(l_loc)=pseudo1.dat                   
  Ready to open 21
   
  read in nr points=         486
  rmax=   40.4490770037950       in Ang units.
  Ready to open 22
  Ready to open 23
  
 	Second: non-local part 
   
  
  L value=           0
 		vpplinear0.dat                
  Ready to open New 21
   
  read in nr points=         486
  rmax=   40.4490770037950       in Ang units.
  Ready to open 12
  
  L value=           1
  This is local. We set vnl=0
 		vpplinear1.dat                
  Ready to open New 21
   
  read in nr points=         486
  rmax=   40.4490770037950       in Ang units.
  Ready to open 12
   
  Done with linear. Bye now.
   
   
                       WELCOME
  PROGRAM QLG grid: Bessel transform of NON-LOCAL separable QL potential
   
  
  cl(L)=   142.827999400000       1/Hartree
  cl(L)=  0.000000000000000E+000  1/Hartree
   LOK=           1
  We read in to L=           1
  Now convert to 1/eV and write to qlcl.dat
  cl(L)=   5.24879197475608     
  cl(L)=  0.000000000000000E+000
  
   
  Begin Next L value.......................
  L=           0
   
  Use one of the QL data files output from gncpp
  the files are ppkb0.dat or ppkb1.dat or ....
  UPDATE: This program was updated June 25, 1992
  We now read in eV-A units of everything from
  gncpp.f --- No conversions need to be made here!
  vkb0.dat                      
   
  we read in ql(r) in atomic units.
  We now convert to eV,A.
  rLOG(i),qlrLOG=  5.681818181818200E-004  3.271876206808330E-005
  rLOG(i),qlrLOG=  5.822159090909100E-004  3.352692614511204E-005
   
  read in nr points=         486
  rmax=   40.4490770037950       in Ang units.
 L =           0   JJ: NO FF Transform now
   
  Begin Next L value.......................
  L=           1
   
  Use one of the QL data files output from gncpp
  the files are ppkb0.dat or ppkb1.dat or ....
  UPDATE: This program was updated June 25, 1992
  We now read in eV-A units of everything from
  gncpp.f --- No conversions need to be made here!
  vkb1.dat                      
   
  we read in ql(r) in atomic units.
  We now convert to eV,A.
  rLOG(i),qlrLOG=  5.681818181818200E-004  0.000000000000000E+000
  rLOG(i),qlrLOG=  5.822159090909100E-004  0.000000000000000E+000
   
  read in nr points=         486
  rmax=   40.4490770037950       in Ang units.
 L =           1   JJ: NO FF Transform now
   
  Welcome to mk_pseudoFile.x
  This writes out the final XXX.pp file.
  E.g. 014.pp etc.
   
  Read lmax,L_loc, and L-values from lmaxNlloc.dat
           3           0   1.000000    
  The OUTPUT file:
  It will have a name like 014.pp (Si), 003.pp (Li)
  The output file is:011.pp                        
 nshells =            1
  reading V_local (r):
  ic=       10000
  isafe=         599
  A very close approximation to Z is   1.000005    
  rsafe=   2.419096    
  alpha=   1.653510    
  Reading and saving V_NL(l) (SR)
 L=0 Npoint=    5
  Reading V^(KB) information
  Reading and saving V^KB(l) (SR)
 L=0 Npoint=  620 cl=     5.2487922
   
  *******************************************
   
  Done with mk_pseudoFile.x
  The OUTPUT file:
  The output file is:011.pp                        
   
  *******************************************
