l_loc = 0
 Call psgen
./psgen - done: output
createPP.log
ncpp.aep
ncpp.cpi
ncpp.dat
ncpp.fc
ncpp.ini
pseudo0.dat
pseudo1.dat
pseudo2.dat
xv.ncpp.ae_wfct.agr
xv.ncpp.density.agr
xv.ncpp.ps_ae_wfct.agr
xv.ncpp.pspot_i.agr
xv.ncpp.pspot_s.agr
xv.ncpp.unscreen.agr
 Call pswatch
#info ./pswatch ncpp 12:47:29 Aug 09 2012 lshamberger

fhi pseudopotential tool pslp - version rev270603B

               chemical symbol  Ag      
                nuclear charge  47.00
   number of valence electrons  11.00
      number of valence states   3
    exchange-correlation model   9  GGA X Becke C Lee/Yang/Parr             
        parameters radial mesh   545    1.024700  0.132979E-03
  input pseudopotentials up to   d

          === pseudo atom (Hartree a.u.) ===

<        n     l   occupation  eigenvalue(eV)  potential energy
<  1     3     2     10.0000       -7.3354        -9.08767
<  2     1     0      1.0000       -4.4537        -3.85195
<  3     2     1      0.0000       -0.7737         0.00000

                  total energy     -35.98997
                kinetic energy      29.58842
  ionic pseudopotential energy     -94.72869
                hartree energy      34.78103
                     xc energy      -5.63073
        local potential energy     -59.21405
           xc potential energy      -7.28116
    integrated valence density      11.00000
          number of iterations            45   convergence  0.0E+00
                  y range plot       -21   1   5

 pslp - pseudoatom done - now testing

 --- assuming scalar-relativistic all-electron atom ---

 --- s component taken as local potential ---
 --- input wavefunctions used for kb potentials ---

 --- kb potentials: spectrum of bound states (eV) ---

            l          e0            e1            e2
  Write vkb L=           0  to vkb0.dat                                . [a.u.]
  Write vkb L=           1  to vkb1.dat                                . [a.u.]
 call klbyii
 end call klbyii
semilocal   1       -0.7593        0.0000        0.0000
 call klbyii
 end call klbyii
nonlocal    1       -0.7593        0.0000        0.0000
  Write vkb L=           2  to vkb2.dat                                . [a.u.]
 call klbyii
 end call klbyii
semilocal   2       -7.3354        0.0000        0.0000
 call klbyii
 end call klbyii
nonlocal    2       -7.3354        0.0000        0.0000

 --- analysis of kb potentials: p waves  ---

 & dftseq - no bound state found (iter): e=>0 n l           3           1
 note: for the local potential no bound excited p state
       is found, the ghost state analysis will assume
       a zero 1st excited state energy (variable eloc1)

 * no ghost (ekb > 0, eloc0 < eref < eloc1)

                     kb cosine        0.1224
                     kb energy       16.8423 eV      ekb
   local potential groundstate       -1.1259 eV    eloc0
        dto. 1st excited state        0.0000 eV    eloc1
              reference energy       -0.7737 eV     eref

 --- analysis of kb potentials: d waves  ---

 & dftseq - no bound state found (iter): e=>0 n l           3           2
 note: for the local potential no bound d state is
       found, the ghost state analysis will assume
       a zero groundstate energy (variable eloc0)

 & dftseq - no bound state found (iter): e=>0 n l           4           2
 note: for the local potential no bound excited d state
       is found, the ghost state analysis will assume
       a zero 1st excited state energy (variable eloc1)

 * no ghost (ekb < 0, eref < eloc0)

                     kb cosine       -0.7461
                     kb energy     -173.6080 eV      ekb
   local potential groundstate        0.0000 eV    eloc0
        dto. 1st excited state        0.0000 eV    eloc1
              reference energy       -7.3354 eV     eref

 --- logarithmic derivatives: at radius = 3.4043 ---

 --- nonlocal potentials ---
 --- all-electron potential ---
 --- semilocal potentials ---

 --- kinetic energy convergence in momentum space ---

     l  n  bracket   cutoff    norm   kinet. energy
            (eV)      (Ry)               (Hartree)
ck   0     1.0E+00      1   0.977304   0.961201E-01
ck   0     1.0E-01      6   0.999208   0.129148E+00
ck   0     1.0E-02     18   0.999964   0.132255E+00
ck   0     1.0E-03     32   0.999998   0.132583E+00
cx   0  1                   1.000000   0.132619E+00

ck   2     1.0E+00     27   0.997302   0.291240E+01
ck   2     1.0E-01     35   0.999785   0.294208E+01
ck   2     1.0E-02     43   0.999986   0.294527E+01
ck   2     1.0E-03     72   0.999999   0.294555E+01
cx   2  3                   1.000000   0.294558E+01

 --- coulomb tail of pseudopotentials ---
     Tolerance 1.0E-03 is met for
     l= 1 at radii >   2.941
     l= 2 at radii >   2.941
     l= 3 at radii >   2.941

 --- done & exiting ---
./pswatch - done: output
createPP.log
xv.ncpp.lder_sd.agr
qlclATOMIC.dat
vkb2.dat
vkb1.dat
vkb0.dat
lmaxNlloc.dat
 Call linear
  This code is to transform the output of psgen into
  a linear grid format.
  Ready to open ncpp.ini
 47.00   8   3   9   0.00
   0   0   2.00
   0   0   2.00
   0   1   6.00
   0   0   2.00
   0   1   6.00
   0   2  10.00
   0   0   2.00
   0   1   6.00
   0   2  10.00
   0   0   1.00
   0   1   0.00
 Lmax =           2
 PP =  
  get lmax and L_loc from lmaxNlloc.dat
  lmax=           2  L_loc=           0
           0  pseudo0.dat                   vpplinear0.dat                
 psilinear0.dat                
           1  pseudo1.dat                   vpplinear1.dat                
 psilinear1.dat                
           2  pseudo2.dat                   vpplinear2.dat                
 psilinear2.dat                
 	First: local part vpplinear_loc.dat   
   read from foutl(l_loc)=pseudo0.dat                   
  Ready to open 21
   
  read in nr points=         546
  rmax=   40.9267836439637       in Ang units.
  Ready to open 22
  Ready to open 23
  
 	Second: non-local part 
   
  
  L value=           0
  This is local. We set vnl=0
 		vpplinear0.dat                
  Ready to open New 21
   
  read in nr points=         546
  rmax=   40.9267836439637       in Ang units.
  Ready to open 12
  
  L value=           1
 		vpplinear1.dat                
  Ready to open New 21
   
  read in nr points=         546
  rmax=   40.9267836439637       in Ang units.
  Ready to open 12
  
  L value=           2
 		vpplinear2.dat                
  Ready to open New 21
   
  read in nr points=         546
  rmax=   40.9267836439637       in Ang units.
  Ready to open 12
   
  Done with linear. Bye now.
   
   
                       WELCOME
  PROGRAM QLG grid: Bessel transform of NON-LOCAL separable QL potential
   
  
  cl(L)=  0.000000000000000E+000  1/Hartree
  cl(L)=   107.912402000000       1/Hartree
  cl(L)= -0.281574100000000       1/Hartree
   LOK=           2
  We read in to L=           2
  Now convert to 1/eV and write to qlcl.dat
  cl(L)=  0.000000000000000E+000
  cl(L)=   3.96567726197705     
  cl(L)= -1.034757808404313E-002
  
   
  Begin Next L value.......................
  L=           0
   
  Use one of the QL data files output from gncpp
  the files are ppkb0.dat or ppkb1.dat or ....
  UPDATE: This program was updated June 25, 1992
  We now read in eV-A units of everything from
  gncpp.f --- No conversions need to be made here!
  vkb0.dat                      
   
  we read in ql(r) in atomic units.
  We now convert to eV,A.
  rLOG(i),qlrLOG=  1.329787234042600E-004  0.000000000000000E+000
  rLOG(i),qlrLOG=  1.362632978723400E-004  0.000000000000000E+000
   
  read in nr points=         546
  rmax=   40.9267836439637       in Ang units.
 L =           0   JJ: NO FF Transform now
   
  Begin Next L value.......................
  L=           1
   
  Use one of the QL data files output from gncpp
  the files are ppkb0.dat or ppkb1.dat or ....
  UPDATE: This program was updated June 25, 1992
  We now read in eV-A units of everything from
  gncpp.f --- No conversions need to be made here!
  vkb1.dat                      
   
  we read in ql(r) in atomic units.
  We now convert to eV,A.
  rLOG(i),qlrLOG=  1.329787234042600E-004 -1.734637151314845E-009
  rLOG(i),qlrLOG=  1.362632978723400E-004 -1.821386511369486E-009
   
  read in nr points=         546
  rmax=   40.9267836439637       in Ang units.
 L =           1   JJ: NO FF Transform now
   
  Begin Next L value.......................
  L=           2
   
  Use one of the QL data files output from gncpp
  the files are ppkb0.dat or ppkb1.dat or ....
  UPDATE: This program was updated June 25, 1992
  We now read in eV-A units of everything from
  gncpp.f --- No conversions need to be made here!
  vkb2.dat                      
   
  we read in ql(r) in atomic units.
  We now convert to eV,A.
  rLOG(i),qlrLOG=  1.329787234042600E-004 -7.137782967492746E-011
  rLOG(i),qlrLOG=  1.362632978723400E-004 -7.679864316258724E-011
   
  read in nr points=         546
  rmax=   40.9267836439637       in Ang units.
 L =           2   JJ: NO FF Transform now
   
  Welcome to mk_pseudoFile.x
  This writes out the final XXX.pp file.
  E.g. 014.pp etc.
   
  Read lmax,L_loc, and L-values from lmaxNlloc.dat
           4           2   10.00000    
           5           0   1.000000    
           5           1  0.0000000E+00
  The OUTPUT file:
  It will have a name like 014.pp (Si), 003.pp (Li)
  The output file is:047.pp                        
 nshells =            2
  reading V_local (r):
  ic=       10000
  isafe=         644
  A very close approximation to Z is   11.00002    
  rsafe=   2.631855    
  alpha=   1.519841    
  Reading and saving V_NL(l) (SR)
 L=1 Npoint=  360
 L=2 Npoint=  330
  Reading V^(KB) information
  Reading and saving V^KB(l) (SR)
 L=1 Npoint=  360 cl=     3.9656773
 L=2 Npoint=  330 cl=    -0.0103476
   
  *******************************************
   
  Done with mk_pseudoFile.x
  The OUTPUT file:
  The output file is:047.pp                        
   
  *******************************************
