l_loc = 
 Call psgen
./psgen - done: output
createPP.log
ncpp.aep
ncpp.cpi
ncpp.dat
ncpp.fc
ncpp.ini
pseudo0.dat
pseudo1.dat
pseudo2.dat
xv.ncpp.ae_wfct.agr
xv.ncpp.density.agr
xv.ncpp.ps_ae_wfct.agr
xv.ncpp.pspot_i.agr
xv.ncpp.pspot_s.agr
xv.ncpp.unscreen.agr
 Call pswatch
#info ./pswatch ncpp 11:20:23 Jul 09 2011 lewis

fhi pseudopotential tool pslp - version rev270603B

               chemical symbol  S       
                nuclear charge  16.00
   number of valence electrons   4.00
      number of valence states   2
    exchange-correlation model   9  GGA X Becke C Lee/Yang/Parr             
        parameters radial mesh   501    1.024700  0.390625E-03
  input pseudopotentials up to   d

          === pseudo atom (Hartree a.u.) ===

<        n     l   occupation  eigenvalue(eV)  potential energy
<  1     1     0      1.5000      -39.5567        -3.69096
<  2     2     1      2.5000      -28.1213        -3.58459

                  total energy      -8.60364
                kinetic energy       3.04628
  ionic pseudopotential energy     -14.49791
                hartree energy       4.24091
                     xc energy      -1.39292
        local potential energy     -16.53560
           xc potential energy      -1.79428
    integrated valence density       4.00000
          number of iterations            17   convergence  0.0E+00
                  y range plot       -12   3   3

 pslp - pseudoatom done - now testing

 --- assuming scalar-relativistic all-electron atom ---

 --- d component taken as local potential ---
 --- input wavefunctions used for kb potentials ---

 --- kb potentials: spectrum of bound states (eV) ---

            l          e0            e1            e2
  Write vkb L=           0  to vkb0.dat                                . [a.u.]
 call klbyii
 end call klbyii
semilocal   0      -39.5567      -12.0540       -5.3941
 call klbyii
 end call klbyii
nonlocal    0      -39.5567      -12.0924       -5.4160
  Write vkb L=           1  to vkb1.dat                                . [a.u.]
 call klbyii
 end call klbyii
semilocal   1      -28.1213       -9.2215       -4.3773
 call klbyii
 end call klbyii
nonlocal    1      -28.1213       -9.2262       -4.3803
  Write vkb L=           2  to vkb2.dat                                . [a.u.]

 --- analysis of kb potentials: s waves  ---

 * no ghost (ekb > 0, eloc0 < eref < eloc1)

                     kb cosine        0.3606
                     kb energy      146.6253 eV      ekb
   local potential groundstate     -117.0137 eV    eloc0
        dto. 1st excited state      -24.6201 eV    eloc1
              reference energy      -39.5567 eV     eref

 --- analysis of kb potentials: p waves  ---

 * no ghost (ekb > 0, eloc0 < eref < eloc1)

                     kb cosine        0.3495
                     kb energy       87.9059 eV      ekb
   local potential groundstate      -57.1870 eV    eloc0
        dto. 1st excited state      -13.5277 eV    eloc1
              reference energy      -28.1213 eV     eref

 --- logarithmic derivatives: at radius = 2.5503 ---

 --- nonlocal potentials ---
 --- all-electron potential ---
 --- semilocal potentials ---

 --- kinetic energy convergence in momentum space ---

     l  n  bracket   cutoff    norm   kinet. energy
            (eV)      (Ry)               (Hartree)
ck   0     1.0E+00     14   0.995694   0.480267E+00
ck   0     1.0E-01     24   0.999790   0.512736E+00
ck   0     1.0E-02     58   0.999989   0.515846E+00
ck   0     1.0E-03     73   0.999999   0.516149E+00
cx   0  1                   1.000000   0.516183E+00

ck   1     1.0E+00      7   0.990789   0.875559E+00
ck   1     1.0E-01     21   0.999726   0.905194E+00
ck   1     1.0E-02     39   0.999984   0.908466E+00
ck   1     1.0E-03     51   0.999999   0.908768E+00
cx   1  2                   1.000000   0.908804E+00

 --- coulomb tail of pseudopotentials ---
     Tolerance 1.0E-03 is met for
     l= 1 at radii >  77.648
     l= 2 at radii >  77.648
     l= 3 at radii >  77.648

 --- done & exiting ---
./pswatch - done: output
createPP.log
xv.ncpp.lder_sd.agr
 Call linear
  This code is to transform the output of psgen into
  a linear grid format.
  Ready to open ncpp.ini
 16.00   3   2   9   0.00
   0   0   2.00
   0   0   2.00
   0   1   6.00
   0   0   1.50
   0   1   2.50
 Lmax =           2
 PP =  
  get lmax and L_loc from lmaxNlloc.dat
  lmax=           2  L_loc=           2
           0  pseudo0.dat                   vpplinear0.dat                
 psilinear0.dat                
           1  pseudo1.dat                   vpplinear1.dat                
 psilinear1.dat                
           2  pseudo2.dat                   vpplinear2.dat                
 psilinear2.dat                
 	First: local part vpplinear_loc.dat   
   read from foutl(l_loc)=pseudo2.dat                   
  Ready to open 21
   
  read in nr points=         502
  rmax=   41.0893336030021       in Ang units.
  Ready to open 22
  Ready to open 23
  
 	Second: non-local part 
   
  
  L value=           0
 		vpplinear0.dat                
  Ready to open New 21
   
  read in nr points=         502
  rmax=   41.0893336030021       in Ang units.
  Ready to open 12
  
  L value=           1
 		vpplinear1.dat                
  Ready to open New 21
   
  read in nr points=         502
  rmax=   41.0893336030021       in Ang units.
  Ready to open 12
  
  L value=           2
  This is local. We set vnl=0
 		vpplinear2.dat                
  Ready to open New 21
   
  read in nr points=         502
  rmax=   41.0893336030021       in Ang units.
  Ready to open 12
   
  Done with linear. Bye now.
   
   
                       WELCOME
  PROGRAM QLG grid: Bessel transform of NON-LOCAL separable QL potential
   
  
  cl(L)=   1.42687070000000       1/Hartree
  cl(L)=   2.53438500000000       1/Hartree
  cl(L)=  0.000000000000000E+000  1/Hartree
   LOK=           2
  We read in to L=           2
  Now convert to 1/eV and write to qlcl.dat
  cl(L)=  5.243612954488099E-002
  cl(L)=  9.313621772218268E-002
  cl(L)=  0.000000000000000E+000
  
   
  Begin Next L value.......................
  L=           0
   
  Use one of the QL data files output from gncpp
  the files are ppkb0.dat or ppkb1.dat or ....
  UPDATE: This program was updated June 25, 1992
  We now read in eV-A units of everything from
  gncpp.f --- No conversions need to be made here!
  vkb0.dat                      
   
  we read in ql(r) in atomic units.
  We now convert to eV,A.
  rLOG(i),qlrLOG=  3.906250000000000E-004  1.246181002297489E-003
  rLOG(i),qlrLOG=  4.002734375000000E-004  1.276961768779450E-003
   
  read in nr points=         502
  rmax=   41.0893336030021       in Ang units.
 L =           0   JJ: NO FF Transform now
   
  Begin Next L value.......................
  L=           1
   
  Use one of the QL data files output from gncpp
  the files are ppkb0.dat or ppkb1.dat or ....
  UPDATE: This program was updated June 25, 1992
  We now read in eV-A units of everything from
  gncpp.f --- No conversions need to be made here!
  vkb1.dat                      
   
  we read in ql(r) in atomic units.
  We now convert to eV,A.
  rLOG(i),qlrLOG=  3.906250000000000E-004  6.829745754031439E-007
  rLOG(i),qlrLOG=  4.002734375000000E-004  7.171302366949554E-007
   
  read in nr points=         502
  rmax=   41.0893336030021       in Ang units.
 L =           1   JJ: NO FF Transform now
   
  Begin Next L value.......................
  L=           2
   
  Use one of the QL data files output from gncpp
  the files are ppkb0.dat or ppkb1.dat or ....
  UPDATE: This program was updated June 25, 1992
  We now read in eV-A units of everything from
  gncpp.f --- No conversions need to be made here!
  vkb2.dat                      
   
  we read in ql(r) in atomic units.
  We now convert to eV,A.
  rLOG(i),qlrLOG=  3.906250000000000E-004  0.000000000000000E+000
  rLOG(i),qlrLOG=  4.002734375000000E-004  0.000000000000000E+000
   
  read in nr points=         502
  rmax=   41.0893336030021       in Ang units.
 L =           2   JJ: NO FF Transform now
   
  Welcome to mk_pseudoFile.x
  This writes out the final XXX.pp file.
  E.g. 014.pp etc.
   
  Read lmax,L_loc, and L-values from lmaxNlloc.dat
           3           0   1.500000    
           3           1   2.500000    
  The OUTPUT file:
  It will have a name like 014.pp (Si), 003.pp (Li)
  The output file is:016.pp                        
 nshells =            2
  reading V_local (r):
  ic=       10000
  isafe=         257
  A very close approximation to Z is   6.000153    
  rsafe=   1.051992    
  alpha=   3.802310    
  Reading and saving V_NL(l) (SR)
 L=0 Npoint=  280
 L=1 Npoint=  280
  Reading V^(KB) information
  Reading and saving V^KB(l) (SR)
 L=0 Npoint=  280 cl=     0.0524361
 L=1 Npoint=  280 cl=     0.0931362
   
  *******************************************
   
  Done with mk_pseudoFile.x
  The OUTPUT file:
  The output file is:016.pp                        
   
  *******************************************
