l_loc = 
 Call psgen
./psgen - done: output
 Call pswatch
#info ./pswatch ncpp 13:34:27 Feb 19 2011 lewis

fhi pseudopotential tool pslp - version rev270603B

               chemical symbol  Al      
                nuclear charge  13.00
   number of valence electrons   1.00
      number of valence states   2
    exchange-correlation model   3  LDA CA Perdew/Zunger 1980               
        parameters radial mesh   493    1.024700  0.480769E-03
  input pseudopotentials up to   d

          === pseudo atom (Hartree a.u.) ===

<        n     l   occupation  eigenvalue(eV)  potential energy
<  1     1     0      0.7500      -24.1134        -1.30937
<  2     2     1      0.2500      -17.5660        -1.24917

                  total energy      -0.97146
                kinetic energy       0.29667
  ionic pseudopotential energy      -1.29432
                hartree energy       0.19675
                     xc energy      -0.17057
        local potential energy      -1.56798
           xc potential energy      -0.22185
    integrated valence density       1.00000
          number of iterations            15   convergence  0.0E+00
                  y range plot        -4   1   1

 pslp - pseudoatom done - now testing

 --- assuming scalar-relativistic all-electron atom ---

 --- d component taken as local potential ---
 --- input wavefunctions used for kb potentials ---

 --- kb potentials: spectrum of bound states (eV) ---

            l          e0            e1            e2
  Write vkb L=           0  to vkb0.dat                                . [a.u.]
 call klbyii
 end call klbyii
semilocal   0      -24.1134       -8.8791       -4.2073
 call klbyii
 end call klbyii
nonlocal    0      -24.1134       -8.8943       -4.2240
  Write vkb L=           1  to vkb1.dat                                . [a.u.]
 call klbyii
 end call klbyii
semilocal   1      -17.5660       -6.8805       -3.2645
 call klbyii
 end call klbyii
nonlocal    1      -17.5660       -6.8814       -3.2662
  Write vkb L=           2  to vkb2.dat                                . [a.u.]

 --- analysis of kb potentials: s waves  ---

 * no ghost (ekb > 0, eloc0 < eref < eloc1)

                     kb cosine        0.4108
                     kb energy       50.5294 eV      ekb
   local potential groundstate      -47.7582 eV    eloc0
        dto. 1st excited state      -14.2693 eV    eloc1
              reference energy      -24.1134 eV     eref

 --- analysis of kb potentials: p waves  ---

 * no ghost (ekb > 0, eloc0 < eref < eloc1)

                     kb cosine        0.3913
                     kb energy       27.4787 eV      ekb
   local potential groundstate      -25.8868 eV    eloc0
        dto. 1st excited state       -8.8973 eV    eloc1
              reference energy      -17.5660 eV     eref

 --- logarithmic derivatives: at radius = 2.9893 ---

 --- nonlocal potentials ---
 --- all-electron potential ---
 --- semilocal potentials ---

 --- kinetic energy convergence in momentum space ---

     l  n  bracket   cutoff    norm   kinet. energy
            (eV)      (Ry)               (Hartree)
ck   0     1.0E+00      4   0.988016   0.214474E+00
ck   0     1.0E-01     10   0.999388   0.246643E+00
ck   0     1.0E-02     24   0.999974   0.249834E+00
ck   0     1.0E-03     32   0.999998   0.250154E+00
cx   0  1                   1.000000   0.250186E+00

ck   1     1.0E+00      3   0.972702   0.402744E+00
ck   1     1.0E-01      5   0.998874   0.432929E+00
ck   1     1.0E-02     15   0.999958   0.435797E+00
ck   1     1.0E-03     21   0.999997   0.436108E+00
cx   1  2                   1.000000   0.436140E+00

 --- coulomb tail of pseudopotentials ---
     Tolerance 1.0E-03 is met for
     l= 1 at radii >  78.620
     l= 2 at radii >  78.620
     l= 3 at radii >  78.620

 --- done & exiting ---
./pswatch - done: output
createPP.log
xv.ncpp.lder_sd.agr
 Call linear
  This code is to transform the output of psgen into
  a linear grid format.
  Ready to open ncpp.ini
 13.00   3   2   3   0.00
   0   0   2.00
   0   0   2.00
   0   1   6.00
   0   0   0.75
   0   1   0.25
 Lmax =           2
 PP =  
  get lmax and L_loc from lmaxNlloc.dat
  lmax=           2  L_loc=           2
           0  pseudo0.dat                   vpplinear0.dat                
 psilinear0.dat                
           1  pseudo1.dat                   vpplinear1.dat                
 psilinear1.dat                
           2  pseudo2.dat                   vpplinear2.dat                
 psilinear2.dat                
 	First: local part vpplinear_loc.dat   
   read from foutl(l_loc)=pseudo2.dat                   
  Ready to open 21
   
  read in nr points=         494
  rmax=   41.6036887399242       in Ang units.
  Ready to open 22
  Ready to open 23
  
 	Second: non-local part 
   
  
  L value=           0
 		vpplinear0.dat                
  Ready to open New 21
   
  read in nr points=         494
  rmax=   41.6036887399242       in Ang units.
  Ready to open 12
  
  L value=           1
 		vpplinear1.dat                
  Ready to open New 21
   
  read in nr points=         494
  rmax=   41.6036887399242       in Ang units.
  Ready to open 12
  
  L value=           2
  This is local. We set vnl=0
 		vpplinear2.dat                
  Ready to open New 21
   
  read in nr points=         494
  rmax=   41.6036887399242       in Ang units.
  Ready to open 12
   
  Done with linear. Bye now.
   
   
                       WELCOME
  PROGRAM QLG grid: Bessel transform of NON-LOCAL separable QL potential
   
  
  cl(L)=   3.19137710000000       1/Hartree
  cl(L)=   6.46825380000000       1/Hartree
  cl(L)=  0.000000000000000E+000  1/Hartree
   LOK=           2
  We read in to L=           2
  Now convert to 1/eV and write to qlcl.dat
  cl(L)=  0.117280047198507     
  cl(L)=  0.237702122684255     
  cl(L)=  0.000000000000000E+000
  
   
  Begin Next L value.......................
  L=           0
   
  Use one of the QL data files output from gncpp
  the files are ppkb0.dat or ppkb1.dat or ....
  UPDATE: This program was updated June 25, 1992
  We now read in eV-A units of everything from
  gncpp.f --- No conversions need to be made here!
  vkb0.dat                      
   
  we read in ql(r) in atomic units.
  We now convert to eV,A.
  rLOG(i),qlrLOG=  4.807692307692300E-004  3.834240078686719E-004
  rLOG(i),qlrLOG=  4.926442307692300E-004  3.928946532484505E-004
   
  read in nr points=         494
  rmax=   41.6036887399242       in Ang units.
 L =           0   JJ: NO FF Transform now
   
  Begin Next L value.......................
  L=           1
   
  Use one of the QL data files output from gncpp
  the files are ppkb0.dat or ppkb1.dat or ....
  UPDATE: This program was updated June 25, 1992
  We now read in eV-A units of everything from
  gncpp.f --- No conversions need to be made here!
  vkb1.dat                      
   
  we read in ql(r) in atomic units.
  We now convert to eV,A.
  rLOG(i),qlrLOG=  4.807692307692300E-004  1.329253360457519E-007
  rLOG(i),qlrLOG=  4.926442307692300E-004  1.395729537720195E-007
   
  read in nr points=         494
  rmax=   41.6036887399242       in Ang units.
 L =           1   JJ: NO FF Transform now
   
  Begin Next L value.......................
  L=           2
   
  Use one of the QL data files output from gncpp
  the files are ppkb0.dat or ppkb1.dat or ....
  UPDATE: This program was updated June 25, 1992
  We now read in eV-A units of everything from
  gncpp.f --- No conversions need to be made here!
  vkb2.dat                      
   
  we read in ql(r) in atomic units.
  We now convert to eV,A.
  rLOG(i),qlrLOG=  4.807692307692300E-004  0.000000000000000E+000
  rLOG(i),qlrLOG=  4.926442307692300E-004  0.000000000000000E+000
   
  read in nr points=         494
  rmax=   41.6036887399242       in Ang units.
 L =           2   JJ: NO FF Transform now
   
  Welcome to mk_pseudoFile.x
  This writes out the final XXX.pp file.
  E.g. 014.pp etc.
   
  Read lmax,L_loc, and L-values from lmaxNlloc.dat
           3           0  0.7500000    
           3           1  0.2500000    
  The OUTPUT file:
  It will have a name like 014.pp (Si), 003.pp (Li)
  The output file is:013.pp                        
 nshells =            2
  reading V_local (r):
  ic=       10000
  isafe=         531
  A very close approximation to Z is   3.000004    
  rsafe=   2.205216    
  alpha=   1.813882    
  Reading and saving V_NL(l) (SR)
 L=0 Npoint=  430
 L=1 Npoint=  430
  Reading V^(KB) information
  Reading and saving V^KB(l) (SR)
 L=0 Npoint=  430 cl=     0.1172800
 L=1 Npoint=  430 cl=     0.2377021
   
  *******************************************
   
  Done with mk_pseudoFile.x
  The OUTPUT file:
  The output file is:013.pp                        
   
  *******************************************
