l_loc = 
 Call psgen
./psgen - done: output
createPP.log
ncpp.aep
ncpp.cpi
ncpp.dat
ncpp.fc
ncpp.ini
pseudo0.dat
pseudo1.dat
pseudo2.dat
xv.ncpp.ae_wfct.agr
xv.ncpp.density.agr
xv.ncpp.ps_ae_wfct.agr
xv.ncpp.pspot_i.agr
xv.ncpp.pspot_s.agr
xv.ncpp.unscreen.agr
 Call pswatch
#info ./pswatch ncpp 14:07:31 Mar 04 2016 lewis

fhi pseudopotential tool pslp - version rev270603B

               chemical symbol  I       
                nuclear charge  53.00
   number of valence electrons   7.00
      number of valence states   2
    exchange-correlation model   9  GGA X Becke C Lee/Yang/Parr             
        parameters radial mesh   551    1.024700  0.117925E-03
  input pseudopotentials up to   d

          === pseudo atom (Hartree a.u.) ===

<        n     l   occupation  eigenvalue(eV)  potential energy
<  1     1     0      2.0000      -17.2820        -3.50831
<  2     2     1      5.0000       -6.9142        -2.97333

                  total energy     -11.38147
                kinetic energy       3.18174
  ionic pseudopotential energy     -21.88326
                hartree energy       9.46425
                     xc energy      -2.14421
        local potential energy     -20.93483
           xc potential energy      -2.76763
    integrated valence density       7.00000
          number of iterations            30   convergence  0.0E+00
                  y range plot        -9   3   3

 pslp - pseudoatom done - now testing

 --- assuming scalar-relativistic all-electron atom ---
 & pslp - warning: grid from unit fort.37 incompatible

 --- d component taken as local potential ---
 --- input wavefunctions used for kb potentials ---

 --- kb potentials: spectrum of bound states (eV) ---

            l          e0            e1            e2
  Write vkb L=           0  to vkb0.dat                                . [a.u.]
 call klbyii
 end call klbyii
semilocal   0      -17.2820       -0.5464        0.0000
 call klbyii
 end call klbyii
nonlocal    0      -17.2820       -0.6168        0.0000
  Write vkb L=           1  to vkb1.dat                                . [a.u.]
 call klbyii
 end call klbyii
semilocal   1       -6.9142        0.0000        0.0000
 call klbyii
 end call klbyii
nonlocal    1       -6.9142        0.0000        0.0000
  Write vkb L=           2  to vkb2.dat                                . [a.u.]

 --- analysis of kb potentials: s waves  ---

 * no ghost (ekb < 0, eref < eloc0)

                     kb cosine       -0.3401
                     kb energy      -53.7541 eV      ekb
   local potential groundstate      -13.9702 eV    eloc0
        dto. 1st excited state       -0.6489 eV    eloc1
              reference energy      -17.2820 eV     eref

 --- analysis of kb potentials: p waves  ---

 & dftseq - no bound state found (iter): e=>0 n l           3           1
 note: for the local potential no bound excited p state
       is found, the ghost state analysis will assume
       a zero 1st excited state energy (variable eloc1)

 * no ghost (ekb < 0, eref < eloc0)

                     kb cosine       -0.3709
                     kb energy      -19.4467 eV      ekb
   local potential groundstate       -4.7211 eV    eloc0
        dto. 1st excited state        0.0000 eV    eloc1
              reference energy       -6.9142 eV     eref

 --- logarithmic derivatives: at radius = 3.3284 ---

 --- nonlocal potentials ---
 --- all-electron potential ---
 --- semilocal potentials ---

 --- kinetic energy convergence in momentum space ---

     l  n  bracket   cutoff    norm   kinet. energy
            (eV)      (Ry)               (Hartree)
ck   0     1.0E+00      9   0.993725   0.361894E+00
ck   0     1.0E-01     27   0.999772   0.393938E+00
ck   0     1.0E-02     39   0.999985   0.397135E+00
ck   0     1.0E-03     71   0.999999   0.397454E+00
cx   0  1                   1.000000   0.397487E+00

ck   1     1.0E+00      3   0.984263   0.442215E+00
ck   1     1.0E-01     15   0.999601   0.474096E+00
ck   1     1.0E-02     21   0.999975   0.477029E+00
ck   1     1.0E-03     40   0.999998   0.477317E+00
cx   1  2                   1.000000   0.477354E+00

 --- coulomb tail of pseudopotentials ---
     Tolerance 1.0E-03 is met for
     l= 1 at radii >   2.738
     l= 2 at radii >   2.738
     l= 3 at radii >   3.328

 --- done & exiting ---
./pswatch - done: output
createPP.log
xv.ncpp.lder_sd.agr
qlclATOMIC.dat
vkb2.dat
vkb1.dat
vkb0.dat
lmaxNlloc.dat
 Call linear
  This code is to transform the output of psgen into
  a linear grid format.
  Ready to open ncpp.ini
 53.00   9   2   9   0.00
   0   0   2.00
   0   0   2.00
   0   1   6.00
   0   0   2.00
   0   1   6.00
   0   2  10.00
   0   0   2.00
   0   1   6.00
   0   2  10.00
   0   0   2.00
   0   1   5.00
 Lmax =           2
 PP =  
  get lmax and L_loc from lmaxNlloc.dat
  lmax=           2  L_loc=           2
           0  pseudo0.dat                   vpplinear0.dat                
 psilinear0.dat                
           1  pseudo1.dat                   vpplinear1.dat                
 psilinear1.dat                
           2  pseudo2.dat                   vpplinear2.dat                
 psilinear2.dat                
 	First: local part vpplinear_loc.dat   
   read from foutl(l_loc)=pseudo2.dat                   
  Ready to open 21
   
  read in nr points=         552
  rmax=   42.0155469238722       in Ang units.
  Ready to open 22
  Ready to open 23
  
 	Second: non-local part 
   
  
  L value=           0
 		vpplinear0.dat                
  Ready to open New 21
   
  read in nr points=         552
  rmax=   42.0155469238722       in Ang units.
  Ready to open 12
  
  L value=           1
 		vpplinear1.dat                
  Ready to open New 21
   
  read in nr points=         552
  rmax=   42.0155469238722       in Ang units.
  Ready to open 12
  
  L value=           2
  This is local. We set vnl=0
 		vpplinear2.dat                
  Ready to open New 21
   
  read in nr points=         552
  rmax=   42.0155469238722       in Ang units.
  Ready to open 12
   
  Done with linear. Bye now.
   
   
                       WELCOME
  PROGRAM QLG grid: Bessel transform of NON-LOCAL separable QL potential
   
  
  cl(L)=  -4.37753220000000       1/Hartree
  cl(L)=  -10.1717787000000       1/Hartree
  cl(L)=  0.000000000000000E+000  1/Hartree
   LOK=           2
  We read in to L=           2
  Now convert to 1/eV and write to qlcl.dat
  cl(L)= -0.160870109342134     
  cl(L)= -0.373803110271352     
  cl(L)=  0.000000000000000E+000
  
   
  Begin Next L value.......................
  L=           0
   
  Use one of the QL data files output from gncpp
  the files are ppkb0.dat or ppkb1.dat or ....
  UPDATE: This program was updated June 25, 1992
  We now read in eV-A units of everything from
  gncpp.f --- No conversions need to be made here!
  vkb0.dat                      
   
  we read in ql(r) in atomic units.
  We now convert to eV,A.
  rLOG(i),qlrLOG=  1.179245283018900E-004  8.980077251799974E-005
  rLOG(i),qlrLOG=  1.208372641509400E-004  9.201885013436998E-005
   
  read in nr points=         552
  rmax=   42.0155469238722       in Ang units.
 L =           0   JJ: NO FF Transform now
   
  Begin Next L value.......................
  L=           1
   
  Use one of the QL data files output from gncpp
  the files are ppkb0.dat or ppkb1.dat or ....
  UPDATE: This program was updated June 25, 1992
  We now read in eV-A units of everything from
  gncpp.f --- No conversions need to be made here!
  vkb1.dat                      
   
  we read in ql(r) in atomic units.
  We now convert to eV,A.
  rLOG(i),qlrLOG=  1.179245283018900E-004  9.987682655580937E-009
  rLOG(i),qlrLOG=  1.208372641509400E-004  1.048716760376367E-008
   
  read in nr points=         552
  rmax=   42.0155469238722       in Ang units.
 L =           1   JJ: NO FF Transform now
   
  Begin Next L value.......................
  L=           2
   
  Use one of the QL data files output from gncpp
  the files are ppkb0.dat or ppkb1.dat or ....
  UPDATE: This program was updated June 25, 1992
  We now read in eV-A units of everything from
  gncpp.f --- No conversions need to be made here!
  vkb2.dat                      
   
  we read in ql(r) in atomic units.
  We now convert to eV,A.
  rLOG(i),qlrLOG=  1.179245283018900E-004  0.000000000000000E+000
  rLOG(i),qlrLOG=  1.208372641509400E-004  0.000000000000000E+000
   
  read in nr points=         552
  rmax=   42.0155469238722       in Ang units.
 L =           2   JJ: NO FF Transform now
   
  Welcome to mk_pseudoFile.x
  This writes out the final XXX.pp file.
  E.g. 014.pp etc.
   
  Read lmax,L_loc, and L-values from lmaxNlloc.dat
           5           0   2.000000    
           5           1   5.000000    
  The OUTPUT file:
  It will have a name like 014.pp (Si), 003.pp (Li)
  The output file is:053.pp                        
 nshells =            2
  reading V_local (r):
  ic=       10000
  isafe=         677
  A very close approximation to Z is   7.000008    
  rsafe=   2.840535    
  alpha=   1.408186    
  Reading and saving V_NL(l) (SR)
 L=0 Npoint=  560
 L=1 Npoint=  560
  Reading V^(KB) information
  Reading and saving V^KB(l) (SR)
 L=0 Npoint=  540 cl=    -0.1608701
 L=1 Npoint=  540 cl=    -0.3738031
   
  *******************************************
   
  Done with mk_pseudoFile.x
  The OUTPUT file:
  The output file is:053.pp                        
   
  *******************************************
