l_loc = 
 Call psgen
./psgen - done: output
createPP.log
ncpp.aep
ncpp.cpi
ncpp.dat
ncpp.fc
pseudo0.dat
pseudo1.dat
pseudo2.dat
xv.ncpp.ae_wfct.agr
xv.ncpp.density.agr
xv.ncpp.ps_ae_wfct.agr
xv.ncpp.pspot_i.agr
xv.ncpp.pspot_s.agr
xv.ncpp.unscreen.agr
 Call pswatch
#info ./pswatch ncpp 14:04:34 Jul 05 2011 lewis

fhi pseudopotential tool pslp - version rev270603B

               chemical symbol  N       
                nuclear charge   7.00
   number of valence electrons   3.00
      number of valence states   2
    exchange-correlation model   9  GGA X Becke C Lee/Yang/Parr             
        parameters radial mesh   467    1.024700  0.892857E-03
  input pseudopotentials up to   d

          === pseudo atom (Hartree a.u.) ===

<        n     l   occupation  eigenvalue(eV)  potential energy
<  1     1     0      1.2500      -48.8269        -4.32063
<  2     2     1      1.7500      -37.2879        -5.75518

                  total energy      -7.78198
                kinetic energy       5.52244
  ionic pseudopotential energy     -15.47236
                hartree energy       3.53403
                     xc energy      -1.36609
        local potential energy     -15.74077
           xc potential energy      -1.75909
    integrated valence density       3.00000
          number of iterations            17   convergence  0.0E+00
                  y range plot       -34   1   8

 pslp - pseudoatom done - now testing

 --- assuming scalar-relativistic all-electron atom ---

 --- d component taken as local potential ---
 --- input wavefunctions used for kb potentials ---

 --- kb potentials: spectrum of bound states (eV) ---

            l          e0            e1            e2
  Write vkb L=           0  to vkb0.dat                                . [a.u.]
 call klbyii
 end call klbyii
semilocal   0      -48.8269      -13.6877       -5.9443
 call klbyii
 end call klbyii
nonlocal    0      -48.8269      -13.6947       -5.9474
  Write vkb L=           1  to vkb1.dat                                . [a.u.]
 call klbyii
 end call klbyii
semilocal   1      -37.2876      -11.0834       -5.0856
 call klbyii
 end call klbyii
nonlocal    1      -37.2876      -11.0849       -5.0863
  Write vkb L=           2  to vkb2.dat                                . [a.u.]

 --- analysis of kb potentials: s waves  ---

 * no ghost (ekb > 0, eloc0 < eref < eloc1)

                     kb cosine        0.3251
                     kb energy      175.3575 eV      ekb
   local potential groundstate     -101.5972 eV    eloc0
        dto. 1st excited state      -21.1100 eV    eloc1
              reference energy      -48.8269 eV     eref

 --- analysis of kb potentials: p waves  ---

 * no ghost (ekb < 0, eref < eloc0)

                     kb cosine       -0.1759
                     kb energy     -292.8518 eV      ekb
   local potential groundstate      -32.4162 eV    eloc0
        dto. 1st excited state      -10.1417 eV    eloc1
              reference energy      -37.2879 eV     eref

 --- logarithmic derivatives: at radius = 1.8974 ---

 --- nonlocal potentials ---
 --- all-electron potential ---
 --- semilocal potentials ---

 --- kinetic energy convergence in momentum space ---

     l  n  bracket   cutoff    norm   kinet. energy
            (eV)      (Ry)               (Hartree)
ck   0     1.0E+00     28   0.997969   0.741358E+00
ck   0     1.0E-01     50   0.999884   0.773229E+00
ck   0     1.0E-02    121   0.999995   0.776480E+00
ck   0     1.0E-03    158   1.000000   0.776800E+00
cx   0  1                   1.000000   0.776837E+00

ck   1     1.0E+00     78   0.999245   0.256441E+01
ck   1     1.0E-01    144   0.999958   0.259714E+01
ck   1     1.0E-02      0 < 0.999995   0.260005E+01
 & kinkon - bracket not met for cutoff < ekmx =         200  Ry
cx   1  2                   1.000000   0.260080E+01

 --- coulomb tail of pseudopotentials ---
     Tolerance 1.0E-03 is met for
     l= 1 at radii >  77.421
     l= 2 at radii >  77.421
     l= 3 at radii >  77.421

 --- done & exiting ---
./pswatch - done: output
createPP.log
xv.ncpp.lder_sd.agr
 Call linear
  This code is to transform the output of psgen into
  a linear grid format.
  Ready to open ncpp.ini
  7.00   1   2   9   0.00
   0   0   2.00
   0   0   1.25
   0   1   1.75
 Lmax =           2
 PP =  
  get lmax and L_loc from lmaxNlloc.dat
  lmax=           2  L_loc=           2
           0  pseudo0.dat                   vpplinear0.dat                
 psilinear0.dat                
           1  pseudo1.dat                   vpplinear1.dat                
 psilinear1.dat                
           2  pseudo2.dat                   vpplinear2.dat                
 psilinear2.dat                
 	First: local part vpplinear_loc.dat   
   read from foutl(l_loc)=pseudo2.dat                   
  Ready to open 21
   
  read in nr points=         468
  rmax=   40.9696269454482       in Ang units.
  Ready to open 22
  Ready to open 23
  
 	Second: non-local part 
   
  
  L value=           0
 		vpplinear0.dat                
  Ready to open New 21
   
  read in nr points=         468
  rmax=   40.9696269454482       in Ang units.
  Ready to open 12
  
  L value=           1
 		vpplinear1.dat                
  Ready to open New 21
   
  read in nr points=         468
  rmax=   40.9696269454482       in Ang units.
  Ready to open 12
  
  L value=           2
  This is local. We set vnl=0
 		vpplinear2.dat                
  Ready to open New 21
   
  read in nr points=         468
  rmax=   40.9696269454482       in Ang units.
  Ready to open 12
   
  Done with linear. Bye now.
   
   
                       WELCOME
  PROGRAM QLG grid: Bessel transform of NON-LOCAL separable QL potential
   
  
  cl(L)=   1.46808790000000       1/Hartree
  cl(L)=  -3.00152490000000       1/Hartree
  cl(L)=  0.000000000000000E+000  1/Hartree
   LOK=           2
  We read in to L=           2
  Now convert to 1/eV and write to qlcl.dat
  cl(L)=  5.395082210859911E-002
  cl(L)= -0.110303160958162     
  cl(L)=  0.000000000000000E+000
  
   
  Begin Next L value.......................
  L=           0
   
  Use one of the QL data files output from gncpp
  the files are ppkb0.dat or ppkb1.dat or ....
  UPDATE: This program was updated June 25, 1992
  We now read in eV-A units of everything from
  gncpp.f --- No conversions need to be made here!
  vkb0.dat                      
   
  we read in ql(r) in atomic units.
  We now convert to eV,A.
  rLOG(i),qlrLOG=  8.928571428571400E-004  7.378791894722118E-003
  rLOG(i),qlrLOG=  9.149107142857100E-004  7.561057285242086E-003
   
  read in nr points=         468
  rmax=   40.9696269454482       in Ang units.
 L =           0   JJ: NO FF Transform now
   
  Begin Next L value.......................
  L=           1
   
  Use one of the QL data files output from gncpp
  the files are ppkb0.dat or ppkb1.dat or ....
  UPDATE: This program was updated June 25, 1992
  We now read in eV-A units of everything from
  gncpp.f --- No conversions need to be made here!
  vkb1.dat                      
   
  we read in ql(r) in atomic units.
  We now convert to eV,A.
  rLOG(i),qlrLOG=  8.928571428571400E-004 -5.452336866725373E-005
  rLOG(i),qlrLOG=  9.149107142857100E-004 -5.725025678173787E-005
   
  read in nr points=         468
  rmax=   40.9696269454482       in Ang units.
 L =           1   JJ: NO FF Transform now
   
  Begin Next L value.......................
  L=           2
   
  Use one of the QL data files output from gncpp
  the files are ppkb0.dat or ppkb1.dat or ....
  UPDATE: This program was updated June 25, 1992
  We now read in eV-A units of everything from
  gncpp.f --- No conversions need to be made here!
  vkb2.dat                      
   
  we read in ql(r) in atomic units.
  We now convert to eV,A.
  rLOG(i),qlrLOG=  8.928571428571400E-004  0.000000000000000E+000
  rLOG(i),qlrLOG=  9.149107142857100E-004  0.000000000000000E+000
   
  read in nr points=         468
  rmax=   40.9696269454482       in Ang units.
 L =           2   JJ: NO FF Transform now
   
  Welcome to mk_pseudoFile.x
  This writes out the final XXX.pp file.
  E.g. 014.pp etc.
   
  Read lmax,L_loc, and L-values from lmaxNlloc.dat
           2           0   1.250000    
           2           1   1.750000    
  The OUTPUT file:
  It will have a name like 014.pp (Si), 003.pp (Li)
  The output file is:007.pp                        
 nshells =            2
  reading V_local (r):
  ic=       10000
  isafe=         240
  A very close approximation to Z is   5.000000    
  rsafe=  0.9792719    
  alpha=   4.084667    
  Reading and saving V_NL(l) (SR)
 L=0 Npoint=  180
 L=1 Npoint=  180
  Reading V^(KB) information
  Reading and saving V^KB(l) (SR)
 L=0 Npoint=  180 cl=     0.0539508
 L=1 Npoint=  180 cl=    -0.1103032
   
  *******************************************
   
  Done with mk_pseudoFile.x
  The OUTPUT file:
  The output file is:007.pp                        
   
  *******************************************
