l_loc = 0
 Call psgen
./psgen - done: output
createPP.log
ncpp.aep
ncpp.cpi
ncpp.dat
ncpp.fc
ncpp.ini
pseudo0.dat
pseudo1.dat
pseudo2.dat
xv.ncpp.ae_wfct.agr
xv.ncpp.density.agr
xv.ncpp.ps_ae_wfct.agr
xv.ncpp.pspot_i.agr
xv.ncpp.pspot_s.agr
xv.ncpp.unscreen.agr
 Call pswatch
#info ./pswatch ncpp 11:09:03 Aug 09 2012 lshamberger

fhi pseudopotential tool pslp - version rev270603B

               chemical symbol  Pt      
                nuclear charge  78.00
   number of valence electrons   9.00
      number of valence states   3
    exchange-correlation model   3  LDA CA Perdew/Zunger 1980               
        parameters radial mesh   567    1.024700  0.801282E-04
  input pseudopotentials up to   d

          === pseudo atom (Hartree a.u.) ===

<        n     l   occupation  eigenvalue(eV)  potential energy
<  1     3     2      8.0000      -16.7612        -7.24360
<  2     1     0      1.0000      -14.3331        -3.93776
<  3     2     1      0.0000       -7.6301         0.00000

                  total energy     -25.58288
                kinetic energy      18.87739
  ionic pseudopotential energy     -61.88659
                hartree energy      21.33134
                     xc energy      -3.90501
        local potential energy     -40.80077
           xc potential energy      -5.10786
    integrated valence density       9.00000
          number of iterations            24   convergence  0.0E+00
                  y range plot       -14   1   3

 pslp - pseudoatom done - now testing

 --- assuming scalar-relativistic all-electron atom ---

 --- s component taken as local potential ---
 --- input wavefunctions used for kb potentials ---

 --- kb potentials: spectrum of bound states (eV) ---

            l          e0            e1            e2
  Write vkb L=           0  to vkb0.dat                                . [a.u.]
  Write vkb L=           1  to vkb1.dat                                . [a.u.]
 call klbyii
 end call klbyii
semilocal   1       -7.6300       -1.9282        0.0000
 call klbyii
 end call klbyii
nonlocal    1       -7.6433       -1.9295        0.0000
  Write vkb L=           2  to vkb2.dat                                . [a.u.]
 call klbyii
 end call klbyii
semilocal   2      -16.7612       -2.1246        0.0000
 call klbyii
 end call klbyii
nonlocal    2      -16.7612       -2.1142        0.0000

 --- analysis of kb potentials: p waves  ---

 * no ghost (ekb > 0, eloc0 < eref < eloc1)

                     kb cosine        0.7171
                     kb energy       13.7520 eV      ekb
   local potential groundstate       -9.4220 eV    eloc0
        dto. 1st excited state       -2.3285 eV    eloc1
              reference energy       -7.6301 eV     eref

 --- analysis of kb potentials: d waves  ---

 * no ghost (ekb < 0, eref < eloc0)

                     kb cosine       -0.7124
                     kb energy     -141.3040 eV      ekb
   local potential groundstate       -3.2824 eV    eloc0
        dto. 1st excited state       -1.2247 eV    eloc1
              reference energy      -16.7612 eV     eref

 --- logarithmic derivatives: at radius = 3.3417 ---

 --- nonlocal potentials ---
 --- all-electron potential ---
 --- semilocal potentials ---

 --- kinetic energy convergence in momentum space ---

     l  n  bracket   cutoff    norm   kinet. energy
            (eV)      (Ry)               (Hartree)
ck   0     1.0E+00      4   0.986902   0.177314E+00
ck   0     1.0E-01      8   0.999470   0.206872E+00
ck   0     1.0E-02     20   0.999970   0.210164E+00
ck   0     1.0E-03     37   0.999998   0.210496E+00
cx   0  1                   1.000000   0.210529E+00

ck   2     1.0E+00     21   0.996391   0.229911E+01
ck   2     1.0E-01     28   0.999740   0.233000E+01
ck   2     1.0E-02     34   0.999982   0.233306E+01
ck   2     1.0E-03     53   0.999999   0.233332E+01
cx   2  3                   1.000000   0.233336E+01

 --- coulomb tail of pseudopotentials ---
     Tolerance 1.0E-03 is met for
     l= 1 at radii >  79.715
     l= 2 at radii >  79.715
     l= 3 at radii >  79.715

 --- done & exiting ---
./pswatch - done: output
createPP.log
xv.ncpp.lder_sd.agr
qlclATOMIC.dat
vkb2.dat
vkb1.dat
vkb0.dat
lmaxNlloc.dat
 Call linear
  This code is to transform the output of psgen into
  a linear grid format.
  Ready to open ncpp.ini
 78.00  12   3   3   0.00
   0   0   2.00
   0   0   2.00
   0   1   6.00
   0   0   2.00
   0   1   6.00
   0   2  10.00
   0   0   2.00
   0   1   6.00
   0   2  10.00
   0   3  14.00
   0   0   2.00
   0   1   6.00
   0   2   8.00
   0   0   1.00
   0   1   0.00
 Lmax =           2
 PP =  
  get lmax and L_loc from lmaxNlloc.dat
  lmax=           2  L_loc=           0
           0  pseudo0.dat                   vpplinear0.dat                
 psilinear0.dat                
           1  pseudo1.dat                   vpplinear1.dat                
 psilinear1.dat                
           2  pseudo2.dat                   vpplinear2.dat                
 psilinear2.dat                
 	First: local part vpplinear_loc.dat   
   read from foutl(l_loc)=pseudo0.dat                   
  Ready to open 21
   
  read in nr points=         568
  rmax=   42.1831558414022       in Ang units.
  Ready to open 22
  Ready to open 23
  
 	Second: non-local part 
   
  
  L value=           0
  This is local. We set vnl=0
 		vpplinear0.dat                
  Ready to open New 21
   
  read in nr points=         568
  rmax=   42.1831558414022       in Ang units.
  Ready to open 12
  
  L value=           1
 		vpplinear1.dat                
  Ready to open New 21
   
  read in nr points=         568
  rmax=   42.1831558414022       in Ang units.
  Ready to open 12
  
  L value=           2
 		vpplinear2.dat                
  Ready to open New 21
   
  read in nr points=         568
  rmax=   42.1831558414022       in Ang units.
  Ready to open 12
   
  Done with linear. Bye now.
   
   
                       WELCOME
  PROGRAM QLG grid: Bessel transform of NON-LOCAL separable QL potential
   
  
  cl(L)=  0.000000000000000E+000  1/Hartree
  cl(L)=   3.84767610000000       1/Hartree
  cl(L)= -0.379402100000000       1/Hartree
   LOK=           2
  We read in to L=           2
  Now convert to 1/eV and write to qlcl.dat
  cl(L)=  0.000000000000000E+000
  cl(L)=  0.141398405914665     
  cl(L)= -1.394266324566052E-002
  
   
  Begin Next L value.......................
  L=           0
   
  Use one of the QL data files output from gncpp
  the files are ppkb0.dat or ppkb1.dat or ....
  UPDATE: This program was updated June 25, 1992
  We now read in eV-A units of everything from
  gncpp.f --- No conversions need to be made here!
  vkb0.dat                      
   
  we read in ql(r) in atomic units.
  We now convert to eV,A.
  rLOG(i),qlrLOG=  8.012820512820501E-005  0.000000000000000E+000
  rLOG(i),qlrLOG=  8.210737179487199E-005  0.000000000000000E+000
   
  read in nr points=         568
  rmax=   42.1831558414022       in Ang units.
 L =           0   JJ: NO FF Transform now
   
  Begin Next L value.......................
  L=           1
   
  Use one of the QL data files output from gncpp
  the files are ppkb0.dat or ppkb1.dat or ....
  UPDATE: This program was updated June 25, 1992
  We now read in eV-A units of everything from
  gncpp.f --- No conversions need to be made here!
  vkb1.dat                      
   
  we read in ql(r) in atomic units.
  We now convert to eV,A.
  rLOG(i),qlrLOG=  8.012820512820501E-005 -9.968964468095566E-010
  rLOG(i),qlrLOG=  8.210737179487199E-005 -1.046751327835050E-009
   
  read in nr points=         568
  rmax=   42.1831558414022       in Ang units.
 L =           1   JJ: NO FF Transform now
   
  Begin Next L value.......................
  L=           2
   
  Use one of the QL data files output from gncpp
  the files are ppkb0.dat or ppkb1.dat or ....
  UPDATE: This program was updated June 25, 1992
  We now read in eV-A units of everything from
  gncpp.f --- No conversions need to be made here!
  vkb2.dat                      
   
  we read in ql(r) in atomic units.
  We now convert to eV,A.
  rLOG(i),qlrLOG=  8.012820512820501E-005 -8.757006355695377E-012
  rLOG(i),qlrLOG=  8.210737179487199E-005 -9.422060173955364E-012
   
  read in nr points=         568
  rmax=   42.1831558414022       in Ang units.
 L =           2   JJ: NO FF Transform now
   
  Welcome to mk_pseudoFile.x
  This writes out the final XXX.pp file.
  E.g. 014.pp etc.
   
  Read lmax,L_loc, and L-values from lmaxNlloc.dat
           5           2   8.000000    
           6           0   1.000000    
           6           1  0.0000000E+00
  The OUTPUT file:
  It will have a name like 014.pp (Si), 003.pp (Li)
  The output file is:078.pp                        
 nshells =            2
  reading V_local (r):
  ic=       10000
  isafe=         595
  A very close approximation to Z is   10.00001    
  rsafe=   2.505930    
  alpha=   1.596214    
  Reading and saving V_NL(l) (SR)
 L=1 Npoint=  350
 L=2 Npoint=  330
  Reading V^(KB) information
  Reading and saving V^KB(l) (SR)
 L=1 Npoint=  350 cl=     0.1413984
 L=2 Npoint=  330 cl=    -0.0139427
   
  *******************************************
   
  Done with mk_pseudoFile.x
  The OUTPUT file:
  The output file is:078.pp                        
   
  *******************************************
