l_loc = 
 Call psgen
./psgen - done: output
 Call pswatch
#info ./pswatch ncpp 13:57:23 Feb 19 2011 lewis

fhi pseudopotential tool pslp - version rev270603B

               chemical symbol  Si      
                nuclear charge  14.00
   number of valence electrons   2.00
      number of valence states   2
    exchange-correlation model   3  LDA CA Perdew/Zunger 1980               
        parameters radial mesh   495    1.024700  0.446429E-03
  input pseudopotentials up to   d

          === pseudo atom (Hartree a.u.) ===

<        n     l   occupation  eigenvalue(eV)  potential energy
<  1     1     0      1.0000      -29.3466        -1.99613
<  2     2     1      1.0000      -21.2803        -1.91235

                  total energy      -2.58758
                kinetic energy       0.91384
  ionic pseudopotential energy      -3.90848
                hartree energy       0.86577
                     xc energy      -0.45871
        local potential energy      -4.55560
           xc potential energy      -0.59739
    integrated valence density       2.00000
          number of iterations            15   convergence  0.0E+00
                  y range plot        -6   3   2

 pslp - pseudoatom done - now testing

 --- assuming scalar-relativistic all-electron atom ---

 --- d component taken as local potential ---
 --- input wavefunctions used for kb potentials ---

 --- kb potentials: spectrum of bound states (eV) ---

            l          e0            e1            e2
  Write vkb L=           0  to vkb0.dat                                . [a.u.]
 call klbyii
 end call klbyii
semilocal   0      -29.3466      -10.0164       -4.6048
 call klbyii
 end call klbyii
nonlocal    0      -29.3466      -10.0442       -4.6249
  Write vkb L=           1  to vkb1.dat                                . [a.u.]
 call klbyii
 end call klbyii
semilocal   1      -21.2803       -7.7076       -3.6601
 call klbyii
 end call klbyii
nonlocal    1      -21.2803       -7.7116       -3.6635
  Write vkb L=           2  to vkb2.dat                                . [a.u.]

 --- analysis of kb potentials: s waves  ---

 * no ghost (ekb > 0, eloc0 < eref < eloc1)

                     kb cosine        0.3703
                     kb energy       83.7338 eV      ekb
   local potential groundstate      -70.1304 eV    eloc0
        dto. 1st excited state      -18.2210 eV    eloc1
              reference energy      -29.3466 eV     eref

 --- analysis of kb potentials: p waves  ---

 * no ghost (ekb > 0, eloc0 < eref < eloc1)

                     kb cosine        0.3588
                     kb energy       47.5820 eV      ekb
   local potential groundstate      -35.8475 eV    eloc0
        dto. 1st excited state      -10.7837 eV    eloc1
              reference energy      -21.2803 eV     eref

 --- logarithmic derivatives: at radius = 2.7758 ---

 --- nonlocal potentials ---
 --- all-electron potential ---
 --- semilocal potentials ---

 --- kinetic energy convergence in momentum space ---

     l  n  bracket   cutoff    norm   kinet. energy
            (eV)      (Ry)               (Hartree)
ck   0     1.0E+00      8   0.992764   0.301623E+00
ck   0     1.0E-01     14   0.999647   0.333354E+00
ck   0     1.0E-02     36   0.999983   0.336270E+00
ck   0     1.0E-03     48   0.999999   0.336583E+00
cx   0  1                   1.000000   0.336615E+00

ck   1     1.0E+00      4   0.982584   0.544940E+00
ck   1     1.0E-01      7   0.999356   0.574001E+00
ck   1     1.0E-02     22   0.999971   0.576890E+00
ck   1     1.0E-03     29   0.999998   0.577193E+00
cx   1  2                   1.000000   0.577229E+00

 --- coulomb tail of pseudopotentials ---
     Tolerance 1.0E-03 is met for
     l= 1 at radii >  76.655
     l= 2 at radii >  76.655
     l= 3 at radii >  76.655

 --- done & exiting ---
./pswatch - done: output
createPP.log
xv.ncpp.lder_sd.agr
 Call linear
  This code is to transform the output of psgen into
  a linear grid format.
  Ready to open ncpp.ini
 14.00   3   2   3   0.00
   0   0   2.00
   0   0   2.00
   0   1   6.00
   0   0   1.00
   0   1   1.00
 Lmax =           2
 PP =  
  get lmax and L_loc from lmaxNlloc.dat
  lmax=           2  L_loc=           2
           0  pseudo0.dat                   vpplinear0.dat                
 psilinear0.dat                
           1  pseudo1.dat                   vpplinear1.dat                
 psilinear1.dat                
           2  pseudo2.dat                   vpplinear2.dat                
 psilinear2.dat                
 	First: local part vpplinear_loc.dat   
   read from foutl(l_loc)=pseudo2.dat                   
  Ready to open 21
   
  read in nr points=         496
  rmax=   40.5639863182726       in Ang units.
  Ready to open 22
  Ready to open 23
  
 	Second: non-local part 
   
  
  L value=           0
 		vpplinear0.dat                
  Ready to open New 21
   
  read in nr points=         496
  rmax=   40.5639863182726       in Ang units.
  Ready to open 12
  
  L value=           1
 		vpplinear1.dat                
  Ready to open New 21
   
  read in nr points=         496
  rmax=   40.5639863182726       in Ang units.
  Ready to open 12
  
  L value=           2
  This is local. We set vnl=0
 		vpplinear2.dat                
  Ready to open New 21
   
  read in nr points=         496
  rmax=   40.5639863182726       in Ang units.
  Ready to open 12
   
  Done with linear. Bye now.
   
   
                       WELCOME
  PROGRAM QLG grid: Bessel transform of NON-LOCAL separable QL potential
   
  
  cl(L)=   2.36960490000000       1/Hartree
  cl(L)=   4.44220040000000       1/Hartree
  cl(L)=  0.000000000000000E+000  1/Hartree
   LOK=           2
  We read in to L=           2
  Now convert to 1/eV and write to qlcl.dat
  cl(L)=  8.708070710722757E-002
  cl(L)=  0.163246603661230     
  cl(L)=  0.000000000000000E+000
  
   
  Begin Next L value.......................
  L=           0
   
  Use one of the QL data files output from gncpp
  the files are ppkb0.dat or ppkb1.dat or ....
  UPDATE: This program was updated June 25, 1992
  We now read in eV-A units of everything from
  gncpp.f --- No conversions need to be made here!
  vkb0.dat                      
   
  we read in ql(r) in atomic units.
  We now convert to eV,A.
  rLOG(i),qlrLOG=  4.464285714285700E-004  6.463170367372966E-004
  rLOG(i),qlrLOG=  4.574553571428600E-004  6.622811267363033E-004
   
  read in nr points=         496
  rmax=   40.5639863182726       in Ang units.
 L =           0   JJ: NO FF Transform now
   
  Begin Next L value.......................
  L=           1
   
  Use one of the QL data files output from gncpp
  the files are ppkb0.dat or ppkb1.dat or ....
  UPDATE: This program was updated June 25, 1992
  We now read in eV-A units of everything from
  gncpp.f --- No conversions need to be made here!
  vkb1.dat                      
   
  we read in ql(r) in atomic units.
  We now convert to eV,A.
  rLOG(i),qlrLOG=  4.464285714285700E-004  2.651493224382381E-007
  rLOG(i),qlrLOG=  4.574553571428600E-004  2.784094862412930E-007
   
  read in nr points=         496
  rmax=   40.5639863182726       in Ang units.
 L =           1   JJ: NO FF Transform now
   
  Begin Next L value.......................
  L=           2
   
  Use one of the QL data files output from gncpp
  the files are ppkb0.dat or ppkb1.dat or ....
  UPDATE: This program was updated June 25, 1992
  We now read in eV-A units of everything from
  gncpp.f --- No conversions need to be made here!
  vkb2.dat                      
   
  we read in ql(r) in atomic units.
  We now convert to eV,A.
  rLOG(i),qlrLOG=  4.464285714285700E-004  0.000000000000000E+000
  rLOG(i),qlrLOG=  4.574553571428600E-004  0.000000000000000E+000
   
  read in nr points=         496
  rmax=   40.5639863182726       in Ang units.
 L =           2   JJ: NO FF Transform now
   
  Welcome to mk_pseudoFile.x
  This writes out the final XXX.pp file.
  E.g. 014.pp etc.
   
  Read lmax,L_loc, and L-values from lmaxNlloc.dat
           3           0   1.000000    
           3           1   1.000000    
  The OUTPUT file:
  It will have a name like 014.pp (Si), 003.pp (Li)
  The output file is:014.pp                        
 nshells =            2
  reading V_local (r):
  ic=       10000
  isafe=         316
  A very close approximation to Z is   4.000312    
  rsafe=   1.277893    
  alpha=   3.130152    
  Reading and saving V_NL(l) (SR)
 L=0 Npoint=  360
 L=1 Npoint=  360
  Reading V^(KB) information
  Reading and saving V^KB(l) (SR)
 L=0 Npoint=  360 cl=     0.0870807
 L=1 Npoint=  360 cl=     0.1632466
   
  *******************************************
   
  Done with mk_pseudoFile.x
  The OUTPUT file:
  The output file is:014.pp                        
   
  *******************************************
