l_loc = 
 Call psgen
./psgen - done: output
createPP.log
ncpp.aep
ncpp.cpi
ncpp.dat
ncpp.fc
ncpp.ini
pseudo0.dat
pseudo1.dat
pseudo2.dat
xv.ncpp.ae_wfct.agr
xv.ncpp.density.agr
xv.ncpp.ps_ae_wfct.agr
xv.ncpp.pspot_i.agr
xv.ncpp.pspot_s.agr
xv.ncpp.unscreen.agr
 Call pswatch
#info ./pswatch ncpp 15:00:30 Jul 25 2012 jcarr17

fhi pseudopotential tool pslp - version rev270603B

               chemical symbol  K       
                nuclear charge  19.00
   number of valence electrons   1.00
      number of valence states   1
    exchange-correlation model   9  GGA X Becke C Lee/Yang/Parr             
     nonlinear core-valence XC
        parameters radial mesh   509    1.024700  0.328947E-03
  input pseudopotentials up to   d

          === pseudo atom (Hartree a.u.) ===

<        n     l   occupation  eigenvalue(eV)  potential energy
<  1     1     0      1.0000       -2.2450        -0.19179

                  total energy      -0.46575
                kinetic energy       0.05030
  ionic pseudopotential energy      -0.19179
                hartree energy       0.09177
                     xc energy      -0.41602
        local potential energy      -0.26147
           xc potential energy      -0.12454
                xc energy core      -0.30517
             xc energy valence      -0.11085
    integrated valence density       1.00000
       integrated core density       1.43848
       ... 1st derivative test       1.00000
       ... 2nd derivative test       0.99999
estimated equidensity radius >       3.25159
          number of iterations            13   convergence  0.0E+00
                  y range plot        -2   1   1

 pslp - pseudoatom done - now testing

 --- assuming scalar-relativistic all-electron atom ---

 --- d component taken as local potential ---
 --- input wavefunctions used for kb potentials ---

 --- kb potentials: spectrum of bound states (eV) ---

            l          e0            e1            e2
  Write vkb L=           0  to vkb0.dat                                . [a.u.]
 call klbyii
 end call klbyii
semilocal   0       -2.2426        0.0000        0.0000
 call klbyii
 end call klbyii
nonlocal    0       -2.2426        0.0000        0.0000
  Write vkb L=           1  to vkb1.dat                                . [a.u.]
 call klbyii
 end call klbyii
semilocal   1       -0.6392        0.0000        0.0000
 call klbyii
 end call klbyii
nonlocal    1       -0.6393        0.0000        0.0000
  Write vkb L=           2  to vkb2.dat                                . [a.u.]

 --- analysis of kb potentials: s waves  ---

 * no ghost (ekb > 0, eloc0 < eref < eloc1)

                     kb cosine        0.2074
                     kb energy       44.0924 eV      ekb
   local potential groundstate      -27.4042 eV    eloc0
        dto. 1st excited state       -1.5927 eV    eloc1
              reference energy       -2.2450 eV     eref

 --- analysis of kb potentials: p waves  ---

 --- searching reference state ---
 * no ghost (ekb > 0, eloc0 < eref < eloc1)

                     kb cosine        0.2223
                     kb energy       29.6153 eV      ekb
   local potential groundstate      -12.5408 eV    eloc0
        dto. 1st excited state       -0.3895 eV    eloc1
              reference energy       -0.6905 eV     eref

 --- logarithmic derivatives: at radius = 5.1693 ---

 --- nonlocal potentials ---
 --- all-electron potential ---
 --- semilocal potentials ---

 --- kinetic energy convergence in momentum space ---

     l  n  bracket   cutoff    norm   kinet. energy
            (eV)      (Ry)               (Hartree)
ck   0     1.0E+00      0   0.499720   0.160391E-01
ck   0     1.0E-01      2   0.996580   0.467350E-01
ck   0     1.0E-02      3   0.999853   0.499763E-01
ck   0     1.0E-03      8   0.999993   0.502681E-01
cx   0  1                   1.000000   0.502993E-01

 --- coulomb tail of pseudopotentials ---
     Tolerance 1.0E-03 is met for
     l= 1 at radii >   4.358
     l= 2 at radii >   4.358
     l= 3 at radii >   3.952

 --- done & exiting ---
./pswatch - done: output
createPP.log
xv.ncpp.lder_sd.agr
qlclATOMIC.dat
vkb2.dat
vkb1.dat
vkb0.dat
lmaxNlloc.dat
 Call linear
  This code is to transform the output of psgen into
  a linear grid format.
  Ready to open ncpp.ini
 19.00   5   1   9   3.20
   0   0   2.00
   0   0   2.00
   0   1   6.00
   0   0   2.00
   0   1   6.00
   0   0   1.00
 Lmax =           2
 PP =  
  get lmax and L_loc from lmaxNlloc.dat
  lmax=           2  L_loc=           2
           0  pseudo0.dat                   vpplinear0.dat                
 psilinear0.dat                
           1  pseudo1.dat                   vpplinear1.dat                
 psilinear1.dat                
           2  pseudo2.dat                   vpplinear2.dat                
 psilinear2.dat                
 	First: local part vpplinear_loc.dat   
   read from foutl(l_loc)=pseudo2.dat                   
  Ready to open 21
   
  read in nr points=         510
  rmax=   42.0600097649035       in Ang units.
  Ready to open 22
  Ready to open 23
  
 	Second: non-local part 
   
  
  L value=           0
 		vpplinear0.dat                
  Ready to open New 21
   
  read in nr points=         510
  rmax=   42.0600097649035       in Ang units.
  Ready to open 12
  
  L value=           1
 		vpplinear1.dat                
  Ready to open New 21
   
  read in nr points=         510
  rmax=   42.0600097649035       in Ang units.
  Ready to open 12
  
  L value=           2
  This is local. We set vnl=0
 		vpplinear2.dat                
  Ready to open New 21
   
  read in nr points=         510
  rmax=   42.0600097649035       in Ang units.
  Ready to open 12
   
  Done with linear. Bye now.
   
   
                       WELCOME
  PROGRAM QLG grid: Bessel transform of NON-LOCAL separable QL potential
   
  
  cl(L)=   14.3526218000000       1/Hartree
  cl(L)=   18.5858405000000       1/Hartree
  cl(L)=  0.000000000000000E+000  1/Hartree
   LOK=           2
  We read in to L=           2
  Now convert to 1/eV and write to qlcl.dat
  cl(L)=  0.527445083856220     
  cl(L)=  0.683011810501467     
  cl(L)=  0.000000000000000E+000
  
   
  Begin Next L value.......................
  L=           0
   
  Use one of the QL data files output from gncpp
  the files are ppkb0.dat or ppkb1.dat or ....
  UPDATE: This program was updated June 25, 1992
  We now read in eV-A units of everything from
  gncpp.f --- No conversions need to be made here!
  vkb0.dat                      
   
  we read in ql(r) in atomic units.
  We now convert to eV,A.
  rLOG(i),qlrLOG=  3.289473684210500E-004  3.792424267592497E-005
  rLOG(i),qlrLOG=  3.370723684210500E-004  3.886097357552748E-005
   
  read in nr points=         510
  rmax=   42.0600097649035       in Ang units.
 L =           0   JJ: NO FF Transform now
   
  Begin Next L value.......................
  L=           1
   
  Use one of the QL data files output from gncpp
  the files are ppkb0.dat or ppkb1.dat or ....
  UPDATE: This program was updated June 25, 1992
  We now read in eV-A units of everything from
  gncpp.f --- No conversions need to be made here!
  vkb1.dat                      
   
  we read in ql(r) in atomic units.
  We now convert to eV,A.
  rLOG(i),qlrLOG=  3.289473684210500E-004  7.504611070993598E-009
  rLOG(i),qlrLOG=  3.370723684210500E-004  7.879917482065868E-009
   
  read in nr points=         510
  rmax=   42.0600097649035       in Ang units.
 L =           1   JJ: NO FF Transform now
   
  Begin Next L value.......................
  L=           2
   
  Use one of the QL data files output from gncpp
  the files are ppkb0.dat or ppkb1.dat or ....
  UPDATE: This program was updated June 25, 1992
  We now read in eV-A units of everything from
  gncpp.f --- No conversions need to be made here!
  vkb2.dat                      
   
  we read in ql(r) in atomic units.
  We now convert to eV,A.
  rLOG(i),qlrLOG=  3.289473684210500E-004  0.000000000000000E+000
  rLOG(i),qlrLOG=  3.370723684210500E-004  0.000000000000000E+000
   
  read in nr points=         510
  rmax=   42.0600097649035       in Ang units.
 L =           2   JJ: NO FF Transform now
   
  Welcome to mk_pseudoFile.x
  This writes out the final XXX.pp file.
  E.g. 014.pp etc.
   
  Read lmax,L_loc, and L-values from lmaxNlloc.dat
           4           0   1.000000    
  The OUTPUT file:
  It will have a name like 014.pp (Si), 003.pp (Li)
  The output file is:019.pp                        
 nshells =            2
  reading V_local (r):
  ic=       10000
  isafe=         849
  A very close approximation to Z is   1.000002    
  rsafe=   3.567045    
  alpha=   1.121376    
  Reading and saving V_NL(l) (SR)
 L=0 Npoint=  710
 L=1 Npoint=  710
  Reading V^(KB) information
  Reading and saving V^KB(l) (SR)
 L=0 Npoint=  690 cl=     0.5274451
 L=1 Npoint=  700 cl=     0.6830118
   
  *******************************************
   
  Done with mk_pseudoFile.x
  The OUTPUT file:
  The output file is:019.pp                        
   
  *******************************************
