l_loc = 
 Call psgen
./psgen - done: output
createPP.log
ncpp.aep
ncpp.cpi
ncpp.dat
ncpp.fc
ncpp.ini
pseudo0.dat
pseudo1.dat
pseudo2.dat
xv.ncpp.ae_wfct.agr
xv.ncpp.density.agr
xv.ncpp.ps_ae_wfct.agr
xv.ncpp.pspot_i.agr
xv.ncpp.pspot_s.agr
xv.ncpp.unscreen.agr
 Call pswatch
#info ./pswatch ncpp 13:18:46 Nov 11 2011 lewis

fhi pseudopotential tool pslp - version rev270603B

               chemical symbol  S       
                nuclear charge  16.00
   number of valence electrons   6.00
      number of valence states   2
    exchange-correlation model   3  LDA CA Perdew/Zunger 1980               
        parameters radial mesh   501    1.024700  0.390625E-03
  input pseudopotentials up to   d

          === pseudo atom (Hartree a.u.) ===

<        n     l   occupation  eigenvalue(eV)  potential energy
<  1     1     0      2.0000      -17.2849        -3.55632
<  2     2     1      4.0000       -7.1126        -3.23810

                  total energy     -10.07514
                kinetic energy       3.64582
  ionic pseudopotential energy     -20.06505
                hartree energy       8.38182
                     xc energy      -2.03773
        local potential energy     -22.37175
           xc potential energy      -2.66034
    integrated valence density       6.00000
          number of iterations            23   convergence  0.0E+00
                  y range plot        -9   3   3

 pslp - pseudoatom done - now testing

 --- assuming scalar-relativistic all-electron atom ---

 --- d component taken as local potential ---
 --- input wavefunctions used for kb potentials ---

 --- kb potentials: spectrum of bound states (eV) ---

            l          e0            e1            e2
  Write vkb L=           0  to vkb0.dat                                . [a.u.]
 call klbyii
 end call klbyii
semilocal   0      -17.2849       -0.2943        0.0000
 call klbyii
 end call klbyii
nonlocal    0      -17.2849       -0.2966        0.0000
  Write vkb L=           1  to vkb1.dat                                . [a.u.]
 call klbyii
 end call klbyii
semilocal   1       -7.1126        0.0000        0.0000
 call klbyii
 end call klbyii
nonlocal    1       -7.1126        0.0000        0.0000
  Write vkb L=           2  to vkb2.dat                                . [a.u.]

 --- analysis of kb potentials: s waves  ---

 * no ghost (ekb > 0, eloc0 < eref < eloc1)

                     kb cosine        0.3582
                     kb energy      125.7602 eV      ekb
   local potential groundstate      -80.7932 eV    eloc0
        dto. 1st excited state       -4.9344 eV    eloc1
              reference energy      -17.2849 eV     eref

 --- analysis of kb potentials: p waves  ---

 * no ghost (ekb > 0, eloc0 < eref < eloc1)

                     kb cosine        0.3249
                     kb energy       72.2254 eV      ekb
   local potential groundstate      -29.1459 eV    eloc0
        dto. 1st excited state       -0.0411 eV    eloc1
              reference energy       -7.1126 eV     eref

 --- logarithmic derivatives: at radius = 2.5503 ---

 --- nonlocal potentials ---
 --- all-electron potential ---
 --- semilocal potentials ---

 --- kinetic energy convergence in momentum space ---

     l  n  bracket   cutoff    norm   kinet. energy
            (eV)      (Ry)               (Hartree)
ck   0     1.0E+00     13   0.995614   0.399068E+00
ck   0     1.0E-01     22   0.999760   0.430004E+00
ck   0     1.0E-02     55   0.999988   0.433206E+00
ck   0     1.0E-03     71   0.999999   0.433529E+00
cx   0  1                   1.000000   0.433563E+00

ck   1     1.0E+00      6   0.989321   0.661002E+00
ck   1     1.0E-01     11   0.999546   0.691063E+00
ck   1     1.0E-02     34   0.999982   0.694342E+00
ck   1     1.0E-03     44   0.999999   0.694638E+00
cx   1  2                   1.000000   0.694674E+00

 --- coulomb tail of pseudopotentials ---
     Tolerance 1.0E-03 is met for
     l= 1 at radii >   1.644
     l= 2 at radii >   1.726
     l= 3 at radii >   1.857

 --- done & exiting ---
./pswatch - done: output
createPP.log
xv.ncpp.lder_sd.agr
qlclATOMIC.dat
vkb0.dat
vkb1.dat
vkb2.dat
lmaxNlloc.dat
 Call linear
  This code is to transform the output of psgen into
  a linear grid format.
  Ready to open ncpp.ini
 16.00   3   2   3   0.00
   0   0   2.00
   0   0   2.00
   0   1   6.00
   0   0   2.00
   0   1   4.00
 Lmax =           2
 PP =  
  get lmax and L_loc from lmaxNlloc.dat
  lmax=           2  L_loc=           2
           0  pseudo0.dat                   vpplinear0.dat                
 psilinear0.dat                
           1  pseudo1.dat                   vpplinear1.dat                
 psilinear1.dat                
           2  pseudo2.dat                   vpplinear2.dat                
 psilinear2.dat                
 	First: local part vpplinear_loc.dat   
   read from foutl(l_loc)=pseudo2.dat                   
  Ready to open 21
   
  read in nr points=         502
  rmax=   41.0893336030021       in Ang units.
  Ready to open 22
  Ready to open 23
  
 	Second: non-local part 
   
  
  L value=           0
 		vpplinear0.dat                
  Ready to open New 21
   
  read in nr points=         502
  rmax=   41.0893336030021       in Ang units.
  Ready to open 12
  
  L value=           1
 		vpplinear1.dat                
  Ready to open New 21
   
  read in nr points=         502
  rmax=   41.0893336030021       in Ang units.
  Ready to open 12
  
  L value=           2
  This is local. We set vnl=0
 		vpplinear2.dat                
  Ready to open New 21
   
  read in nr points=         502
  rmax=   41.0893336030021       in Ang units.
  Ready to open 12
   
  Done with linear. Bye now.
   
   
                       WELCOME
  PROGRAM QLG grid: Bessel transform of NON-LOCAL separable QL potential
   
  
  cl(L)=   1.68604250000000       1/Hartree
  cl(L)=   3.56986550000000       1/Hartree
  cl(L)=  0.000000000000000E+000  1/Hartree
   LOK=           2
  We read in to L=           2
  Now convert to 1/eV and write to qlcl.dat
  cl(L)=  6.196044459261447E-002
  cl(L)=  0.131189132845605     
  cl(L)=  0.000000000000000E+000
  
   
  Begin Next L value.......................
  L=           0
   
  Use one of the QL data files output from gncpp
  the files are ppkb0.dat or ppkb1.dat or ....
  UPDATE: This program was updated June 25, 1992
  We now read in eV-A units of everything from
  gncpp.f --- No conversions need to be made here!
  vkb0.dat                      
   
  we read in ql(r) in atomic units.
  We now convert to eV,A.
  rLOG(i),qlrLOG=  3.906250000000000E-004  1.052696635026708E-003
  rLOG(i),qlrLOG=  4.002734375000000E-004  1.078698344511864E-003
   
  read in nr points=         502
  rmax=   41.0893336030021       in Ang units.
 L =           0   JJ: NO FF Transform now
   
  Begin Next L value.......................
  L=           1
   
  Use one of the QL data files output from gncpp
  the files are ppkb0.dat or ppkb1.dat or ....
  UPDATE: This program was updated June 25, 1992
  We now read in eV-A units of everything from
  gncpp.f --- No conversions need to be made here!
  vkb1.dat                      
   
  we read in ql(r) in atomic units.
  We now convert to eV,A.
  rLOG(i),qlrLOG=  3.906250000000000E-004  4.331882264080439E-007
  rLOG(i),qlrLOG=  4.002734375000000E-004  4.548520597512970E-007
   
  read in nr points=         502
  rmax=   41.0893336030021       in Ang units.
 L =           1   JJ: NO FF Transform now
   
  Begin Next L value.......................
  L=           2
   
  Use one of the QL data files output from gncpp
  the files are ppkb0.dat or ppkb1.dat or ....
  UPDATE: This program was updated June 25, 1992
  We now read in eV-A units of everything from
  gncpp.f --- No conversions need to be made here!
  vkb2.dat                      
   
  we read in ql(r) in atomic units.
  We now convert to eV,A.
  rLOG(i),qlrLOG=  3.906250000000000E-004  0.000000000000000E+000
  rLOG(i),qlrLOG=  4.002734375000000E-004  0.000000000000000E+000
   
  read in nr points=         502
  rmax=   41.0893336030021       in Ang units.
 L =           2   JJ: NO FF Transform now
   
  Welcome to mk_pseudoFile.x
  This writes out the final XXX.pp file.
  E.g. 014.pp etc.
   
  Read lmax,L_loc, and L-values from lmaxNlloc.dat
           3           0   2.000000    
           3           1   4.000000    
  The OUTPUT file:
  It will have a name like 014.pp (Si), 003.pp (Li)
  The output file is:016.pp                        
 nshells =            2
  reading V_local (r):
  ic=       10000
  isafe=         339
  A very close approximation to Z is   6.000004    
  rsafe=   1.388958    
  alpha=   2.879856    
  Reading and saving V_NL(l) (SR)
 L=0 Npoint=  300
 L=1 Npoint=  300
  Reading V^(KB) information
  Reading and saving V^KB(l) (SR)
 L=0 Npoint=  300 cl=     0.0619604
 L=1 Npoint=  300 cl=     0.1311891
   
  *******************************************
   
  Done with mk_pseudoFile.x
  The OUTPUT file:
  The output file is:016.pp                        
   
  *******************************************
