l_loc = 
 Call psgen
./psgen - done: output
createPP.log
ncpp.aep
ncpp.cpi
ncpp.dat
ncpp.fc
ncpp.ini
pseudo0.dat
pseudo1.dat
pseudo2.dat
xv.ncpp.ae_wfct.agr
xv.ncpp.density.agr
xv.ncpp.ps_ae_wfct.agr
xv.ncpp.pspot_i.agr
xv.ncpp.pspot_s.agr
xv.ncpp.unscreen.agr
 Call pswatch
#info ./pswatch ncpp 14:49:11 Feb 19 2016 lewis

fhi pseudopotential tool pslp - version rev270603B

               chemical symbol  Sn      
                nuclear charge  50.00
   number of valence electrons   4.00
      number of valence states   2
    exchange-correlation model   3  LDA CA Perdew/Zunger 1980               
        parameters radial mesh   547    1.024700  0.125000E-03
  input pseudopotentials up to   d

          === pseudo atom (Hartree a.u.) ===

<        n     l   occupation  eigenvalue(eV)  potential energy
<  1     1     0      2.0000      -10.8150        -1.72414
<  2     2     1      2.0000       -3.8737        -1.37274

                  total energy      -3.40734
                kinetic energy       1.06501
  ionic pseudopotential energy      -6.19376
                hartree energy       2.59024
                     xc energy      -0.86883
        local potential energy      -5.71856
           xc potential energy      -1.13131
    integrated valence density       4.00000
          number of iterations            17   convergence  0.0E+00
                  y range plot        -3   4   1

 pslp - pseudoatom done - now testing

 --- assuming scalar-relativistic all-electron atom ---

 --- d component taken as local potential ---
 --- input wavefunctions used for kb potentials ---

 --- kb potentials: spectrum of bound states (eV) ---

            l          e0            e1            e2
  Write vkb L=           0  to vkb0.dat                                . [a.u.]
 call klbyii
 end call klbyii
semilocal   0      -10.8150       -0.3808        0.0000
 call klbyii
 end call klbyii
nonlocal    0      -10.8150       -0.3809        0.0000
  Write vkb L=           1  to vkb1.dat                                . [a.u.]
 call klbyii
 end call klbyii
semilocal   1       -3.8736        0.0000        0.0000
 call klbyii
 end call klbyii
nonlocal    1       -3.8736        0.0000        0.0000
  Write vkb L=           2  to vkb2.dat                                . [a.u.]

 --- analysis of kb potentials: s waves  ---

 * no ghost (ekb < 0, eref < eloc0)

                     kb cosine       -0.4161
                     kb energy      -26.7022 eV      ekb
   local potential groundstate       -7.5409 eV    eloc0
        dto. 1st excited state       -0.3388 eV    eloc1
              reference energy      -10.8150 eV     eref

 --- analysis of kb potentials: p waves  ---

 & dftseq - no bound state found (iter): e=>0 n l           3           1
 note: for the local potential no bound excited p state
       is found, the ghost state analysis will assume
       a zero 1st excited state energy (variable eloc1)

 * no ghost (ekb < 0, eref < eloc0)

                     kb cosine       -0.5566
                     kb energy       -5.9471 eV      ekb
   local potential groundstate       -2.3556 eV    eloc0
        dto. 1st excited state        0.0000 eV    eloc1
              reference energy       -3.8737 eV     eref

 --- logarithmic derivatives: at radius = 3.5281 ---

 --- nonlocal potentials ---
 --- all-electron potential ---
 --- semilocal potentials ---

 --- kinetic energy convergence in momentum space ---

     l  n  bracket   cutoff    norm   kinet. energy
            (eV)      (Ry)               (Hartree)
ck   0     1.0E+00      6   0.989849   0.214332E+00
ck   0     1.0E-01     10   0.999481   0.245286E+00
ck   0     1.0E-02     25   0.999976   0.248437E+00
ck   0     1.0E-03     31   0.999998   0.248732E+00
cx   0  1                   1.000000   0.248767E+00

ck   1     1.0E+00      2   0.957359   0.247921E+00
ck   1     1.0E-01      7   0.999180   0.280257E+00
ck   1     1.0E-02     12   0.999945   0.283380E+00
ck   1     1.0E-03     20   0.999997   0.283703E+00
cx   1  2                   1.000000   0.283740E+00

 --- coulomb tail of pseudopotentials ---
     Tolerance 1.0E-03 is met for
     l= 1 at radii >   3.705
     l= 2 at radii >   3.705
     l= 3 at radii >   3.796

 --- done & exiting ---
./pswatch - done: output
createPP.log
xv.ncpp.lder_sd.agr
qlclATOMIC.dat
vkb2.dat
vkb1.dat
vkb0.dat
lmaxNlloc.dat
 Call linear
  This code is to transform the output of psgen into
  a linear grid format.
  Ready to open ncpp.ini
 50.00   9   2   3   0.00
   0   0   2.00
   0   0   2.00
   0   1   6.00
   0   0   2.00
   0   1   6.00
   0   2  10.00
   0   0   2.00
   0   1   6.00
   0   2  10.00
   0   0   2.00
   0   1   2.00
 Lmax =           2
 PP =  
  get lmax and L_loc from lmaxNlloc.dat
  lmax=           2  L_loc=           2
           0  pseudo0.dat                   vpplinear0.dat                
 psilinear0.dat                
           1  pseudo1.dat                   vpplinear1.dat                
 psilinear1.dat                
           2  pseudo2.dat                   vpplinear2.dat                
 psilinear2.dat                
 	First: local part vpplinear_loc.dat   
   read from foutl(l_loc)=pseudo2.dat                   
  Ready to open 21
   
  read in nr points=         548
  rmax=   40.3951236307641       in Ang units.
  Ready to open 22
  Ready to open 23
  
 	Second: non-local part 
   
  
  L value=           0
 		vpplinear0.dat                
  Ready to open New 21
   
  read in nr points=         548
  rmax=   40.3951236307641       in Ang units.
  Ready to open 12
  
  L value=           1
 		vpplinear1.dat                
  Ready to open New 21
   
  read in nr points=         548
  rmax=   40.3951236307641       in Ang units.
  Ready to open 12
  
  L value=           2
  This is local. We set vnl=0
 		vpplinear2.dat                
  Ready to open New 21
   
  read in nr points=         548
  rmax=   40.3951236307641       in Ang units.
  Ready to open 12
   
  Done with linear. Bye now.
   
   
                       WELCOME
  PROGRAM QLG grid: Bessel transform of NON-LOCAL separable QL potential
   
  
  cl(L)=  -5.88627290000000       1/Hartree
  cl(L)=  -14.7679284000000       1/Hartree
  cl(L)=  0.000000000000000E+000  1/Hartree
   LOK=           2
  We read in to L=           2
  Now convert to 1/eV and write to qlcl.dat
  cl(L)= -0.216314882855834     
  cl(L)= -0.542707203036636     
  cl(L)=  0.000000000000000E+000
  
   
  Begin Next L value.......................
  L=           0
   
  Use one of the QL data files output from gncpp
  the files are ppkb0.dat or ppkb1.dat or ....
  UPDATE: This program was updated June 25, 1992
  We now read in eV-A units of everything from
  gncpp.f --- No conversions need to be made here!
  vkb0.dat                      
   
  we read in ql(r) in atomic units.
  We now convert to eV,A.
  rLOG(i),qlrLOG=  1.250000000000000E-004  6.561490011999765E-005
  rLOG(i),qlrLOG=  1.280875000000000E-004  6.723559004509993E-005
   
  read in nr points=         548
  rmax=   40.3951236307641       in Ang units.
 L =           0   JJ: NO FF Transform now
   
  Begin Next L value.......................
  L=           1
   
  Use one of the QL data files output from gncpp
  the files are ppkb0.dat or ppkb1.dat or ....
  UPDATE: This program was updated June 25, 1992
  We now read in eV-A units of everything from
  gncpp.f --- No conversions need to be made here!
  vkb1.dat                      
   
  we read in ql(r) in atomic units.
  We now convert to eV,A.
  rLOG(i),qlrLOG=  1.250000000000000E-004  2.540870709779438E-009
  rLOG(i),qlrLOG=  1.280875000000000E-004  2.667939953629827E-009
   
  read in nr points=         548
  rmax=   40.3951236307641       in Ang units.
 L =           1   JJ: NO FF Transform now
   
  Begin Next L value.......................
  L=           2
   
  Use one of the QL data files output from gncpp
  the files are ppkb0.dat or ppkb1.dat or ....
  UPDATE: This program was updated June 25, 1992
  We now read in eV-A units of everything from
  gncpp.f --- No conversions need to be made here!
  vkb2.dat                      
   
  we read in ql(r) in atomic units.
  We now convert to eV,A.
  rLOG(i),qlrLOG=  1.250000000000000E-004  0.000000000000000E+000
  rLOG(i),qlrLOG=  1.280875000000000E-004  0.000000000000000E+000
   
  read in nr points=         548
  rmax=   40.3951236307641       in Ang units.
 L =           2   JJ: NO FF Transform now
   
  Welcome to mk_pseudoFile.x
  This writes out the final XXX.pp file.
  E.g. 014.pp etc.
   
  Read lmax,L_loc, and L-values from lmaxNlloc.dat
           5           0   2.000000    
           5           1   2.000000    
  The OUTPUT file:
  It will have a name like 014.pp (Si), 003.pp (Li)
  The output file is:050.pp                        
 nshells =            2
  reading V_local (r):
  ic=       10000
  isafe=         866
  A very close approximation to Z is   4.000011    
  rsafe=   3.494527    
  alpha=   1.144647    
  Reading and saving V_NL(l) (SR)
 L=0 Npoint=  660
 L=1 Npoint=  660
  Reading V^(KB) information
  Reading and saving V^KB(l) (SR)
 L=0 Npoint=  630 cl=    -0.2163149
 L=1 Npoint=  640 cl=    -0.5427072
   
  *******************************************
   
  Done with mk_pseudoFile.x
  The OUTPUT file:
  The output file is:050.pp                        
   
  *******************************************
