l_loc = 0
 Call psgen
./psgen - done: output
createPP.log
ncpp.aep
ncpp.cpi
ncpp.dat
ncpp.fc
ncpp.ini
pseudo0.dat
pseudo1.dat
pseudo2.dat
xv.ncpp.ae_wfct.agr
xv.ncpp.density.agr
xv.ncpp.ps_ae_wfct.agr
xv.ncpp.pspot_i.agr
xv.ncpp.pspot_s.agr
xv.ncpp.unscreen.agr
 Call pswatch
#info ./pswatch ncpp 10:47:39 Aug 09 2012 lewis

fhi pseudopotential tool pslp - version rev270603B

               chemical symbol  Au      
                nuclear charge  79.00
   number of valence electrons  11.00
      number of valence states   3
    exchange-correlation model   9  GGA X Becke C Lee/Yang/Parr             
        parameters radial mesh   567    1.024700  0.791139E-04
  input pseudopotentials up to   d

          === pseudo atom (Hartree a.u.) ===

<        n     l   occupation  eigenvalue(eV)  potential energy
<  1     3     2     10.0000       -6.7656        -7.86805
<  2     1     0      1.0000       -5.7758        -4.11791
<  3     2     1      0.0000       -0.8414         0.00000

                  total energy     -32.81654
                kinetic energy      23.47192
  ionic pseudopotential energy     -82.79842
                hartree energy      31.62003
                     xc energy      -5.11008
        local potential energy     -57.01521
           xc potential energy      -6.61213
    integrated valence density      11.00000
          number of iterations            37   convergence  0.0E+00
                  y range plot       -17   1   4

 pslp - pseudoatom done - now testing

 --- assuming scalar-relativistic all-electron atom ---

 --- s component taken as local potential ---
 --- input wavefunctions used for kb potentials ---

 --- kb potentials: spectrum of bound states (eV) ---

            l          e0            e1            e2
  Write vkb L=           0  to vkb0.dat                                . [a.u.]
  Write vkb L=           1  to vkb1.dat                                . [a.u.]
 call klbyii
 end call klbyii
semilocal   1       -0.8311        0.0000        0.0000
 call klbyii
 end call klbyii
nonlocal    1       -0.8335        0.0000        0.0000
  Write vkb L=           2  to vkb2.dat                                . [a.u.]
 call klbyii
 end call klbyii
semilocal   2       -6.7656        0.0000        0.0000
 call klbyii
 end call klbyii
nonlocal    2       -6.7656        0.0000        0.0000

 --- analysis of kb potentials: p waves  ---

 & dftseq - no bound state found (iter): e=>0 n l           3           1
 note: for the local potential no bound excited p state
       is found, the ghost state analysis will assume
       a zero 1st excited state energy (variable eloc1)

 * no ghost (ekb > 0, eloc0 < eref < eloc1)

                     kb cosine        0.6934
                     kb energy       11.3804 eV      ekb
   local potential groundstate       -1.7211 eV    eloc0
        dto. 1st excited state        0.0000 eV    eloc1
              reference energy       -0.8414 eV     eref

 --- analysis of kb potentials: d waves  ---

 & dftseq - no bound state found (iter): e=>0 n l           3           2
 note: for the local potential no bound d state is
       found, the ghost state analysis will assume
       a zero groundstate energy (variable eloc0)

 & dftseq - no bound state found (iter): e=>0 n l           4           2
 note: for the local potential no bound excited d state
       is found, the ghost state analysis will assume
       a zero 1st excited state energy (variable eloc1)

 * no ghost (ekb < 0, eref < eloc0)

                     kb cosine       -0.7055
                     kb energy     -140.9458 eV      ekb
   local potential groundstate        0.0000 eV    eloc0
        dto. 1st excited state        0.0000 eV    eloc1
              reference energy       -6.7656 eV     eref

 --- logarithmic derivatives: at radius = 3.2994 ---

 --- nonlocal potentials ---
 --- all-electron potential ---
 --- semilocal potentials ---

 --- kinetic energy convergence in momentum space ---

     l  n  bracket   cutoff    norm   kinet. energy
            (eV)      (Ry)               (Hartree)
ck   0     1.0E+00      3   0.983741   0.128091E+00
ck   0     1.0E-01      7   0.999412   0.159804E+00
ck   0     1.0E-02     19   0.999973   0.162856E+00
ck   0     1.0E-03     35   0.999998   0.163135E+00
cx   0  1                   1.000000   0.163169E+00

ck   2     1.0E+00     21   0.996438   0.229620E+01
ck   2     1.0E-01     29   0.999744   0.232748E+01
ck   2     1.0E-02     35   0.999982   0.233057E+01
ck   2     1.0E-03     55   0.999999   0.233084E+01
cx   2  3                   1.000000   0.233088E+01

 --- coulomb tail of pseudopotentials ---
     Tolerance 1.0E-03 is met for
     l= 1 at radii >   2.920
     l= 2 at radii >   2.920
     l= 3 at radii >   2.920

 --- done & exiting ---
./pswatch - done: output
createPP.log
xv.ncpp.lder_sd.agr
qlclATOMIC.dat
vkb2.dat
vkb0.dat
vkb1.dat
 Call linear
  This code is to transform the output of psgen into
  a linear grid format.
  Ready to open ncpp.ini
 79.00  12   3   9   0.00
   0   0   2.00
   0   0   2.00
   0   1   6.00
   0   0   2.00
   0   1   6.00
   0   2  10.00
   0   0   2.00
   0   1   6.00
   0   2  10.00
   0   3  14.00
   0   0   2.00
   0   1   6.00
   0   2  10.00
   0   0   1.00
   0   1   0.00
 Lmax =           2
 PP =  
  get lmax and L_loc from lmaxNlloc.dat
  lmax=           2  L_loc=           0
           0  pseudo0.dat                   vpplinear0.dat                
 psilinear0.dat                
           1  pseudo1.dat                   vpplinear1.dat                
 psilinear1.dat                
           2  pseudo2.dat                   vpplinear2.dat                
 psilinear2.dat                
 	First: local part vpplinear_loc.dat   
   read from foutl(l_loc)=pseudo0.dat                   
  Ready to open 21
   
  read in nr points=         568
  rmax=   41.6491918434098       in Ang units.
  Ready to open 22
  Ready to open 23
  
 	Second: non-local part 
   
  
  L value=           0
  This is local. We set vnl=0
 		vpplinear0.dat                
  Ready to open New 21
   
  read in nr points=         568
  rmax=   41.6491918434098       in Ang units.
  Ready to open 12
  
  L value=           1
 		vpplinear1.dat                
  Ready to open New 21
   
  read in nr points=         568
  rmax=   41.6491918434098       in Ang units.
  Ready to open 12
  
  L value=           2
 		vpplinear2.dat                
  Ready to open New 21
   
  read in nr points=         568
  rmax=   41.6491918434098       in Ang units.
  Ready to open 12
   
  Done with linear. Bye now.
   
   
                       WELCOME
  PROGRAM QLG grid: Bessel transform of NON-LOCAL separable QL potential
   
  
  cl(L)=  0.000000000000000E+000  1/Hartree
  cl(L)=   4.97256740000000       1/Hartree
  cl(L)= -0.387849500000000       1/Hartree
   LOK=           2
  We read in to L=           2
  Now convert to 1/eV and write to qlcl.dat
  cl(L)=  0.000000000000000E+000
  cl(L)=  0.182737082173635     
  cl(L)= -1.425309709276203E-002
  
   
  Begin Next L value.......................
  L=           0
   
  Use one of the QL data files output from gncpp
  the files are ppkb0.dat or ppkb1.dat or ....
  UPDATE: This program was updated June 25, 1992
  We now read in eV-A units of everything from
  gncpp.f --- No conversions need to be made here!
  vkb0.dat                      
   
  we read in ql(r) in atomic units.
  We now convert to eV,A.
  rLOG(i),qlrLOG=  7.911392405063299E-005  0.000000000000000E+000
  rLOG(i),qlrLOG=  8.106803797468400E-005  0.000000000000000E+000
   
  read in nr points=         568
  rmax=   41.6491918434098       in Ang units.
 L =           0   JJ: NO FF Transform now
   
  Begin Next L value.......................
  L=           1
   
  Use one of the QL data files output from gncpp
  the files are ppkb0.dat or ppkb1.dat or ....
  UPDATE: This program was updated June 25, 1992
  We now read in eV-A units of everything from
  gncpp.f --- No conversions need to be made here!
  vkb1.dat                      
   
  we read in ql(r) in atomic units.
  We now convert to eV,A.
  rLOG(i),qlrLOG=  7.911392405063299E-005 -6.914359379169202E-010
  rLOG(i),qlrLOG=  8.106803797468400E-005 -7.260147114013881E-010
   
  read in nr points=         568
  rmax=   41.6491918434098       in Ang units.
 L =           1   JJ: NO FF Transform now
   
  Begin Next L value.......................
  L=           2
   
  Use one of the QL data files output from gncpp
  the files are ppkb0.dat or ppkb1.dat or ....
  UPDATE: This program was updated June 25, 1992
  We now read in eV-A units of everything from
  gncpp.f --- No conversions need to be made here!
  vkb2.dat                      
   
  we read in ql(r) in atomic units.
  We now convert to eV,A.
  rLOG(i),qlrLOG=  7.911392405063299E-005 -8.579966244245334E-012
  rLOG(i),qlrLOG=  8.106803797468400E-005 -9.231574691186862E-012
   
  read in nr points=         568
  rmax=   41.6491918434098       in Ang units.
 L =           2   JJ: NO FF Transform now
   
  Welcome to mk_pseudoFile.x
  This writes out the final XXX.pp file.
  E.g. 014.pp etc.
   
  Read lmax,L_loc, and L-values from lmaxNlloc.dat
           5           2   10.00000    
           6           0   1.000000    
           6           1  0.0000000E+00
  The OUTPUT file:
  It will have a name like 014.pp (Si), 003.pp (Li)
  The output file is:079.pp                        
 nshells =            2
  reading V_local (r):
  ic=       10000
  isafe=         642
  A very close approximation to Z is   11.00002    
  rsafe=   2.669980    
  alpha=   1.498139    
  Reading and saving V_NL(l) (SR)
 L=1 Npoint=  360
 L=2 Npoint=  340
  Reading V^(KB) information
  Reading and saving V^KB(l) (SR)
 L=1 Npoint=  360 cl=     0.1827371
 L=2 Npoint=  340 cl=    -0.0142531
   
  *******************************************
   
  Done with mk_pseudoFile.x
  The OUTPUT file:
  The output file is:079.pp                        
   
  *******************************************
