l_loc = 
 Call psgen
./psgen - done: output
createPP.log
ncpp.aep
ncpp.cpi
ncpp.dat
ncpp.fc
ncpp.ini
pseudo0.dat
pseudo1.dat
pseudo2.dat
xv.ncpp.ae_wfct.agr
xv.ncpp.density.agr
xv.ncpp.ps_ae_wfct.agr
xv.ncpp.pspot_i.agr
xv.ncpp.pspot_s.agr
xv.ncpp.unscreen.agr
 Call pswatch
#info ./pswatch ncpp 11:12:08 Jul 09 2011 lewis

fhi pseudopotential tool pslp - version rev270603B

               chemical symbol  O       
                nuclear charge   8.00
   number of valence electrons   4.00
      number of valence states   2
    exchange-correlation model   9  GGA X Becke C Lee/Yang/Parr             
        parameters radial mesh   473    1.024700  0.781250E-03
  input pseudopotentials up to   d

          === pseudo atom (Hartree a.u.) ===

<        n     l   occupation  eigenvalue(eV)  potential energy
<  1     1     0      1.5000      -58.0937        -5.96778
<  2     2     1      2.5000      -43.1134        -7.89624

                  total energy     -13.68981
                kinetic energy      10.07431
  ionic pseudopotential energy     -28.69228
                hartree energy       7.17854
                     xc energy      -2.25038
        local potential energy     -28.88012
           xc potential energy      -2.90239
    integrated valence density       4.00000
          number of iterations            19   convergence  0.0E+00
                  y range plot       -46   1  11

 pslp - pseudoatom done - now testing

 --- assuming scalar-relativistic all-electron atom ---

 --- d component taken as local potential ---
 --- input wavefunctions used for kb potentials ---

 --- kb potentials: spectrum of bound states (eV) ---

            l          e0            e1            e2
  Write vkb L=           0  to vkb0.dat                                . [a.u.]
 call klbyii
 end call klbyii
semilocal   0      -58.0937      -14.9367       -6.2797
 call klbyii
 end call klbyii
nonlocal    0      -58.0937      -14.9431       -6.2823
  Write vkb L=           1  to vkb1.dat                                . [a.u.]
 call klbyii
 end call klbyii
semilocal   1      -43.1123      -11.7707       -5.2879
 call klbyii
 end call klbyii
nonlocal    1      -43.1123      -11.7721       -5.2885
  Write vkb L=           2  to vkb2.dat                                . [a.u.]

 --- analysis of kb potentials: s waves  ---

 * no ghost (ekb > 0, eloc0 < eref < eloc1)

                     kb cosine        0.3252
                     kb energy      229.9443 eV      ekb
   local potential groundstate     -127.5747 eV    eloc0
        dto. 1st excited state      -23.3553 eV    eloc1
              reference energy      -58.0937 eV     eref

 --- analysis of kb potentials: p waves  ---

 * no ghost (ekb < 0, eref < eloc0)

                     kb cosine       -0.1771
                     kb energy     -399.8284 eV      ekb
   local potential groundstate      -36.5569 eV    eloc0
        dto. 1st excited state      -10.7014 eV    eloc1
              reference energy      -43.1134 eV     eref

 --- logarithmic derivatives: at radius = 1.8304 ---

 --- nonlocal potentials ---
 --- all-electron potential ---
 --- semilocal potentials ---

 --- kinetic energy convergence in momentum space ---

     l  n  bracket   cutoff    norm   kinet. energy
            (eV)      (Ry)               (Hartree)
ck   0     1.0E+00     41   0.998590   0.969935E+00
ck   0     1.0E-01     69   0.999919   0.100155E+01
ck   0     1.0E-02    166   0.999996   0.100482E+01
ck   0     1.0E-03      0 < 0.999999   0.100511E+01
 & kinkon - bracket not met for cutoff < ekmx =         200  Ry
cx   0  1                   1.000000   0.100518E+01

ck   1     1.0E+00    118   0.999498   0.339057E+01
ck   1     1.0E-01      0 < 0.999964   0.342225E+01
 & kinkon - bracket not met for cutoff < ekmx =         200  Ry
cx   1  2                   1.000000   0.342662E+01

 --- coulomb tail of pseudopotentials ---
     Tolerance 1.0E-03 is met for
     l= 1 at radii >  78.424
     l= 2 at radii >  78.424
     l= 3 at radii >  78.424

 --- done & exiting ---
./pswatch - done: output
createPP.log
xv.ncpp.lder_sd.agr
 Call linear
  This code is to transform the output of psgen into
  a linear grid format.
  Ready to open ncpp.ini
  8.00   1   2   9   0.00
   0   0   2.00
   0   0   1.50
   0   1   2.50
 Lmax =           2
 PP =  
  get lmax and L_loc from lmaxNlloc.dat
  lmax=           2  L_loc=           2
           0  pseudo0.dat                   vpplinear0.dat                
 psilinear0.dat                
           1  pseudo1.dat                   vpplinear1.dat                
 psilinear1.dat                
           2  pseudo2.dat                   vpplinear2.dat                
 psilinear2.dat                
 	First: local part vpplinear_loc.dat   
   read from foutl(l_loc)=pseudo2.dat                   
  Ready to open 21
   
  read in nr points=         474
  rmax=   41.5002277129200       in Ang units.
  Ready to open 22
  Ready to open 23
  
 	Second: non-local part 
   
  
  L value=           0
 		vpplinear0.dat                
  Ready to open New 21
   
  read in nr points=         474
  rmax=   41.5002277129200       in Ang units.
  Ready to open 12
  
  L value=           1
 		vpplinear1.dat                
  Ready to open New 21
   
  read in nr points=         474
  rmax=   41.5002277129200       in Ang units.
  Ready to open 12
  
  L value=           2
  This is local. We set vnl=0
 		vpplinear2.dat                
  Ready to open New 21
   
  read in nr points=         474
  rmax=   41.5002277129200       in Ang units.
  Ready to open 12
   
  Done with linear. Bye now.
   
   
                       WELCOME
  PROGRAM QLG grid: Bessel transform of NON-LOCAL separable QL potential
   
  
  cl(L)=   1.11919410000000       1/Hartree
  cl(L)=  -2.16936490000000       1/Hartree
  cl(L)=  0.000000000000000E+000  1/Hartree
   LOK=           2
  We read in to L=           2
  Now convert to 1/eV and write to qlcl.dat
  cl(L)=  4.112930962382681E-002
  cl(L)= -7.972207918104829E-002
  cl(L)=  0.000000000000000E+000
  
   
  Begin Next L value.......................
  L=           0
   
  Use one of the QL data files output from gncpp
  the files are ppkb0.dat or ppkb1.dat or ....
  UPDATE: This program was updated June 25, 1992
  We now read in eV-A units of everything from
  gncpp.f --- No conversions need to be made here!
  vkb0.dat                      
   
  we read in ql(r) in atomic units.
  We now convert to eV,A.
  rLOG(i),qlrLOG=  7.812500000000000E-004  1.035537500240449E-002
  rLOG(i),qlrLOG=  8.005468750000000E-004  1.061116641872860E-002
   
  read in nr points=         474
  rmax=   41.5002277129200       in Ang units.
 L =           0   JJ: NO FF Transform now
   
  Begin Next L value.......................
  L=           1
   
  Use one of the QL data files output from gncpp
  the files are ppkb0.dat or ppkb1.dat or ....
  UPDATE: This program was updated June 25, 1992
  We now read in eV-A units of everything from
  gncpp.f --- No conversions need to be made here!
  vkb1.dat                      
   
  we read in ql(r) in atomic units.
  We now convert to eV,A.
  rLOG(i),qlrLOG=  7.812500000000000E-004 -8.416550784950667E-005
  rLOG(i),qlrLOG=  8.005468750000000E-004 -8.837489975502028E-005
   
  read in nr points=         474
  rmax=   41.5002277129200       in Ang units.
 L =           1   JJ: NO FF Transform now
   
  Begin Next L value.......................
  L=           2
   
  Use one of the QL data files output from gncpp
  the files are ppkb0.dat or ppkb1.dat or ....
  UPDATE: This program was updated June 25, 1992
  We now read in eV-A units of everything from
  gncpp.f --- No conversions need to be made here!
  vkb2.dat                      
   
  we read in ql(r) in atomic units.
  We now convert to eV,A.
  rLOG(i),qlrLOG=  7.812500000000000E-004  0.000000000000000E+000
  rLOG(i),qlrLOG=  8.005468750000000E-004  0.000000000000000E+000
   
  read in nr points=         474
  rmax=   41.5002277129200       in Ang units.
 L =           2   JJ: NO FF Transform now
   
  Welcome to mk_pseudoFile.x
  This writes out the final XXX.pp file.
  E.g. 014.pp etc.
   
  Read lmax,L_loc, and L-values from lmaxNlloc.dat
           2           0   1.500000    
           2           1   2.500000    
  The OUTPUT file:
  It will have a name like 014.pp (Si), 003.pp (Li)
  The output file is:008.pp                        
 nshells =            2
  reading V_local (r):
  ic=       10000
  isafe=         159
  A very close approximation to Z is   6.000003    
  rsafe=  0.6557691    
  alpha=   6.099708    
  Reading and saving V_NL(l) (SR)
 L=0 Npoint=  160
 L=1 Npoint=  160
  Reading V^(KB) information
  Reading and saving V^KB(l) (SR)
 L=0 Npoint=  160 cl=     0.0411293
 L=1 Npoint=  160 cl=    -0.0797221
   
  *******************************************
   
  Done with mk_pseudoFile.x
  The OUTPUT file:
  The output file is:008.pp                        
   
  *******************************************
