l_loc = 
 Call psgen
./psgen - done: output
 Call pswatch
#info ./pswatch ncpp 13:56:31 Feb 19 2011 lewis

fhi pseudopotential tool pslp - version rev270603B

               chemical symbol  Si      
                nuclear charge  14.00
   number of valence electrons   4.00
      number of valence states   2
    exchange-correlation model   3  LDA CA Perdew/Zunger 1980               
        parameters radial mesh   495    1.024700  0.446429E-03
  input pseudopotentials up to   d

          === pseudo atom (Hartree a.u.) ===

<        n     l   occupation  eigenvalue(eV)  potential energy
<  1     1     0      2.0000      -10.8849        -1.87853
<  2     2     1      2.0000       -4.1691        -1.62787

                  total energy      -3.75064
                kinetic energy       1.29086
  ionic pseudopotential energy      -7.01279
                hartree energy       2.93652
                     xc energy      -0.96523
        local potential energy      -7.89583
           xc potential energy      -1.25755
    integrated valence density       4.00000
          number of iterations            19   convergence  0.0E+00
                  y range plot        -5   2   1

 pslp - pseudoatom done - now testing

 --- assuming scalar-relativistic all-electron atom ---

 --- d component taken as local potential ---
 --- input wavefunctions used for kb potentials ---

 --- kb potentials: spectrum of bound states (eV) ---

            l          e0            e1            e2
  Write vkb L=           0  to vkb0.dat                                . [a.u.]
 call klbyii
 end call klbyii
semilocal   0      -10.8849       -0.3013        0.0000
 call klbyii
 end call klbyii
nonlocal    0      -10.8849       -0.3025        0.0000
  Write vkb L=           1  to vkb1.dat                                . [a.u.]
 call klbyii
 end call klbyii
semilocal   1       -4.1690        0.0000        0.0000
 call klbyii
 end call klbyii
nonlocal    1       -4.1690        0.0000        0.0000
  Write vkb L=           2  to vkb2.dat                                . [a.u.]

 --- analysis of kb potentials: s waves  ---

 * no ghost (ekb > 0, eloc0 < eref < eloc1)

                     kb cosine        0.3708
                     kb energy       62.4362 eV      ekb
   local potential groundstate      -38.6940 eV    eloc0
        dto. 1st excited state       -2.6180 eV    eloc1
              reference energy      -10.8849 eV     eref

 --- analysis of kb potentials: p waves  ---

 * no ghost (ekb > 0, eloc0 < eref < eloc1)

                     kb cosine        0.3264
                     kb energy       32.1955 eV      ekb
   local potential groundstate      -12.5390 eV    eloc0
        dto. 1st excited state       -0.0573 eV    eloc1
              reference energy       -4.1691 eV     eref

 --- logarithmic derivatives: at radius = 2.7758 ---

 --- nonlocal potentials ---
 --- all-electron potential ---
 --- semilocal potentials ---

 --- kinetic energy convergence in momentum space ---

     l  n  bracket   cutoff    norm   kinet. energy
            (eV)      (Ry)               (Hartree)
ck   0     1.0E+00      6   0.990873   0.224164E+00
ck   0     1.0E-01     13   0.999602   0.257678E+00
ck   0     1.0E-02     32   0.999981   0.260527E+00
ck   0     1.0E-03     43   0.999999   0.260838E+00
cx   0  1                   1.000000   0.260873E+00

ck   1     1.0E+00      3   0.975413   0.349293E+00
ck   1     1.0E-01      5   0.998891   0.381279E+00
ck   1     1.0E-02     15   0.999960   0.384215E+00
ck   1     1.0E-03     23   0.999997   0.384523E+00
cx   1  2                   1.000000   0.384557E+00

 --- coulomb tail of pseudopotentials ---
     Tolerance 1.0E-03 is met for
     l= 1 at radii >   2.071
     l= 2 at radii >   1.925
     l= 3 at radii >   2.457

 --- done & exiting ---
./pswatch - done: output
 Call linear
  This code is to transform the output of psgen into
  a linear grid format.
  Ready to open ncpp.ini
 14.00   3   2   3   0.00
   0   0   2.00
   0   0   2.00
   0   1   6.00
   0   0   2.00
   0   1   2.00
 Lmax =           2
 PP =  
  get lmax and L_loc from lmaxNlloc.dat
  lmax=           2  L_loc=           2
           0  pseudo0.dat                   vpplinear0.dat                
 psilinear0.dat                
           1  pseudo1.dat                   vpplinear1.dat                
 psilinear1.dat                
           2  pseudo2.dat                   vpplinear2.dat                
 psilinear2.dat                
 	First: local part vpplinear_loc.dat   
   read from foutl(l_loc)=pseudo2.dat                   
  Ready to open 21
   
  read in nr points=         496
  rmax=   40.5639863182726       in Ang units.
  Ready to open 22
  Ready to open 23
  
 	Second: non-local part 
   
  
  L value=           0
 		vpplinear0.dat                
  Ready to open New 21
   
  read in nr points=         496
  rmax=   40.5639863182726       in Ang units.
  Ready to open 12
  
  L value=           1
 		vpplinear1.dat                
  Ready to open New 21
   
  read in nr points=         496
  rmax=   40.5639863182726       in Ang units.
  Ready to open 12
  
  L value=           2
  This is local. We set vnl=0
 		vpplinear2.dat                
  Ready to open New 21
   
  read in nr points=         496
  rmax=   40.5639863182726       in Ang units.
  Ready to open 12
   
  Done with linear. Bye now.
   
   
                       WELCOME
  PROGRAM QLG grid: Bessel transform of NON-LOCAL separable QL potential
   
  
  cl(L)=   3.16949480000000       1/Hartree
  cl(L)=   7.93571420000000       1/Hartree
  cl(L)=  0.000000000000000E+000  1/Hartree
   LOK=           2
  We read in to L=           2
  Now convert to 1/eV and write to qlcl.dat
  cl(L)=  0.116475893663404     
  cl(L)=  0.291629884769763     
  cl(L)=  0.000000000000000E+000
  
   
  Begin Next L value.......................
  L=           0
   
  Use one of the QL data files output from gncpp
  the files are ppkb0.dat or ppkb1.dat or ....
  UPDATE: This program was updated June 25, 1992
  We now read in eV-A units of everything from
  gncpp.f --- No conversions need to be made here!
  vkb0.dat                      
   
  we read in ql(r) in atomic units.
  We now convert to eV,A.
  rLOG(i),qlrLOG=  4.464285714285700E-004  4.875269696555069E-004
  rLOG(i),qlrLOG=  4.574553571428600E-004  4.995689527403889E-004
   
  read in nr points=         496
  rmax=   40.5639863182726       in Ang units.
 L =           0   JJ: NO FF Transform now
   
  Begin Next L value.......................
  L=           1
   
  Use one of the QL data files output from gncpp
  the files are ppkb0.dat or ppkb1.dat or ....
  UPDATE: This program was updated June 25, 1992
  We now read in eV-A units of everything from
  gncpp.f --- No conversions need to be made here!
  vkb1.dat                      
   
  we read in ql(r) in atomic units.
  We now convert to eV,A.
  rLOG(i),qlrLOG=  4.464285714285700E-004  1.172534470266972E-007
  rLOG(i),qlrLOG=  4.574553571428600E-004  1.231173198230774E-007
   
  read in nr points=         496
  rmax=   40.5639863182726       in Ang units.
 L =           1   JJ: NO FF Transform now
   
  Begin Next L value.......................
  L=           2
   
  Use one of the QL data files output from gncpp
  the files are ppkb0.dat or ppkb1.dat or ....
  UPDATE: This program was updated June 25, 1992
  We now read in eV-A units of everything from
  gncpp.f --- No conversions need to be made here!
  vkb2.dat                      
   
  we read in ql(r) in atomic units.
  We now convert to eV,A.
  rLOG(i),qlrLOG=  4.464285714285700E-004  0.000000000000000E+000
  rLOG(i),qlrLOG=  4.574553571428600E-004  0.000000000000000E+000
   
  read in nr points=         496
  rmax=   40.5639863182726       in Ang units.
 L =           2   JJ: NO FF Transform now
   
  Welcome to mk_pseudoFile.x
  This writes out the final XXX.pp file.
  E.g. 014.pp etc.
   
  Read lmax,L_loc, and L-values from lmaxNlloc.dat
           3           0   2.000000    
           3           1   2.000000    
  The OUTPUT file:
  It will have a name like 014.pp (Si), 003.pp (Li)
  The output file is:014.pp                        
 nshells =            2
  reading V_local (r):
  ic=       10000
  isafe=         372
  A very close approximation to Z is   4.000033    
  rsafe=   1.505074    
  alpha=   2.657676    
  Reading and saving V_NL(l) (SR)
 L=0 Npoint=  410
 L=1 Npoint=  410
  Reading V^(KB) information
  Reading and saving V^KB(l) (SR)
 L=0 Npoint=  400 cl=     0.1164759
 L=1 Npoint=  400 cl=     0.2916299
   
  *******************************************
   
  Done with mk_pseudoFile.x
  The OUTPUT file:
  The output file is:014.pp                        
   
  *******************************************
