l_loc = 2
 Call psgen
./psgen - done: output
 Call pswatch
#info ./pswatch ncpp 14:38:18 Feb 17 2011 lewis

fhi pseudopotential tool pslp - version rev270603B

               chemical symbol  O       
                nuclear charge   8.00
   number of valence electrons   6.00
      number of valence states   2
    exchange-correlation model   3  LDA CA Perdew/Zunger 1980               
        parameters radial mesh   473    1.024700  0.781250E-03
  input pseudopotentials up to   d

          === pseudo atom (Hartree a.u.) ===

<        n     l   occupation  eigenvalue(eV)  potential energy
<  1     1     0      2.0000      -23.7541        -5.61352
<  2     2     1      4.0000       -9.1993        -6.68015

                  total energy     -15.76003
                kinetic energy      11.69986
  ionic pseudopotential energy     -37.94765
                hartree energy      13.64085
                     xc energy      -3.15309
        local potential energy     -38.00416
           xc potential energy      -4.13205
    integrated valence density       6.00000
          number of iterations            19   convergence  0.0E+00
                  y range plot       -29   1   7

 pslp - pseudoatom done - now testing

 --- assuming scalar-relativistic all-electron atom ---

 --- d component taken as local potential ---
 --- input wavefunctions used for kb potentials ---

 --- kb potentials: spectrum of bound states (eV) ---

            l          e0            e1            e2
  Write vkb L=           0  to vkb0.dat                                . [a.u.]
 call klbyii
 end call klbyii
semilocal   0      -23.7540       -0.0324        0.0000
 call klbyii
 end call klbyii
nonlocal    0      -23.7541       -0.0326        0.0000
  Write vkb L=           1  to vkb1.dat                                . [a.u.]
 call klbyii
 end call klbyii
semilocal   1       -9.1985        0.0000        0.0000
 call klbyii
 end call klbyii
nonlocal    1       -9.1985        0.0000        0.0000
  Write vkb L=           2  to vkb2.dat                                . [a.u.]

 --- analysis of kb potentials: s waves  ---

 * no ghost (ekb > 0, eloc0 < eref < eloc1)

                     kb cosine        0.3097
                     kb energy      204.8734 eV      ekb
   local potential groundstate      -82.6185 eV    eloc0
        dto. 1st excited state       -1.8137 eV    eloc1
              reference energy      -23.7541 eV     eref

 --- analysis of kb potentials: p waves  ---

 & dftseq - no bound state found (iter): e=>0 n l           3           1
 note: for the local potential no bound excited p state
       is found, the ghost state analysis will assume
       a zero 1st excited state energy (variable eloc1)

 * no ghost (ekb < 0, eref < eloc0)

                     kb cosine       -0.1635
                     kb energy     -353.1748 eV      ekb
   local potential groundstate       -4.7754 eV    eloc0
        dto. 1st excited state        0.0000 eV    eloc1
              reference energy       -9.1993 eV     eref

 --- logarithmic derivatives: at radius = 1.8304 ---

 --- nonlocal potentials ---
 --- all-electron potential ---
 --- semilocal potentials ---

 --- kinetic energy convergence in momentum space ---

     l  n  bracket   cutoff    norm   kinet. energy
            (eV)      (Ry)               (Hartree)
ck   0     1.0E+00     34   0.998296   0.769278E+00
ck   0     1.0E-01     62   0.999908   0.802119E+00
ck   0     1.0E-02    149   0.999996   0.805359E+00
ck   0     1.0E-03    195   1.000000   0.805689E+00
cx   0  1                   1.000000   0.805724E+00

ck   1     1.0E+00     95   0.999386   0.248616E+01
ck   1     1.0E-01    170   0.999966   0.251854E+01
ck   1     1.0E-02      0 < 0.999989   0.252054E+01
 & kinkon - bracket not met for cutoff < ekmx =         200  Ry
cx   1  2                   1.000000   0.252210E+01

 --- coulomb tail of pseudopotentials ---
     Tolerance 1.0E-03 is met for
     l= 1 at radii >   1.019
     l= 2 at radii >   0.818
     l= 3 at radii >   0.995

 --- done & exiting ---
./pswatch - done: output
 Call linear
  This code is to transform the output of psgen into
  a linear grid format.
  Ready to open ncpp.ini
  8.00   1   2   3   0.00
   0   0   2.00
   0   0   2.00
   0   1   4.00
 Lmax =           2
 PP =  
  get lmax and L_loc from lmaxNlloc.dat
  lmax=           2  L_loc=           2
           0  pseudo0.dat                   vpplinear0.dat                
 psilinear0.dat                
           1  pseudo1.dat                   vpplinear1.dat                
 psilinear1.dat                
           2  pseudo2.dat                   vpplinear2.dat                
 psilinear2.dat                
 	First: local part vpplinear_loc.dat   
   read from foutl(l_loc)=pseudo2.dat                   
  Ready to open 21
   
  read in nr points=         474
  rmax=   41.5002277129200       in Ang units.
  Ready to open 22
  Ready to open 23
  
 	Second: non-local part 
   
  
  L value=           0
 		vpplinear0.dat                
  Ready to open New 21
   
  read in nr points=         474
  rmax=   41.5002277129200       in Ang units.
  Ready to open 12
  
  L value=           1
 		vpplinear1.dat                
  Ready to open New 21
   
  read in nr points=         474
  rmax=   41.5002277129200       in Ang units.
  Ready to open 12
  
  L value=           2
  This is local. We set vnl=0
 		vpplinear2.dat                
  Ready to open New 21
   
  read in nr points=         474
  rmax=   41.5002277129200       in Ang units.
  Ready to open 12
   
  Done with linear. Bye now.
   
   
                       WELCOME
  PROGRAM QLG grid: Bessel transform of NON-LOCAL separable QL potential
   
  
  cl(L)=   1.38473600000000       1/Hartree
  cl(L)=  -2.88224930000000       1/Hartree
  cl(L)=  0.000000000000000E+000  1/Hartree
   LOK=           2
  We read in to L=           2
  Now convert to 1/eV and write to qlcl.dat
  cl(L)=  5.088771973624542E-002
  cl(L)= -0.105919897069470     
  cl(L)=  0.000000000000000E+000
  
   
  Begin Next L value.......................
  L=           0
   
  Use one of the QL data files output from gncpp
  the files are ppkb0.dat or ppkb1.dat or ....
  UPDATE: This program was updated June 25, 1992
  We now read in eV-A units of everything from
  gncpp.f --- No conversions need to be made here!
  vkb0.dat                      
   
  we read in ql(r) in atomic units.
  We now convert to eV,A.
  rLOG(i),qlrLOG=  7.812500000000000E-004  8.168856634602144E-003
  rLOG(i),qlrLOG=  8.005468750000000E-004  8.370639566120058E-003
   
  read in nr points=         474
  rmax=   41.5002277129200       in Ang units.
 L =           0   JJ: NO FF Transform now
   
  Begin Next L value.......................
  L=           1
   
  Use one of the QL data files output from gncpp
  the files are ppkb0.dat or ppkb1.dat or ....
  UPDATE: This program was updated June 25, 1992
  We now read in eV-A units of everything from
  gncpp.f --- No conversions need to be made here!
  vkb1.dat                      
   
  we read in ql(r) in atomic units.
  We now convert to eV,A.
  rLOG(i),qlrLOG=  7.812500000000000E-004 -5.601737594084111E-005
  rLOG(i),qlrLOG=  8.005468750000000E-004 -5.881896700160790E-005
   
  read in nr points=         474
  rmax=   41.5002277129200       in Ang units.
 L =           1   JJ: NO FF Transform now
   
  Begin Next L value.......................
  L=           2
   
  Use one of the QL data files output from gncpp
  the files are ppkb0.dat or ppkb1.dat or ....
  UPDATE: This program was updated June 25, 1992
  We now read in eV-A units of everything from
  gncpp.f --- No conversions need to be made here!
  vkb2.dat                      
   
  we read in ql(r) in atomic units.
  We now convert to eV,A.
  rLOG(i),qlrLOG=  7.812500000000000E-004  0.000000000000000E+000
  rLOG(i),qlrLOG=  8.005468750000000E-004  0.000000000000000E+000
   
  read in nr points=         474
  rmax=   41.5002277129200       in Ang units.
 L =           2   JJ: NO FF Transform now
   
  Welcome to mk_pseudoFile.x
  This writes out the final XXX.pp file.
  E.g. 014.pp etc.
   
  Read lmax,L_loc, and L-values from lmaxNlloc.dat
           2           0   2.000000    
           2           1   4.000000    
  The OUTPUT file:
  It will have a name like 014.pp (Si), 003.pp (Li)
  The output file is:008.pp                        
 nshells =            2
  reading V_local (r):
  ic=       10000
  isafe=         147
  A very close approximation to Z is   6.000010    
  rsafe=  0.6059639    
  alpha=   6.601053    
  Reading and saving V_NL(l) (SR)
 L=0 Npoint=  170
 L=1 Npoint=  160
  Reading V^(KB) information
  Reading and saving V^KB(l) (SR)
 L=0 Npoint=  170 cl=     0.0508877
 L=1 Npoint=  160 cl=    -0.1059199
   
  *******************************************
   
  Done with mk_pseudoFile.x
  The OUTPUT file:
  The output file is:008.pp                        
   
  *******************************************
