l_loc = 
 Call psgen
./psgen - done: output
createPP.log
ncpp.aep
ncpp.cpi
ncpp.dat
ncpp.fc
ncpp.ini
pseudo0.dat
pseudo1.dat
pseudo2.dat
xv.ncpp.ae_wfct.agr
xv.ncpp.density.agr
xv.ncpp.ps_ae_wfct.agr
xv.ncpp.pspot_i.agr
xv.ncpp.pspot_s.agr
xv.ncpp.unscreen.agr
 Call pswatch
#info ./pswatch ncpp 14:20:40 Jun 20 2012 lewis

fhi pseudopotential tool pslp - version rev270603B

               chemical symbol  I       
                nuclear charge  53.00
   number of valence electrons   7.00
      number of valence states   2
    exchange-correlation model   3  LDA CA Perdew/Zunger 1980               
        parameters radial mesh   551    1.024700  0.117925E-03
  input pseudopotentials up to   d

          === pseudo atom (Hartree a.u.) ===

<        n     l   occupation  eigenvalue(eV)  potential energy
<  1     1     0      2.0000      -17.6551        -3.53202
<  2     2     1      5.0000       -7.2449        -2.99672

                  total energy     -11.48036
                kinetic energy       3.20345
  ionic pseudopotential energy     -22.04763
                hartree energy       9.50299
                     xc energy      -2.13917
        local potential energy     -21.08821
           xc potential energy      -2.79064
    integrated valence density       7.00000
          number of iterations            22   convergence  0.0E+00
                  y range plot        -5   3   2

 pslp - pseudoatom done - now testing

 --- assuming scalar-relativistic all-electron atom ---
 & pslp - warning: grid from unit fort.37 incompatible

 --- d component taken as local potential ---
 --- input wavefunctions used for kb potentials ---

 --- kb potentials: spectrum of bound states (eV) ---

            l          e0            e1            e2
  Write vkb L=           0  to vkb0.dat                                . [a.u.]
 call klbyii
 end call klbyii
semilocal   0      -17.6551       -0.4721        0.0000
 call klbyii
 end call klbyii
nonlocal    0      -17.6551       -0.5574        0.0000
  Write vkb L=           1  to vkb1.dat                                . [a.u.]
 call klbyii
 end call klbyii
semilocal   1       -7.2450        0.0000        0.0000
 call klbyii
 end call klbyii
nonlocal    1       -7.2450        0.0000        0.0000
  Write vkb L=           2  to vkb2.dat                                . [a.u.]

 --- analysis of kb potentials: s waves  ---

 * no ghost (ekb < 0, eref < eloc0)

                     kb cosine       -0.3419
                     kb energy      -53.6047 eV      ekb
   local potential groundstate      -14.2878 eV    eloc0
        dto. 1st excited state       -0.5781 eV    eloc1
              reference energy      -17.6551 eV     eref

 --- analysis of kb potentials: p waves  ---

 & dftseq - no bound state found (iter): e=>0 n l           3           1
 note: for the local potential no bound excited p state
       is found, the ghost state analysis will assume
       a zero 1st excited state energy (variable eloc1)

 * no ghost (ekb < 0, eref < eloc0)

                     kb cosine       -0.3742
                     kb energy      -19.3897 eV      ekb
   local potential groundstate       -5.0114 eV    eloc0
        dto. 1st excited state        0.0000 eV    eloc1
              reference energy       -7.2449 eV     eref

 --- logarithmic derivatives: at radius = 3.3284 ---

 --- nonlocal potentials ---
 --- all-electron potential ---
 --- semilocal potentials ---

 --- kinetic energy convergence in momentum space ---

     l  n  bracket   cutoff    norm   kinet. energy
            (eV)      (Ry)               (Hartree)
ck   0     1.0E+00      9   0.993643   0.362261E+00
ck   0     1.0E-01     27   0.999767   0.394739E+00
ck   0     1.0E-02     39   0.999985   0.398014E+00
ck   0     1.0E-03     71   0.999999   0.398337E+00
cx   0  1                   1.000000   0.398371E+00

ck   1     1.0E+00      3   0.984154   0.446020E+00
ck   1     1.0E-01     15   0.999586   0.477958E+00
ck   1     1.0E-02     21   0.999973   0.480995E+00
ck   1     1.0E-03     40   0.999998   0.481306E+00
cx   1  2                   1.000000   0.481341E+00

 --- coulomb tail of pseudopotentials ---
     Tolerance 1.0E-03 is met for
     l= 1 at radii >   2.806
     l= 2 at radii >   2.806
     l= 3 at radii >   3.328

 --- done & exiting ---
./pswatch - done: output
createPP.log
xv.ncpp.lder_sd.agr
qlclATOMIC.dat
vkb2.dat
vkb0.dat
vkb1.dat
 Call linear
  This code is to transform the output of psgen into
  a linear grid format.
  Ready to open ncpp.ini
 53.00   9   2   3   0.00
   0   0   2.00
   0   0   2.00
   0   1   6.00
   0   0   2.00
   0   1   6.00
   0   2  10.00
   0   0   2.00
   0   1   6.00
   0   2  10.00
   0   0   2.00
   0   1   5.00
 Lmax =           2
 PP =  
  get lmax and L_loc from lmaxNlloc.dat
  lmax=           2  L_loc=           2
           0  pseudo0.dat                   vpplinear0.dat                
 psilinear0.dat                
           1  pseudo1.dat                   vpplinear1.dat                
 psilinear1.dat                
           2  pseudo2.dat                   vpplinear2.dat                
 psilinear2.dat                
 	First: local part vpplinear_loc.dat   
   read from foutl(l_loc)=pseudo2.dat                   
  Ready to open 21
   
  read in nr points=         552
  rmax=   42.0155469238722       in Ang units.
  Ready to open 22
  Ready to open 23
  
 	Second: non-local part 
   
  
  L value=           0
 		vpplinear0.dat                
  Ready to open New 21
   
  read in nr points=         552
  rmax=   42.0155469238722       in Ang units.
  Ready to open 12
  
  L value=           1
 		vpplinear1.dat                
  Ready to open New 21
   
  read in nr points=         552
  rmax=   42.0155469238722       in Ang units.
  Ready to open 12
  
  L value=           2
  This is local. We set vnl=0
 		vpplinear2.dat                
  Ready to open New 21
   
  read in nr points=         552
  rmax=   42.0155469238722       in Ang units.
  Ready to open 12
   
  Done with linear. Bye now.
   
   
                       WELCOME
  PROGRAM QLG grid: Bessel transform of NON-LOCAL separable QL potential
   
  
  cl(L)=  -4.34230990000000       1/Hartree
  cl(L)=  -10.0233318000000       1/Hartree
  cl(L)=  0.000000000000000E+000  1/Hartree
   LOK=           2
  We read in to L=           2
  Now convert to 1/eV and write to qlcl.dat
  cl(L)= -0.159575723603000     
  cl(L)= -0.368347829089297     
  cl(L)=  0.000000000000000E+000
  
   
  Begin Next L value.......................
  L=           0
   
  Use one of the QL data files output from gncpp
  the files are ppkb0.dat or ppkb1.dat or ....
  UPDATE: This program was updated June 25, 1992
  We now read in eV-A units of everything from
  gncpp.f --- No conversions need to be made here!
  vkb0.dat                      
   
  we read in ql(r) in atomic units.
  We now convert to eV,A.
  rLOG(i),qlrLOG=  1.179245283018900E-004  8.971468688848176E-005
  rLOG(i),qlrLOG=  1.208372641509400E-004  9.193063810991085E-005
   
  read in nr points=         552
  rmax=   42.0155469238722       in Ang units.
 L =           0   JJ: NO FF Transform now
   
  Begin Next L value.......................
  L=           1
   
  Use one of the QL data files output from gncpp
  the files are ppkb0.dat or ppkb1.dat or ....
  UPDATE: This program was updated June 25, 1992
  We now read in eV-A units of everything from
  gncpp.f --- No conversions need to be made here!
  vkb1.dat                      
   
  we read in ql(r) in atomic units.
  We now convert to eV,A.
  rLOG(i),qlrLOG=  1.179245283018900E-004  1.003671257674489E-008
  rLOG(i),qlrLOG=  1.208372641509400E-004  1.053864951267395E-008
   
  read in nr points=         552
  rmax=   42.0155469238722       in Ang units.
 L =           1   JJ: NO FF Transform now
   
  Begin Next L value.......................
  L=           2
   
  Use one of the QL data files output from gncpp
  the files are ppkb0.dat or ppkb1.dat or ....
  UPDATE: This program was updated June 25, 1992
  We now read in eV-A units of everything from
  gncpp.f --- No conversions need to be made here!
  vkb2.dat                      
   
  we read in ql(r) in atomic units.
  We now convert to eV,A.
  rLOG(i),qlrLOG=  1.179245283018900E-004  0.000000000000000E+000
  rLOG(i),qlrLOG=  1.208372641509400E-004  0.000000000000000E+000
   
  read in nr points=         552
  rmax=   42.0155469238722       in Ang units.
 L =           2   JJ: NO FF Transform now
   
  Welcome to mk_pseudoFile.x
  This writes out the final XXX.pp file.
  E.g. 014.pp etc.
   
  Read lmax,L_loc, and L-values from lmaxNlloc.dat
           5           0   2.000000    
           5           1   5.000000    
  The OUTPUT file:
  It will have a name like 014.pp (Si), 003.pp (Li)
  The output file is:053.pp                        
 nshells =            2
  reading V_local (r):
  ic=       10000
  isafe=         505
  A very close approximation to Z is   7.000061    
  rsafe=   2.117795    
  alpha=   1.888757    
  Reading and saving V_NL(l) (SR)
 L=0 Npoint=  560
 L=1 Npoint=  560
  Reading V^(KB) information
  Reading and saving V^KB(l) (SR)
 L=0 Npoint=  540 cl=    -0.1595757
 L=1 Npoint=  540 cl=    -0.3683478
   
  *******************************************
   
  Done with mk_pseudoFile.x
  The OUTPUT file:
  The output file is:053.pp                        
   
  *******************************************
