l_loc = 0
 Call psgen
./psgen - done: output
createPP.log
ncpp.aep
ncpp.cpi
ncpp.dat
ncpp.fc
ncpp.ini
pseudo0.dat
pseudo1.dat
pseudo2.dat
xv.ncpp.ae_wfct.agr
xv.ncpp.density.agr
xv.ncpp.ps_ae_wfct.agr
xv.ncpp.pspot_i.agr
xv.ncpp.pspot_s.agr
xv.ncpp.unscreen.agr
 Call pswatch
#info ./pswatch ncpp 19:37:10 Mar 05 2012  lewis

fhi pseudopotential tool pslp - version rev270603B

               chemical symbol  Cd      
                nuclear charge  48.00
   number of valence electrons  11.00
      number of valence states   3
    exchange-correlation model   3  LDA CA Perdew/Zunger 1980               
        parameters radial mesh   547    1.024700  0.130208E-03
  input pseudopotentials up to   d

          === pseudo atom (Hartree a.u.) ===

<        n     l   occupation  eigenvalue(eV)  potential energy
<  1     3     2      9.0000      -24.7508       -10.75793
<  2     1     0      2.0000      -14.9565        -4.98154
<  3     2     1      0.0000       -8.6036         0.00000

                  total energy     -44.11031
                kinetic energy      31.84687
  ionic pseudopotential energy    -106.78448
                hartree energy      36.62476
                     xc energy      -5.79746
        local potential energy     -68.48075
           xc potential energy      -7.59730
    integrated valence density      11.00000
          number of iterations            23   convergence  0.0E+00
                  y range plot       -18   1   4

 pslp - pseudoatom done - now testing

 --- assuming scalar-relativistic all-electron atom ---

 --- s component taken as local potential ---
 --- input wavefunctions used for kb potentials ---

 --- kb potentials: spectrum of bound states (eV) ---

            l          e0            e1            e2
  Write vkb L=           0  to vkb0.dat                                . [a.u.]
  Write vkb L=           1  to vkb1.dat                                . [a.u.]
 call klbyii
 end call klbyii
semilocal   1       -8.6036       -2.1635        0.0000
 call klbyii
 end call klbyii
nonlocal    1       -8.6036       -2.1633        0.0000
  Write vkb L=           2  to vkb2.dat                                . [a.u.]
 call klbyii
 end call klbyii
semilocal   2      -24.7508       -2.4393       -0.1118
 call klbyii
 end call klbyii
nonlocal    2      -24.7508       -2.4725       -0.1396

 --- analysis of kb potentials: p waves  ---

 * no ghost (ekb > 0, eloc0 < eref < eloc1)

                     kb cosine        0.2939
                     kb energy       10.1520 eV      ekb
   local potential groundstate       -9.6210 eV    eloc0
        dto. 1st excited state       -2.3949 eV    eloc1
              reference energy       -8.6036 eV     eref

 --- analysis of kb potentials: d waves  ---

 * no ghost (ekb < 0, eref < eloc0)

                     kb cosine       -0.7968
                     kb energy     -182.4072 eV      ekb
   local potential groundstate       -3.2858 eV    eloc0
        dto. 1st excited state       -1.2246 eV    eloc1
              reference energy      -24.7508 eV     eref

 --- logarithmic derivatives: at radius = 3.6751 ---

 --- nonlocal potentials ---
 --- all-electron potential ---
 --- semilocal potentials ---

 --- kinetic energy convergence in momentum space ---

     l  n  bracket   cutoff    norm   kinet. energy
            (eV)      (Ry)               (Hartree)
ck   0     1.0E+00      4   0.986829   0.178995E+00
ck   0     1.0E-01      8   0.999446   0.209341E+00
ck   0     1.0E-02     21   0.999973   0.212605E+00
ck   0     1.0E-03     37   0.999998   0.212901E+00
cx   0  1                   1.000000   0.212936E+00

ck   2     1.0E+00     29   0.997381   0.345837E+01
ck   2     1.0E-01     37   0.999809   0.348802E+01
ck   2     1.0E-02     44   0.999984   0.349087E+01
ck   2     1.0E-03     76   0.999999   0.349119E+01
cx   2  3                   1.000000   0.349122E+01

 --- coulomb tail of pseudopotentials ---
     Tolerance 1.0E-03 is met for
     l= 1 at radii >  79.516
     l= 2 at radii >  79.516
     l= 3 at radii >  79.516

 --- done & exiting ---
./pswatch - done: output
createPP.log
xv.ncpp.lder_sd.agr
qlclATOMIC.dat
vkb0.dat
vkb1.dat
vkb2.dat
lmaxNlloc.dat
 Call linear
  This code is to transform the output of psgen into
  a linear grid format.
  Ready to open ncpp.ini
 48.00   8   3   3   0.00
   0   0   2.00
   0   0   2.00
   0   1   6.00
   0   0   2.00
   0   1   6.00
   0   2  10.00
   0   0   2.00
   0   1   6.00
   0   2   9.00
   0   0   2.00
   0   1   0.00
 Lmax =           2
 PP =  
  get lmax and L_loc from lmaxNlloc.dat
  lmax=           2  L_loc=           0
           0  pseudo0.dat                   vpplinear0.dat                
 psilinear0.dat                
           1  pseudo1.dat                   vpplinear1.dat                
 psilinear1.dat                
           2  pseudo2.dat                   vpplinear2.dat                
 psilinear2.dat                
 	First: local part vpplinear_loc.dat   
   read from foutl(l_loc)=pseudo0.dat                   
  Ready to open 21
   
  read in nr points=         548
  rmax=   42.0782537820461       in Ang units.
  Ready to open 22
  Ready to open 23
  
 	Second: non-local part 
   
  
  L value=           0
  This is local. We set vnl=0
 		vpplinear0.dat                
  Ready to open New 21
   
  read in nr points=         548
  rmax=   42.0782537820461       in Ang units.
  Ready to open 12
  
  L value=           1
 		vpplinear1.dat                
  Ready to open New 21
   
  read in nr points=         548
  rmax=   42.0782537820461       in Ang units.
  Ready to open 12
  
  L value=           2
 		vpplinear2.dat                
  Ready to open New 21
   
  read in nr points=         548
  rmax=   42.0782537820461       in Ang units.
  Ready to open 12
   
  Done with linear. Bye now.
   
   
                       WELCOME
  PROGRAM QLG grid: Bessel transform of NON-LOCAL separable QL potential
   
  
  cl(L)=  0.000000000000000E+000  1/Hartree
  cl(L)=   31.0346030000000       1/Hartree
  cl(L)= -0.234964100000000       1/Hartree
   LOK=           2
  We read in to L=           2
  Now convert to 1/eV and write to qlcl.dat
  cl(L)=  0.000000000000000E+000
  cl(L)=   1.14049189129888     
  cl(L)= -8.634705293196064E-003
  
   
  Begin Next L value.......................
  L=           0
   
  Use one of the QL data files output from gncpp
  the files are ppkb0.dat or ppkb1.dat or ....
  UPDATE: This program was updated June 25, 1992
  We now read in eV-A units of everything from
  gncpp.f --- No conversions need to be made here!
  vkb0.dat                      
   
  we read in ql(r) in atomic units.
  We now convert to eV,A.
  rLOG(i),qlrLOG=  1.302083333333300E-004  0.000000000000000E+000
  rLOG(i),qlrLOG=  1.334244791666700E-004  0.000000000000000E+000
   
  read in nr points=         548
  rmax=   42.0782537820461       in Ang units.
 L =           0   JJ: NO FF Transform now
   
  Begin Next L value.......................
  L=           1
   
  Use one of the QL data files output from gncpp
  the files are ppkb0.dat or ppkb1.dat or ....
  UPDATE: This program was updated June 25, 1992
  We now read in eV-A units of everything from
  gncpp.f --- No conversions need to be made here!
  vkb1.dat                      
   
  we read in ql(r) in atomic units.
  We now convert to eV,A.
  rLOG(i),qlrLOG=  1.302083333333300E-004 -1.974761712877241E-009
  rLOG(i),qlrLOG=  1.334244791666700E-004 -2.073519723866764E-009
   
  read in nr points=         548
  rmax=   42.0782537820461       in Ang units.
 L =           1   JJ: NO FF Transform now
   
  Begin Next L value.......................
  L=           2
   
  Use one of the QL data files output from gncpp
  the files are ppkb0.dat or ppkb1.dat or ....
  UPDATE: This program was updated June 25, 1992
  We now read in eV-A units of everything from
  gncpp.f --- No conversions need to be made here!
  vkb2.dat                      
   
  we read in ql(r) in atomic units.
  We now convert to eV,A.
  rLOG(i),qlrLOG=  1.302083333333300E-004 -7.870145218588476E-011
  rLOG(i),qlrLOG=  1.334244791666700E-004 -8.467846066949025E-011
   
  read in nr points=         548
  rmax=   42.0782537820461       in Ang units.
 L =           2   JJ: NO FF Transform now
   
  Welcome to mk_pseudoFile.x
  This writes out the final XXX.pp file.
  E.g. 014.pp etc.
   
  Read lmax,L_loc, and L-values from lmaxNlloc.dat
           4           2   9.000000    
           5           0   2.000000    
           5           1  0.0000000E+00
  The OUTPUT file:
  It will have a name like 014.pp (Si), 003.pp (Li)
  The output file is:048.pp                        
 nshells =            2
  reading V_local (r):
  ic=       10000
  isafe=         539
  A very close approximation to Z is   12.00001    
  rsafe=   2.264036    
  alpha=   1.766756    
  Reading and saving V_NL(l) (SR)
 L=1 Npoint=  330
 L=2 Npoint=  330
  Reading V^(KB) information
  Reading and saving V^KB(l) (SR)
 L=1 Npoint=  330 cl=     1.1404918
 L=2 Npoint=  330 cl=    -0.0086347
   
  *******************************************
   
  Done with mk_pseudoFile.x
  The OUTPUT file:
  The output file is:048.pp                        
   
  *******************************************
