l_loc = 
 Call psgen
./psgen - done: output
createPP.log
ncpp.aep
ncpp.cpi
ncpp.dat
ncpp.fc
ncpp.ini
pseudo0.dat
pseudo1.dat
pseudo2.dat
xv.ncpp.ae_wfct.agr
xv.ncpp.density.agr
xv.ncpp.ps_ae_wfct.agr
xv.ncpp.pspot_i.agr
xv.ncpp.pspot_s.agr
xv.ncpp.unscreen.agr
 Call pswatch
#info ./pswatch ncpp 10:41:08 Jul 25 2012 bhaycock

fhi pseudopotential tool pslp - version rev270603B

               chemical symbol  Se      
                nuclear charge  34.00
   number of valence electrons   4.00
      number of valence states   2
    exchange-correlation model   9  GGA X Becke C Lee/Yang/Parr             
        parameters radial mesh   533    1.024700  0.183824E-03
  input pseudopotentials up to   d

          === pseudo atom (Hartree a.u.) ===

<        n     l   occupation  eigenvalue(eV)  potential energy
<  1     1     0      1.5000      -38.0037        -3.46580
<  2     2     1      2.5000      -25.7320        -3.14309

                  total energy      -7.93329
                kinetic energy       2.56112
  ionic pseudopotential energy     -13.05642
                hartree energy       3.84168
                     xc energy      -1.27967
        local potential energy     -12.26877
           xc potential energy      -1.64702
    integrated valence density       4.00000
          number of iterations            16   convergence  0.0E+00
                  y range plot        -9   5   3

 pslp - pseudoatom done - now testing

 --- assuming scalar-relativistic all-electron atom ---

 --- d component taken as local potential ---
 --- input wavefunctions used for kb potentials ---

 --- kb potentials: spectrum of bound states (eV) ---

            l          e0            e1            e2
  Write vkb L=           0  to vkb0.dat                                . [a.u.]
 call klbyii
 end call klbyii
semilocal   0      -38.0037      -11.7061       -5.2660
 call klbyii
 end call klbyii
nonlocal    0      -38.0037      -12.0933       -5.4995
  Write vkb L=           1  to vkb1.dat                                . [a.u.]
 call klbyii
 end call klbyii
semilocal   1      -25.7320       -8.6858       -4.1476
 call klbyii
 end call klbyii
nonlocal    1      -25.7320       -8.7310       -4.1766
  Write vkb L=           2  to vkb2.dat                                . [a.u.]

 --- analysis of kb potentials: s waves  ---

 * no ghost (ekb < 0, eref < eloc0)

                     kb cosine       -0.3064
                     kb energy      -71.9504 eV      ekb
   local potential groundstate      -34.2709 eV    eloc0
        dto. 1st excited state      -11.9926 eV    eloc1
              reference energy      -38.0037 eV     eref

 --- analysis of kb potentials: p waves  ---

 * no ghost (ekb < 0, eref < eloc0)

                     kb cosine       -0.4385
                     kb energy      -23.5099 eV      ekb
   local potential groundstate      -22.1877 eV    eloc0
        dto. 1st excited state       -7.8882 eV    eloc1
              reference energy      -25.7320 eV     eref

 --- logarithmic derivatives: at radius = 2.8887 ---

 --- nonlocal potentials ---
 --- all-electron potential ---
 --- semilocal potentials ---

 --- kinetic energy convergence in momentum space ---

     l  n  bracket   cutoff    norm   kinet. energy
            (eV)      (Ry)               (Hartree)
ck   0     1.0E+00     13   0.995608   0.463045E+00
ck   0     1.0E-01     23   0.999811   0.493257E+00
ck   0     1.0E-02     53   0.999989   0.496520E+00
ck   0     1.0E-03     87   0.999999   0.496817E+00
cx   0  1                   1.000000   0.496853E+00

ck   1     1.0E+00      5   0.988590   0.691261E+00
ck   1     1.0E-01     21   0.999686   0.722740E+00
ck   1     1.0E-02     30   0.999980   0.725997E+00
ck   1     1.0E-03     55   0.999999   0.726300E+00
cx   1  2                   1.000000   0.726335E+00

 --- coulomb tail of pseudopotentials ---
     Tolerance 1.0E-03 is met for
     l= 1 at radii >  79.775
     l= 2 at radii >  79.775
     l= 3 at radii >  79.775

 --- done & exiting ---
./pswatch - done: output
createPP.log
xv.ncpp.lder_sd.agr
qlclATOMIC.dat
vkb2.dat
vkb1.dat
vkb0.dat
lmaxNlloc.dat
 Call linear
  This code is to transform the output of psgen into
  a linear grid format.
  Ready to open ncpp.ini
 34.00   6   2   9   0.00
   0   0   2.00
   0   0   2.00
   0   1   6.00
   0   0   2.00
   0   1   6.00
   0   2  10.00
   0   0   1.50
   0   1   2.50
 Lmax =           2
 PP =  
  get lmax and L_loc from lmaxNlloc.dat
  lmax=           2  L_loc=           2
           0  pseudo0.dat                   vpplinear0.dat                
 psilinear0.dat                
           1  pseudo1.dat                   vpplinear1.dat                
 psilinear1.dat                
           2  pseudo2.dat                   vpplinear2.dat                
 psilinear2.dat                
 	First: local part vpplinear_loc.dat   
   read from foutl(l_loc)=pseudo2.dat                   
  Ready to open 21
   
  read in nr points=         534
  rmax=   42.2148958402827       in Ang units.
  Ready to open 22
  Ready to open 23
  
 	Second: non-local part 
   
  
  L value=           0
 		vpplinear0.dat                
  Ready to open New 21
   
  read in nr points=         534
  rmax=   42.2148958402827       in Ang units.
  Ready to open 12
  
  L value=           1
 		vpplinear1.dat                
  Ready to open New 21
   
  read in nr points=         534
  rmax=   42.2148958402827       in Ang units.
  Ready to open 12
  
  L value=           2
  This is local. We set vnl=0
 		vpplinear2.dat                
  Ready to open New 21
   
  read in nr points=         534
  rmax=   42.2148958402827       in Ang units.
  Ready to open 12
   
  Done with linear. Bye now.
   
   
                       WELCOME
  PROGRAM QLG grid: Bessel transform of NON-LOCAL separable QL potential
   
  
  cl(L)=  -4.02899620000000       1/Hartree
  cl(L)=  -6.01906670000000       1/Hartree
  cl(L)=  0.000000000000000E+000  1/Hartree
   LOK=           2
  We read in to L=           2
  Now convert to 1/eV and write to qlcl.dat
  cl(L)= -0.148061745664154     
  cl(L)= -0.221194927627625     
  cl(L)=  0.000000000000000E+000
  
   
  Begin Next L value.......................
  L=           0
   
  Use one of the QL data files output from gncpp
  the files are ppkb0.dat or ppkb1.dat or ....
  UPDATE: This program was updated June 25, 1992
  We now read in eV-A units of everything from
  gncpp.f --- No conversions need to be made here!
  vkb0.dat                      
   
  we read in ql(r) in atomic units.
  We now convert to eV,A.
  rLOG(i),qlrLOG=  1.838235294117600E-004  2.908753623353253E-004
  rLOG(i),qlrLOG=  1.883639705882400E-004  2.980599863357841E-004
   
  read in nr points=         534
  rmax=   42.2148958402827       in Ang units.
 L =           0   JJ: NO FF Transform now
   
  Begin Next L value.......................
  L=           1
   
  Use one of the QL data files output from gncpp
  the files are ppkb0.dat or ppkb1.dat or ....
  UPDATE: This program was updated June 25, 1992
  We now read in eV-A units of everything from
  gncpp.f --- No conversions need to be made here!
  vkb1.dat                      
   
  we read in ql(r) in atomic units.
  We now convert to eV,A.
  rLOG(i),qlrLOG=  1.838235294117600E-004  4.843473614625855E-008
  rLOG(i),qlrLOG=  1.883639705882400E-004  5.085696163501229E-008
   
  read in nr points=         534
  rmax=   42.2148958402827       in Ang units.
 L =           1   JJ: NO FF Transform now
   
  Begin Next L value.......................
  L=           2
   
  Use one of the QL data files output from gncpp
  the files are ppkb0.dat or ppkb1.dat or ....
  UPDATE: This program was updated June 25, 1992
  We now read in eV-A units of everything from
  gncpp.f --- No conversions need to be made here!
  vkb2.dat                      
   
  we read in ql(r) in atomic units.
  We now convert to eV,A.
  rLOG(i),qlrLOG=  1.838235294117600E-004  0.000000000000000E+000
  rLOG(i),qlrLOG=  1.883639705882400E-004  0.000000000000000E+000
   
  read in nr points=         534
  rmax=   42.2148958402827       in Ang units.
 L =           2   JJ: NO FF Transform now
   
  Welcome to mk_pseudoFile.x
  This writes out the final XXX.pp file.
  E.g. 014.pp etc.
   
  Read lmax,L_loc, and L-values from lmaxNlloc.dat
           4           0   1.500000    
           4           1   2.500000    
  The OUTPUT file:
  It will have a name like 014.pp (Si), 003.pp (Li)
  The output file is:034.pp                        
 nshells =            2
  reading V_local (r):
  ic=       10000
  isafe=         626
  A very close approximation to Z is   6.000004    
  rsafe=   2.638695    
  alpha=   1.515901    
  Reading and saving V_NL(l) (SR)
 L=0 Npoint=  590
 L=1 Npoint=  590
  Reading V^(KB) information
  Reading and saving V^KB(l) (SR)
 L=0 Npoint=  560 cl=    -0.1480617
 L=1 Npoint=  560 cl=    -0.2211949
   
  *******************************************
   
  Done with mk_pseudoFile.x
  The OUTPUT file:
  The output file is:034.pp                        
   
  *******************************************
