l_loc = 
 Call psgen
./psgen - done: output
 Call pswatch
#info ./pswatch ncpp 12:28:54 Jul 05 2011 lewis

fhi pseudopotential tool pslp - version rev270603B

               chemical symbol  C       
                nuclear charge   6.00
   number of valence electrons   4.00
      number of valence states   2
    exchange-correlation model   9  GGA X Becke C Lee/Yang/Parr             
        parameters radial mesh   461    1.024700  0.104167E-02
  input pseudopotentials up to   d

          === pseudo atom (Hartree a.u.) ===

<        n     l   occupation  eigenvalue(eV)  potential energy
<  1     1     0      2.0000      -13.6109        -2.70595
<  2     2     1      2.0000       -5.2378        -3.10415

                  total energy      -5.35929
                kinetic energy       3.28453
  ionic pseudopotential energy     -11.62021
                hartree energy       4.37746
                     xc energy      -1.40107
        local potential energy     -12.03351
           xc potential energy      -1.80458
    integrated valence density       4.00000
          number of iterations            23   convergence  0.0E+00
                  y range plot       -16   1   4

 pslp - pseudoatom done - now testing

 --- assuming scalar-relativistic all-electron atom ---

 --- d component taken as local potential ---
 --- input wavefunctions used for kb potentials ---

 --- kb potentials: spectrum of bound states (eV) ---

            l          e0            e1            e2
  Write vkb L=           0  to vkb0.dat                                . [a.u.]
 call klbyii
 end call klbyii
semilocal   0      -13.6109       -0.2247        0.0000
 call klbyii
 end call klbyii
nonlocal    0      -13.6109       -0.2248        0.0000
  Write vkb L=           1  to vkb1.dat                                . [a.u.]
 call klbyii
 end call klbyii
semilocal   1       -5.2378        0.0000        0.0000
 call klbyii
 end call klbyii
nonlocal    1       -5.2378        0.0000        0.0000
  Write vkb L=           2  to vkb2.dat                                . [a.u.]

 --- analysis of kb potentials: s waves  ---

 * no ghost (ekb > 0, eloc0 < eref < eloc1)

                     kb cosine        0.3120
                     kb energy      101.6556 eV      ekb
   local potential groundstate      -41.5400 eV    eloc0
        dto. 1st excited state       -1.3969 eV    eloc1
              reference energy      -13.6109 eV     eref

 --- analysis of kb potentials: p waves  ---

 & dftseq - no bound state found (iter): e=>0 n l           3           1
 note: for the local potential no bound excited p state
       is found, the ghost state analysis will assume
       a zero 1st excited state energy (variable eloc1)

 * no ghost (ekb < 0, eref < eloc0)

                     kb cosine       -0.1590
                     kb energy     -168.9436 eV      ekb
   local potential groundstate       -3.1639 eV    eloc0
        dto. 1st excited state        0.0000 eV    eloc1
              reference energy       -5.2378 eV     eref

 --- logarithmic derivatives: at radius = 1.9122 ---

 --- nonlocal potentials ---
 --- all-electron potential ---
 --- semilocal potentials ---

 --- kinetic energy convergence in momentum space ---

     l  n  bracket   cutoff    norm   kinet. energy
            (eV)      (Ry)               (Hartree)
ck   0     1.0E+00     10   0.995408   0.390227E+00
ck   0     1.0E-01     28   0.999801   0.423585E+00
ck   0     1.0E-02     66   0.999991   0.426611E+00
ck   0     1.0E-03     93   0.999999   0.426941E+00
cx   0  1                   1.000000   0.426975E+00

ck   1     1.0E+00     34   0.998332   0.117855E+01
ck   1     1.0E-01     71   0.999913   0.121163E+01
ck   1     1.0E-02    127   0.999997   0.121493E+01
ck   1     1.0E-03    163   1.000002   0.121532E+01
cx   1  2                   1.000000   0.121529E+01

 --- coulomb tail of pseudopotentials ---
     Tolerance 1.0E-03 is met for
     l= 1 at radii >   1.427
     l= 2 at radii >   1.203
     l= 3 at radii >   1.392

 --- done & exiting ---
./pswatch - done: output
createPP.log
qlclATOMIC.dat
vkb2.dat
xv.ncpp.lder_sd.agr
 Call linear
  This code is to transform the output of psgen into
  a linear grid format.
  Ready to open ncpp.ini
  6.00   1   2   9   0.00
   0   0   2.00
   0   0   2.00
   0   1   2.00
 Lmax =           2
 PP =  
  get lmax and L_loc from lmaxNlloc.dat
  lmax=           2  L_loc=           2
           0  pseudo0.dat                   vpplinear0.dat                
 psilinear0.dat                
           1  pseudo1.dat                   vpplinear1.dat                
 psilinear1.dat                
           2  pseudo2.dat                   vpplinear2.dat                
 psilinear2.dat                
 	First: local part vpplinear_loc.dat   
   read from foutl(l_loc)=pseudo2.dat                   
  Ready to open 21
   
  read in nr points=         462
  rmax=   41.2884312142411       in Ang units.
  Ready to open 22
  Ready to open 23
  
 	Second: non-local part 
   
  
  L value=           0
 		vpplinear0.dat                
  Ready to open New 21
   
  read in nr points=         462
  rmax=   41.2884312142411       in Ang units.
  Ready to open 12
  
  L value=           1
 		vpplinear1.dat                
  Ready to open New 21
   
  read in nr points=         462
  rmax=   41.2884312142411       in Ang units.
  Ready to open 12
  
  L value=           2
  This is local. We set vnl=0
 		vpplinear2.dat                
  Ready to open New 21
   
  read in nr points=         462
  rmax=   41.2884312142411       in Ang units.
  Ready to open 12
   
  Done with linear. Bye now.
   
   
                       WELCOME
  PROGRAM QLG grid: Bessel transform of NON-LOCAL separable QL potential
   
  
  cl(L)=   2.74995000000000       1/Hartree
  cl(L)=  -6.36970150000000       1/Hartree
  cl(L)=  0.000000000000000E+000  1/Hartree
   LOK=           2
  We read in to L=           2
  Now convert to 1/eV and write to qlcl.dat
  cl(L)=  0.101058024698345     
  cl(L)= -0.234080420192399     
  cl(L)=  0.000000000000000E+000
  
   
  Begin Next L value.......................
  L=           0
   
  Use one of the QL data files output from gncpp
  the files are ppkb0.dat or ppkb1.dat or ....
  UPDATE: This program was updated June 25, 1992
  We now read in eV-A units of everything from
  gncpp.f --- No conversions need to be made here!
  vkb0.dat                      
   
  we read in ql(r) in atomic units.
  We now convert to eV,A.
  rLOG(i),qlrLOG=  1.041666666666700E-003  3.289523043581767E-003
  rLOG(i),qlrLOG=  1.067395833333300E-003  3.370779364950918E-003
   
  read in nr points=         462
  rmax=   41.2884312142411       in Ang units.
 L =           0   JJ: NO FF Transform now
   
  Begin Next L value.......................
  L=           1
   
  Use one of the QL data files output from gncpp
  the files are ppkb0.dat or ppkb1.dat or ....
  UPDATE: This program was updated June 25, 1992
  We now read in eV-A units of everything from
  gncpp.f --- No conversions need to be made here!
  vkb1.dat                      
   
  we read in ql(r) in atomic units.
  We now convert to eV,A.
  rLOG(i),qlrLOG=  1.041666666666700E-003 -1.812045302912387E-005
  rLOG(i),qlrLOG=  1.067395833333300E-003 -1.902670477594374E-005
   
  read in nr points=         462
  rmax=   41.2884312142411       in Ang units.
 L =           1   JJ: NO FF Transform now
   
  Begin Next L value.......................
  L=           2
   
  Use one of the QL data files output from gncpp
  the files are ppkb0.dat or ppkb1.dat or ....
  UPDATE: This program was updated June 25, 1992
  We now read in eV-A units of everything from
  gncpp.f --- No conversions need to be made here!
  vkb2.dat                      
   
  we read in ql(r) in atomic units.
  We now convert to eV,A.
  rLOG(i),qlrLOG=  1.041666666666700E-003  0.000000000000000E+000
  rLOG(i),qlrLOG=  1.067395833333300E-003  0.000000000000000E+000
   
  read in nr points=         462
  rmax=   41.2884312142411       in Ang units.
 L =           2   JJ: NO FF Transform now
   
  Welcome to mk_pseudoFile.x
  This writes out the final XXX.pp file.
  E.g. 014.pp etc.
   
  Read lmax,L_loc, and L-values from lmaxNlloc.dat
           2           0   2.000000    
           2           1   2.000000    
  The OUTPUT file:
  It will have a name like 014.pp (Si), 003.pp (Li)
  The output file is:006.pp                        
 nshells =            2
  reading V_local (r):
  ic=       10000
  isafe=         228
  A very close approximation to Z is   4.000000    
  rsafe=  0.9373410    
  alpha=   4.267390    
  Reading and saving V_NL(l) (SR)
 L=0 Npoint=  230
 L=1 Npoint=  230
  Reading V^(KB) information
  Reading and saving V^KB(l) (SR)
 L=0 Npoint=  230 cl=     0.1010580
 L=1 Npoint=  230 cl=    -0.2340804
   
  *******************************************
   
  Done with mk_pseudoFile.x
  The OUTPUT file:
  The output file is:006.pp                        
   
  *******************************************
