l_loc = 0
 Call psgen
./psgen - done: output
 Call pswatch
#info ./pswatch ncpp 11:55:20 Feb 17 2011 lewis

fhi pseudopotential tool pslp - version rev270603B

               chemical symbol  Cu      
                nuclear charge  29.00
   number of valence electrons  10.00
      number of valence states   3
    exchange-correlation model   3  LDA CA Perdew/Zunger 1980               
        parameters radial mesh   525    1.024700  0.215517E-03
  input pseudopotentials up to   d

          === pseudo atom (Hartree a.u.) ===

<        n     l   occupation  eigenvalue(eV)  potential energy
<  1     3     2      9.0000      -19.2053       -13.40060
<  2     1     0      1.0000      -13.9348        -4.86383
<  3     2     1      0.0000       -7.9052         0.00000

                  total energy     -43.72058
                kinetic energy      49.36323
  ionic pseudopotential energy    -125.46921
                hartree energy      38.89249
                     xc energy      -6.50709
        local potential energy     -67.46337
           xc potential energy      -8.54306
    integrated valence density      10.00000
          number of iterations            22   convergence  0.0E+00
                  y range plot       -25   1   6

 pslp - pseudoatom done - now testing

 --- assuming scalar-relativistic all-electron atom ---

 --- s component taken as local potential ---
 --- input wavefunctions used for kb potentials ---

 --- kb potentials: spectrum of bound states (eV) ---

            l          e0            e1            e2
  Write vkb L=           0  to vkb0.dat                                . [a.u.]
  Write vkb L=           1  to vkb1.dat                                . [a.u.]
 call klbyii
 end call klbyii
semilocal   1       -7.9052       -2.1081        0.0000
 call klbyii
 end call klbyii
nonlocal    1       -7.9052       -2.1072        0.0000
  Write vkb L=           2  to vkb2.dat                                . [a.u.]
 call klbyii
 end call klbyii
semilocal   2      -19.2052       -2.1917        0.0000
 call klbyii
 end call klbyii
nonlocal    2      -19.2052       -2.2281       -0.0309

 --- analysis of kb potentials: p waves  ---

 * no ghost (ekb > 0, eloc0 < eref < eloc1)

                     kb cosine        0.0680
                     kb energy       54.1048 eV      ekb
   local potential groundstate       -8.2371 eV    eloc0
        dto. 1st excited state       -2.2498 eV    eloc1
              reference energy       -7.9052 eV     eref

 --- analysis of kb potentials: d waves  ---

 * no ghost (ekb < 0, eref < eloc0)

                     kb cosine       -0.7877
                     kb energy     -282.6461 eV      ekb
   local potential groundstate       -2.5641 eV    eloc0
        dto. 1st excited state       -1.1260 eV    eloc1
              reference energy      -19.2053 eV     eref

 --- logarithmic derivatives: at radius = 2.9256 ---

 --- nonlocal potentials ---
 --- all-electron potential ---
 --- semilocal potentials ---

 --- kinetic energy convergence in momentum space ---

     l  n  bracket   cutoff    norm   kinet. energy
            (eV)      (Ry)               (Hartree)
ck   0     1.0E+00      4   0.987380   0.177803E+00
ck   0     1.0E-01     10   0.999526   0.210790E+00
ck   0     1.0E-02     26   0.999978   0.213800E+00
ck   0     1.0E-03     47   0.999999   0.214096E+00
cx   0  1                   1.000000   0.214132E+00

ck   2     1.0E+00     49   0.998475   0.542786E+01
ck   2     1.0E-01     62   0.999887   0.545779E+01
ck   2     1.0E-02     75   0.999992   0.546066E+01
ck   2     1.0E-03    127   0.999999   0.546098E+01
cx   2  3                   1.000000   0.546101E+01

 --- coulomb tail of pseudopotentials ---
     Tolerance 1.0E-03 is met for
     l= 1 at radii >  76.943
     l= 2 at radii >  76.943
     l= 3 at radii >  76.943

 --- done & exiting ---
./pswatch - done: output
 Call linear
  This code is to transform the output of psgen into
  a linear grid format.
  Ready to open ncpp.ini
 29.00   5   3   3   0.00
   0   0   2.00
   0   0   2.00
   0   1   6.00
   0   0   2.00
   0   1   6.00
   0   2   9.00
   0   0   1.00
   0   1   0.00
 Lmax =           2
 PP =  
  get lmax and L_loc from lmaxNlloc.dat
  lmax=           2  L_loc=           0
           0  pseudo0.dat                   vpplinear0.dat                
 psilinear0.dat                
           1  pseudo1.dat                   vpplinear1.dat                
 psilinear1.dat                
           2  pseudo2.dat                   vpplinear2.dat                
 psilinear2.dat                
 	First: local part vpplinear_loc.dat   
   read from foutl(l_loc)=pseudo0.dat                   
  Ready to open 21
   
  read in nr points=         526
  rmax=   40.7167168199184       in Ang units.
  Ready to open 22
  Ready to open 23
  
 	Second: non-local part 
   
  
  L value=           0
  This is local. We set vnl=0
 		vpplinear0.dat                
  Ready to open New 21
   
  read in nr points=         526
  rmax=   40.7167168199184       in Ang units.
  Ready to open 12
  
  L value=           1
 		vpplinear1.dat                
  Ready to open New 21
   
  read in nr points=         526
  rmax=   40.7167168199184       in Ang units.
  Ready to open 12
  
  L value=           2
 		vpplinear2.dat                
  Ready to open New 21
   
  read in nr points=         526
  rmax=   40.7167168199184       in Ang units.
  Ready to open 12
   
  Done with linear. Bye now.
   
   
                       WELCOME
  PROGRAM QLG grid: Bessel transform of NON-LOCAL separable QL potential
   
  
  cl(L)=  0.000000000000000E+000  1/Hartree
  cl(L)=   108.673684800000       1/Hartree
  cl(L)= -0.155156800000000       1/Hartree
   LOK=           2
  We read in to L=           2
  Now convert to 1/eV and write to qlcl.dat
  cl(L)=  0.000000000000000E+000
  cl(L)=   3.99365367464085     
  cl(L)= -5.701863570798105E-003
  
   
  Begin Next L value.......................
  L=           0
   
  Use one of the QL data files output from gncpp
  the files are ppkb0.dat or ppkb1.dat or ....
  UPDATE: This program was updated June 25, 1992
  We now read in eV-A units of everything from
  gncpp.f --- No conversions need to be made here!
  vkb0.dat                      
   
  we read in ql(r) in atomic units.
  We now convert to eV,A.
  rLOG(i),qlrLOG=  2.155172413793100E-004  0.000000000000000E+000
  rLOG(i),qlrLOG=  2.208405172413800E-004  0.000000000000000E+000
   
  read in nr points=         526
  rmax=   40.7167168199184       in Ang units.
 L =           0   JJ: NO FF Transform now
   
  Begin Next L value.......................
  L=           1
   
  Use one of the QL data files output from gncpp
  the files are ppkb0.dat or ppkb1.dat or ....
  UPDATE: This program was updated June 25, 1992
  We now read in eV-A units of everything from
  gncpp.f --- No conversions need to be made here!
  vkb1.dat                      
   
  we read in ql(r) in atomic units.
  We now convert to eV,A.
  rLOG(i),qlrLOG=  2.155172413793100E-004 -1.496781222014504E-008
  rLOG(i),qlrLOG=  2.208405172413800E-004 -1.571635385637928E-008
   
  read in nr points=         526
  rmax=   40.7167168199184       in Ang units.
 L =           1   JJ: NO FF Transform now
   
  Begin Next L value.......................
  L=           2
   
  Use one of the QL data files output from gncpp
  the files are ppkb0.dat or ppkb1.dat or ....
  UPDATE: This program was updated June 25, 1992
  We now read in eV-A units of everything from
  gncpp.f --- No conversions need to be made here!
  vkb2.dat                      
   
  we read in ql(r) in atomic units.
  We now convert to eV,A.
  rLOG(i),qlrLOG=  2.155172413793100E-004 -1.243409709881896E-009
  rLOG(i),qlrLOG=  2.208405172413800E-004 -1.337840882091987E-009
   
  read in nr points=         526
  rmax=   40.7167168199184       in Ang units.
 L =           2   JJ: NO FF Transform now
   
  Welcome to mk_pseudoFile.x
  This writes out the final XXX.pp file.
  E.g. 014.pp etc.
   
  Read lmax,L_loc, and L-values from lmaxNlloc.dat
           3           2   9.000000    
           4           0   1.000000    
           4           1  0.0000000E+00
  The OUTPUT file:
  It will have a name like 014.pp (Si), 003.pp (Li)
  The output file is:029.pp                        
 nshells =            2
  reading V_local (r):
  ic=       10000
  isafe=         491
  A very close approximation to Z is   11.00002    
  rsafe=   1.995318    
  alpha=   2.004693    
  Reading and saving V_NL(l) (SR)
 L=1 Npoint=  320
 L=2 Npoint=  290
  Reading V^(KB) information
  Reading and saving V^KB(l) (SR)
 L=1 Npoint=  320 cl=     3.9936538
 L=2 Npoint=  290 cl=    -0.0057019
   
  *******************************************
   
  Done with mk_pseudoFile.x
  The OUTPUT file:
  The output file is:029.pp                        
   
  *******************************************
