l_loc = 0
 Call psgen
./psgen - done: output
createPP.log
ncpp.aep
ncpp.cpi
ncpp.dat
ncpp.fc
ncpp.ini
pseudo0.dat
pseudo1.dat
pseudo2.dat
xv.ncpp.ae_wfct.agr
xv.ncpp.density.agr
xv.ncpp.ps_ae_wfct.agr
xv.ncpp.pspot_i.agr
xv.ncpp.pspot_s.agr
xv.ncpp.unscreen.agr
 Call pswatch
#info ./pswatch ncpp 15:50:56 Feb 19 2016 lewis

fhi pseudopotential tool pslp - version rev270603B

               chemical symbol  Zn      
                nuclear charge  30.00
   number of valence electrons  10.00
      number of valence states   3
    exchange-correlation model   9  GGA X Becke C Lee/Yang/Parr             
        parameters radial mesh   527    1.024700  0.208333E-03
  input pseudopotentials up to   d

          === pseudo atom (Hartree a.u.) ===

<        n     l   occupation  eigenvalue(eV)  potential energy
<  1     3     2      9.0000      -37.8821       -15.74887
<  2     1     0      1.0000      -25.5383        -5.93418
<  3     2     1      0.0000      -17.6150         0.00000

                  total energy     -54.21502
                kinetic energy      57.94713
  ionic pseudopotential energy    -147.67402
                hartree energy      42.90614
                     xc energy      -7.39427
        local potential energy     -78.37119
           xc potential energy      -9.55306
    integrated valence density      10.00000
          number of iterations            26   convergence  0.0E+00
                  y range plot       -31   1   8

 pslp - pseudoatom done - now testing

 --- assuming scalar-relativistic all-electron atom ---

 --- s component taken as local potential ---
 --- input wavefunctions used for kb potentials ---

 --- kb potentials: spectrum of bound states (eV) ---

            l          e0            e1            e2
  Write vkb L=           0  to vkb0.dat                                . [a.u.]
  Write vkb L=           1  to vkb1.dat                                . [a.u.]
 call klbyii
 end call klbyii
semilocal   1      -17.6150       -6.9171       -3.3520
 call klbyii
 end call klbyii
nonlocal    1      -17.6150       -6.9097       -3.3440
  Write vkb L=           2  to vkb2.dat                                . [a.u.]
 call klbyii
 end call klbyii
semilocal   2      -37.8820       -7.9547       -3.8187
 call klbyii
 end call klbyii
nonlocal    2      -37.8820       -8.1638       -3.9131

 --- analysis of kb potentials: p waves  ---

 * no ghost (ekb > 0, eloc0 < eref < eloc1)

                     kb cosine        0.0588
                     kb energy       87.2916 eV      ekb
   local potential groundstate      -18.0520 eV    eloc0
        dto. 1st excited state       -6.9799 eV    eloc1
              reference energy      -17.6150 eV     eref

 --- analysis of kb potentials: d waves  ---

 * no ghost (ekb < 0, eref < eloc0)

                     kb cosine       -0.8123
                     kb energy     -317.5996 eV      ekb
   local potential groundstate       -9.1549 eV    eloc0
        dto. 1st excited state       -4.3589 eV    eloc1
              reference energy      -37.8821 eV     eref

 --- logarithmic derivatives: at radius = 3.1180 ---

 --- nonlocal potentials ---
 --- all-electron potential ---
 --- semilocal potentials ---

 --- kinetic energy convergence in momentum space ---

     l  n  bracket   cutoff    norm   kinet. energy
            (eV)      (Ry)               (Hartree)
ck   0     1.0E+00      6   0.991359   0.253113E+00
ck   0     1.0E-01     12   0.999614   0.283368E+00
ck   0     1.0E-02     30   0.999980   0.286686E+00
ck   0     1.0E-03     55   0.999999   0.287006E+00
cx   0  1                   1.000000   0.287043E+00

ck   2     1.0E+00     55   0.998539   0.637175E+01
ck   2     1.0E-01     69   0.999884   0.640305E+01
ck   2     1.0E-02     84   0.999993   0.640631E+01
ck   2     1.0E-03    140   0.999999   0.640664E+01
cx   2  3                   1.000000   0.640668E+01

 --- coulomb tail of pseudopotentials ---
     Tolerance 1.0E-03 is met for
     l= 1 at radii >  78.098
     l= 2 at radii >  78.098
     l= 3 at radii >  78.098

 --- done & exiting ---
./pswatch - done: output
createPP.log
xv.ncpp.lder_sd.agr
qlclATOMIC.dat
vkb2.dat
vkb1.dat
vkb0.dat
lmaxNlloc.dat
 Call linear
  This code is to transform the output of psgen into
  a linear grid format.
  Ready to open ncpp.ini
 30.00   5   3   9   0.00
   0   0   2.00
   0   0   2.00
   0   1   6.00
   0   0   2.00
   0   1   6.00
   0   2   9.00
   0   0   1.00
   0   1   0.00
 Lmax =           2
 PP =  
  get lmax and L_loc from lmaxNlloc.dat
  lmax=           2  L_loc=           0
           0  pseudo0.dat                   vpplinear0.dat                
 psilinear0.dat                
           1  pseudo1.dat                   vpplinear1.dat                
 psilinear1.dat                
           2  pseudo2.dat                   vpplinear2.dat                
 psilinear2.dat                
 	First: local part vpplinear_loc.dat   
   read from foutl(l_loc)=pseudo0.dat                   
  Ready to open 21
   
  read in nr points=         528
  rmax=   41.3278647095009       in Ang units.
  Ready to open 22
  Ready to open 23
  
 	Second: non-local part 
   
  
  L value=           0
  This is local. We set vnl=0
 		vpplinear0.dat                
  Ready to open New 21
   
  read in nr points=         528
  rmax=   41.3278647095009       in Ang units.
  Ready to open 12
  
  L value=           1
 		vpplinear1.dat                
  Ready to open New 21
   
  read in nr points=         528
  rmax=   41.3278647095009       in Ang units.
  Ready to open 12
  
  L value=           2
 		vpplinear2.dat                
  Ready to open New 21
   
  read in nr points=         528
  rmax=   41.3278647095009       in Ang units.
  Ready to open 12
   
  Done with linear. Bye now.
   
   
                       WELCOME
  PROGRAM QLG grid: Bessel transform of NON-LOCAL separable QL potential
   
  
  cl(L)=  0.000000000000000E+000  1/Hartree
  cl(L)=   90.1346196000000       1/Hartree
  cl(L)= -0.129864900000000       1/Hartree
   LOK=           2
  We read in to L=           2
  Now convert to 1/eV and write to qlcl.dat
  cl(L)=  0.000000000000000E+000
  cl(L)=   3.31236081154667     
  cl(L)= -4.772410506244901E-003
  
   
  Begin Next L value.......................
  L=           0
   
  Use one of the QL data files output from gncpp
  the files are ppkb0.dat or ppkb1.dat or ....
  UPDATE: This program was updated June 25, 1992
  We now read in eV-A units of everything from
  gncpp.f --- No conversions need to be made here!
  vkb0.dat                      
   
  we read in ql(r) in atomic units.
  We now convert to eV,A.
  rLOG(i),qlrLOG=  2.083333333333300E-004  0.000000000000000E+000
  rLOG(i),qlrLOG=  2.134791666666700E-004  0.000000000000000E+000
   
  read in nr points=         528
  rmax=   41.3278647095009       in Ang units.
 L =           0   JJ: NO FF Transform now
   
  Begin Next L value.......................
  L=           1
   
  Use one of the QL data files output from gncpp
  the files are ppkb0.dat or ppkb1.dat or ....
  UPDATE: This program was updated June 25, 1992
  We now read in eV-A units of everything from
  gncpp.f --- No conversions need to be made here!
  vkb1.dat                      
   
  we read in ql(r) in atomic units.
  We now convert to eV,A.
  rLOG(i),qlrLOG=  2.083333333333300E-004 -2.252722504524222E-008
  rLOG(i),qlrLOG=  2.134791666666700E-004 -2.365381359720627E-008
   
  read in nr points=         528
  rmax=   41.3278647095009       in Ang units.
 L =           1   JJ: NO FF Transform now
   
  Begin Next L value.......................
  L=           2
   
  Use one of the QL data files output from gncpp
  the files are ppkb0.dat or ppkb1.dat or ....
  UPDATE: This program was updated June 25, 1992
  We now read in eV-A units of everything from
  gncpp.f --- No conversions need to be made here!
  vkb2.dat                      
   
  we read in ql(r) in atomic units.
  We now convert to eV,A.
  rLOG(i),qlrLOG=  2.083333333333300E-004 -1.537532181356226E-009
  rLOG(i),qlrLOG=  2.134791666666700E-004 -1.654300584435602E-009
   
  read in nr points=         528
  rmax=   41.3278647095009       in Ang units.
 L =           2   JJ: NO FF Transform now
   
  Welcome to mk_pseudoFile.x
  This writes out the final XXX.pp file.
  E.g. 014.pp etc.
   
  Read lmax,L_loc, and L-values from lmaxNlloc.dat
           3           2   9.000000    
           4           0   1.000000    
           4           1  0.0000000E+00
  The OUTPUT file:
  It will have a name like 014.pp (Si), 003.pp (Li)
  The output file is:030.pp                        
 nshells =            2
  reading V_local (r):
  ic=       10000
  isafe=         538
  A very close approximation to Z is   12.00001    
  rsafe=   2.219528    
  alpha=   1.802185    
  Reading and saving V_NL(l) (SR)
 L=1 Npoint=  310
 L=2 Npoint=  280
  Reading V^(KB) information
  Reading and saving V^KB(l) (SR)
 L=1 Npoint=  310 cl=     3.3123608
 L=2 Npoint=  280 cl=    -0.0047724
   
  *******************************************
   
  Done with mk_pseudoFile.x
  The OUTPUT file:
  The output file is:030.pp                        
   
  *******************************************
