l_loc = 
 Call psgen
./psgen - done: output
createPP.log
ncpp.aep
ncpp.cpi
ncpp.dat
ncpp.fc
ncpp.ini
pseudo0.dat
pseudo1.dat
pseudo2.dat
xv.ncpp.ae_wfct.agr
xv.ncpp.density.agr
xv.ncpp.ps_ae_wfct.agr
xv.ncpp.pspot_i.agr
xv.ncpp.pspot_s.agr
xv.ncpp.unscreen.agr
 Call pswatch
#info ./pswatch ncpp 15:00:41 Feb 19 2016 lewis

fhi pseudopotential tool pslp - version rev270603B

               chemical symbol  Sn      
                nuclear charge  50.00
   number of valence electrons   2.00
      number of valence states   2
    exchange-correlation model   3  LDA CA Perdew/Zunger 1980               
        parameters radial mesh   547    1.024700  0.125000E-03
  input pseudopotentials up to   d

          === pseudo atom (Hartree a.u.) ===

<        n     l   occupation  eigenvalue(eV)  potential energy
<  1     1     0      1.0000      -27.4231        -1.81239
<  2     2     1      1.0000      -18.8951        -1.57875

                  total energy      -2.32557
                kinetic energy       0.72540
  ionic pseudopotential energy      -3.39115
                hartree energy       0.74568
                     xc energy      -0.40550
        local potential energy      -3.06656
           xc potential energy      -0.52776
    integrated valence density       2.00000
          number of iterations            14   convergence  0.0E+00
                  y range plot        -3   5   2

 pslp - pseudoatom done - now testing

 --- assuming scalar-relativistic all-electron atom ---

 --- d component taken as local potential ---
 --- input wavefunctions used for kb potentials ---

 --- kb potentials: spectrum of bound states (eV) ---

            l          e0            e1            e2
  Write vkb L=           0  to vkb0.dat                                . [a.u.]
 call klbyii
 end call klbyii
semilocal   0      -27.4231       -9.4199       -4.3381
 call klbyii
 end call klbyii
nonlocal    0      -27.4231       -9.5290       -4.4571
  Write vkb L=           1  to vkb1.dat                                . [a.u.]
 call klbyii
 end call klbyii
semilocal   1      -18.8951       -6.9999       -3.2494
 call klbyii
 end call klbyii
nonlocal    1      -18.8951       -6.9684       -3.2264
  Write vkb L=           2  to vkb2.dat                                . [a.u.]

 --- analysis of kb potentials: s waves  ---

 * no ghost (ekb < 0, eref < eloc0)

                     kb cosine       -0.4520
                     kb energy      -28.4642 eV      ekb
   local potential groundstate      -23.2425 eV    eloc0
        dto. 1st excited state       -9.3853 eV    eloc1
              reference energy      -27.4231 eV     eref

 --- analysis of kb potentials: p waves  ---

 * no ghost (ekb < 0, eref < eloc0)

                     kb cosine       -0.5137
                     kb energy      -11.4338 eV      ekb
   local potential groundstate      -16.2680 eV    eloc0
        dto. 1st excited state       -6.5191 eV    eloc1
              reference energy      -18.8951 eV     eref

 --- logarithmic derivatives: at radius = 3.5281 ---

 --- nonlocal potentials ---
 --- all-electron potential ---
 --- semilocal potentials ---

 --- kinetic energy convergence in momentum space ---

     l  n  bracket   cutoff    norm   kinet. energy
            (eV)      (Ry)               (Hartree)
ck   0     1.0E+00      6   0.990724   0.271771E+00
ck   0     1.0E-01     11   0.999516   0.302450E+00
ck   0     1.0E-02     26   0.999976   0.305744E+00
ck   0     1.0E-03     33   0.999998   0.306042E+00
cx   0  1                   1.000000   0.306078E+00

ck   1     1.0E+00      2   0.978314   0.386914E+00
ck   1     1.0E-01     11   0.999394   0.415802E+00
ck   1     1.0E-02     15   0.999964   0.418983E+00
ck   1     1.0E-03     30   0.999998   0.419283E+00
cx   1  2                   1.000000   0.419317E+00

 --- coulomb tail of pseudopotentials ---
     Tolerance 1.0E-03 is met for
     l= 1 at radii >  76.336
     l= 2 at radii >  76.336
     l= 3 at radii >  76.336

 --- done & exiting ---
./pswatch - done: output
createPP.log
xv.ncpp.lder_sd.agr
qlclATOMIC.dat
vkb2.dat
vkb1.dat
vkb0.dat
lmaxNlloc.dat
 Call linear
  This code is to transform the output of psgen into
  a linear grid format.
  Ready to open ncpp.ini
 50.00   9   2   3   0.00
   0   0   2.00
   0   0   2.00
   0   1   6.00
   0   0   2.00
   0   1   6.00
   0   2  10.00
   0   0   2.00
   0   1   6.00
   0   2  10.00
   0   0   1.00
   0   1   1.00
 Lmax =           2
 PP =  
  get lmax and L_loc from lmaxNlloc.dat
  lmax=           2  L_loc=           2
           0  pseudo0.dat                   vpplinear0.dat                
 psilinear0.dat                
           1  pseudo1.dat                   vpplinear1.dat                
 psilinear1.dat                
           2  pseudo2.dat                   vpplinear2.dat                
 psilinear2.dat                
 	First: local part vpplinear_loc.dat   
   read from foutl(l_loc)=pseudo2.dat                   
  Ready to open 21
   
  read in nr points=         548
  rmax=   40.3951236307641       in Ang units.
  Ready to open 22
  Ready to open 23
  
 	Second: non-local part 
   
  
  L value=           0
 		vpplinear0.dat                
  Ready to open New 21
   
  read in nr points=         548
  rmax=   40.3951236307641       in Ang units.
  Ready to open 12
  
  L value=           1
 		vpplinear1.dat                
  Ready to open New 21
   
  read in nr points=         548
  rmax=   40.3951236307641       in Ang units.
  Ready to open 12
  
  L value=           2
  This is local. We set vnl=0
 		vpplinear2.dat                
  Ready to open New 21
   
  read in nr points=         548
  rmax=   40.3951236307641       in Ang units.
  Ready to open 12
   
  Done with linear. Bye now.
   
   
                       WELCOME
  PROGRAM QLG grid: Bessel transform of NON-LOCAL separable QL potential
   
  
  cl(L)=  -4.67978490000000       1/Hartree
  cl(L)=  -9.01738320000000       1/Hartree
  cl(L)=  0.000000000000000E+000  1/Hartree
   LOK=           2
  We read in to L=           2
  Now convert to 1/eV and write to qlcl.dat
  cl(L)= -0.171977606140891     
  cl(L)= -0.331380182963343     
  cl(L)=  0.000000000000000E+000
  
   
  Begin Next L value.......................
  L=           0
   
  Use one of the QL data files output from gncpp
  the files are ppkb0.dat or ppkb1.dat or ....
  UPDATE: This program was updated June 25, 1992
  We now read in eV-A units of everything from
  gncpp.f --- No conversions need to be made here!
  vkb0.dat                      
   
  we read in ql(r) in atomic units.
  We now convert to eV,A.
  rLOG(i),qlrLOG=  1.250000000000000E-004  7.435895647332084E-005
  rLOG(i),qlrLOG=  1.280875000000000E-004  7.619562482623877E-005
   
  read in nr points=         548
  rmax=   40.3951236307641       in Ang units.
 L =           0   JJ: NO FF Transform now
   
  Begin Next L value.......................
  L=           1
   
  Use one of the QL data files output from gncpp
  the files are ppkb0.dat or ppkb1.dat or ....
  UPDATE: This program was updated June 25, 1992
  We now read in eV-A units of everything from
  gncpp.f --- No conversions need to be made here!
  vkb1.dat                      
   
  we read in ql(r) in atomic units.
  We now convert to eV,A.
  rLOG(i),qlrLOG=  1.250000000000000E-004  5.829445309780860E-009
  rLOG(i),qlrLOG=  1.280875000000000E-004  6.120976428326676E-009
   
  read in nr points=         548
  rmax=   40.3951236307641       in Ang units.
 L =           1   JJ: NO FF Transform now
   
  Begin Next L value.......................
  L=           2
   
  Use one of the QL data files output from gncpp
  the files are ppkb0.dat or ppkb1.dat or ....
  UPDATE: This program was updated June 25, 1992
  We now read in eV-A units of everything from
  gncpp.f --- No conversions need to be made here!
  vkb2.dat                      
   
  we read in ql(r) in atomic units.
  We now convert to eV,A.
  rLOG(i),qlrLOG=  1.250000000000000E-004  0.000000000000000E+000
  rLOG(i),qlrLOG=  1.280875000000000E-004  0.000000000000000E+000
   
  read in nr points=         548
  rmax=   40.3951236307641       in Ang units.
 L =           2   JJ: NO FF Transform now
   
  Welcome to mk_pseudoFile.x
  This writes out the final XXX.pp file.
  E.g. 014.pp etc.
   
  Read lmax,L_loc, and L-values from lmaxNlloc.dat
           5           0   1.000000    
           5           1   1.000000    
  The OUTPUT file:
  It will have a name like 014.pp (Si), 003.pp (Li)
  The output file is:050.pp                        
 nshells =            2
  reading V_local (r):
  ic=       10000
  isafe=         920
  A very close approximation to Z is   4.000008    
  rsafe=   3.712683    
  alpha=   1.077388    
  Reading and saving V_NL(l) (SR)
 L=0 Npoint=  650
 L=1 Npoint=  650
  Reading V^(KB) information
  Reading and saving V^KB(l) (SR)
 L=0 Npoint=  620 cl=    -0.1719776
 L=1 Npoint=  630 cl=    -0.3313802
   
  *******************************************
   
  Done with mk_pseudoFile.x
  The OUTPUT file:
  The output file is:050.pp                        
   
  *******************************************
