l_loc = 0
 Call psgen
./psgen - done: output
 Call pswatch
#info ./pswatch ncpp 13:45:23 Feb 17 2011 lewis

fhi pseudopotential tool pslp - version rev270603B

               chemical symbol  Ga      
                nuclear charge  31.00
   number of valence electrons  13.00
      number of valence states   3
    exchange-correlation model   3  LDA CA Perdew/Zunger 1980               
        parameters radial mesh   529    1.024700  0.201613E-03
  input pseudopotentials up to   d

          === pseudo atom (Hartree a.u.) ===

<        n     l   occupation  eigenvalue(eV)  potential energy
<  1     3     2     10.0000      -19.4022       -16.72943
<  2     1     0      2.0000       -9.1750        -6.13136
<  3     2     1      1.0000       -2.7384        -4.57040

                  total energy     -66.89167
                kinetic energy      64.24866
  ionic pseudopotential energy    -184.12738
                hartree energy      61.72758
                     xc energy      -8.74052
        local potential energy    -110.34105
           xc potential energy     -11.48153
    integrated valence density      13.00000
          number of iterations            20   convergence  0.0E+00
                  y range plot       -28   1   7

 pslp - pseudoatom done - now testing

 --- assuming scalar-relativistic all-electron atom ---

 --- s component taken as local potential ---
 --- input wavefunctions used for kb potentials ---

 --- kb potentials: spectrum of bound states (eV) ---

            l          e0            e1            e2
  Write vkb L=           0  to vkb0.dat                                . [a.u.]
  Write vkb L=           1  to vkb1.dat                                . [a.u.]
 call klbyii
 end call klbyii
semilocal   1       -2.7382        0.0000        0.0000
 call klbyii
 end call klbyii
nonlocal    1       -2.7382        0.0000        0.0000
  Write vkb L=           2  to vkb2.dat                                . [a.u.]
 call klbyii
 end call klbyii
semilocal   2      -19.4021        0.0000        0.0000
 call klbyii
 end call klbyii
nonlocal    2      -19.4021        0.0000        0.0000

 --- analysis of kb potentials: p waves  ---

 & dftseq - no bound state found (iter): e=>0 n l           3           1
 note: for the local potential no bound excited p state
       is found, the ghost state analysis will assume
       a zero 1st excited state energy (variable eloc1)

 * no ghost (ekb > 0, eloc0 < eref < eloc1)

                     kb cosine        0.0480
                     kb energy       67.3711 eV      ekb
   local potential groundstate       -2.9561 eV    eloc0
        dto. 1st excited state        0.0000 eV    eloc1
              reference energy       -2.7384 eV     eref

 --- analysis of kb potentials: d waves  ---

 & dftseq - no bound state found (iter): e=>0 n l           3           2
 note: for the local potential no bound d state is
       found, the ghost state analysis will assume
       a zero groundstate energy (variable eloc0)

 & dftseq - no bound state found (iter): e=>0 n l           4           2
 note: for the local potential no bound excited d state
       is found, the ghost state analysis will assume
       a zero 1st excited state energy (variable eloc1)

 * no ghost (ekb < 0, eref < eloc0)

                     kb cosine       -0.8169
                     kb energy     -300.9254 eV      ekb
   local potential groundstate        0.0000 eV    eloc0
        dto. 1st excited state        0.0000 eV    eloc1
              reference energy      -19.4022 eV     eref

 --- logarithmic derivatives: at radius = 3.1683 ---

 --- nonlocal potentials ---
 --- all-electron potential ---
 --- semilocal potentials ---

 --- kinetic energy convergence in momentum space ---

     l  n  bracket   cutoff    norm   kinet. energy
            (eV)      (Ry)               (Hartree)
ck   0     1.0E+00      5   0.989147   0.188376E+00
ck   0     1.0E-01     11   0.999515   0.220016E+00
ck   0     1.0E-02     28   0.999979   0.223306E+00
ck   0     1.0E-03     51   0.999999   0.223615E+00
cx   0  1                   1.000000   0.223649E+00

ck   1     1.0E+00      2   0.962727   0.233993E+00
ck   1     1.0E-01      4   0.998858   0.265446E+00
ck   1     1.0E-02     13   0.999958   0.268222E+00
ck   1     1.0E-03     21   0.999997   0.268505E+00
cx   1  2                   1.000000   0.268542E+00

ck   2     1.0E+00     53   0.998413   0.631717E+01
ck   2     1.0E-01     66   0.999882   0.634973E+01
ck   2     1.0E-02     81   0.999992   0.635292E+01
ck   2     1.0E-03    133   0.999999   0.635325E+01
cx   2  3                   1.000000   0.635328E+01

 --- coulomb tail of pseudopotentials ---
     Tolerance 1.0E-03 is met for
     l= 1 at radii >   2.144
     l= 2 at radii >   2.197
     l= 3 at radii >   2.144

 --- done & exiting ---
./pswatch - done: output
createPP.log
xv.ncpp.lder_sd.agr
 Call linear
  This code is to transform the output of psgen into
  a linear grid format.
  Ready to open ncpp.ini
 31.00   5   3   3   0.00
   0   0   2.00
   0   0   2.00
   0   1   6.00
   0   0   2.00
   0   1   6.00
   0   2  10.00
   0   0   2.00
   0   1   1.00
 Lmax =           2
 PP =  
  get lmax and L_loc from lmaxNlloc.dat
  lmax=           2  L_loc=           0
           0  pseudo0.dat                   vpplinear0.dat                
 psilinear0.dat                
           1  pseudo1.dat                   vpplinear1.dat                
 psilinear1.dat                
           2  pseudo2.dat                   vpplinear2.dat                
 psilinear2.dat                
 	First: local part vpplinear_loc.dat   
   read from foutl(l_loc)=pseudo0.dat                   
  Ready to open 21
   
  read in nr points=         530
  rmax=   41.9948467191585       in Ang units.
  Ready to open 22
  Ready to open 23
  
 	Second: non-local part 
   
  
  L value=           0
  This is local. We set vnl=0
 		vpplinear0.dat                
  Ready to open New 21
   
  read in nr points=         530
  rmax=   41.9948467191585       in Ang units.
  Ready to open 12
  
  L value=           1
 		vpplinear1.dat                
  Ready to open New 21
   
  read in nr points=         530
  rmax=   41.9948467191585       in Ang units.
  Ready to open 12
  
  L value=           2
 		vpplinear2.dat                
  Ready to open New 21
   
  read in nr points=         530
  rmax=   41.9948467191585       in Ang units.
  Ready to open 12
   
  Done with linear. Bye now.
   
   
                       WELCOME
  PROGRAM QLG grid: Bessel transform of NON-LOCAL separable QL potential
   
  
  cl(L)=  0.000000000000000E+000  1/Hartree
  cl(L)=   174.986782600000       1/Hartree
  cl(L)= -0.135516000000000       1/Hartree
   LOK=           2
  We read in to L=           2
  Now convert to 1/eV and write to qlcl.dat
  cl(L)=  0.000000000000000E+000
  cl(L)=   6.43059641007102     
  cl(L)= -4.980083010607823E-003
  
   
  Begin Next L value.......................
  L=           0
   
  Use one of the QL data files output from gncpp
  the files are ppkb0.dat or ppkb1.dat or ....
  UPDATE: This program was updated June 25, 1992
  We now read in eV-A units of everything from
  gncpp.f --- No conversions need to be made here!
  vkb0.dat                      
   
  we read in ql(r) in atomic units.
  We now convert to eV,A.
  rLOG(i),qlrLOG=  2.016129032258100E-004  0.000000000000000E+000
  rLOG(i),qlrLOG=  2.065927419354800E-004  0.000000000000000E+000
   
  read in nr points=         530
  rmax=   41.9948467191585       in Ang units.
 L =           0   JJ: NO FF Transform now
   
  Begin Next L value.......................
  L=           1
   
  Use one of the QL data files output from gncpp
  the files are ppkb0.dat or ppkb1.dat or ....
  UPDATE: This program was updated June 25, 1992
  We now read in eV-A units of everything from
  gncpp.f --- No conversions need to be made here!
  vkb1.dat                      
   
  we read in ql(r) in atomic units.
  We now convert to eV,A.
  rLOG(i),qlrLOG=  2.016129032258100E-004 -1.237084406449329E-008
  rLOG(i),qlrLOG=  2.065927419354800E-004 -1.298951108954313E-008
   
  read in nr points=         530
  rmax=   41.9948467191585       in Ang units.
 L =           1   JJ: NO FF Transform now
   
  Begin Next L value.......................
  L=           2
   
  Use one of the QL data files output from gncpp
  the files are ppkb0.dat or ppkb1.dat or ....
  UPDATE: This program was updated June 25, 1992
  We now read in eV-A units of everything from
  gncpp.f --- No conversions need to be made here!
  vkb2.dat                      
   
  we read in ql(r) in atomic units.
  We now convert to eV,A.
  rLOG(i),qlrLOG=  2.016129032258100E-004 -1.251348283359288E-009
  rLOG(i),qlrLOG=  2.065927419354800E-004 -1.346382353225134E-009
   
  read in nr points=         530
  rmax=   41.9948467191585       in Ang units.
 L =           2   JJ: NO FF Transform now
   
  Welcome to mk_pseudoFile.x
  This writes out the final XXX.pp file.
  E.g. 014.pp etc.
   
  Read lmax,L_loc, and L-values from lmaxNlloc.dat
           3           2   10.00000    
           4           0   2.000000    
           4           1   1.000000    
  The OUTPUT file:
  It will have a name like 014.pp (Si), 003.pp (Li)
  The output file is:031.pp                        
 nshells =            2
  reading V_local (r):
  ic=       10000
  isafe=         427
  A very close approximation to Z is   13.00001    
  rsafe=   1.789159    
  alpha=   2.235687    
  Reading and saving V_NL(l) (SR)
 L=1 Npoint=  300
 L=2 Npoint=  280
  Reading V^(KB) information
  Reading and saving V^KB(l) (SR)
 L=1 Npoint=  300 cl=     6.4305964
 L=2 Npoint=  280 cl=    -0.0049801
   
  *******************************************
   
  Done with mk_pseudoFile.x
  The OUTPUT file:
  The output file is:031.pp                        
   
  *******************************************
