l_loc = 
 Call psgen
./psgen - done: output
createPP.log
ncpp.aep
ncpp.cpi
ncpp.dat
ncpp.fc
ncpp.ini
pseudo0.dat
pseudo1.dat
pseudo2.dat
xv.ncpp.ae_wfct.agr
xv.ncpp.density.agr
xv.ncpp.ps_ae_wfct.agr
xv.ncpp.pspot_i.agr
xv.ncpp.pspot_s.agr
xv.ncpp.unscreen.agr
 Call pswatch
#info ./pswatch ncpp 13:47:57 Aug 06 2012 lshamberger

fhi pseudopotential tool pslp - version rev270603B

               chemical symbol  F       
                nuclear charge   9.00
   number of valence electrons   7.00
      number of valence states   2
    exchange-correlation model   9  GGA X Becke C Lee/Yang/Parr             
        parameters radial mesh   477    1.024700  0.694444E-03
  input pseudopotentials up to   d

          === pseudo atom (Hartree a.u.) ===

<        n     l   occupation  eigenvalue(eV)  potential energy
<  1     1     0      2.0000      -29.7751        -7.48814
<  2     2     1      5.0000      -11.1210        -8.93602

                  total energy     -24.12308
                kinetic energy      18.82017
  ionic pseudopotential energy     -59.65640
                hartree energy      21.20484
                     xc energy      -4.49169
        local potential energy     -59.26898
           xc potential energy      -5.80529
    integrated valence density       7.00000
          number of iterations            23   convergence  0.0E+00
                  y range plot       -55   1  14

 pslp - pseudoatom done - now testing

 --- assuming scalar-relativistic all-electron atom ---

 --- d component taken as local potential ---
 --- input wavefunctions used for kb potentials ---

 --- kb potentials: spectrum of bound states (eV) ---

            l          e0            e1            e2
  Write vkb L=           0  to vkb0.dat                                . [a.u.]
 call klbyii
 end call klbyii
semilocal   0      -29.7749       -0.2962        0.0000
 call klbyii
 end call klbyii
nonlocal    0      -29.7749       -0.2963        0.0000
  Write vkb L=           1  to vkb1.dat                                . [a.u.]
 call klbyii
 end call klbyii
semilocal   1      -11.1196        0.0000        0.0000
 call klbyii
 end call klbyii
nonlocal    1      -11.1196        0.0000        0.0000
  Write vkb L=           2  to vkb2.dat                                . [a.u.]

 --- analysis of kb potentials: s waves  ---

 * no ghost (ekb > 0, eloc0 < eref < eloc1)

                     kb cosine        0.3077
                     kb energy      273.8274 eV      ekb
   local potential groundstate     -108.8753 eV    eloc0
        dto. 1st excited state       -2.1104 eV    eloc1
              reference energy      -29.7751 eV     eref

 --- analysis of kb potentials: p waves  ---

 & dftseq - no bound state found (iter): e=>0 n l           3           1
 note: for the local potential no bound excited p state
       is found, the ghost state analysis will assume
       a zero 1st excited state energy (variable eloc1)

 * no ghost (ekb < 0, eref < eloc0)

                     kb cosine       -0.1632
                     kb energy     -468.5799 eV      ekb
   local potential groundstate       -5.3219 eV    eloc0
        dto. 1st excited state        0.0000 eV    eloc1
              reference energy      -11.1210 eV     eref

 --- logarithmic derivatives: at radius = 1.7939 ---

 --- nonlocal potentials ---
 --- all-electron potential ---
 --- semilocal potentials ---

 --- kinetic energy convergence in momentum space ---

     l  n  bracket   cutoff    norm   kinet. energy
            (eV)      (Ry)               (Hartree)
ck   0     1.0E+00     50   0.998848   0.102137E+01
ck   0     1.0E-01     86   0.999936   0.105350E+01
ck   0     1.0E-02      0 < 0.999996   0.105671E+01
 & kinkon - bracket not met for cutoff < ekmx =         200  Ry
cx   0  1                   1.000000   0.105714E+01

ck   1     1.0E+00    138   0.999567   0.330470E+01
ck   1     1.0E-01      0 < 0.999927   0.333240E+01
 & kinkon - bracket not met for cutoff < ekmx =         200  Ry
cx   1  2                   1.000000   0.334118E+01

 --- coulomb tail of pseudopotentials ---
     Tolerance 1.0E-03 is met for
     l= 1 at radii >   0.884
     l= 2 at radii >   0.764
     l= 3 at radii >   0.884

 --- done & exiting ---
./pswatch - done: output
createPP.log
xv.ncpp.lder_sd.agr
qlclATOMIC.dat
vkb2.dat
vkb1.dat
vkb0.dat
lmaxNlloc.dat
 Call linear
  This code is to transform the output of psgen into
  a linear grid format.
  Ready to open ncpp.ini
  9.00   1   2   9   0.00
   0   0   2.00
   0   0   2.00
   0   1   5.00
 Lmax =           2
 PP =  
  get lmax and L_loc from lmaxNlloc.dat
  lmax=           2  L_loc=           2
           0  pseudo0.dat                   vpplinear0.dat                
 psilinear0.dat                
           1  pseudo1.dat                   vpplinear1.dat                
 psilinear1.dat                
           2  pseudo2.dat                   vpplinear2.dat                
 psilinear2.dat                
 	First: local part vpplinear_loc.dat   
   read from foutl(l_loc)=pseudo2.dat                   
  Ready to open 21
   
  read in nr points=         478
  rmax=   40.6710048053728       in Ang units.
  Ready to open 22
  Ready to open 23
  
 	Second: non-local part 
   
  
  L value=           0
 		vpplinear0.dat                
  Ready to open New 21
   
  read in nr points=         478
  rmax=   40.6710048053728       in Ang units.
  Ready to open 12
  
  L value=           1
 		vpplinear1.dat                
  Ready to open New 21
   
  read in nr points=         478
  rmax=   40.6710048053728       in Ang units.
  Ready to open 12
  
  L value=           2
  This is local. We set vnl=0
 		vpplinear2.dat                
  Ready to open New 21
   
  read in nr points=         478
  rmax=   40.6710048053728       in Ang units.
  Ready to open 12
   
  Done with linear. Bye now.
   
   
                       WELCOME
  PROGRAM QLG grid: Bessel transform of NON-LOCAL separable QL potential
   
  
  cl(L)=   1.04926910000000       1/Hartree
  cl(L)=  -2.18006910000000       1/Hartree
  cl(L)=  0.000000000000000E+000  1/Hartree
   LOK=           2
  We read in to L=           2
  Now convert to 1/eV and write to qlcl.dat
  cl(L)=  3.855963294714839E-002
  cl(L)= -8.011544826338653E-002
  cl(L)=  0.000000000000000E+000
  
   
  Begin Next L value.......................
  L=           0
   
  Use one of the QL data files output from gncpp
  the files are ppkb0.dat or ppkb1.dat or ....
  UPDATE: This program was updated June 25, 1992
  We now read in eV-A units of everything from
  gncpp.f --- No conversions need to be made here!
  vkb0.dat                      
   
  we read in ql(r) in atomic units.
  We now convert to eV,A.
  rLOG(i),qlrLOG=  6.944444444444400E-004  1.192928309436506E-002
  rLOG(i),qlrLOG=  7.115972222222200E-004  1.222395389380138E-002
   
  read in nr points=         478
  rmax=   40.6710048053728       in Ang units.
 L =           0   JJ: NO FF Transform now
   
  Begin Next L value.......................
  L=           1
   
  Use one of the QL data files output from gncpp
  the files are ppkb0.dat or ppkb1.dat or ....
  UPDATE: This program was updated June 25, 1992
  We now read in eV-A units of everything from
  gncpp.f --- No conversions need to be made here!
  vkb1.dat                      
   
  we read in ql(r) in atomic units.
  We now convert to eV,A.
  rLOG(i),qlrLOG=  6.944444444444400E-004 -8.356270435616952E-005
  rLOG(i),qlrLOG=  7.115972222222200E-004 -8.774192535277958E-005
   
  read in nr points=         478
  rmax=   40.6710048053728       in Ang units.
 L =           1   JJ: NO FF Transform now
   
  Begin Next L value.......................
  L=           2
   
  Use one of the QL data files output from gncpp
  the files are ppkb0.dat or ppkb1.dat or ....
  UPDATE: This program was updated June 25, 1992
  We now read in eV-A units of everything from
  gncpp.f --- No conversions need to be made here!
  vkb2.dat                      
   
  we read in ql(r) in atomic units.
  We now convert to eV,A.
  rLOG(i),qlrLOG=  6.944444444444400E-004  0.000000000000000E+000
  rLOG(i),qlrLOG=  7.115972222222200E-004  0.000000000000000E+000
   
  read in nr points=         478
  rmax=   40.6710048053728       in Ang units.
 L =           2   JJ: NO FF Transform now
   
  Welcome to mk_pseudoFile.x
  This writes out the final XXX.pp file.
  E.g. 014.pp etc.
   
  Read lmax,L_loc, and L-values from lmaxNlloc.dat
           2           0   2.000000    
           2           1   5.000000    
  The OUTPUT file:
  It will have a name like 014.pp (Si), 003.pp (Li)
  The output file is:009.pp                        
 nshells =            2
  reading V_local (r):
  ic=       10000
  isafe=         164
  A very close approximation to Z is   6.999995    
  rsafe=  0.6630036    
  alpha=   6.033150    
  Reading and saving V_NL(l) (SR)
 L=0 Npoint=  150
 L=1 Npoint=  150
  Reading V^(KB) information
  Reading and saving V^KB(l) (SR)
 L=0 Npoint=  150 cl=     0.0385596
 L=1 Npoint=  150 cl=    -0.0801154
   
  *******************************************
   
  Done with mk_pseudoFile.x
  The OUTPUT file:
  The output file is:009.pp                        
   
  *******************************************
