l_loc = 
 Call psgen
./psgen - done: output
createPP.log
ncpp.aep
ncpp.cpi
ncpp.dat
ncpp.fc
ncpp.ini
pseudo0.dat
pseudo1.dat
pseudo2.dat
xv.ncpp.ae_wfct.agr
xv.ncpp.density.agr
xv.ncpp.ps_ae_wfct.agr
xv.ncpp.pspot_i.agr
xv.ncpp.pspot_s.agr
xv.ncpp.unscreen.agr
 Call pswatch
#info ./pswatch ncpp 13:54:58 Sep 07 2011 lewis

fhi pseudopotential tool pslp - version rev270603B

               chemical symbol  Ga      
                nuclear charge  31.00
   number of valence electrons   1.00
      number of valence states   2
    exchange-correlation model   3  LDA CA Perdew/Zunger 1980               
        parameters radial mesh   529    1.024700  0.201613E-03
  input pseudopotentials up to   d

          === pseudo atom (Hartree a.u.) ===

<        n     l   occupation  eigenvalue(eV)  potential energy
<  1     1     0      0.7500      -26.7345        -1.45923
<  2     2     1      0.2500      -18.2769        -1.31020

                  total energy      -1.05874
                kinetic energy       0.33488
  ionic pseudopotential energy      -1.42197
                hartree energy       0.20804
                     xc energy      -0.17968
        local potential energy      -1.29344
           xc potential energy      -0.23374
    integrated valence density       1.00000
          number of iterations            15   convergence  0.0E+00
                  y range plot        -3   2   1

 pslp - pseudoatom done - now testing

 --- assuming scalar-relativistic all-electron atom ---

 --- d component taken as local potential ---
 --- input wavefunctions used for kb potentials ---

 --- kb potentials: spectrum of bound states (eV) ---

            l          e0            e1            e2
  Write vkb L=           0  to vkb0.dat                                . [a.u.]
 call klbyii
 end call klbyii
semilocal   0      -26.7344       -9.2626       -4.3573
 call klbyii
 end call klbyii
nonlocal    0      -26.7345       -9.4037       -4.4799
  Write vkb L=           1  to vkb1.dat                                . [a.u.]
 call klbyii
 end call klbyii
semilocal   1      -18.2770       -6.8989       -3.2719
 call klbyii
 end call klbyii
nonlocal    1      -18.2769       -6.8751       -3.2552
  Write vkb L=           2  to vkb2.dat                                . [a.u.]

 --- analysis of kb potentials: s waves  ---

 * no ghost (ekb < 0, eref < eloc0)

                     kb cosine       -0.3590
                     kb energy      -29.0804 eV      ekb
   local potential groundstate      -24.0096 eV    eloc0
        dto. 1st excited state       -9.3043 eV    eloc1
              reference energy      -26.7345 eV     eref

 --- analysis of kb potentials: p waves  ---

 * no ghost (ekb < 0, eref < eloc0)

                     kb cosine       -0.5164
                     kb energy      -10.3069 eV      ekb
   local potential groundstate      -15.9719 eV    eloc0
        dto. 1st excited state       -6.3512 eV    eloc1
              reference energy      -18.2769 eV     eref

 --- logarithmic derivatives: at radius = 3.1683 ---

 --- nonlocal potentials ---
 --- all-electron potential ---
 --- semilocal potentials ---

 --- kinetic energy convergence in momentum space ---

     l  n  bracket   cutoff    norm   kinet. energy
            (eV)      (Ry)               (Hartree)
ck   0     1.0E+00      6   0.990039   0.256288E+00
ck   0     1.0E-01     11   0.999549   0.289262E+00
ck   0     1.0E-02     27   0.999978   0.292132E+00
ck   0     1.0E-03     34   0.999998   0.292423E+00
cx   0  1                   1.000000   0.292458E+00

ck   1     1.0E+00      3   0.975156   0.427856E+00
ck   1     1.0E-01     10   0.999419   0.458612E+00
ck   1     1.0E-02     17   0.999963   0.461798E+00
ck   1     1.0E-03     24   0.999998   0.462106E+00
cx   1  2                   1.000000   0.462141E+00

 --- coulomb tail of pseudopotentials ---
     Tolerance 1.0E-03 is met for
     l= 1 at radii >  79.359
     l= 2 at radii >  79.359
     l= 3 at radii >  79.359

 --- done & exiting ---
./pswatch - done: output
createPP.log
xv.ncpp.lder_sd.agr
qlclATOMIC.dat
vkb0.dat
vkb1.dat
vkb2.dat
lmaxNlloc.dat
 Call linear
  This code is to transform the output of psgen into
  a linear grid format.
  Ready to open ncpp.ini
 31.00   6   2   3   0.00
   0   0   2.00
   0   0   2.00
   0   1   6.00
   0   0   2.00
   0   1   6.00
   0   2  10.00
   0   0   0.75
   0   1   0.25
 Lmax =           2
 PP =  
  get lmax and L_loc from lmaxNlloc.dat
  lmax=           2  L_loc=           2
           0  pseudo0.dat                   vpplinear0.dat                
 psilinear0.dat                
           1  pseudo1.dat                   vpplinear1.dat                
 psilinear1.dat                
           2  pseudo2.dat                   vpplinear2.dat                
 psilinear2.dat                
 	First: local part vpplinear_loc.dat   
   read from foutl(l_loc)=pseudo2.dat                   
  Ready to open 21
   
  read in nr points=         530
  rmax=   41.9948467191585       in Ang units.
  Ready to open 22
  Ready to open 23
  
 	Second: non-local part 
   
  
  L value=           0
 		vpplinear0.dat                
  Ready to open New 21
   
  read in nr points=         530
  rmax=   41.9948467191585       in Ang units.
  Ready to open 12
  
  L value=           1
 		vpplinear1.dat                
  Ready to open New 21
   
  read in nr points=         530
  rmax=   41.9948467191585       in Ang units.
  Ready to open 12
  
  L value=           2
  This is local. We set vnl=0
 		vpplinear2.dat                
  Ready to open New 21
   
  read in nr points=         530
  rmax=   41.9948467191585       in Ang units.
  Ready to open 12
   
  Done with linear. Bye now.
   
   
                       WELCOME
  PROGRAM QLG grid: Bessel transform of NON-LOCAL separable QL potential
   
  
  cl(L)=  -7.26142060000000       1/Hartree
  cl(L)=  -9.90173030000000       1/Hartree
  cl(L)=  0.000000000000000E+000  1/Hartree
   LOK=           2
  We read in to L=           2
  Now convert to 1/eV and write to qlcl.dat
  cl(L)= -0.266850241764350     
  cl(L)= -0.363879090606649     
  cl(L)=  0.000000000000000E+000
  
   
  Begin Next L value.......................
  L=           0
   
  Use one of the QL data files output from gncpp
  the files are ppkb0.dat or ppkb1.dat or ....
  UPDATE: This program was updated June 25, 1992
  We now read in eV-A units of everything from
  gncpp.f --- No conversions need to be made here!
  vkb0.dat                      
   
  we read in ql(r) in atomic units.
  We now convert to eV,A.
  rLOG(i),qlrLOG=  2.016129032258100E-004  1.235992740069163E-004
  rLOG(i),qlrLOG=  2.065927419354800E-004  1.266521867408239E-004
   
  read in nr points=         530
  rmax=   41.9948467191585       in Ang units.
 L =           0   JJ: NO FF Transform now
   
  Begin Next L value.......................
  L=           1
   
  Use one of the QL data files output from gncpp
  the files are ppkb0.dat or ppkb1.dat or ....
  UPDATE: This program was updated June 25, 1992
  We now read in eV-A units of everything from
  gncpp.f --- No conversions need to be made here!
  vkb1.dat                      
   
  we read in ql(r) in atomic units.
  We now convert to eV,A.
  rLOG(i),qlrLOG=  2.016129032258100E-004  1.539678544799940E-008
  rLOG(i),qlrLOG=  2.065927419354800E-004  1.616678054887130E-008
   
  read in nr points=         530
  rmax=   41.9948467191585       in Ang units.
 L =           1   JJ: NO FF Transform now
   
  Begin Next L value.......................
  L=           2
   
  Use one of the QL data files output from gncpp
  the files are ppkb0.dat or ppkb1.dat or ....
  UPDATE: This program was updated June 25, 1992
  We now read in eV-A units of everything from
  gncpp.f --- No conversions need to be made here!
  vkb2.dat                      
   
  we read in ql(r) in atomic units.
  We now convert to eV,A.
  rLOG(i),qlrLOG=  2.016129032258100E-004  0.000000000000000E+000
  rLOG(i),qlrLOG=  2.065927419354800E-004  0.000000000000000E+000
   
  read in nr points=         530
  rmax=   41.9948467191585       in Ang units.
 L =           2   JJ: NO FF Transform now
   
  Welcome to mk_pseudoFile.x
  This writes out the final XXX.pp file.
  E.g. 014.pp etc.
   
  Read lmax,L_loc, and L-values from lmaxNlloc.dat
           4           0  0.7500000    
           4           1  0.2500000    
  The OUTPUT file:
  It will have a name like 014.pp (Si), 003.pp (Li)
  The output file is:031.pp                        
 nshells =            2
  reading V_local (r):
  ic=       10000
  isafe=         954
  A very close approximation to Z is   3.000008    
  rsafe=   4.002509    
  alpha=  0.9993733    
  Reading and saving V_NL(l) (SR)
 L=0 Npoint=  670
 L=1 Npoint=  670
  Reading V^(KB) information
  Reading and saving V^KB(l) (SR)
 L=0 Npoint=  630 cl=    -0.2668502
 L=1 Npoint=  640 cl=    -0.3638791
   
  *******************************************
   
  Done with mk_pseudoFile.x
  The OUTPUT file:
  The output file is:031.pp                        
   
  *******************************************
