l_loc = 0
 Call psgen
./psgen - done: output
createPP.log
ncpp.aep
ncpp.cpi
ncpp.dat
ncpp.fc
ncpp.ini
pseudo0.dat
pseudo1.dat
pseudo2.dat
xv.ncpp.ae_wfct.agr
xv.ncpp.density.agr
xv.ncpp.ps_ae_wfct.agr
xv.ncpp.pspot_i.agr
xv.ncpp.pspot_s.agr
xv.ncpp.unscreen.agr
 Call pswatch
#info ./pswatch ncpp 12:56:44 Aug 09 2012 lshamberger

fhi pseudopotential tool pslp - version rev270603B

               chemical symbol  Ag      
                nuclear charge  47.00
   number of valence electrons   9.00
      number of valence states   3
    exchange-correlation model   9  GGA X Becke C Lee/Yang/Parr             
        parameters radial mesh   545    1.024700  0.132979E-03
  input pseudopotentials up to   d

          === pseudo atom (Hartree a.u.) ===

<        n     l   occupation  eigenvalue(eV)  potential energy
<  1     3     2      8.0000      -32.8195        -9.74717
<  2     1     0      1.0000      -22.6657        -4.57758
<  3     2     1      0.0000      -15.8200         0.00000

                  total energy     -34.59560
                kinetic energy      27.20253
  ionic pseudopotential energy     -82.55491
                hartree energy      25.49920
                     xc energy      -4.74241
        local potential energy     -48.81200
           xc potential energy      -6.12763
    integrated valence density       9.00000
          number of iterations            29   convergence  0.0E+00
                  y range plot       -20   1   5

 pslp - pseudoatom done - now testing

 --- assuming scalar-relativistic all-electron atom ---

 --- s component taken as local potential ---
 --- input wavefunctions used for kb potentials ---

 --- kb potentials: spectrum of bound states (eV) ---

            l          e0            e1            e2
  Write vkb L=           0  to vkb0.dat                                . [a.u.]
  Write vkb L=           1  to vkb1.dat                                . [a.u.]
 call klbyii
 end call klbyii
semilocal   1      -15.8199       -6.3768       -2.9744
 call klbyii
 end call klbyii
nonlocal    1      -15.8199       -6.3755       -2.9725
  Write vkb L=           2  to vkb2.dat                                . [a.u.]
 call klbyii
 end call klbyii
semilocal   2      -32.8195       -7.7810       -3.6998
 call klbyii
 end call klbyii
nonlocal    2      -32.8195       -7.7789       -3.6950

 --- analysis of kb potentials: p waves  ---

 * no ghost (ekb > 0, eloc0 < eref < eloc1)

                     kb cosine        0.2910
                     kb energy       13.2437 eV      ekb
   local potential groundstate      -17.1232 eV    eloc0
        dto. 1st excited state       -6.6730 eV    eloc1
              reference energy      -15.8200 eV     eref

 --- analysis of kb potentials: d waves  ---

 * no ghost (ekb < 0, eref < eloc0)

                     kb cosine       -0.7880
                     kb energy     -184.8386 eV      ekb
   local potential groundstate       -9.6107 eV    eloc0
        dto. 1st excited state       -4.4280 eV    eloc1
              reference energy      -32.8195 eV     eref

 --- logarithmic derivatives: at radius = 3.4043 ---

 --- nonlocal potentials ---
 --- all-electron potential ---
 --- semilocal potentials ---

 --- kinetic energy convergence in momentum space ---

     l  n  bracket   cutoff    norm   kinet. energy
            (eV)      (Ry)               (Hartree)
ck   0     1.0E+00      4   0.987582   0.202785E+00
ck   0     1.0E-01      9   0.999521   0.233310E+00
ck   0     1.0E-02     21   0.999973   0.236598E+00
ck   0     1.0E-03     38   0.999998   0.236913E+00
cx   0  1                   1.000000   0.236949E+00

ck   2     1.0E+00     28   0.997207   0.333602E+01
ck   2     1.0E-01     37   0.999784   0.336713E+01
ck   2     1.0E-02     44   0.999986   0.337038E+01
ck   2     1.0E-03     75   0.999999   0.337066E+01
cx   2  3                   1.000000   0.337070E+01

 --- coulomb tail of pseudopotentials ---
     Tolerance 1.0E-03 is met for
     l= 1 at radii >  77.340
     l= 2 at radii >  77.340
     l= 3 at radii >  77.340

 --- done & exiting ---
./pswatch - done: output
createPP.log
xv.ncpp.lder_sd.agr
qlclATOMIC.dat
vkb2.dat
vkb1.dat
vkb0.dat
lmaxNlloc.dat
 Call linear
  This code is to transform the output of psgen into
  a linear grid format.
  Ready to open ncpp.ini
 47.00   8   3   9   0.00
   0   0   2.00
   0   0   2.00
   0   1   6.00
   0   0   2.00
   0   1   6.00
   0   2  10.00
   0   0   2.00
   0   1   6.00
   0   2   8.00
   0   0   1.00
   0   1   0.00
 Lmax =           2
 PP =  
  get lmax and L_loc from lmaxNlloc.dat
  lmax=           2  L_loc=           0
           0  pseudo0.dat                   vpplinear0.dat                
 psilinear0.dat                
           1  pseudo1.dat                   vpplinear1.dat                
 psilinear1.dat                
           2  pseudo2.dat                   vpplinear2.dat                
 psilinear2.dat                
 	First: local part vpplinear_loc.dat   
   read from foutl(l_loc)=pseudo0.dat                   
  Ready to open 21
   
  read in nr points=         546
  rmax=   40.9267836439637       in Ang units.
  Ready to open 22
  Ready to open 23
  
 	Second: non-local part 
   
  
  L value=           0
  This is local. We set vnl=0
 		vpplinear0.dat                
  Ready to open New 21
   
  read in nr points=         546
  rmax=   40.9267836439637       in Ang units.
  Ready to open 12
  
  L value=           1
 		vpplinear1.dat                
  Ready to open New 21
   
  read in nr points=         546
  rmax=   40.9267836439637       in Ang units.
  Ready to open 12
  
  L value=           2
 		vpplinear2.dat                
  Ready to open New 21
   
  read in nr points=         546
  rmax=   40.9267836439637       in Ang units.
  Ready to open 12
   
  Done with linear. Bye now.
   
   
                       WELCOME
  PROGRAM QLG grid: Bessel transform of NON-LOCAL separable QL potential
   
  
  cl(L)=  0.000000000000000E+000  1/Hartree
  cl(L)=   24.2621764000000       1/Hartree
  cl(L)= -0.237086900000000       1/Hartree
   LOK=           2
  We read in to L=           2
  Now convert to 1/eV and write to qlcl.dat
  cl(L)=  0.000000000000000E+000
  cl(L)=  0.891611709982660     
  cl(L)= -8.712716156968003E-003
  
   
  Begin Next L value.......................
  L=           0
   
  Use one of the QL data files output from gncpp
  the files are ppkb0.dat or ppkb1.dat or ....
  UPDATE: This program was updated June 25, 1992
  We now read in eV-A units of everything from
  gncpp.f --- No conversions need to be made here!
  vkb0.dat                      
   
  we read in ql(r) in atomic units.
  We now convert to eV,A.
  rLOG(i),qlrLOG=  1.329787234042600E-004  0.000000000000000E+000
  rLOG(i),qlrLOG=  1.362632978723400E-004  0.000000000000000E+000
   
  read in nr points=         546
  rmax=   40.9267836439637       in Ang units.
 L =           0   JJ: NO FF Transform now
   
  Begin Next L value.......................
  L=           1
   
  Use one of the QL data files output from gncpp
  the files are ppkb0.dat or ppkb1.dat or ....
  UPDATE: This program was updated June 25, 1992
  We now read in eV-A units of everything from
  gncpp.f --- No conversions need to be made here!
  vkb1.dat                      
   
  we read in ql(r) in atomic units.
  We now convert to eV,A.
  rLOG(i),qlrLOG=  1.329787234042600E-004 -2.983913030473443E-009
  rLOG(i),qlrLOG=  1.362632978723400E-004 -3.133138789679636E-009
   
  read in nr points=         546
  rmax=   40.9267836439637       in Ang units.
 L =           1   JJ: NO FF Transform now
   
  Begin Next L value.......................
  L=           2
   
  Use one of the QL data files output from gncpp
  the files are ppkb0.dat or ppkb1.dat or ....
  UPDATE: This program was updated June 25, 1992
  We now read in eV-A units of everything from
  gncpp.f --- No conversions need to be made here!
  vkb2.dat                      
   
  we read in ql(r) in atomic units.
  We now convert to eV,A.
  rLOG(i),qlrLOG=  1.329787234042600E-004 -8.344980141280683E-011
  rLOG(i),qlrLOG=  1.362632978723400E-004 -8.978742488919754E-011
   
  read in nr points=         546
  rmax=   40.9267836439637       in Ang units.
 L =           2   JJ: NO FF Transform now
   
  Welcome to mk_pseudoFile.x
  This writes out the final XXX.pp file.
  E.g. 014.pp etc.
   
  Read lmax,L_loc, and L-values from lmaxNlloc.dat
           4           2   8.000000    
           5           0   1.000000    
           5           1  0.0000000E+00
  The OUTPUT file:
  It will have a name like 014.pp (Si), 003.pp (Li)
  The output file is:047.pp                        
 nshells =            2
  reading V_local (r):
  ic=       10000
  isafe=         630
  A very close approximation to Z is   11.00002    
  rsafe=   2.574552    
  alpha=   1.553668    
  Reading and saving V_NL(l) (SR)
 L=1 Npoint=  360
 L=2 Npoint=  330
  Reading V^(KB) information
  Reading and saving V^KB(l) (SR)
 L=1 Npoint=  360 cl=     0.8916117
 L=2 Npoint=  330 cl=    -0.0087127
   
  *******************************************
   
  Done with mk_pseudoFile.x
  The OUTPUT file:
  The output file is:047.pp                        
   
  *******************************************
