l_loc = 
 Call psgen
./psgen - done: output
 Call pswatch
#info ./pswatch ncpp 13:45:14 Feb 19 2011 lewis

fhi pseudopotential tool pslp - version rev270603B

               chemical symbol  P       
                nuclear charge  15.00
   number of valence electrons   5.00
      number of valence states   2
    exchange-correlation model   3  LDA CA Perdew/Zunger 1980               
        parameters radial mesh   499    1.024700  0.416667E-03
  input pseudopotentials up to   d

          === pseudo atom (Hartree a.u.) ===

<        n     l   occupation  eigenvalue(eV)  potential energy
<  1     1     0      2.0000      -14.0217        -2.65830
<  2     2     1      3.0000       -5.6031        -2.37292

                  total energy      -6.40780
                kinetic energy       2.27540
  ionic pseudopotential energy     -12.43535
                hartree energy       5.19994
                     xc energy      -1.44779
        local potential energy     -13.92865
           xc potential energy      -1.88822
    integrated valence density       5.00000
          number of iterations            19   convergence  0.0E+00
                  y range plot        -7   2   2

 pslp - pseudoatom done - now testing

 --- assuming scalar-relativistic all-electron atom ---

 --- d component taken as local potential ---
 --- input wavefunctions used for kb potentials ---

 --- kb potentials: spectrum of bound states (eV) ---

            l          e0            e1            e2
  Write vkb L=           0  to vkb0.dat                                . [a.u.]
 call klbyii
 end call klbyii
semilocal   0      -14.0217       -0.3141        0.0000
 call klbyii
 end call klbyii
nonlocal    0      -14.0217       -0.3158        0.0000
  Write vkb L=           1  to vkb1.dat                                . [a.u.]
 call klbyii
 end call klbyii
semilocal   1       -5.6031        0.0000        0.0000
 call klbyii
 end call klbyii
nonlocal    1       -5.6031        0.0000        0.0000
  Write vkb L=           2  to vkb2.dat                                . [a.u.]

 --- analysis of kb potentials: s waves  ---

 * no ghost (ekb > 0, eloc0 < eref < eloc1)

                     kb cosine        0.3659
                     kb energy       91.7170 eV      ekb
   local potential groundstate      -58.1682 eV    eloc0
        dto. 1st excited state       -3.7204 eV    eloc1
              reference energy      -14.0217 eV     eref

 --- analysis of kb potentials: p waves  ---

 * no ghost (ekb > 0, eloc0 < eref < eloc1)

                     kb cosine        0.3251
                     kb energy       50.7261 eV      ekb
   local potential groundstate      -20.0699 eV    eloc0
        dto. 1st excited state       -0.0641 eV    eloc1
              reference energy       -5.6031 eV     eref

 --- logarithmic derivatives: at radius = 2.7203 ---

 --- nonlocal potentials ---
 --- all-electron potential ---
 --- semilocal potentials ---

 --- kinetic energy convergence in momentum space ---

     l  n  bracket   cutoff    norm   kinet. energy
            (eV)      (Ry)               (Hartree)
ck   0     1.0E+00      9   0.993540   0.304513E+00
ck   0     1.0E-01     17   0.999669   0.337568E+00
ck   0     1.0E-02     42   0.999984   0.340750E+00
ck   0     1.0E-03     55   0.999999   0.341078E+00
cx   0  1                   1.000000   0.341111E+00

ck   1     1.0E+00      4   0.984155   0.496277E+00
ck   1     1.0E-01      8   0.999252   0.527519E+00
ck   1     1.0E-02     24   0.999973   0.530705E+00
ck   1     1.0E-03     32   0.999998   0.531024E+00
cx   1  2                   1.000000   0.531061E+00

 --- coulomb tail of pseudopotentials ---
     Tolerance 1.0E-03 is met for
     l= 1 at radii >   1.887
     l= 2 at radii >   1.887
     l= 3 at radii >   2.131

 --- done & exiting ---
./pswatch - done: output
createPP.log
xv.ncpp.lder_sd.agr
 Call linear
  This code is to transform the output of psgen into
  a linear grid format.
  Ready to open ncpp.ini
 15.00   3   2   3   0.00
   0   0   2.00
   0   0   2.00
   0   1   6.00
   0   0   2.00
   0   1   3.00
 Lmax =           2
 PP =  
  get lmax and L_loc from lmaxNlloc.dat
  lmax=           2  L_loc=           2
           0  pseudo0.dat                   vpplinear0.dat                
 psilinear0.dat                
           1  pseudo1.dat                   vpplinear1.dat                
 psilinear1.dat                
           2  pseudo2.dat                   vpplinear2.dat                
 psilinear2.dat                
 	First: local part vpplinear_loc.dat   
   read from foutl(l_loc)=pseudo2.dat                   
  Ready to open 21
   
  read in nr points=         500
  rmax=   41.7411441349757       in Ang units.
  Ready to open 22
  Ready to open 23
  
 	Second: non-local part 
   
  
  L value=           0
 		vpplinear0.dat                
  Ready to open New 21
   
  read in nr points=         500
  rmax=   41.7411441349757       in Ang units.
  Ready to open 12
  
  L value=           1
 		vpplinear1.dat                
  Ready to open New 21
   
  read in nr points=         500
  rmax=   41.7411441349757       in Ang units.
  Ready to open 12
  
  L value=           2
  This is local. We set vnl=0
 		vpplinear2.dat                
  Ready to open New 21
   
  read in nr points=         500
  rmax=   41.7411441349757       in Ang units.
  Ready to open 12
   
  Done with linear. Bye now.
   
   
                       WELCOME
  PROGRAM QLG grid: Bessel transform of NON-LOCAL separable QL potential
   
  
  cl(L)=   2.21653870000000       1/Hartree
  cl(L)=   5.07622860000000       1/Hartree
  cl(L)=  0.000000000000000E+000  1/Hartree
   LOK=           2
  We read in to L=           2
  Now convert to 1/eV and write to qlcl.dat
  cl(L)=  8.145567108108823E-002
  cl(L)=  0.186546531839942     
  cl(L)=  0.000000000000000E+000
  
   
  Begin Next L value.......................
  L=           0
   
  Use one of the QL data files output from gncpp
  the files are ppkb0.dat or ppkb1.dat or ....
  UPDATE: This program was updated June 25, 1992
  We now read in eV-A units of everything from
  gncpp.f --- No conversions need to be made here!
  vkb0.dat                      
   
  we read in ql(r) in atomic units.
  We now convert to eV,A.
  rLOG(i),qlrLOG=  4.166666666666700E-004  7.325290762031783E-004
  rLOG(i),qlrLOG=  4.269583333333300E-004  7.506226541828923E-004
   
  read in nr points=         500
  rmax=   41.7411441349757       in Ang units.
 L =           0   JJ: NO FF Transform now
   
  Begin Next L value.......................
  L=           1
   
  Use one of the QL data files output from gncpp
  the files are ppkb0.dat or ppkb1.dat or ....
  UPDATE: This program was updated June 25, 1992
  We now read in eV-A units of everything from
  gncpp.f --- No conversions need to be made here!
  vkb1.dat                      
   
  we read in ql(r) in atomic units.
  We now convert to eV,A.
  rLOG(i),qlrLOG=  4.166666666666700E-004  2.451554767303143E-007
  rLOG(i),qlrLOG=  4.269583333333300E-004  2.574157567998763E-007
   
  read in nr points=         500
  rmax=   41.7411441349757       in Ang units.
 L =           1   JJ: NO FF Transform now
   
  Begin Next L value.......................
  L=           2
   
  Use one of the QL data files output from gncpp
  the files are ppkb0.dat or ppkb1.dat or ....
  UPDATE: This program was updated June 25, 1992
  We now read in eV-A units of everything from
  gncpp.f --- No conversions need to be made here!
  vkb2.dat                      
   
  we read in ql(r) in atomic units.
  We now convert to eV,A.
  rLOG(i),qlrLOG=  4.166666666666700E-004  0.000000000000000E+000
  rLOG(i),qlrLOG=  4.269583333333300E-004  0.000000000000000E+000
   
  read in nr points=         500
  rmax=   41.7411441349757       in Ang units.
 L =           2   JJ: NO FF Transform now
   
  Welcome to mk_pseudoFile.x
  This writes out the final XXX.pp file.
  E.g. 014.pp etc.
   
  Read lmax,L_loc, and L-values from lmaxNlloc.dat
           3           0   2.000000    
           3           1   3.000000    
  The OUTPUT file:
  It will have a name like 014.pp (Si), 003.pp (Li)
  The output file is:015.pp                        
 nshells =            2
  reading V_local (r):
  ic=       10000
  isafe=         376
  A very close approximation to Z is   5.000004    
  rsafe=   1.565449    
  alpha=   2.555177    
  Reading and saving V_NL(l) (SR)
 L=0 Npoint=  340
 L=1 Npoint=  340
  Reading V^(KB) information
  Reading and saving V^KB(l) (SR)
 L=0 Npoint=  330 cl=     0.0814557
 L=1 Npoint=  330 cl=     0.1865465
   
  *******************************************
   
  Done with mk_pseudoFile.x
  The OUTPUT file:
  The output file is:015.pp                        
   
  *******************************************
