l_loc = 0
 Call psgen
./psgen - done: output
createPP.log
ncpp.aep
ncpp.cpi
ncpp.dat
ncpp.fc
ncpp.ini
pseudo0.dat
pseudo1.dat
pseudo2.dat
xv.ncpp.ae_wfct.agr
xv.ncpp.density.agr
xv.ncpp.ps_ae_wfct.agr
xv.ncpp.pspot_i.agr
xv.ncpp.pspot_s.agr
xv.ncpp.unscreen.agr
 Call pswatch
#info ./pswatch ncpp 10:50:49 Jul 25 2012 lewis

fhi pseudopotential tool pslp - version rev270603B

               chemical symbol  Ni      
                nuclear charge  28.00
   number of valence electrons   8.00
      number of valence states   3
    exchange-correlation model   3  LDA CA Perdew/Zunger 1980               
        parameters radial mesh   525    1.024700  0.223214E-03
  input pseudopotentials up to   d

          === pseudo atom (Hartree a.u.) ===

<        n     l   occupation  eigenvalue(eV)  potential energy
<  1     3     2      7.0000      -35.3273       -12.60630
<  2     1     0      1.0000      -24.2697        -4.63344
<  3     2     1      0.0000      -17.0541         0.00000

                  total energy     -33.48692
                kinetic energy      39.23716
  ionic pseudopotential energy     -92.87755
                hartree energy      25.02914
                     xc energy      -4.87566
        local potential energy     -46.32388
           xc potential energy      -6.39749
    integrated valence density       8.00000
          number of iterations            19   convergence  0.0E+00
                  y range plot       -23   1   6

 pslp - pseudoatom done - now testing

 --- assuming scalar-relativistic all-electron atom ---

 --- s component taken as local potential ---
 --- input wavefunctions used for kb potentials ---

 --- kb potentials: spectrum of bound states (eV) ---

            l          e0            e1            e2
  Write vkb L=           0  to vkb0.dat                                . [a.u.]
  Write vkb L=           1  to vkb1.dat                                . [a.u.]
 call klbyii
 end call klbyii
semilocal   1      -17.0541       -6.5138       -3.0545
 call klbyii
 end call klbyii
nonlocal    1      -17.0541       -6.5053       -3.0450
  Write vkb L=           2  to vkb2.dat                                . [a.u.]
 call klbyii
 end call klbyii
semilocal   2      -35.3272       -7.7399       -3.5967
 call klbyii
 end call klbyii
nonlocal    2      -35.3272       -7.9202       -3.6728

 --- analysis of kb potentials: p waves  ---

 * no ghost (ekb > 0, eloc0 < eref < eloc1)

                     kb cosine        0.0824
                     kb energy       50.2662 eV      ekb
   local potential groundstate      -17.5019 eV    eloc0
        dto. 1st excited state       -6.5709 eV    eloc1
              reference energy      -17.0541 eV     eref

 --- analysis of kb potentials: d waves  ---

 * no ghost (ekb < 0, eref < eloc0)

                     kb cosine       -0.8098
                     kb energy     -275.9654 eV      ekb
   local potential groundstate       -9.0880 eV    eloc0
        dto. 1st excited state       -4.1587 eV    eloc1
              reference energy      -35.3273 eV     eref

 --- logarithmic derivatives: at radius = 2.8857 ---

 --- nonlocal potentials ---
 --- all-electron potential ---
 --- semilocal potentials ---

 --- kinetic energy convergence in momentum space ---

     l  n  bracket   cutoff    norm   kinet. energy
            (eV)      (Ry)               (Hartree)
ck   0     1.0E+00      5   0.989022   0.225498E+00
ck   0     1.0E-01     10   0.999523   0.257034E+00
ck   0     1.0E-02     26   0.999977   0.260360E+00
ck   0     1.0E-03     46   0.999999   0.260669E+00
cx   0  1                   1.000000   0.260704E+00

ck   2     1.0E+00     48   0.998293   0.553244E+01
ck   2     1.0E-01     61   0.999878   0.556470E+01
ck   2     1.0E-02     73   0.999991   0.556771E+01
ck   2     1.0E-03    123   0.999999   0.556803E+01
cx   2  3                   1.000000   0.556806E+01

 --- coulomb tail of pseudopotentials ---
     Tolerance 1.0E-03 is met for
     l= 1 at radii >  79.691
     l= 2 at radii >  79.691
     l= 3 at radii >  79.691

 --- done & exiting ---
./pswatch - done: output
createPP.log
xv.ncpp.lder_sd.agr
qlclATOMIC.dat
vkb0.dat
vkb1.dat
vkb2.dat
 Call linear
  This code is to transform the output of psgen into
  a linear grid format.
  Ready to open ncpp.ini
 28.00   5   3   3   0.00
   0   0   2.00
   0   0   2.00
   0   1   6.00
   0   0   2.00
   0   1   6.00
   0   2   7.00
   0   0   1.00
   0   1   0.00
 Lmax =           2
 PP =  
  get lmax and L_loc from lmaxNlloc.dat
  lmax=           2  L_loc=           0
           0  pseudo0.dat                   vpplinear0.dat                
 psilinear0.dat                
           1  pseudo1.dat                   vpplinear1.dat                
 psilinear1.dat                
           2  pseudo2.dat                   vpplinear2.dat                
 psilinear2.dat                
 	First: local part vpplinear_loc.dat   
   read from foutl(l_loc)=pseudo0.dat                   
  Ready to open 21
   
  read in nr points=         526
  rmax=   42.1708852777722       in Ang units.
  Ready to open 22
  Ready to open 23
  
 	Second: non-local part 
   
  
  L value=           0
  This is local. We set vnl=0
 		vpplinear0.dat                
  Ready to open New 21
   
  read in nr points=         526
  rmax=   42.1708852777722       in Ang units.
  Ready to open 12
  
  L value=           1
 		vpplinear1.dat                
  Ready to open New 21
   
  read in nr points=         526
  rmax=   42.1708852777722       in Ang units.
  Ready to open 12
  
  L value=           2
 		vpplinear2.dat                
  Ready to open New 21
   
  read in nr points=         526
  rmax=   42.1708852777722       in Ang units.
  Ready to open 12
   
  Done with linear. Bye now.
   
   
                       WELCOME
  PROGRAM QLG grid: Bessel transform of NON-LOCAL separable QL potential
   
  
  cl(L)=  0.000000000000000E+000  1/Hartree
  cl(L)=   79.7448350000000       1/Hartree
  cl(L)= -0.150364100000000       1/Hartree
   LOK=           2
  We read in to L=           2
  Now convert to 1/eV and write to qlcl.dat
  cl(L)=  0.000000000000000E+000
  cl(L)=   2.93054619356551     
  cl(L)= -5.525736443042414E-003
  
   
  Begin Next L value.......................
  L=           0
   
  Use one of the QL data files output from gncpp
  the files are ppkb0.dat or ppkb1.dat or ....
  UPDATE: This program was updated June 25, 1992
  We now read in eV-A units of everything from
  gncpp.f --- No conversions need to be made here!
  vkb0.dat                      
   
  we read in ql(r) in atomic units.
  We now convert to eV,A.
  rLOG(i),qlrLOG=  2.232142857142900E-004  0.000000000000000E+000
  rLOG(i),qlrLOG=  2.287276785714300E-004  0.000000000000000E+000
   
  read in nr points=         526
  rmax=   42.1708852777722       in Ang units.
 L =           0   JJ: NO FF Transform now
   
  Begin Next L value.......................
  L=           1
   
  Use one of the QL data files output from gncpp
  the files are ppkb0.dat or ppkb1.dat or ....
  UPDATE: This program was updated June 25, 1992
  We now read in eV-A units of everything from
  gncpp.f --- No conversions need to be made here!
  vkb1.dat                      
   
  we read in ql(r) in atomic units.
  We now convert to eV,A.
  rLOG(i),qlrLOG=  2.232142857142900E-004 -1.623206007133976E-008
  rLOG(i),qlrLOG=  2.287276785714300E-004 -1.704382685639342E-008
   
  read in nr points=         526
  rmax=   42.1708852777722       in Ang units.
 L =           1   JJ: NO FF Transform now
   
  Begin Next L value.......................
  L=           2
   
  Use one of the QL data files output from gncpp
  the files are ppkb0.dat or ppkb1.dat or ....
  UPDATE: This program was updated June 25, 1992
  We now read in eV-A units of everything from
  gncpp.f --- No conversions need to be made here!
  vkb2.dat                      
   
  we read in ql(r) in atomic units.
  We now convert to eV,A.
  rLOG(i),qlrLOG=  2.232142857142900E-004 -1.325598852778802E-009
  rLOG(i),qlrLOG=  2.287276785714300E-004 -1.426271907326701E-009
   
  read in nr points=         526
  rmax=   42.1708852777722       in Ang units.
 L =           2   JJ: NO FF Transform now
   
  Welcome to mk_pseudoFile.x
  This writes out the final XXX.pp file.
  E.g. 014.pp etc.
   
  Read lmax,L_loc, and L-values from lmaxNlloc.dat
           3           2   7.000000    
           4           0   1.000000    
           4           1  0.0000000E+00
  The OUTPUT file:
  It will have a name like 014.pp (Si), 003.pp (Li)
  The output file is:028.pp                        
 nshells =            2
  reading V_local (r):
  ic=       10000
  isafe=         486
  A very close approximation to Z is   10.00002    
  rsafe=   2.045492    
  alpha=   1.955520    
  Reading and saving V_NL(l) (SR)
 L=1 Npoint=  310
 L=2 Npoint=  300
  Reading V^(KB) information
  Reading and saving V^KB(l) (SR)
 L=1 Npoint=  310 cl=     2.9305463
 L=2 Npoint=  300 cl=    -0.0055257
   
  *******************************************
   
  Done with mk_pseudoFile.x
  The OUTPUT file:
  The output file is:028.pp                        
   
  *******************************************
