l_loc = 
 Call psgen
./psgen - done: output
createPP.log
ncpp.aep
ncpp.cpi
ncpp.dat
ncpp.fc
ncpp.ini
pseudo0.dat
pseudo1.dat
pseudo2.dat
xv.ncpp.ae_wfct.agr
xv.ncpp.density.agr
xv.ncpp.ps_ae_wfct.agr
xv.ncpp.pspot_i.agr
xv.ncpp.pspot_s.agr
xv.ncpp.unscreen.agr
 Call pswatch
#info ./pswatch ncpp 14:15:06 Mar 04 2016 lewis

fhi pseudopotential tool pslp - version rev270603B

               chemical symbol  I       
                nuclear charge  53.00
   number of valence electrons   5.00
      number of valence states   2
    exchange-correlation model   9  GGA X Becke C Lee/Yang/Parr             
        parameters radial mesh   551    1.024700  0.117925E-03
  input pseudopotentials up to   d

          === pseudo atom (Hartree a.u.) ===

<        n     l   occupation  eigenvalue(eV)  potential energy
<  1     1     0      1.5000      -36.2717        -3.59654
<  2     2     1      3.5000      -24.6528        -3.20086

                  total energy     -10.04873
                kinetic energy       2.76673
  ionic pseudopotential energy     -16.59780
                hartree energy       5.32268
                     xc energy      -1.54034
        local potential energy     -15.77667
           xc potential energy      -1.98459
    integrated valence density       5.00000
          number of iterations            18   convergence  0.0E+00
                  y range plot        -8   2   2

 pslp - pseudoatom done - now testing

 --- assuming scalar-relativistic all-electron atom ---
 & pslp - warning: grid from unit fort.37 incompatible

 --- d component taken as local potential ---
 --- input wavefunctions used for kb potentials ---

 --- kb potentials: spectrum of bound states (eV) ---

            l          e0            e1            e2
  Write vkb L=           0  to vkb0.dat                                . [a.u.]
 call klbyii
 end call klbyii
semilocal   0      -36.2716      -11.2477       -5.0731
 call klbyii
 end call klbyii
nonlocal    0      -36.2716      -12.1714       -5.9900
  Write vkb L=           1  to vkb1.dat                                . [a.u.]
 call klbyii
 end call klbyii
semilocal   1      -24.6528       -8.3422       -3.9580
 call klbyii
 end call klbyii
nonlocal    1      -24.6528       -8.3405       -3.9599
  Write vkb L=           2  to vkb2.dat                                . [a.u.]

 --- analysis of kb potentials: s waves  ---

 * no ghost (ekb < 0, eref < eloc0)

                     kb cosine       -0.3507
                     kb energy      -55.7557 eV      ekb
   local potential groundstate      -32.6131 eV    eloc0
        dto. 1st excited state      -12.0221 eV    eloc1
              reference energy      -36.2717 eV     eref

 --- analysis of kb potentials: p waves  ---

 * no ghost (ekb < 0, eref < eloc0)

                     kb cosine       -0.3796
                     kb energy      -23.9172 eV      ekb
   local potential groundstate      -21.7682 eV    eloc0
        dto. 1st excited state       -7.9742 eV    eloc1
              reference energy      -24.6528 eV     eref

 --- logarithmic derivatives: at radius = 3.3284 ---

 --- nonlocal potentials ---
 --- all-electron potential ---
 --- semilocal potentials ---

 --- kinetic energy convergence in momentum space ---

     l  n  bracket   cutoff    norm   kinet. energy
            (eV)      (Ry)               (Hartree)
ck   0     1.0E+00     10   0.994502   0.413011E+00
ck   0     1.0E-01     29   0.999783   0.443214E+00
ck   0     1.0E-02     41   0.999987   0.446457E+00
ck   0     1.0E-03     75   0.999999   0.446763E+00
cx   0  1                   1.000000   0.446795E+00

ck   1     1.0E+00      4   0.990737   0.564873E+00
ck   1     1.0E-01     16   0.999616   0.595580E+00
ck   1     1.0E-02     23   0.999979   0.598666E+00
ck   1     1.0E-03     45   0.999999   0.598979E+00
cx   1  2                   1.000000   0.599011E+00

 --- coulomb tail of pseudopotentials ---
     Tolerance 1.0E-03 is met for
     l= 1 at radii >  79.398
     l= 2 at radii >  79.398
     l= 3 at radii >  79.398

 --- done & exiting ---
./pswatch - done: output
createPP.log
xv.ncpp.lder_sd.agr
qlclATOMIC.dat
vkb2.dat
vkb1.dat
vkb0.dat
lmaxNlloc.dat
 Call linear
  This code is to transform the output of psgen into
  a linear grid format.
  Ready to open ncpp.ini
 53.00   9   2   9   0.00
   0   0   2.00
   0   0   2.00
   0   1   6.00
   0   0   2.00
   0   1   6.00
   0   2  10.00
   0   0   2.00
   0   1   6.00
   0   2  10.00
   0   0   1.50
   0   1   3.50
 Lmax =           2
 PP =  
  get lmax and L_loc from lmaxNlloc.dat
  lmax=           2  L_loc=           2
           0  pseudo0.dat                   vpplinear0.dat                
 psilinear0.dat                
           1  pseudo1.dat                   vpplinear1.dat                
 psilinear1.dat                
           2  pseudo2.dat                   vpplinear2.dat                
 psilinear2.dat                
 	First: local part vpplinear_loc.dat   
   read from foutl(l_loc)=pseudo2.dat                   
  Ready to open 21
   
  read in nr points=         552
  rmax=   42.0155469238722       in Ang units.
  Ready to open 22
  Ready to open 23
  
 	Second: non-local part 
   
  
  L value=           0
 		vpplinear0.dat                
  Ready to open New 21
   
  read in nr points=         552
  rmax=   42.0155469238722       in Ang units.
  Ready to open 12
  
  L value=           1
 		vpplinear1.dat                
  Ready to open New 21
   
  read in nr points=         552
  rmax=   42.0155469238722       in Ang units.
  Ready to open 12
  
  L value=           2
  This is local. We set vnl=0
 		vpplinear2.dat                
  Ready to open New 21
   
  read in nr points=         552
  rmax=   42.0155469238722       in Ang units.
  Ready to open 12
   
  Done with linear. Bye now.
   
   
                       WELCOME
  PROGRAM QLG grid: Bessel transform of NON-LOCAL separable QL potential
   
  
  cl(L)=  -3.96886100000000       1/Hartree
  cl(L)=  -7.89727000000000       1/Hartree
  cl(L)=  0.000000000000000E+000  1/Hartree
   LOK=           2
  We read in to L=           2
  Now convert to 1/eV and write to qlcl.dat
  cl(L)= -0.145851834746923     
  cl(L)= -0.290217097296134     
  cl(L)=  0.000000000000000E+000
  
   
  Begin Next L value.......................
  L=           0
   
  Use one of the QL data files output from gncpp
  the files are ppkb0.dat or ppkb1.dat or ....
  UPDATE: This program was updated June 25, 1992
  We now read in eV-A units of everything from
  gncpp.f --- No conversions need to be made here!
  vkb0.dat                      
   
  we read in ql(r) in atomic units.
  We now convert to eV,A.
  rLOG(i),qlrLOG=  1.179245283018900E-004  8.610995396185241E-005
  rLOG(i),qlrLOG=  1.208372641509400E-004  8.823686634405742E-005
   
  read in nr points=         552
  rmax=   42.0155469238722       in Ang units.
 L =           0   JJ: NO FF Transform now
   
  Begin Next L value.......................
  L=           1
   
  Use one of the QL data files output from gncpp
  the files are ppkb0.dat or ppkb1.dat or ....
  UPDATE: This program was updated June 25, 1992
  We now read in eV-A units of everything from
  gncpp.f --- No conversions need to be made here!
  vkb1.dat                      
   
  we read in ql(r) in atomic units.
  We now convert to eV,A.
  rLOG(i),qlrLOG=  1.179245283018900E-004  1.284259136498925E-008
  rLOG(i),qlrLOG=  1.208372641509400E-004  1.348485040606615E-008
   
  read in nr points=         552
  rmax=   42.0155469238722       in Ang units.
 L =           1   JJ: NO FF Transform now
   
  Begin Next L value.......................
  L=           2
   
  Use one of the QL data files output from gncpp
  the files are ppkb0.dat or ppkb1.dat or ....
  UPDATE: This program was updated June 25, 1992
  We now read in eV-A units of everything from
  gncpp.f --- No conversions need to be made here!
  vkb2.dat                      
   
  we read in ql(r) in atomic units.
  We now convert to eV,A.
  rLOG(i),qlrLOG=  1.179245283018900E-004  0.000000000000000E+000
  rLOG(i),qlrLOG=  1.208372641509400E-004  0.000000000000000E+000
   
  read in nr points=         552
  rmax=   42.0155469238722       in Ang units.
 L =           2   JJ: NO FF Transform now
   
  Welcome to mk_pseudoFile.x
  This writes out the final XXX.pp file.
  E.g. 014.pp etc.
   
  Read lmax,L_loc, and L-values from lmaxNlloc.dat
           5           0   1.500000    
           5           1   3.500000    
  The OUTPUT file:
  It will have a name like 014.pp (Si), 003.pp (Li)
  The output file is:053.pp                        
 nshells =            2
  reading V_local (r):
  ic=       10000
  isafe=         677
  A very close approximation to Z is   7.000008    
  rsafe=   2.840535    
  alpha=   1.408186    
  Reading and saving V_NL(l) (SR)
 L=0 Npoint=  560
 L=1 Npoint=  560
  Reading V^(KB) information
  Reading and saving V^KB(l) (SR)
 L=0 Npoint=  530 cl=    -0.1458518
 L=1 Npoint=  540 cl=    -0.2902171
   
  *******************************************
   
  Done with mk_pseudoFile.x
  The OUTPUT file:
  The output file is:053.pp                        
   
  *******************************************
