l_loc = 0
 Call psgen
./psgen - done: output
createPP.log
ncpp.cpi
pseudo0.dat
pseudo1.dat
pseudo2.dat
 Call pswatch
#info ./pswatch ncpp 13:49:53 Feb 17 2011 lewis

fhi pseudopotential tool pslp - version rev270603B

               chemical symbol  Ga      
                nuclear charge  31.00
   number of valence electrons  11.00
      number of valence states   3
    exchange-correlation model   3  LDA CA Perdew/Zunger 1980               
        parameters radial mesh   529    1.024700  0.201613E-03
  input pseudopotentials up to   d

          === pseudo atom (Hartree a.u.) ===

<        n     l   occupation  eigenvalue(eV)  potential energy
<  1     3     2      9.0000      -48.6988       -17.45965
<  2     1     0      1.5000      -29.3398        -6.87627
<  3     2     1      0.5000      -20.2175        -6.02151

                  total energy     -65.89724
                kinetic energy      62.15995
  ionic pseudopotential energy    -170.46202
                hartree energy      50.27058
                     xc energy      -7.86575
        local potential energy     -97.63036
           xc potential energy     -10.33459
    integrated valence density      11.00000
          number of iterations            17   convergence  0.0E+00
                  y range plot       -29   1   7

 pslp - pseudoatom done - now testing

 --- assuming scalar-relativistic all-electron atom ---

 --- s component taken as local potential ---
 --- input wavefunctions used for kb potentials ---

 --- kb potentials: spectrum of bound states (eV) ---

            l          e0            e1            e2
  Write vkb L=           0  to vkb0.dat                                . [a.u.]
  Write vkb L=           1  to vkb1.dat                                . [a.u.]
 call klbyii
 end call klbyii
semilocal   1      -20.2175       -7.2960       -3.4636
 call klbyii
 end call klbyii
nonlocal    1      -20.2174       -7.2741       -3.4452
  Write vkb L=           2  to vkb2.dat                                . [a.u.]
 call klbyii
 end call klbyii
semilocal   2      -48.6987       -8.2519       -3.7623
 call klbyii
 end call klbyii
nonlocal    2      -48.6987       -8.8008       -3.9659

 --- analysis of kb potentials: p waves  ---

 * no ghost (ekb > 0, eloc0 < eref < eloc1)

                     kb cosine        0.0350
                     kb energy      147.5935 eV      ekb
   local potential groundstate      -20.5465 eV    eloc0
        dto. 1st excited state       -7.2947 eV    eloc1
              reference energy      -20.2175 eV     eref

 --- analysis of kb potentials: d waves  ---

 * no ghost (ekb < 0, eref < eloc0)

                     kb cosine       -0.8364
                     kb energy     -314.7990 eV      ekb
   local potential groundstate      -10.0358 eV    eloc0
        dto. 1st excited state       -4.4107 eV    eloc1
              reference energy      -48.6988 eV     eref

 --- logarithmic derivatives: at radius = 3.1683 ---

 --- nonlocal potentials ---
 --- all-electron potential ---
 --- semilocal potentials ---

 --- kinetic energy convergence in momentum space ---

     l  n  bracket   cutoff    norm   kinet. energy
            (eV)      (Ry)               (Hartree)
ck   0     1.0E+00      7   0.991040   0.284519E+00
ck   0     1.0E-01     13   0.999671   0.317648E+00
ck   0     1.0E-02     31   0.999981   0.320737E+00
ck   0     1.0E-03     55   0.999999   0.321047E+00
cx   0  1                   1.000000   0.321083E+00

ck   1     1.0E+00      3   0.977150   0.479510E+00
ck   1     1.0E-01      9   0.999360   0.510077E+00
ck   1     1.0E-02     17   0.999964   0.513394E+00
ck   1     1.0E-03     34   0.999998   0.513717E+00
cx   1  2                   1.000000   0.513751E+00

ck   2     1.0E+00     55   0.998547   0.679060E+01
ck   2     1.0E-01     69   0.999897   0.682141E+01
ck   2     1.0E-02     85   0.999993   0.682424E+01
ck   2     1.0E-03    138   0.999999   0.682457E+01
cx   2  3                   1.000000   0.682461E+01

 --- coulomb tail of pseudopotentials ---
     Tolerance 1.0E-03 is met for
     l= 1 at radii >  79.359
     l= 2 at radii >  79.359
     l= 3 at radii >  79.359

 --- done & exiting ---
./pswatch - done: output
 Call linear
  This code is to transform the output of psgen into
  a linear grid format.
  Ready to open ncpp.ini
 31.00   5   3   3   0.00
   0   0   2.00
   0   0   2.00
   0   1   6.00
   0   0   2.00
   0   1   6.00
   0   2   9.00
   0   0   1.50
   0   1   0.50
 Lmax =           2
 PP =  
  get lmax and L_loc from lmaxNlloc.dat
  lmax=           2  L_loc=           0
           0  pseudo0.dat                   vpplinear0.dat                
 psilinear0.dat                
           1  pseudo1.dat                   vpplinear1.dat                
 psilinear1.dat                
           2  pseudo2.dat                   vpplinear2.dat                
 psilinear2.dat                
 	First: local part vpplinear_loc.dat   
   read from foutl(l_loc)=pseudo0.dat                   
  Ready to open 21
   
  read in nr points=         530
  rmax=   41.9948467191585       in Ang units.
  Ready to open 22
  Ready to open 23
  
 	Second: non-local part 
   
  
  L value=           0
  This is local. We set vnl=0
 		vpplinear0.dat                
  Ready to open New 21
   
  read in nr points=         530
  rmax=   41.9948467191585       in Ang units.
  Ready to open 12
  
  L value=           1
 		vpplinear1.dat                
  Ready to open New 21
   
  read in nr points=         530
  rmax=   41.9948467191585       in Ang units.
  Ready to open 12
  
  L value=           2
 		vpplinear2.dat                
  Ready to open New 21
   
  read in nr points=         530
  rmax=   41.9948467191585       in Ang units.
  Ready to open 12
   
  Done with linear. Bye now.
   
   
                       WELCOME
  PROGRAM QLG grid: Bessel transform of NON-LOCAL separable QL potential
   
  
  cl(L)=  0.000000000000000E+000  1/Hartree
  cl(L)=   150.868854000000       1/Hartree
  cl(L)= -0.123567000000000       1/Hartree
   LOK=           2
  We read in to L=           2
  Now convert to 1/eV and write to qlcl.dat
  cl(L)=  0.000000000000000E+000
  cl(L)=   5.54428566837327     
  cl(L)= -4.540968722304207E-003
  
   
  Begin Next L value.......................
  L=           0
   
  Use one of the QL data files output from gncpp
  the files are ppkb0.dat or ppkb1.dat or ....
  UPDATE: This program was updated June 25, 1992
  We now read in eV-A units of everything from
  gncpp.f --- No conversions need to be made here!
  vkb0.dat                      
   
  we read in ql(r) in atomic units.
  We now convert to eV,A.
  rLOG(i),qlrLOG=  2.016129032258100E-004  0.000000000000000E+000
  rLOG(i),qlrLOG=  2.065927419354800E-004  0.000000000000000E+000
   
  read in nr points=         530
  rmax=   41.9948467191585       in Ang units.
 L =           0   JJ: NO FF Transform now
   
  Begin Next L value.......................
  L=           1
   
  Use one of the QL data files output from gncpp
  the files are ppkb0.dat or ppkb1.dat or ....
  UPDATE: This program was updated June 25, 1992
  We now read in eV-A units of everything from
  gncpp.f --- No conversions need to be made here!
  vkb1.dat                      
   
  we read in ql(r) in atomic units.
  We now convert to eV,A.
  rLOG(i),qlrLOG=  2.016129032258100E-004 -2.113492716387676E-008
  rLOG(i),qlrLOG=  2.065927419354800E-004 -2.219188677348656E-008
   
  read in nr points=         530
  rmax=   41.9948467191585       in Ang units.
 L =           1   JJ: NO FF Transform now
   
  Begin Next L value.......................
  L=           2
   
  Use one of the QL data files output from gncpp
  the files are ppkb0.dat or ppkb1.dat or ....
  UPDATE: This program was updated June 25, 1992
  We now read in eV-A units of everything from
  gncpp.f --- No conversions need to be made here!
  vkb2.dat                      
   
  we read in ql(r) in atomic units.
  We now convert to eV,A.
  rLOG(i),qlrLOG=  2.016129032258100E-004 -1.394057906245074E-009
  rLOG(i),qlrLOG=  2.065927419354800E-004 -1.499930106831366E-009
   
  read in nr points=         530
  rmax=   41.9948467191585       in Ang units.
 L =           2   JJ: NO FF Transform now
   
  Welcome to mk_pseudoFile.x
  This writes out the final XXX.pp file.
  E.g. 014.pp etc.
   
  Read lmax,L_loc, and L-values from lmaxNlloc.dat
           3           2   9.000000    
           4           0   1.500000    
           4           1  0.5000000    
  The OUTPUT file:
  It will have a name like 014.pp (Si), 003.pp (Li)
  The output file is:031.pp                        
 nshells =            2
  reading V_local (r):
  ic=       10000
  isafe=         418
  A very close approximation to Z is   13.00001    
  rsafe=   1.751360    
  alpha=   2.283939    
  Reading and saving V_NL(l) (SR)
 L=1 Npoint=  300
 L=2 Npoint=  280
  Reading V^(KB) information
  Reading and saving V^KB(l) (SR)
 L=1 Npoint=  300 cl=     5.5442858
 L=2 Npoint=  280 cl=    -0.0045410
   
  *******************************************
   
  Done with mk_pseudoFile.x
  The OUTPUT file:
  The output file is:031.pp                        
   
  *******************************************
