l_loc = 0
 Call psgen
./psgen - done: output
createPP.log
ncpp.aep
ncpp.cpi
ncpp.dat
ncpp.fc
ncpp.ini
pseudo0.dat
pseudo1.dat
pseudo2.dat
xv.ncpp.ae_wfct.agr
xv.ncpp.density.agr
xv.ncpp.ps_ae_wfct.agr
xv.ncpp.pspot_i.agr
xv.ncpp.pspot_s.agr
xv.ncpp.unscreen.agr
 Call pswatch
#info ./pswatch ncpp 12:52:18 Aug 09 2012 lshamberger

fhi pseudopotential tool pslp - version rev270603B

               chemical symbol  Ag      
                nuclear charge  47.00
   number of valence electrons  10.00
      number of valence states   3
    exchange-correlation model   9  GGA X Becke C Lee/Yang/Parr             
        parameters radial mesh   545    1.024700  0.132979E-03
  input pseudopotentials up to   d

          === pseudo atom (Hartree a.u.) ===

<        n     l   occupation  eigenvalue(eV)  potential energy
<  1     3     2      9.0000      -19.1092        -9.43194
<  2     1     0      1.0000      -12.8560        -4.28104
<  3     2     1      0.0000       -7.4036         0.00000

                  total energy     -35.52110
                kinetic energy      28.61612
  ionic pseudopotential energy     -89.16850
                hartree energy      30.25844
                     xc energy      -5.22716
        local potential energy     -54.25297
           xc potential energy      -6.75713
    integrated valence density      10.00000
          number of iterations            35   convergence  0.0E+00
                  y range plot       -21   1   5

 pslp - pseudoatom done - now testing

 --- assuming scalar-relativistic all-electron atom ---

 --- s component taken as local potential ---
 --- input wavefunctions used for kb potentials ---

 --- kb potentials: spectrum of bound states (eV) ---

            l          e0            e1            e2
  Write vkb L=           0  to vkb0.dat                                . [a.u.]
  Write vkb L=           1  to vkb1.dat                                . [a.u.]
 call klbyii
 end call klbyii
semilocal   1       -7.4036       -2.1690        0.0000
 call klbyii
 end call klbyii
nonlocal    1       -7.4036       -2.1687        0.0000
  Write vkb L=           2  to vkb2.dat                                . [a.u.]
 call klbyii
 end call klbyii
semilocal   2      -19.1091       -2.4284       -0.1294
 call klbyii
 end call klbyii
nonlocal    2      -19.1091       -2.4276       -0.1270

 --- analysis of kb potentials: p waves  ---

 * no ghost (ekb > 0, eloc0 < eref < eloc1)

                     kb cosine        0.2220
                     kb energy       14.4248 eV      ekb
   local potential groundstate       -8.2717 eV    eloc0
        dto. 1st excited state       -2.4321 eV    eloc1
              reference energy       -7.4036 eV     eref

 --- analysis of kb potentials: d waves  ---

 * no ghost (ekb < 0, eref < eloc0)

                     kb cosine       -0.7684
                     kb energy     -178.8004 eV      ekb
   local potential groundstate       -3.0302 eV    eloc0
        dto. 1st excited state       -1.2886 eV    eloc1
              reference energy      -19.1092 eV     eref

 --- logarithmic derivatives: at radius = 3.4043 ---

 --- nonlocal potentials ---
 --- all-electron potential ---
 --- semilocal potentials ---

 --- kinetic energy convergence in momentum space ---

     l  n  bracket   cutoff    norm   kinet. energy
            (eV)      (Ry)               (Hartree)
ck   0     1.0E+00      3   0.984416   0.152301E+00
ck   0     1.0E-01      8   0.999456   0.184431E+00
ck   0     1.0E-02     20   0.999973   0.187403E+00
ck   0     1.0E-03     36   0.999998   0.187689E+00
cx   0  1                   1.000000   0.187725E+00

ck   2     1.0E+00     28   0.997280   0.312511E+01
ck   2     1.0E-01     36   0.999788   0.315523E+01
ck   2     1.0E-02     44   0.999986   0.315840E+01
ck   2     1.0E-03     73   0.999999   0.315867E+01
cx   2  3                   1.000000   0.315871E+01

 --- coulomb tail of pseudopotentials ---
     Tolerance 1.0E-03 is met for
     l= 1 at radii >  77.340
     l= 2 at radii >  77.340
     l= 3 at radii >  77.340

 --- done & exiting ---
./pswatch - done: output
createPP.log
xv.ncpp.lder_sd.agr
qlclATOMIC.dat
vkb2.dat
vkb1.dat
vkb0.dat
lmaxNlloc.dat
 Call linear
  This code is to transform the output of psgen into
  a linear grid format.
  Ready to open ncpp.ini
 47.00   8   3   9   0.00
   0   0   2.00
   0   0   2.00
   0   1   6.00
   0   0   2.00
   0   1   6.00
   0   2  10.00
   0   0   2.00
   0   1   6.00
   0   2   9.00
   0   0   1.00
   0   1   0.00
 Lmax =           2
 PP =  
  get lmax and L_loc from lmaxNlloc.dat
  lmax=           2  L_loc=           0
           0  pseudo0.dat                   vpplinear0.dat                
 psilinear0.dat                
           1  pseudo1.dat                   vpplinear1.dat                
 psilinear1.dat                
           2  pseudo2.dat                   vpplinear2.dat                
 psilinear2.dat                
 	First: local part vpplinear_loc.dat   
   read from foutl(l_loc)=pseudo0.dat                   
  Ready to open 21
   
  read in nr points=         546
  rmax=   40.9267836439637       in Ang units.
  Ready to open 22
  Ready to open 23
  
 	Second: non-local part 
   
  
  L value=           0
  This is local. We set vnl=0
 		vpplinear0.dat                
  Ready to open New 21
   
  read in nr points=         546
  rmax=   40.9267836439637       in Ang units.
  Ready to open 12
  
  L value=           1
 		vpplinear1.dat                
  Ready to open New 21
   
  read in nr points=         546
  rmax=   40.9267836439637       in Ang units.
  Ready to open 12
  
  L value=           2
 		vpplinear2.dat                
  Ready to open New 21
   
  read in nr points=         546
  rmax=   40.9267836439637       in Ang units.
  Ready to open 12
   
  Done with linear. Bye now.
   
   
                       WELCOME
  PROGRAM QLG grid: Bessel transform of NON-LOCAL separable QL potential
   
  
  cl(L)=  0.000000000000000E+000  1/Hartree
  cl(L)=   38.2629378000000       1/Hartree
  cl(L)= -0.257765000000000       1/Hartree
   LOK=           2
  We read in to L=           2
  Now convert to 1/eV and write to qlcl.dat
  cl(L)=  0.000000000000000E+000
  cl(L)=   1.40612626164972     
  cl(L)= -9.472616497161411E-003
  
   
  Begin Next L value.......................
  L=           0
   
  Use one of the QL data files output from gncpp
  the files are ppkb0.dat or ppkb1.dat or ....
  UPDATE: This program was updated June 25, 1992
  We now read in eV-A units of everything from
  gncpp.f --- No conversions need to be made here!
  vkb0.dat                      
   
  we read in ql(r) in atomic units.
  We now convert to eV,A.
  rLOG(i),qlrLOG=  1.329787234042600E-004  0.000000000000000E+000
  rLOG(i),qlrLOG=  1.362632978723400E-004  0.000000000000000E+000
   
  read in nr points=         546
  rmax=   40.9267836439637       in Ang units.
 L =           0   JJ: NO FF Transform now
   
  Begin Next L value.......................
  L=           1
   
  Use one of the QL data files output from gncpp
  the files are ppkb0.dat or ppkb1.dat or ....
  UPDATE: This program was updated June 25, 1992
  We now read in eV-A units of everything from
  gncpp.f --- No conversions need to be made here!
  vkb1.dat                      
   
  we read in ql(r) in atomic units.
  We now convert to eV,A.
  rLOG(i),qlrLOG=  1.329787234042600E-004 -2.558456167127577E-009
  rLOG(i),qlrLOG=  1.362632978723400E-004 -2.686404790306892E-009
   
  read in nr points=         546
  rmax=   40.9267836439637       in Ang units.
 L =           1   JJ: NO FF Transform now
   
  Begin Next L value.......................
  L=           2
   
  Use one of the QL data files output from gncpp
  the files are ppkb0.dat or ppkb1.dat or ....
  UPDATE: This program was updated June 25, 1992
  We now read in eV-A units of everything from
  gncpp.f --- No conversions need to be made here!
  vkb2.dat                      
   
  we read in ql(r) in atomic units.
  We now convert to eV,A.
  rLOG(i),qlrLOG=  1.329787234042600E-004 -7.700034638434773E-011
  rLOG(i),qlrLOG=  1.362632978723400E-004 -8.284816381079375E-011
   
  read in nr points=         546
  rmax=   40.9267836439637       in Ang units.
 L =           2   JJ: NO FF Transform now
   
  Welcome to mk_pseudoFile.x
  This writes out the final XXX.pp file.
  E.g. 014.pp etc.
   
  Read lmax,L_loc, and L-values from lmaxNlloc.dat
           4           2   9.000000    
           5           0   1.000000    
           5           1  0.0000000E+00
  The OUTPUT file:
  It will have a name like 014.pp (Si), 003.pp (Li)
  The output file is:047.pp                        
 nshells =            2
  reading V_local (r):
  ic=       10000
  isafe=         667
  A very close approximation to Z is   11.00001    
  rsafe=   2.725996    
  alpha=   1.467354    
  Reading and saving V_NL(l) (SR)
 L=1 Npoint=  360
 L=2 Npoint=  330
  Reading V^(KB) information
  Reading and saving V^KB(l) (SR)
 L=1 Npoint=  360 cl=     1.4061263
 L=2 Npoint=  330 cl=    -0.0094726
   
  *******************************************
   
  Done with mk_pseudoFile.x
  The OUTPUT file:
  The output file is:047.pp                        
   
  *******************************************
